ARM GAS  C:\Users\Dawn\AppData\Local\Temp\ccKo7GRQ.s 			page 1


   1              		.cpu cortex-m4
   2              		.arch armv7e-m
   3              		.fpu fpv4-sp-d16
   4              		.eabi_attribute 27, 1
   5              		.eabi_attribute 28, 1
   6              		.eabi_attribute 20, 1
   7              		.eabi_attribute 21, 1
   8              		.eabi_attribute 23, 3
   9              		.eabi_attribute 24, 1
  10              		.eabi_attribute 25, 1
  11              		.eabi_attribute 26, 1
  12              		.eabi_attribute 30, 4
  13              		.eabi_attribute 34, 1
  14              		.eabi_attribute 18, 4
  15              		.file	"Led.cpp"
  16              		.text
  17              	.Ltext0:
  18              		.cfi_sections	.debug_frame
  19              		.file 1 "../APP/Src/Led.cpp"
  20              		.section	.text.Led_RegisterInterface,"ax",%progbits
  21              		.align	1
  22              		.global	Led_RegisterInterface
  23              		.syntax unified
  24              		.thumb
  25              		.thumb_func
  27              	Led_RegisterInterface:
  28              	.LVL0:
  29              	.LFB0:
   1:../APP/Src/Led.cpp **** /**
   2:../APP/Src/Led.cpp ****  * @file Led.cpp
   3:../APP/Src/Led.cpp ****  * @brief LED控制类的具体实现
   4:../APP/Src/Led.cpp ****  * @author AI Assistant
   5:../APP/Src/Led.cpp ****  * @version v1.0.0
   6:../APP/Src/Led.cpp ****  * @date 2025-09-18
   7:../APP/Src/Led.cpp ****  */
   8:../APP/Src/Led.cpp **** 
   9:../APP/Src/Led.cpp **** #include "Led.h"
  10:../APP/Src/Led.cpp **** #include <string.h>
  11:../APP/Src/Led.cpp **** 
  12:../APP/Src/Led.cpp **** /* ==================== 私有变量 ==================== */
  13:../APP/Src/Led.cpp **** 
  14:../APP/Src/Led.cpp **** static LedController_t led_controllers[MAX_LED_COUNT];
  15:../APP/Src/Led.cpp **** static const LedInterface_t* hardware_interface = nullptr;
  16:../APP/Src/Led.cpp **** static bool system_initialized = false;
  17:../APP/Src/Led.cpp **** 
  18:../APP/Src/Led.cpp **** /* ==================== 私有函数声明 ==================== */
  19:../APP/Src/Led.cpp **** 
  20:../APP/Src/Led.cpp **** static bool is_valid_led_id(uint8_t led_id);
  21:../APP/Src/Led.cpp **** static LedController_t* get_led_controller(uint8_t led_id);
  22:../APP/Src/Led.cpp **** 
  23:../APP/Src/Led.cpp **** /* ==================== 公共API函数实现 ==================== */
  24:../APP/Src/Led.cpp **** 
  25:../APP/Src/Led.cpp **** /**
  26:../APP/Src/Led.cpp ****  * @brief 注册LED硬件接口
  27:../APP/Src/Led.cpp ****  */
  28:../APP/Src/Led.cpp **** LedError_t Led_RegisterInterface(const LedInterface_t* interface)
  29:../APP/Src/Led.cpp **** {
ARM GAS  C:\Users\Dawn\AppData\Local\Temp\ccKo7GRQ.s 			page 2


  30              		.loc 1 29 1 view -0
  31              		.cfi_startproc
  32              		@ args = 0, pretend = 0, frame = 0
  33              		@ frame_needed = 0, uses_anonymous_args = 0
  30:../APP/Src/Led.cpp ****     if (interface == nullptr) {
  34              		.loc 1 30 5 view .LVU1
  29:../APP/Src/Led.cpp ****     if (interface == nullptr) {
  35              		.loc 1 29 1 is_stmt 0 view .LVU2
  36 0000 08B5     		push	{r3, lr}
  37              	.LCFI0:
  38              		.cfi_def_cfa_offset 8
  39              		.cfi_offset 3, -8
  40              		.cfi_offset 14, -4
  41              		.loc 1 30 5 view .LVU3
  42 0002 88B1     		cbz	r0, .L6
  31:../APP/Src/Led.cpp ****         return LED_ERROR;
  32:../APP/Src/Led.cpp ****     }
  33:../APP/Src/Led.cpp ****     
  34:../APP/Src/Led.cpp ****     // 检查接口函数指针是否有效
  35:../APP/Src/Led.cpp ****     if (interface->init == nullptr || 
  43              		.loc 1 35 5 is_stmt 1 view .LVU4
  44 0004 0368     		ldr	r3, [r0]
  45 0006 7BB1     		cbz	r3, .L6
  46              		.loc 1 35 36 is_stmt 0 discriminator 1 view .LVU5
  47 0008 4368     		ldr	r3, [r0, #4]
  48 000a 6BB1     		cbz	r3, .L6
  36:../APP/Src/Led.cpp ****         interface->set_state == nullptr || 
  49              		.loc 1 36 41 view .LVU6
  50 000c 8368     		ldr	r3, [r0, #8]
  51 000e 5BB1     		cbz	r3, .L6
  37:../APP/Src/Led.cpp ****         interface->get_state == nullptr) {
  38:../APP/Src/Led.cpp ****         return LED_ERROR;
  39:../APP/Src/Led.cpp ****     }
  40:../APP/Src/Led.cpp ****     
  41:../APP/Src/Led.cpp ****     hardware_interface = interface;
  52              		.loc 1 41 5 is_stmt 1 view .LVU7
  53              		.loc 1 41 24 is_stmt 0 view .LVU8
  54 0010 074B     		ldr	r3, .L7
  42:../APP/Src/Led.cpp ****     
  43:../APP/Src/Led.cpp ****     // 初始化控制器数组
  44:../APP/Src/Led.cpp ****     memset(led_controllers, 0, sizeof(led_controllers));
  55              		.loc 1 44 11 view .LVU9
  56 0012 C022     		movs	r2, #192
  41:../APP/Src/Led.cpp ****     
  57              		.loc 1 41 24 view .LVU10
  58 0014 1860     		str	r0, [r3]
  59              		.loc 1 44 5 is_stmt 1 view .LVU11
  60              		.loc 1 44 11 is_stmt 0 view .LVU12
  61 0016 0021     		movs	r1, #0
  62 0018 0648     		ldr	r0, .L7+4
  63              	.LVL1:
  64              		.loc 1 44 11 view .LVU13
  65 001a FFF7FEFF 		bl	memset
  66              	.LVL2:
  45:../APP/Src/Led.cpp ****     
  46:../APP/Src/Led.cpp ****     system_initialized = true;
  67              		.loc 1 46 5 is_stmt 1 view .LVU14
ARM GAS  C:\Users\Dawn\AppData\Local\Temp\ccKo7GRQ.s 			page 3


  68              		.loc 1 46 24 is_stmt 0 view .LVU15
  69 001e 064B     		ldr	r3, .L7+8
  70 0020 0122     		movs	r2, #1
  71 0022 1A70     		strb	r2, [r3]
  47:../APP/Src/Led.cpp ****     return LED_OK;
  72              		.loc 1 47 5 is_stmt 1 view .LVU16
  73              		.loc 1 47 12 is_stmt 0 view .LVU17
  74 0024 0020     		movs	r0, #0
  75              	.L2:
  48:../APP/Src/Led.cpp **** }
  76              		.loc 1 48 1 view .LVU18
  77 0026 08BD     		pop	{r3, pc}
  78              	.LVL3:
  79              	.L6:
  31:../APP/Src/Led.cpp ****     }
  80              		.loc 1 31 16 view .LVU19
  81 0028 4FF0FF30 		mov	r0, #-1
  82              	.LVL4:
  31:../APP/Src/Led.cpp ****     }
  83              		.loc 1 31 16 view .LVU20
  84 002c FBE7     		b	.L2
  85              	.L8:
  86 002e 00BF     		.align	2
  87              	.L7:
  88 0030 00000000 		.word	_ZL18hardware_interface
  89 0034 00000000 		.word	_ZL15led_controllers
  90 0038 00000000 		.word	_ZL18system_initialized
  91              		.cfi_endproc
  92              	.LFE0:
  94              		.section	.text.Led_Init,"ax",%progbits
  95              		.align	1
  96              		.global	Led_Init
  97              		.syntax unified
  98              		.thumb
  99              		.thumb_func
 101              	Led_Init:
 102              	.LVL5:
 103              	.LFB1:
  49:../APP/Src/Led.cpp **** 
  50:../APP/Src/Led.cpp **** /**
  51:../APP/Src/Led.cpp ****  * @brief 初始化LED控制器
  52:../APP/Src/Led.cpp ****  */
  53:../APP/Src/Led.cpp **** LedError_t Led_Init(uint8_t led_id, const LedConfig_t* config)
  54:../APP/Src/Led.cpp **** {
 104              		.loc 1 54 1 is_stmt 1 view -0
 105              		.cfi_startproc
 106              		@ args = 0, pretend = 0, frame = 0
 107              		@ frame_needed = 0, uses_anonymous_args = 0
  55:../APP/Src/Led.cpp ****     if (!system_initialized || hardware_interface == nullptr) {
 108              		.loc 1 55 5 view .LVU22
  54:../APP/Src/Led.cpp ****     if (!system_initialized || hardware_interface == nullptr) {
 109              		.loc 1 54 1 is_stmt 0 view .LVU23
 110 0000 0B46     		mov	r3, r1
 111              		.loc 1 55 9 view .LVU24
 112 0002 1349     		ldr	r1, .L16
 113              	.LVL6:
 114              		.loc 1 55 5 view .LVU25
ARM GAS  C:\Users\Dawn\AppData\Local\Temp\ccKo7GRQ.s 			page 4


 115 0004 0978     		ldrb	r1, [r1]	@ zero_extendqisi2
  54:../APP/Src/Led.cpp ****     if (!system_initialized || hardware_interface == nullptr) {
 116              		.loc 1 54 1 view .LVU26
 117 0006 70B5     		push	{r4, r5, r6, lr}
 118              	.LCFI1:
 119              		.cfi_def_cfa_offset 16
 120              		.cfi_offset 4, -16
 121              		.cfi_offset 5, -12
 122              		.cfi_offset 6, -8
 123              		.cfi_offset 14, -4
  54:../APP/Src/Led.cpp ****     if (!system_initialized || hardware_interface == nullptr) {
 124              		.loc 1 54 1 view .LVU27
 125 0008 0246     		mov	r2, r0
 126              		.loc 1 55 5 view .LVU28
 127 000a D9B1     		cbz	r1, .L13
 128              		.loc 1 55 51 discriminator 1 view .LVU29
 129 000c 1149     		ldr	r1, .L16+4
 130 000e 0D68     		ldr	r5, [r1]
 131              		.loc 1 55 29 discriminator 1 view .LVU30
 132 0010 C5B1     		cbz	r5, .L13
  56:../APP/Src/Led.cpp ****         return LED_ERROR_NOT_INIT;
  57:../APP/Src/Led.cpp ****     }
  58:../APP/Src/Led.cpp ****     
  59:../APP/Src/Led.cpp ****     if (!is_valid_led_id(led_id) || config == nullptr) {
 133              		.loc 1 59 5 is_stmt 1 view .LVU31
 134              		.loc 1 59 34 is_stmt 0 discriminator 1 view .LVU32
 135 0012 0728     		cmp	r0, #7
 136 0014 19D8     		bhi	.L15
 137              		.loc 1 59 34 discriminator 2 view .LVU33
 138 0016 C3B1     		cbz	r3, .L15
  60:../APP/Src/Led.cpp ****         return LED_ERROR_INVALID_ID;
  61:../APP/Src/Led.cpp ****     }
  62:../APP/Src/Led.cpp ****     
  63:../APP/Src/Led.cpp ****     LedController_t* controller = get_led_controller(led_id);
 139              		.loc 1 63 5 is_stmt 1 view .LVU34
 140              	.LVL7:
 141              	.LBB30:
 142              	.LBI30:
  64:../APP/Src/Led.cpp ****     
  65:../APP/Src/Led.cpp ****     // 配置LED控制器
  66:../APP/Src/Led.cpp ****     controller->interface           = hardware_interface;
  67:../APP/Src/Led.cpp ****     controller->config              = *config;
  68:../APP/Src/Led.cpp ****     controller->current_state       = LED_STATE_OFF;
  69:../APP/Src/Led.cpp ****     controller->last_toggle_time    = 0;
  70:../APP/Src/Led.cpp ****     controller->is_initialized      = false;
  71:../APP/Src/Led.cpp ****     
  72:../APP/Src/Led.cpp ****     // 调用硬件初始化
  73:../APP/Src/Led.cpp ****     LedError_t result = hardware_interface->init(led_id, config);
  74:../APP/Src/Led.cpp ****     if (result == LED_OK) {
  75:../APP/Src/Led.cpp ****         controller->is_initialized = true;
  76:../APP/Src/Led.cpp ****     }
  77:../APP/Src/Led.cpp ****     
  78:../APP/Src/Led.cpp ****     return result;
  79:../APP/Src/Led.cpp **** }
  80:../APP/Src/Led.cpp **** 
  81:../APP/Src/Led.cpp **** /**
  82:../APP/Src/Led.cpp ****  * @brief 设置LED状态
ARM GAS  C:\Users\Dawn\AppData\Local\Temp\ccKo7GRQ.s 			page 5


  83:../APP/Src/Led.cpp ****  */
  84:../APP/Src/Led.cpp **** LedError_t Led_SetState(uint8_t led_id, LedState_t state)
  85:../APP/Src/Led.cpp **** {
  86:../APP/Src/Led.cpp ****     if (!is_valid_led_id(led_id)) {
  87:../APP/Src/Led.cpp ****         return LED_ERROR_INVALID_ID;
  88:../APP/Src/Led.cpp ****     }
  89:../APP/Src/Led.cpp ****     
  90:../APP/Src/Led.cpp ****     LedController_t* controller = get_led_controller(led_id);
  91:../APP/Src/Led.cpp ****     if (!controller->is_initialized) {
  92:../APP/Src/Led.cpp ****         return LED_ERROR_NOT_INIT;
  93:../APP/Src/Led.cpp ****     }
  94:../APP/Src/Led.cpp ****     
  95:../APP/Src/Led.cpp ****     LedError_t result = controller->interface->set_state(led_id, state);
  96:../APP/Src/Led.cpp ****     if (result == LED_OK) {
  97:../APP/Src/Led.cpp ****         if (state != LED_STATE_TOGGLE) {
  98:../APP/Src/Led.cpp ****             controller->current_state = state;
  99:../APP/Src/Led.cpp ****         } else {
 100:../APP/Src/Led.cpp ****             // 切换状态
 101:../APP/Src/Led.cpp ****             controller->current_state = (controller->current_state == LED_STATE_ON) ? 
 102:../APP/Src/Led.cpp ****                                        LED_STATE_OFF : LED_STATE_ON;
 103:../APP/Src/Led.cpp ****         }
 104:../APP/Src/Led.cpp ****     }
 105:../APP/Src/Led.cpp ****     
 106:../APP/Src/Led.cpp ****     return result;
 107:../APP/Src/Led.cpp **** }
 108:../APP/Src/Led.cpp **** 
 109:../APP/Src/Led.cpp **** /**
 110:../APP/Src/Led.cpp ****  * @brief 获取LED状态
 111:../APP/Src/Led.cpp ****  */
 112:../APP/Src/Led.cpp **** LedState_t Led_GetState(uint8_t led_id)
 113:../APP/Src/Led.cpp **** {
 114:../APP/Src/Led.cpp ****     if (!is_valid_led_id(led_id)) {
 115:../APP/Src/Led.cpp ****         return LED_STATE_OFF;
 116:../APP/Src/Led.cpp ****     }
 117:../APP/Src/Led.cpp ****     
 118:../APP/Src/Led.cpp ****     LedController_t* controller = get_led_controller(led_id);
 119:../APP/Src/Led.cpp ****     if (!controller->is_initialized) {
 120:../APP/Src/Led.cpp ****         return LED_STATE_OFF;
 121:../APP/Src/Led.cpp ****     }
 122:../APP/Src/Led.cpp ****     
 123:../APP/Src/Led.cpp ****     return controller->current_state;
 124:../APP/Src/Led.cpp **** }
 125:../APP/Src/Led.cpp **** 
 126:../APP/Src/Led.cpp **** /**
 127:../APP/Src/Led.cpp ****  * @brief LED开启
 128:../APP/Src/Led.cpp ****  */
 129:../APP/Src/Led.cpp **** LedError_t Led_On(uint8_t led_id)
 130:../APP/Src/Led.cpp **** {
 131:../APP/Src/Led.cpp ****     return Led_SetState(led_id, LED_STATE_ON);
 132:../APP/Src/Led.cpp **** }
 133:../APP/Src/Led.cpp **** 
 134:../APP/Src/Led.cpp **** /**
 135:../APP/Src/Led.cpp ****  * @brief LED关闭
 136:../APP/Src/Led.cpp ****  */
 137:../APP/Src/Led.cpp **** LedError_t Led_Off(uint8_t led_id)
 138:../APP/Src/Led.cpp **** {
 139:../APP/Src/Led.cpp ****     return Led_SetState(led_id, LED_STATE_OFF);
ARM GAS  C:\Users\Dawn\AppData\Local\Temp\ccKo7GRQ.s 			page 6


 140:../APP/Src/Led.cpp **** }
 141:../APP/Src/Led.cpp **** 
 142:../APP/Src/Led.cpp **** /**
 143:../APP/Src/Led.cpp ****  * @brief LED切换状态
 144:../APP/Src/Led.cpp ****  */
 145:../APP/Src/Led.cpp **** LedError_t Led_Toggle(uint8_t led_id)
 146:../APP/Src/Led.cpp **** {
 147:../APP/Src/Led.cpp ****     return Led_SetState(led_id, LED_STATE_TOGGLE);
 148:../APP/Src/Led.cpp **** }
 149:../APP/Src/Led.cpp **** 
 150:../APP/Src/Led.cpp **** /**
 151:../APP/Src/Led.cpp ****  * @brief LED闪烁控制更新
 152:../APP/Src/Led.cpp ****  */
 153:../APP/Src/Led.cpp **** LedError_t Led_BlinkUpdate(uint8_t led_id, uint32_t current_time)
 154:../APP/Src/Led.cpp **** {
 155:../APP/Src/Led.cpp ****     if (!is_valid_led_id(led_id)) {
 156:../APP/Src/Led.cpp ****         return LED_ERROR_INVALID_ID;
 157:../APP/Src/Led.cpp ****     }
 158:../APP/Src/Led.cpp ****     
 159:../APP/Src/Led.cpp ****     LedController_t* controller = get_led_controller(led_id);
 160:../APP/Src/Led.cpp ****     if (!controller->is_initialized) {
 161:../APP/Src/Led.cpp ****         return LED_ERROR_NOT_INIT;
 162:../APP/Src/Led.cpp ****     }
 163:../APP/Src/Led.cpp ****     
 164:../APP/Src/Led.cpp ****     // 检查是否需要切换状态
 165:../APP/Src/Led.cpp ****     if (controller->config.blink_period > 0) {
 166:../APP/Src/Led.cpp ****         uint32_t elapsed = current_time - controller->last_toggle_time;
 167:../APP/Src/Led.cpp ****         
 168:../APP/Src/Led.cpp ****         if (elapsed >= controller->config.blink_period) {
 169:../APP/Src/Led.cpp ****             Led_Toggle(led_id);
 170:../APP/Src/Led.cpp ****             controller->last_toggle_time = current_time;
 171:../APP/Src/Led.cpp ****         }
 172:../APP/Src/Led.cpp ****     }
 173:../APP/Src/Led.cpp ****     
 174:../APP/Src/Led.cpp ****     return LED_OK;
 175:../APP/Src/Led.cpp **** }
 176:../APP/Src/Led.cpp **** 
 177:../APP/Src/Led.cpp **** /**
 178:../APP/Src/Led.cpp ****  * @brief 设置LED闪烁周期
 179:../APP/Src/Led.cpp ****  */
 180:../APP/Src/Led.cpp **** LedError_t Led_SetBlinkPeriod(uint8_t led_id, uint32_t period_ms)
 181:../APP/Src/Led.cpp **** {
 182:../APP/Src/Led.cpp ****     if (!is_valid_led_id(led_id)) {
 183:../APP/Src/Led.cpp ****         return LED_ERROR_INVALID_ID;
 184:../APP/Src/Led.cpp ****     }
 185:../APP/Src/Led.cpp ****     
 186:../APP/Src/Led.cpp ****     LedController_t* controller = get_led_controller(led_id);
 187:../APP/Src/Led.cpp ****     if (!controller->is_initialized) {
 188:../APP/Src/Led.cpp ****         return LED_ERROR_NOT_INIT;
 189:../APP/Src/Led.cpp ****     }
 190:../APP/Src/Led.cpp ****     
 191:../APP/Src/Led.cpp ****     controller->config.blink_period = period_ms;
 192:../APP/Src/Led.cpp ****     return LED_OK;
 193:../APP/Src/Led.cpp **** }
 194:../APP/Src/Led.cpp **** 
 195:../APP/Src/Led.cpp **** /**
 196:../APP/Src/Led.cpp ****  * @brief 去初始化LED
ARM GAS  C:\Users\Dawn\AppData\Local\Temp\ccKo7GRQ.s 			page 7


 197:../APP/Src/Led.cpp ****  */
 198:../APP/Src/Led.cpp **** LedError_t Led_Deinit(uint8_t led_id)
 199:../APP/Src/Led.cpp **** {
 200:../APP/Src/Led.cpp ****     if (!is_valid_led_id(led_id)) {
 201:../APP/Src/Led.cpp ****         return LED_ERROR_INVALID_ID;
 202:../APP/Src/Led.cpp ****     }
 203:../APP/Src/Led.cpp ****     
 204:../APP/Src/Led.cpp ****     LedController_t* controller = get_led_controller(led_id);
 205:../APP/Src/Led.cpp ****     if (!controller->is_initialized) {
 206:../APP/Src/Led.cpp ****         return LED_ERROR_NOT_INIT;
 207:../APP/Src/Led.cpp ****     }
 208:../APP/Src/Led.cpp ****     
 209:../APP/Src/Led.cpp ****     LedError_t result = LED_OK;
 210:../APP/Src/Led.cpp ****     
 211:../APP/Src/Led.cpp ****     // 调用硬件去初始化（如果接口提供）
 212:../APP/Src/Led.cpp ****     if (controller->interface->deinit != nullptr) {
 213:../APP/Src/Led.cpp ****         result = controller->interface->deinit(led_id);
 214:../APP/Src/Led.cpp ****     }
 215:../APP/Src/Led.cpp ****     
 216:../APP/Src/Led.cpp ****     // 清理控制器状态
 217:../APP/Src/Led.cpp ****     memset(controller, 0, sizeof(LedController_t));
 218:../APP/Src/Led.cpp ****     
 219:../APP/Src/Led.cpp ****     return result;
 220:../APP/Src/Led.cpp **** }
 221:../APP/Src/Led.cpp **** 
 222:../APP/Src/Led.cpp **** /* ==================== 私有函数实现 ==================== */
 223:../APP/Src/Led.cpp **** 
 224:../APP/Src/Led.cpp **** /**
 225:../APP/Src/Led.cpp ****  * @brief 检查LED ID是否有效
 226:../APP/Src/Led.cpp ****  */
 227:../APP/Src/Led.cpp **** static bool is_valid_led_id(uint8_t led_id)
 228:../APP/Src/Led.cpp **** {
 229:../APP/Src/Led.cpp ****     return (led_id < MAX_LED_COUNT);
 230:../APP/Src/Led.cpp **** }
 231:../APP/Src/Led.cpp **** 
 232:../APP/Src/Led.cpp **** /**
 233:../APP/Src/Led.cpp ****  * @brief 获取LED控制器指针
 234:../APP/Src/Led.cpp ****  */
 235:../APP/Src/Led.cpp **** static LedController_t* get_led_controller(uint8_t led_id)
 143              		.loc 1 235 25 view .LVU35
 144              	.LBB31:
 236:../APP/Src/Led.cpp **** {
 237:../APP/Src/Led.cpp ****     if (is_valid_led_id(led_id)) {
 145              		.loc 1 237 5 view .LVU36
 238:../APP/Src/Led.cpp ****         return &led_controllers[led_id];
 146              		.loc 1 238 9 view .LVU37
 147              		.loc 1 238 9 is_stmt 0 view .LVU38
 148              	.LBE31:
 149              	.LBE30:
  66:../APP/Src/Led.cpp ****     controller->config              = *config;
 150              		.loc 1 66 5 is_stmt 1 view .LVU39
  66:../APP/Src/Led.cpp ****     controller->config              = *config;
 151              		.loc 1 66 37 is_stmt 0 view .LVU40
 152 0018 1821     		movs	r1, #24
 153 001a 0F48     		ldr	r0, .L16+8
 154              	.LVL8:
  66:../APP/Src/Led.cpp ****     controller->config              = *config;
ARM GAS  C:\Users\Dawn\AppData\Local\Temp\ccKo7GRQ.s 			page 8


 155              		.loc 1 66 37 view .LVU41
 156 001c 5143     		muls	r1, r2, r1
 157 001e 4418     		adds	r4, r0, r1
 158              	.LVL9:
  66:../APP/Src/Led.cpp ****     controller->config              = *config;
 159              		.loc 1 66 37 view .LVU42
 160 0020 4550     		str	r5, [r0, r1]
  67:../APP/Src/Led.cpp ****     controller->current_state       = LED_STATE_OFF;
 161              		.loc 1 67 5 is_stmt 1 view .LVU43
  67:../APP/Src/Led.cpp ****     controller->current_state       = LED_STATE_OFF;
 162              		.loc 1 67 37 is_stmt 0 view .LVU44
 163 0022 93E80300 		ldm	r3, {r0, r1}
 164 0026 261D     		adds	r6, r4, #4
 165 0028 86E80300 		stm	r6, {r0, r1}
  68:../APP/Src/Led.cpp ****     controller->last_toggle_time    = 0;
 166              		.loc 1 68 5 is_stmt 1 view .LVU45
  68:../APP/Src/Led.cpp ****     controller->last_toggle_time    = 0;
 167              		.loc 1 68 37 is_stmt 0 view .LVU46
 168 002c 0021     		movs	r1, #0
 169 002e 2173     		strb	r1, [r4, #12]
  69:../APP/Src/Led.cpp ****     controller->is_initialized      = false;
 170              		.loc 1 69 5 is_stmt 1 view .LVU47
  69:../APP/Src/Led.cpp ****     controller->is_initialized      = false;
 171              		.loc 1 69 37 is_stmt 0 view .LVU48
 172 0030 2161     		str	r1, [r4, #16]
  70:../APP/Src/Led.cpp ****     
 173              		.loc 1 70 5 is_stmt 1 view .LVU49
  70:../APP/Src/Led.cpp ****     
 174              		.loc 1 70 37 is_stmt 0 view .LVU50
 175 0032 2175     		strb	r1, [r4, #20]
  73:../APP/Src/Led.cpp ****     if (result == LED_OK) {
 176              		.loc 1 73 5 is_stmt 1 view .LVU51
  73:../APP/Src/Led.cpp ****     if (result == LED_OK) {
 177              		.loc 1 73 49 is_stmt 0 view .LVU52
 178 0034 2D68     		ldr	r5, [r5]
 179 0036 1946     		mov	r1, r3
 180 0038 1046     		mov	r0, r2
 181 003a A847     		blx	r5
 182              	.LVL10:
  74:../APP/Src/Led.cpp ****         controller->is_initialized = true;
 183              		.loc 1 74 5 is_stmt 1 view .LVU53
 184 003c 08B9     		cbnz	r0, .L10
  75:../APP/Src/Led.cpp ****     }
 185              		.loc 1 75 9 view .LVU54
  75:../APP/Src/Led.cpp ****     }
 186              		.loc 1 75 36 is_stmt 0 view .LVU55
 187 003e 0123     		movs	r3, #1
 188 0040 2375     		strb	r3, [r4, #20]
 189              	.LVL11:
 190              	.L10:
  79:../APP/Src/Led.cpp **** 
 191              		.loc 1 79 1 view .LVU56
 192 0042 70BD     		pop	{r4, r5, r6, pc}
 193              	.LVL12:
 194              	.L13:
  56:../APP/Src/Led.cpp ****     }
 195              		.loc 1 56 16 view .LVU57
ARM GAS  C:\Users\Dawn\AppData\Local\Temp\ccKo7GRQ.s 			page 9


 196 0044 6FF00200 		mvn	r0, #2
 197              	.LVL13:
  56:../APP/Src/Led.cpp ****     }
 198              		.loc 1 56 16 view .LVU58
 199 0048 FBE7     		b	.L10
 200              	.LVL14:
 201              	.L15:
  60:../APP/Src/Led.cpp ****     }
 202              		.loc 1 60 16 view .LVU59
 203 004a 6FF00100 		mvn	r0, #1
 204              	.LVL15:
  60:../APP/Src/Led.cpp ****     }
 205              		.loc 1 60 16 view .LVU60
 206 004e F8E7     		b	.L10
 207              	.L17:
 208              		.align	2
 209              	.L16:
 210 0050 00000000 		.word	_ZL18system_initialized
 211 0054 00000000 		.word	_ZL18hardware_interface
 212 0058 00000000 		.word	_ZL15led_controllers
 213              		.cfi_endproc
 214              	.LFE1:
 216              		.section	.text.Led_SetState,"ax",%progbits
 217              		.align	1
 218              		.global	Led_SetState
 219              		.syntax unified
 220              		.thumb
 221              		.thumb_func
 223              	Led_SetState:
 224              	.LVL16:
 225              	.LFB2:
  85:../APP/Src/Led.cpp ****     if (!is_valid_led_id(led_id)) {
 226              		.loc 1 85 1 is_stmt 1 view -0
 227              		.cfi_startproc
 228              		@ args = 0, pretend = 0, frame = 0
 229              		@ frame_needed = 0, uses_anonymous_args = 0
  86:../APP/Src/Led.cpp ****         return LED_ERROR_INVALID_ID;
 230              		.loc 1 86 5 view .LVU62
  86:../APP/Src/Led.cpp ****         return LED_ERROR_INVALID_ID;
 231              		.loc 1 86 5 is_stmt 0 discriminator 1 view .LVU63
 232 0000 0728     		cmp	r0, #7
  85:../APP/Src/Led.cpp ****     if (!is_valid_led_id(led_id)) {
 233              		.loc 1 85 1 view .LVU64
 234 0002 70B5     		push	{r4, r5, r6, lr}
 235              	.LCFI2:
 236              		.cfi_def_cfa_offset 16
 237              		.cfi_offset 4, -16
 238              		.cfi_offset 5, -12
 239              		.cfi_offset 6, -8
 240              		.cfi_offset 14, -4
  85:../APP/Src/Led.cpp ****     if (!is_valid_led_id(led_id)) {
 241              		.loc 1 85 1 view .LVU65
 242 0004 0346     		mov	r3, r0
 243 0006 0D46     		mov	r5, r1
  86:../APP/Src/Led.cpp ****         return LED_ERROR_INVALID_ID;
 244              		.loc 1 86 5 discriminator 1 view .LVU66
 245 0008 13D8     		bhi	.L22
ARM GAS  C:\Users\Dawn\AppData\Local\Temp\ccKo7GRQ.s 			page 10


  90:../APP/Src/Led.cpp ****     if (!controller->is_initialized) {
 246              		.loc 1 90 5 is_stmt 1 view .LVU67
 247              	.LVL17:
 248              	.LBB32:
 249              	.LBI32:
 235:../APP/Src/Led.cpp **** {
 250              		.loc 1 235 25 view .LVU68
 251              	.LBB33:
 237:../APP/Src/Led.cpp ****         return &led_controllers[led_id];
 252              		.loc 1 237 5 view .LVU69
 253              		.loc 1 238 9 view .LVU70
 254              		.loc 1 238 9 is_stmt 0 view .LVU71
 255              	.LBE33:
 256              	.LBE32:
  91:../APP/Src/Led.cpp ****         return LED_ERROR_NOT_INIT;
 257              		.loc 1 91 5 is_stmt 1 view .LVU72
  91:../APP/Src/Led.cpp ****         return LED_ERROR_NOT_INIT;
 258              		.loc 1 91 22 is_stmt 0 view .LVU73
 259 000a 1824     		movs	r4, #24
 260 000c 0C4A     		ldr	r2, .L24
 261 000e 6343     		muls	r3, r4, r3
 262              	.LVL18:
  91:../APP/Src/Led.cpp ****         return LED_ERROR_NOT_INIT;
 263              		.loc 1 91 22 view .LVU74
 264 0010 D418     		adds	r4, r2, r3
 265              	.LVL19:
  91:../APP/Src/Led.cpp ****         return LED_ERROR_NOT_INIT;
 266              		.loc 1 91 5 view .LVU75
 267 0012 267D     		ldrb	r6, [r4, #20]	@ zero_extendqisi2
 268 0014 86B1     		cbz	r6, .L23
  95:../APP/Src/Led.cpp ****     if (result == LED_OK) {
 269              		.loc 1 95 5 is_stmt 1 view .LVU76
  95:../APP/Src/Led.cpp ****     if (result == LED_OK) {
 270              		.loc 1 95 48 is_stmt 0 view .LVU77
 271 0016 D358     		ldr	r3, [r2, r3]
  95:../APP/Src/Led.cpp ****     if (result == LED_OK) {
 272              		.loc 1 95 57 view .LVU78
 273 0018 5B68     		ldr	r3, [r3, #4]
 274 001a 9847     		blx	r3
 275              	.LVL20:
  96:../APP/Src/Led.cpp ****         if (state != LED_STATE_TOGGLE) {
 276              		.loc 1 96 5 is_stmt 1 view .LVU79
 277 001c 10B9     		cbnz	r0, .L19
  97:../APP/Src/Led.cpp ****             controller->current_state = state;
 278              		.loc 1 97 9 view .LVU80
 279 001e 022D     		cmp	r5, #2
 280 0020 01D0     		beq	.L20
  98:../APP/Src/Led.cpp ****         } else {
 281              		.loc 1 98 13 view .LVU81
  98:../APP/Src/Led.cpp ****         } else {
 282              		.loc 1 98 39 is_stmt 0 view .LVU82
 283 0022 2573     		strb	r5, [r4, #12]
 284              	.LVL21:
 285              	.L19:
 107:../APP/Src/Led.cpp **** 
 286              		.loc 1 107 1 view .LVU83
 287 0024 70BD     		pop	{r4, r5, r6, pc}
ARM GAS  C:\Users\Dawn\AppData\Local\Temp\ccKo7GRQ.s 			page 11


 288              	.LVL22:
 289              	.L20:
 101:../APP/Src/Led.cpp ****                                        LED_STATE_OFF : LED_STATE_ON;
 290              		.loc 1 101 13 is_stmt 1 view .LVU84
 101:../APP/Src/Led.cpp ****                                        LED_STATE_OFF : LED_STATE_ON;
 291              		.loc 1 101 85 is_stmt 0 view .LVU85
 292 0026 237B     		ldrb	r3, [r4, #12]	@ zero_extendqisi2
 293 0028 013B     		subs	r3, r3, #1
 294 002a 18BF     		it	ne
 295 002c 0123     		movne	r3, #1
 296 002e 2373     		strb	r3, [r4, #12]
 297 0030 F8E7     		b	.L19
 298              	.LVL23:
 299              	.L22:
  87:../APP/Src/Led.cpp ****     }
 300              		.loc 1 87 16 view .LVU86
 301 0032 6FF00100 		mvn	r0, #1
 302              	.LVL24:
  87:../APP/Src/Led.cpp ****     }
 303              		.loc 1 87 16 view .LVU87
 304 0036 F5E7     		b	.L19
 305              	.LVL25:
 306              	.L23:
  92:../APP/Src/Led.cpp ****     }
 307              		.loc 1 92 16 view .LVU88
 308 0038 6FF00200 		mvn	r0, #2
 309              	.LVL26:
  92:../APP/Src/Led.cpp ****     }
 310              		.loc 1 92 16 view .LVU89
 311 003c F2E7     		b	.L19
 312              	.L25:
 313 003e 00BF     		.align	2
 314              	.L24:
 315 0040 00000000 		.word	_ZL15led_controllers
 316              		.cfi_endproc
 317              	.LFE2:
 319              		.section	.text.Led_GetState,"ax",%progbits
 320              		.align	1
 321              		.global	Led_GetState
 322              		.syntax unified
 323              		.thumb
 324              		.thumb_func
 326              	Led_GetState:
 327              	.LVL27:
 328              	.LFB3:
 113:../APP/Src/Led.cpp ****     if (!is_valid_led_id(led_id)) {
 329              		.loc 1 113 1 is_stmt 1 view -0
 330              		.cfi_startproc
 331              		@ args = 0, pretend = 0, frame = 0
 332              		@ frame_needed = 0, uses_anonymous_args = 0
 333              		@ link register save eliminated.
 114:../APP/Src/Led.cpp ****         return LED_STATE_OFF;
 334              		.loc 1 114 5 view .LVU91
 114:../APP/Src/Led.cpp ****         return LED_STATE_OFF;
 335              		.loc 1 114 5 is_stmt 0 discriminator 1 view .LVU92
 336 0000 0728     		cmp	r0, #7
 337 0002 07D8     		bhi	.L28
ARM GAS  C:\Users\Dawn\AppData\Local\Temp\ccKo7GRQ.s 			page 12


 118:../APP/Src/Led.cpp ****     if (!controller->is_initialized) {
 338              		.loc 1 118 5 is_stmt 1 view .LVU93
 339              	.LVL28:
 340              	.LBB34:
 341              	.LBI34:
 235:../APP/Src/Led.cpp **** {
 342              		.loc 1 235 25 view .LVU94
 343              	.LBB35:
 237:../APP/Src/Led.cpp ****         return &led_controllers[led_id];
 344              		.loc 1 237 5 view .LVU95
 345              		.loc 1 238 9 view .LVU96
 346              		.loc 1 238 9 is_stmt 0 view .LVU97
 347              	.LBE35:
 348              	.LBE34:
 119:../APP/Src/Led.cpp ****         return LED_STATE_OFF;
 349              		.loc 1 119 5 is_stmt 1 view .LVU98
 119:../APP/Src/Led.cpp ****         return LED_STATE_OFF;
 350              		.loc 1 119 22 is_stmt 0 view .LVU99
 351 0004 044B     		ldr	r3, .L30
 352 0006 1822     		movs	r2, #24
 353 0008 02FB0033 		mla	r3, r2, r0, r3
 354              	.LVL29:
 119:../APP/Src/Led.cpp ****         return LED_STATE_OFF;
 355              		.loc 1 119 5 view .LVU100
 356 000c 187D     		ldrb	r0, [r3, #20]	@ zero_extendqisi2
 357              	.LVL30:
 119:../APP/Src/Led.cpp ****         return LED_STATE_OFF;
 358              		.loc 1 119 5 view .LVU101
 359 000e 10B1     		cbz	r0, .L27
 123:../APP/Src/Led.cpp **** }
 360              		.loc 1 123 5 is_stmt 1 view .LVU102
 123:../APP/Src/Led.cpp **** }
 361              		.loc 1 123 24 is_stmt 0 view .LVU103
 362 0010 187B     		ldrb	r0, [r3, #12]	@ zero_extendqisi2
 363 0012 7047     		bx	lr
 364              	.LVL31:
 365              	.L28:
 115:../APP/Src/Led.cpp ****     }
 366              		.loc 1 115 16 view .LVU104
 367 0014 0020     		movs	r0, #0
 368              	.LVL32:
 369              	.L27:
 124:../APP/Src/Led.cpp **** 
 370              		.loc 1 124 1 view .LVU105
 371 0016 7047     		bx	lr
 372              	.L31:
 373              		.align	2
 374              	.L30:
 375 0018 00000000 		.word	_ZL15led_controllers
 376              		.cfi_endproc
 377              	.LFE3:
 379              		.section	.text.Led_On,"ax",%progbits
 380              		.align	1
 381              		.global	Led_On
 382              		.syntax unified
 383              		.thumb
 384              		.thumb_func
ARM GAS  C:\Users\Dawn\AppData\Local\Temp\ccKo7GRQ.s 			page 13


 386              	Led_On:
 387              	.LVL33:
 388              	.LFB4:
 130:../APP/Src/Led.cpp ****     return Led_SetState(led_id, LED_STATE_ON);
 389              		.loc 1 130 1 is_stmt 1 view -0
 390              		.cfi_startproc
 391              		@ args = 0, pretend = 0, frame = 0
 392              		@ frame_needed = 0, uses_anonymous_args = 0
 393              		@ link register save eliminated.
 131:../APP/Src/Led.cpp **** }
 394              		.loc 1 131 5 view .LVU107
 131:../APP/Src/Led.cpp **** }
 395              		.loc 1 131 24 is_stmt 0 view .LVU108
 396 0000 0121     		movs	r1, #1
 397 0002 FFF7FEBF 		b	Led_SetState
 398              	.LVL34:
 131:../APP/Src/Led.cpp **** }
 399              		.loc 1 131 24 view .LVU109
 400              		.cfi_endproc
 401              	.LFE4:
 403              		.section	.text.Led_Off,"ax",%progbits
 404              		.align	1
 405              		.global	Led_Off
 406              		.syntax unified
 407              		.thumb
 408              		.thumb_func
 410              	Led_Off:
 411              	.LVL35:
 412              	.LFB5:
 138:../APP/Src/Led.cpp ****     return Led_SetState(led_id, LED_STATE_OFF);
 413              		.loc 1 138 1 is_stmt 1 view -0
 414              		.cfi_startproc
 415              		@ args = 0, pretend = 0, frame = 0
 416              		@ frame_needed = 0, uses_anonymous_args = 0
 417              		@ link register save eliminated.
 139:../APP/Src/Led.cpp **** }
 418              		.loc 1 139 5 view .LVU111
 139:../APP/Src/Led.cpp **** }
 419              		.loc 1 139 24 is_stmt 0 view .LVU112
 420 0000 0021     		movs	r1, #0
 421 0002 FFF7FEBF 		b	Led_SetState
 422              	.LVL36:
 139:../APP/Src/Led.cpp **** }
 423              		.loc 1 139 24 view .LVU113
 424              		.cfi_endproc
 425              	.LFE5:
 427              		.section	.text.Led_Toggle,"ax",%progbits
 428              		.align	1
 429              		.global	Led_Toggle
 430              		.syntax unified
 431              		.thumb
 432              		.thumb_func
 434              	Led_Toggle:
 435              	.LVL37:
 436              	.LFB6:
 146:../APP/Src/Led.cpp ****     return Led_SetState(led_id, LED_STATE_TOGGLE);
 437              		.loc 1 146 1 is_stmt 1 view -0
ARM GAS  C:\Users\Dawn\AppData\Local\Temp\ccKo7GRQ.s 			page 14


 438              		.cfi_startproc
 439              		@ args = 0, pretend = 0, frame = 0
 440              		@ frame_needed = 0, uses_anonymous_args = 0
 441              		@ link register save eliminated.
 147:../APP/Src/Led.cpp **** }
 442              		.loc 1 147 5 view .LVU115
 147:../APP/Src/Led.cpp **** }
 443              		.loc 1 147 24 is_stmt 0 view .LVU116
 444 0000 0221     		movs	r1, #2
 445 0002 FFF7FEBF 		b	Led_SetState
 446              	.LVL38:
 147:../APP/Src/Led.cpp **** }
 447              		.loc 1 147 24 view .LVU117
 448              		.cfi_endproc
 449              	.LFE6:
 451              		.section	.text.Led_BlinkUpdate,"ax",%progbits
 452              		.align	1
 453              		.global	Led_BlinkUpdate
 454              		.syntax unified
 455              		.thumb
 456              		.thumb_func
 458              	Led_BlinkUpdate:
 459              	.LVL39:
 460              	.LFB7:
 154:../APP/Src/Led.cpp ****     if (!is_valid_led_id(led_id)) {
 461              		.loc 1 154 1 is_stmt 1 view -0
 462              		.cfi_startproc
 463              		@ args = 0, pretend = 0, frame = 0
 464              		@ frame_needed = 0, uses_anonymous_args = 0
 155:../APP/Src/Led.cpp ****         return LED_ERROR_INVALID_ID;
 465              		.loc 1 155 5 view .LVU119
 155:../APP/Src/Led.cpp ****         return LED_ERROR_INVALID_ID;
 466              		.loc 1 155 5 is_stmt 0 discriminator 1 view .LVU120
 467 0000 0728     		cmp	r0, #7
 154:../APP/Src/Led.cpp ****     if (!is_valid_led_id(led_id)) {
 468              		.loc 1 154 1 view .LVU121
 469 0002 38B5     		push	{r3, r4, r5, lr}
 470              	.LCFI3:
 471              		.cfi_def_cfa_offset 16
 472              		.cfi_offset 3, -16
 473              		.cfi_offset 4, -12
 474              		.cfi_offset 5, -8
 475              		.cfi_offset 14, -4
 154:../APP/Src/Led.cpp ****     if (!is_valid_led_id(led_id)) {
 476              		.loc 1 154 1 view .LVU122
 477 0004 0D46     		mov	r5, r1
 155:../APP/Src/Led.cpp ****         return LED_ERROR_INVALID_ID;
 478              		.loc 1 155 5 discriminator 1 view .LVU123
 479 0006 11D8     		bhi	.L39
 159:../APP/Src/Led.cpp ****     if (!controller->is_initialized) {
 480              		.loc 1 159 5 is_stmt 1 view .LVU124
 481              	.LVL40:
 482              	.LBB36:
 483              	.LBI36:
 235:../APP/Src/Led.cpp **** {
 484              		.loc 1 235 25 view .LVU125
 485              	.LBB37:
ARM GAS  C:\Users\Dawn\AppData\Local\Temp\ccKo7GRQ.s 			page 15


 237:../APP/Src/Led.cpp ****         return &led_controllers[led_id];
 486              		.loc 1 237 5 view .LVU126
 487              		.loc 1 238 9 view .LVU127
 488              		.loc 1 238 9 is_stmt 0 view .LVU128
 489              	.LBE37:
 490              	.LBE36:
 160:../APP/Src/Led.cpp ****         return LED_ERROR_NOT_INIT;
 491              		.loc 1 160 5 is_stmt 1 view .LVU129
 160:../APP/Src/Led.cpp ****         return LED_ERROR_NOT_INIT;
 492              		.loc 1 160 22 is_stmt 0 view .LVU130
 493 0008 0B4C     		ldr	r4, .L44
 494 000a 1822     		movs	r2, #24
 495 000c 02FB0044 		mla	r4, r2, r0, r4
 160:../APP/Src/Led.cpp ****         return LED_ERROR_NOT_INIT;
 496              		.loc 1 160 5 view .LVU131
 497 0010 237D     		ldrb	r3, [r4, #20]	@ zero_extendqisi2
 498 0012 73B1     		cbz	r3, .L40
 165:../APP/Src/Led.cpp ****         uint32_t elapsed = current_time - controller->last_toggle_time;
 499              		.loc 1 165 5 is_stmt 1 view .LVU132
 500              	.LBB38:
 165:../APP/Src/Led.cpp ****         uint32_t elapsed = current_time - controller->last_toggle_time;
 501              		.loc 1 165 28 is_stmt 0 view .LVU133
 502 0014 A268     		ldr	r2, [r4, #8]
 165:../APP/Src/Led.cpp ****         uint32_t elapsed = current_time - controller->last_toggle_time;
 503              		.loc 1 165 5 view .LVU134
 504 0016 1AB1     		cbz	r2, .L37
 505              	.LBB39:
 166:../APP/Src/Led.cpp ****         
 506              		.loc 1 166 9 is_stmt 1 view .LVU135
 507              	.LVL41:
 168:../APP/Src/Led.cpp ****             Led_Toggle(led_id);
 508              		.loc 1 168 9 view .LVU136
 166:../APP/Src/Led.cpp ****         
 509              		.loc 1 166 18 is_stmt 0 view .LVU137
 510 0018 2369     		ldr	r3, [r4, #16]
 511 001a CB1A     		subs	r3, r1, r3
 168:../APP/Src/Led.cpp ****             Led_Toggle(led_id);
 512              		.loc 1 168 9 view .LVU138
 513 001c 9A42     		cmp	r2, r3
 514 001e 01D9     		bls	.L38
 515              	.LVL42:
 516              	.L37:
 168:../APP/Src/Led.cpp ****             Led_Toggle(led_id);
 517              		.loc 1 168 9 view .LVU139
 518              	.LBE39:
 519              	.LBE38:
 174:../APP/Src/Led.cpp **** }
 520              		.loc 1 174 12 view .LVU140
 521 0020 0020     		movs	r0, #0
 522              	.LVL43:
 523              	.L36:
 175:../APP/Src/Led.cpp **** 
 524              		.loc 1 175 1 view .LVU141
 525 0022 38BD     		pop	{r3, r4, r5, pc}
 526              	.LVL44:
 527              	.L38:
 528              	.LBB41:
ARM GAS  C:\Users\Dawn\AppData\Local\Temp\ccKo7GRQ.s 			page 16


 529              	.LBB40:
 169:../APP/Src/Led.cpp ****             controller->last_toggle_time = current_time;
 530              		.loc 1 169 13 is_stmt 1 view .LVU142
 169:../APP/Src/Led.cpp ****             controller->last_toggle_time = current_time;
 531              		.loc 1 169 23 is_stmt 0 view .LVU143
 532 0024 FFF7FEFF 		bl	Led_Toggle
 533              	.LVL45:
 170:../APP/Src/Led.cpp ****         }
 534              		.loc 1 170 13 is_stmt 1 view .LVU144
 170:../APP/Src/Led.cpp ****         }
 535              		.loc 1 170 42 is_stmt 0 view .LVU145
 536 0028 2561     		str	r5, [r4, #16]
 537 002a F9E7     		b	.L37
 538              	.LVL46:
 539              	.L39:
 170:../APP/Src/Led.cpp ****         }
 540              		.loc 1 170 42 view .LVU146
 541              	.LBE40:
 542              	.LBE41:
 156:../APP/Src/Led.cpp ****     }
 543              		.loc 1 156 16 view .LVU147
 544 002c 6FF00100 		mvn	r0, #1
 545              	.LVL47:
 156:../APP/Src/Led.cpp ****     }
 546              		.loc 1 156 16 view .LVU148
 547 0030 F7E7     		b	.L36
 548              	.LVL48:
 549              	.L40:
 161:../APP/Src/Led.cpp ****     }
 550              		.loc 1 161 16 view .LVU149
 551 0032 6FF00200 		mvn	r0, #2
 552              	.LVL49:
 161:../APP/Src/Led.cpp ****     }
 553              		.loc 1 161 16 view .LVU150
 554 0036 F4E7     		b	.L36
 555              	.L45:
 556              		.align	2
 557              	.L44:
 558 0038 00000000 		.word	_ZL15led_controllers
 559              		.cfi_endproc
 560              	.LFE7:
 562              		.section	.text.Led_SetBlinkPeriod,"ax",%progbits
 563              		.align	1
 564              		.global	Led_SetBlinkPeriod
 565              		.syntax unified
 566              		.thumb
 567              		.thumb_func
 569              	Led_SetBlinkPeriod:
 570              	.LVL50:
 571              	.LFB8:
 181:../APP/Src/Led.cpp ****     if (!is_valid_led_id(led_id)) {
 572              		.loc 1 181 1 is_stmt 1 view -0
 573              		.cfi_startproc
 574              		@ args = 0, pretend = 0, frame = 0
 575              		@ frame_needed = 0, uses_anonymous_args = 0
 576              		@ link register save eliminated.
 182:../APP/Src/Led.cpp ****         return LED_ERROR_INVALID_ID;
ARM GAS  C:\Users\Dawn\AppData\Local\Temp\ccKo7GRQ.s 			page 17


 577              		.loc 1 182 5 view .LVU152
 182:../APP/Src/Led.cpp ****         return LED_ERROR_INVALID_ID;
 578              		.loc 1 182 5 is_stmt 0 discriminator 1 view .LVU153
 579 0000 0728     		cmp	r0, #7
 580 0002 08D8     		bhi	.L48
 186:../APP/Src/Led.cpp ****     if (!controller->is_initialized) {
 581              		.loc 1 186 5 is_stmt 1 view .LVU154
 582              	.LVL51:
 583              	.LBB42:
 584              	.LBI42:
 235:../APP/Src/Led.cpp **** {
 585              		.loc 1 235 25 view .LVU155
 586              	.LBB43:
 237:../APP/Src/Led.cpp ****         return &led_controllers[led_id];
 587              		.loc 1 237 5 view .LVU156
 588              		.loc 1 238 9 view .LVU157
 589              		.loc 1 238 9 is_stmt 0 view .LVU158
 590              	.LBE43:
 591              	.LBE42:
 187:../APP/Src/Led.cpp ****         return LED_ERROR_NOT_INIT;
 592              		.loc 1 187 5 is_stmt 1 view .LVU159
 187:../APP/Src/Led.cpp ****         return LED_ERROR_NOT_INIT;
 593              		.loc 1 187 22 is_stmt 0 view .LVU160
 594 0004 074B     		ldr	r3, .L50
 595 0006 1822     		movs	r2, #24
 596 0008 02FB0030 		mla	r0, r2, r0, r3
 597              	.LVL52:
 187:../APP/Src/Led.cpp ****         return LED_ERROR_NOT_INIT;
 598              		.loc 1 187 5 view .LVU161
 599 000c 037D     		ldrb	r3, [r0, #20]	@ zero_extendqisi2
 600 000e 2BB1     		cbz	r3, .L49
 191:../APP/Src/Led.cpp ****     return LED_OK;
 601              		.loc 1 191 5 is_stmt 1 view .LVU162
 191:../APP/Src/Led.cpp ****     return LED_OK;
 602              		.loc 1 191 37 is_stmt 0 view .LVU163
 603 0010 8160     		str	r1, [r0, #8]
 192:../APP/Src/Led.cpp **** }
 604              		.loc 1 192 5 is_stmt 1 view .LVU164
 192:../APP/Src/Led.cpp **** }
 605              		.loc 1 192 12 is_stmt 0 view .LVU165
 606 0012 0020     		movs	r0, #0
 607              	.LVL53:
 192:../APP/Src/Led.cpp **** }
 608              		.loc 1 192 12 view .LVU166
 609 0014 7047     		bx	lr
 610              	.LVL54:
 611              	.L48:
 183:../APP/Src/Led.cpp ****     }
 612              		.loc 1 183 16 view .LVU167
 613 0016 6FF00100 		mvn	r0, #1
 614              	.LVL55:
 183:../APP/Src/Led.cpp ****     }
 615              		.loc 1 183 16 view .LVU168
 616 001a 7047     		bx	lr
 617              	.LVL56:
 618              	.L49:
 188:../APP/Src/Led.cpp ****     }
ARM GAS  C:\Users\Dawn\AppData\Local\Temp\ccKo7GRQ.s 			page 18


 619              		.loc 1 188 16 view .LVU169
 620 001c 6FF00200 		mvn	r0, #2
 621              	.LVL57:
 193:../APP/Src/Led.cpp **** 
 622              		.loc 1 193 1 view .LVU170
 623 0020 7047     		bx	lr
 624              	.L51:
 625 0022 00BF     		.align	2
 626              	.L50:
 627 0024 00000000 		.word	_ZL15led_controllers
 628              		.cfi_endproc
 629              	.LFE8:
 631              		.section	.text.Led_Deinit,"ax",%progbits
 632              		.align	1
 633              		.global	Led_Deinit
 634              		.syntax unified
 635              		.thumb
 636              		.thumb_func
 638              	Led_Deinit:
 639              	.LVL58:
 640              	.LFB9:
 199:../APP/Src/Led.cpp ****     if (!is_valid_led_id(led_id)) {
 641              		.loc 1 199 1 is_stmt 1 view -0
 642              		.cfi_startproc
 643              		@ args = 0, pretend = 0, frame = 0
 644              		@ frame_needed = 0, uses_anonymous_args = 0
 200:../APP/Src/Led.cpp ****         return LED_ERROR_INVALID_ID;
 645              		.loc 1 200 5 view .LVU172
 200:../APP/Src/Led.cpp ****         return LED_ERROR_INVALID_ID;
 646              		.loc 1 200 5 is_stmt 0 discriminator 1 view .LVU173
 647 0000 0728     		cmp	r0, #7
 199:../APP/Src/Led.cpp ****     if (!is_valid_led_id(led_id)) {
 648              		.loc 1 199 1 view .LVU174
 649 0002 38B5     		push	{r3, r4, r5, lr}
 650              	.LCFI4:
 651              		.cfi_def_cfa_offset 16
 652              		.cfi_offset 3, -16
 653              		.cfi_offset 4, -12
 654              		.cfi_offset 5, -8
 655              		.cfi_offset 14, -4
 199:../APP/Src/Led.cpp ****     if (!is_valid_led_id(led_id)) {
 656              		.loc 1 199 1 view .LVU175
 657 0004 0346     		mov	r3, r0
 200:../APP/Src/Led.cpp ****         return LED_ERROR_INVALID_ID;
 658              		.loc 1 200 5 discriminator 1 view .LVU176
 659 0006 11D8     		bhi	.L55
 204:../APP/Src/Led.cpp ****     if (!controller->is_initialized) {
 660              		.loc 1 204 5 is_stmt 1 view .LVU177
 661              	.LVL59:
 662              	.LBB44:
 663              	.LBI44:
 235:../APP/Src/Led.cpp **** {
 664              		.loc 1 235 25 view .LVU178
 665              	.LBB45:
 237:../APP/Src/Led.cpp ****         return &led_controllers[led_id];
 666              		.loc 1 237 5 view .LVU179
 667              		.loc 1 238 9 view .LVU180
ARM GAS  C:\Users\Dawn\AppData\Local\Temp\ccKo7GRQ.s 			page 19


 668              		.loc 1 238 39 is_stmt 0 view .LVU181
 669 0008 1822     		movs	r2, #24
 670 000a 5343     		muls	r3, r2, r3
 671 000c 0A4A     		ldr	r2, .L58
 672 000e 9D18     		adds	r5, r3, r2
 673              	.LVL60:
 674              		.loc 1 238 39 view .LVU182
 675              	.LBE45:
 676              	.LBE44:
 205:../APP/Src/Led.cpp ****         return LED_ERROR_NOT_INIT;
 677              		.loc 1 205 5 is_stmt 1 view .LVU183
 678 0010 297D     		ldrb	r1, [r5, #20]	@ zero_extendqisi2
 679 0012 71B1     		cbz	r1, .L56
 209:../APP/Src/Led.cpp ****     
 680              		.loc 1 209 5 view .LVU184
 681              	.LVL61:
 212:../APP/Src/Led.cpp ****         result = controller->interface->deinit(led_id);
 682              		.loc 1 212 5 view .LVU185
 212:../APP/Src/Led.cpp ****         result = controller->interface->deinit(led_id);
 683              		.loc 1 212 32 is_stmt 0 view .LVU186
 684 0014 D358     		ldr	r3, [r2, r3]
 685 0016 DC68     		ldr	r4, [r3, #12]
 212:../APP/Src/Led.cpp ****         result = controller->interface->deinit(led_id);
 686              		.loc 1 212 5 view .LVU187
 687 0018 0CB1     		cbz	r4, .L54
 213:../APP/Src/Led.cpp ****     }
 688              		.loc 1 213 9 is_stmt 1 view .LVU188
 213:../APP/Src/Led.cpp ****     }
 689              		.loc 1 213 47 is_stmt 0 view .LVU189
 690 001a A047     		blx	r4
 691              	.LVL62:
 213:../APP/Src/Led.cpp ****     }
 692              		.loc 1 213 47 view .LVU190
 693 001c 0446     		mov	r4, r0
 694              	.LVL63:
 695              	.L54:
 217:../APP/Src/Led.cpp ****     
 696              		.loc 1 217 5 is_stmt 1 view .LVU191
 217:../APP/Src/Led.cpp ****     
 697              		.loc 1 217 11 is_stmt 0 view .LVU192
 698 001e 1822     		movs	r2, #24
 699 0020 0021     		movs	r1, #0
 700 0022 2846     		mov	r0, r5
 701 0024 FFF7FEFF 		bl	memset
 702              	.LVL64:
 219:../APP/Src/Led.cpp **** }
 703              		.loc 1 219 5 is_stmt 1 view .LVU193
 704              	.L53:
 220:../APP/Src/Led.cpp **** 
 705              		.loc 1 220 1 is_stmt 0 view .LVU194
 706 0028 2046     		mov	r0, r4
 707 002a 38BD     		pop	{r3, r4, r5, pc}
 708              	.LVL65:
 709              	.L55:
 201:../APP/Src/Led.cpp ****     }
 710              		.loc 1 201 16 view .LVU195
 711 002c 6FF00104 		mvn	r4, #1
ARM GAS  C:\Users\Dawn\AppData\Local\Temp\ccKo7GRQ.s 			page 20


 712 0030 FAE7     		b	.L53
 713              	.LVL66:
 714              	.L56:
 206:../APP/Src/Led.cpp ****     }
 715              		.loc 1 206 16 view .LVU196
 716 0032 6FF00204 		mvn	r4, #2
 717 0036 F7E7     		b	.L53
 718              	.L59:
 719              		.align	2
 720              	.L58:
 721 0038 00000000 		.word	_ZL15led_controllers
 722              		.cfi_endproc
 723              	.LFE9:
 725              		.section	.bss._ZL18system_initialized,"aw",%nobits
 728              	_ZL18system_initialized:
 729 0000 00       		.space	1
 730              		.section	.bss._ZL18hardware_interface,"aw",%nobits
 731              		.align	2
 734              	_ZL18hardware_interface:
 735 0000 00000000 		.space	4
 736              		.section	.bss._ZL15led_controllers,"aw",%nobits
 737              		.align	2
 740              	_ZL15led_controllers:
 741 0000 00000000 		.space	192
 741      00000000 
 741      00000000 
 741      00000000 
 741      00000000 
 742              		.text
 743              	.Letext0:
 744              		.file 2 "D:/Tool/arm-gnu-toolchain/arm-none-eabi/include/machine/_default_types.h"
 745              		.file 3 "D:/Tool/arm-gnu-toolchain/arm-none-eabi/include/sys/_stdint.h"
 746              		.file 4 "../APP/Ins/Led.h"
 747              		.file 5 "D:/Tool/arm-gnu-toolchain/lib/gcc/arm-none-eabi/14.2.1/include/stddef.h"
 748              		.file 6 "D:/Tool/arm-gnu-toolchain/arm-none-eabi/include/string.h"
ARM GAS  C:\Users\Dawn\AppData\Local\Temp\ccKo7GRQ.s 			page 21


DEFINED SYMBOLS
                            *ABS*:00000000 Led.cpp
C:\Users\Dawn\AppData\Local\Temp\ccKo7GRQ.s:21     .text.Led_RegisterInterface:00000000 $t
C:\Users\Dawn\AppData\Local\Temp\ccKo7GRQ.s:27     .text.Led_RegisterInterface:00000000 Led_RegisterInterface
C:\Users\Dawn\AppData\Local\Temp\ccKo7GRQ.s:88     .text.Led_RegisterInterface:00000030 $d
C:\Users\Dawn\AppData\Local\Temp\ccKo7GRQ.s:734    .bss._ZL18hardware_interface:00000000 _ZL18hardware_interface
C:\Users\Dawn\AppData\Local\Temp\ccKo7GRQ.s:740    .bss._ZL15led_controllers:00000000 _ZL15led_controllers
C:\Users\Dawn\AppData\Local\Temp\ccKo7GRQ.s:728    .bss._ZL18system_initialized:00000000 _ZL18system_initialized
C:\Users\Dawn\AppData\Local\Temp\ccKo7GRQ.s:95     .text.Led_Init:00000000 $t
C:\Users\Dawn\AppData\Local\Temp\ccKo7GRQ.s:101    .text.Led_Init:00000000 Led_Init
C:\Users\Dawn\AppData\Local\Temp\ccKo7GRQ.s:210    .text.Led_Init:00000050 $d
C:\Users\Dawn\AppData\Local\Temp\ccKo7GRQ.s:217    .text.Led_SetState:00000000 $t
C:\Users\Dawn\AppData\Local\Temp\ccKo7GRQ.s:223    .text.Led_SetState:00000000 Led_SetState
C:\Users\Dawn\AppData\Local\Temp\ccKo7GRQ.s:315    .text.Led_SetState:00000040 $d
C:\Users\Dawn\AppData\Local\Temp\ccKo7GRQ.s:320    .text.Led_GetState:00000000 $t
C:\Users\Dawn\AppData\Local\Temp\ccKo7GRQ.s:326    .text.Led_GetState:00000000 Led_GetState
C:\Users\Dawn\AppData\Local\Temp\ccKo7GRQ.s:375    .text.Led_GetState:00000018 $d
C:\Users\Dawn\AppData\Local\Temp\ccKo7GRQ.s:380    .text.Led_On:00000000 $t
C:\Users\Dawn\AppData\Local\Temp\ccKo7GRQ.s:386    .text.Led_On:00000000 Led_On
C:\Users\Dawn\AppData\Local\Temp\ccKo7GRQ.s:404    .text.Led_Off:00000000 $t
C:\Users\Dawn\AppData\Local\Temp\ccKo7GRQ.s:410    .text.Led_Off:00000000 Led_Off
C:\Users\Dawn\AppData\Local\Temp\ccKo7GRQ.s:428    .text.Led_Toggle:00000000 $t
C:\Users\Dawn\AppData\Local\Temp\ccKo7GRQ.s:434    .text.Led_Toggle:00000000 Led_Toggle
C:\Users\Dawn\AppData\Local\Temp\ccKo7GRQ.s:452    .text.Led_BlinkUpdate:00000000 $t
C:\Users\Dawn\AppData\Local\Temp\ccKo7GRQ.s:458    .text.Led_BlinkUpdate:00000000 Led_BlinkUpdate
C:\Users\Dawn\AppData\Local\Temp\ccKo7GRQ.s:558    .text.Led_BlinkUpdate:00000038 $d
C:\Users\Dawn\AppData\Local\Temp\ccKo7GRQ.s:563    .text.Led_SetBlinkPeriod:00000000 $t
C:\Users\Dawn\AppData\Local\Temp\ccKo7GRQ.s:569    .text.Led_SetBlinkPeriod:00000000 Led_SetBlinkPeriod
C:\Users\Dawn\AppData\Local\Temp\ccKo7GRQ.s:627    .text.Led_SetBlinkPeriod:00000024 $d
C:\Users\Dawn\AppData\Local\Temp\ccKo7GRQ.s:632    .text.Led_Deinit:00000000 $t
C:\Users\Dawn\AppData\Local\Temp\ccKo7GRQ.s:638    .text.Led_Deinit:00000000 Led_Deinit
C:\Users\Dawn\AppData\Local\Temp\ccKo7GRQ.s:721    .text.Led_Deinit:00000038 $d
C:\Users\Dawn\AppData\Local\Temp\ccKo7GRQ.s:729    .bss._ZL18system_initialized:00000000 $d
C:\Users\Dawn\AppData\Local\Temp\ccKo7GRQ.s:731    .bss._ZL18hardware_interface:00000000 $d
C:\Users\Dawn\AppData\Local\Temp\ccKo7GRQ.s:737    .bss._ZL15led_controllers:00000000 $d

UNDEFINED SYMBOLS
memset
