ARM GAS  C:\Users\Dawn\AppData\Local\Temp\ccaAAgV0.s 			page 1


   1              		.cpu cortex-m4
   2              		.arch armv7e-m
   3              		.fpu fpv4-sp-d16
   4              		.eabi_attribute 27, 1
   5              		.eabi_attribute 28, 1
   6              		.eabi_attribute 20, 1
   7              		.eabi_attribute 21, 1
   8              		.eabi_attribute 23, 3
   9              		.eabi_attribute 24, 1
  10              		.eabi_attribute 25, 1
  11              		.eabi_attribute 26, 1
  12              		.eabi_attribute 30, 4
  13              		.eabi_attribute 34, 1
  14              		.eabi_attribute 18, 4
  15              		.file	"i2c.c"
  16              		.text
  17              	.Ltext0:
  18              		.cfi_sections	.debug_frame
  19              		.file 1 "../core/src/i2c.c"
  20              		.section	.text.I2C_WaitForFlag,"ax",%progbits
  21              		.align	1
  22              		.syntax unified
  23              		.thumb
  24              		.thumb_func
  26              	I2C_WaitForFlag:
  27              	.LVL0:
  28              	.LFB134:
   1:../core/src/i2c.c **** #include "i2c.h"
   2:../core/src/i2c.c **** #include "n32g430_rcc.h"
   3:../core/src/i2c.c **** #include "misc.h"
   4:../core/src/i2c.c **** 
   5:../core/src/i2c.c **** #define I2C_TIMEOUT_MS 100U
   6:../core/src/i2c.c **** 
   7:../core/src/i2c.c **** I2C_HandleTypeDef hi2c1;
   8:../core/src/i2c.c **** 
   9:../core/src/i2c.c **** static HAL_StatusTypeDef I2C_WaitForFlag(I2C_HandleTypeDef *hi2c, uint32_t flag, FlagStatus status,
  10:../core/src/i2c.c **** static void I2C_ClearADDRFlag(I2C_Module *I2Cx);
  11:../core/src/i2c.c **** static void I2C_DMA_TxCplt(DMA_HandleTypeDef *hdma);
  12:../core/src/i2c.c **** 
  13:../core/src/i2c.c **** void MX_I2C1_Init(void)
  14:../core/src/i2c.c **** {
  15:../core/src/i2c.c ****     GPIO_InitType GPIO_InitStructure;
  16:../core/src/i2c.c ****     I2C_InitType I2C_InitStructure;
  17:../core/src/i2c.c **** 
  18:../core/src/i2c.c ****     RCC_AHB_Peripheral_Clock_Enable(RCC_AHB_PERIPH_GPIOB);
  19:../core/src/i2c.c ****     RCC_APB2_Peripheral_Clock_Enable(RCC_APB2_PERIPH_AFIO);
  20:../core/src/i2c.c ****     RCC_APB1_Peripheral_Clock_Enable(RCC_APB1_PERIPH_I2C1);
  21:../core/src/i2c.c **** 
  22:../core/src/i2c.c ****     GPIO_Structure_Initialize(&GPIO_InitStructure);
  23:../core/src/i2c.c ****     GPIO_InitStructure.Pin = GPIO_PIN_8 | GPIO_PIN_9;
  24:../core/src/i2c.c ****     GPIO_InitStructure.GPIO_Mode = GPIO_MODE_AF_OD;
  25:../core/src/i2c.c ****     GPIO_InitStructure.GPIO_Pull = GPIO_PULL_UP;
  26:../core/src/i2c.c ****     GPIO_InitStructure.GPIO_Slew_Rate = GPIO_SLEW_RATE_FAST;
  27:../core/src/i2c.c ****     GPIO_InitStructure.GPIO_Current = GPIO_DS_4MA;
  28:../core/src/i2c.c ****     GPIO_InitStructure.GPIO_Alternate = GPIO_AF5_I2C1;
  29:../core/src/i2c.c ****     GPIO_Peripheral_Initialize(GPIOB, &GPIO_InitStructure);
  30:../core/src/i2c.c **** 
ARM GAS  C:\Users\Dawn\AppData\Local\Temp\ccaAAgV0.s 			page 2


  31:../core/src/i2c.c ****     I2C_Reset(I2C1);
  32:../core/src/i2c.c ****     I2C_Initializes_Structure(&I2C_InitStructure);
  33:../core/src/i2c.c ****     I2C_InitStructure.ClkSpeed = 1000000; /* 尽量提高传输速率，加快OLED刷新 */
  34:../core/src/i2c.c ****     I2C_InitStructure.AckEnable = I2C_ACKEN;
  35:../core/src/i2c.c ****     I2C_InitStructure.AddrMode = I2C_ADDR_MODE_7BIT;
  36:../core/src/i2c.c ****     I2C_Initializes(I2C1, &I2C_InitStructure);
  37:../core/src/i2c.c ****     I2C_ON(I2C1);
  38:../core/src/i2c.c **** 
  39:../core/src/i2c.c ****     hi2c1.Instance = I2C1;
  40:../core/src/i2c.c ****     hi2c1.State = HAL_I2C_STATE_READY;
  41:../core/src/i2c.c ****     hi2c1.hdmatx = &hdma_i2c1_tx;
  42:../core/src/i2c.c ****     hi2c1.hdmatx->Parent = &hi2c1;
  43:../core/src/i2c.c **** }
  44:../core/src/i2c.c **** 
  45:../core/src/i2c.c **** void HAL_I2C_DeInit(I2C_HandleTypeDef *hi2c)
  46:../core/src/i2c.c **** {
  47:../core/src/i2c.c ****     if (hi2c == NULL || hi2c->Instance == NULL)
  48:../core/src/i2c.c ****     {
  49:../core/src/i2c.c ****         return;
  50:../core/src/i2c.c ****     }
  51:../core/src/i2c.c **** 
  52:../core/src/i2c.c ****     I2C_OFF(hi2c->Instance);
  53:../core/src/i2c.c ****     I2C_Reset(hi2c->Instance);
  54:../core/src/i2c.c ****     hi2c->State = HAL_I2C_STATE_RESET;
  55:../core/src/i2c.c **** }
  56:../core/src/i2c.c **** 
  57:../core/src/i2c.c **** HAL_StatusTypeDef HAL_I2C_Master_Transmit(I2C_HandleTypeDef *hi2c,
  58:../core/src/i2c.c ****                                           uint16_t DevAddress,
  59:../core/src/i2c.c ****                                           uint8_t *pData,
  60:../core/src/i2c.c ****                                           uint16_t Size,
  61:../core/src/i2c.c ****                                           uint32_t Timeout)
  62:../core/src/i2c.c **** {
  63:../core/src/i2c.c ****     HAL_StatusTypeDef status = HAL_OK;
  64:../core/src/i2c.c ****     if (hi2c == NULL || pData == NULL || Size == 0)
  65:../core/src/i2c.c ****     {
  66:../core/src/i2c.c ****         return HAL_ERROR;
  67:../core/src/i2c.c ****     }
  68:../core/src/i2c.c ****     if (hi2c->State != HAL_I2C_STATE_READY)
  69:../core/src/i2c.c ****     {
  70:../core/src/i2c.c ****         return HAL_BUSY;
  71:../core/src/i2c.c ****     }
  72:../core/src/i2c.c **** 
  73:../core/src/i2c.c ****     hi2c->State = HAL_I2C_STATE_BUSY_TX;
  74:../core/src/i2c.c ****     hi2c->DevAddress = DevAddress;
  75:../core/src/i2c.c **** 
  76:../core/src/i2c.c ****     if (I2C_WaitForFlag(hi2c, I2C_FLAG_BUSY, RESET, Timeout) != HAL_OK)
  77:../core/src/i2c.c ****     {
  78:../core/src/i2c.c ****         status = HAL_TIMEOUT;
  79:../core/src/i2c.c ****         goto error_exit;
  80:../core/src/i2c.c ****     }
  81:../core/src/i2c.c **** 
  82:../core/src/i2c.c ****     I2C_Generate_Start_Enable(hi2c->Instance);
  83:../core/src/i2c.c ****     if (I2C_WaitForFlag(hi2c, I2C_FLAG_STARTBF, SET, Timeout) != HAL_OK)
  84:../core/src/i2c.c ****     {
  85:../core/src/i2c.c ****         status = HAL_TIMEOUT;
  86:../core/src/i2c.c ****         goto error_exit;
  87:../core/src/i2c.c ****     }
ARM GAS  C:\Users\Dawn\AppData\Local\Temp\ccaAAgV0.s 			page 3


  88:../core/src/i2c.c **** 
  89:../core/src/i2c.c ****     I2C_7bit_Addr_Send(hi2c->Instance, DevAddress, I2C_DIRECTION_SEND);
  90:../core/src/i2c.c ****     if (I2C_WaitForFlag(hi2c, I2C_FLAG_ADDRF, SET, Timeout) != HAL_OK)
  91:../core/src/i2c.c ****     {
  92:../core/src/i2c.c ****         status = HAL_TIMEOUT;
  93:../core/src/i2c.c ****         goto error_exit;
  94:../core/src/i2c.c ****     }
  95:../core/src/i2c.c **** 
  96:../core/src/i2c.c ****     I2C_ClearADDRFlag(hi2c->Instance);
  97:../core/src/i2c.c **** 
  98:../core/src/i2c.c ****     for (uint16_t i = 0; i < Size; i++)
  99:../core/src/i2c.c ****     {
 100:../core/src/i2c.c ****         if (I2C_WaitForFlag(hi2c, I2C_FLAG_TXDATE, SET, Timeout) != HAL_OK)
 101:../core/src/i2c.c ****         {
 102:../core/src/i2c.c ****             status = HAL_TIMEOUT;
 103:../core/src/i2c.c ****             goto error_exit;
 104:../core/src/i2c.c ****         }
 105:../core/src/i2c.c ****         I2C_Data_Send(hi2c->Instance, pData[i]);
 106:../core/src/i2c.c ****     }
 107:../core/src/i2c.c **** 
 108:../core/src/i2c.c ****     if (I2C_WaitForFlag(hi2c, I2C_FLAG_BYTEF, SET, Timeout) != HAL_OK)
 109:../core/src/i2c.c ****     {
 110:../core/src/i2c.c ****         status = HAL_TIMEOUT;
 111:../core/src/i2c.c ****         goto error_exit;
 112:../core/src/i2c.c ****     }
 113:../core/src/i2c.c **** 
 114:../core/src/i2c.c ****     I2C_Generate_Stop_Enable(hi2c->Instance);
 115:../core/src/i2c.c ****     hi2c->State = HAL_I2C_STATE_READY;
 116:../core/src/i2c.c ****     return HAL_OK;
 117:../core/src/i2c.c **** 
 118:../core/src/i2c.c **** error_exit:
 119:../core/src/i2c.c ****     I2C_Generate_Stop_Enable(hi2c->Instance);
 120:../core/src/i2c.c ****     hi2c->State = HAL_I2C_STATE_ERROR;
 121:../core/src/i2c.c ****     return status;
 122:../core/src/i2c.c **** }
 123:../core/src/i2c.c **** 
 124:../core/src/i2c.c **** HAL_StatusTypeDef HAL_I2C_Master_Transmit_DMA(I2C_HandleTypeDef *hi2c,
 125:../core/src/i2c.c ****                                               uint16_t DevAddress,
 126:../core/src/i2c.c ****                                               uint8_t *pData,
 127:../core/src/i2c.c ****                                               uint16_t Size)
 128:../core/src/i2c.c **** {
 129:../core/src/i2c.c ****     DMA_InitType DMA_InitStructure;
 130:../core/src/i2c.c **** 
 131:../core/src/i2c.c ****     if (hi2c == NULL || hi2c->hdmatx == NULL || pData == NULL || Size == 0)
 132:../core/src/i2c.c ****     {
 133:../core/src/i2c.c ****         return HAL_ERROR;
 134:../core/src/i2c.c ****     }
 135:../core/src/i2c.c ****     if (hi2c->State != HAL_I2C_STATE_READY)
 136:../core/src/i2c.c ****     {
 137:../core/src/i2c.c ****         return HAL_BUSY;
 138:../core/src/i2c.c ****     }
 139:../core/src/i2c.c **** 
 140:../core/src/i2c.c ****     hi2c->State = HAL_I2C_STATE_BUSY_TX;
 141:../core/src/i2c.c ****     hi2c->DevAddress = DevAddress;
 142:../core/src/i2c.c ****     hi2c->pBuffPtr = pData;
 143:../core/src/i2c.c ****     hi2c->XferSize = Size;
 144:../core/src/i2c.c **** 
ARM GAS  C:\Users\Dawn\AppData\Local\Temp\ccaAAgV0.s 			page 4


 145:../core/src/i2c.c ****     if (I2C_WaitForFlag(hi2c, I2C_FLAG_BUSY, RESET, I2C_TIMEOUT_MS) != HAL_OK)
 146:../core/src/i2c.c ****     {
 147:../core/src/i2c.c ****         hi2c->State = HAL_I2C_STATE_ERROR;
 148:../core/src/i2c.c ****         I2C_Generate_Stop_Enable(hi2c->Instance);
 149:../core/src/i2c.c ****         return HAL_TIMEOUT;
 150:../core/src/i2c.c ****     }
 151:../core/src/i2c.c **** 
 152:../core/src/i2c.c ****     I2C_Generate_Start_Enable(hi2c->Instance);
 153:../core/src/i2c.c ****     if (I2C_WaitForFlag(hi2c, I2C_FLAG_STARTBF, SET, I2C_TIMEOUT_MS) != HAL_OK)
 154:../core/src/i2c.c ****     {
 155:../core/src/i2c.c ****         hi2c->State = HAL_I2C_STATE_ERROR;
 156:../core/src/i2c.c ****         I2C_Generate_Stop_Enable(hi2c->Instance);
 157:../core/src/i2c.c ****         return HAL_TIMEOUT;
 158:../core/src/i2c.c ****     }
 159:../core/src/i2c.c **** 
 160:../core/src/i2c.c ****     I2C_7bit_Addr_Send(hi2c->Instance, DevAddress, I2C_DIRECTION_SEND);
 161:../core/src/i2c.c ****     if (I2C_WaitForFlag(hi2c, I2C_FLAG_ADDRF, SET, I2C_TIMEOUT_MS) != HAL_OK)
 162:../core/src/i2c.c ****     {
 163:../core/src/i2c.c ****         hi2c->State = HAL_I2C_STATE_ERROR;
 164:../core/src/i2c.c ****         I2C_Generate_Stop_Enable(hi2c->Instance);
 165:../core/src/i2c.c ****         return HAL_TIMEOUT;
 166:../core/src/i2c.c ****     }
 167:../core/src/i2c.c ****     I2C_ClearADDRFlag(hi2c->Instance);
 168:../core/src/i2c.c **** 
 169:../core/src/i2c.c ****     DMA_Channel_Disable(hi2c->hdmatx->Instance);
 170:../core/src/i2c.c ****     DMA_Structure_Initializes(&DMA_InitStructure);
 171:../core/src/i2c.c ****     DMA_InitStructure.PeriphAddr = (uint32_t)&hi2c->Instance->DAT;
 172:../core/src/i2c.c ****     DMA_InitStructure.MemAddr = (uint32_t)pData;
 173:../core/src/i2c.c ****     DMA_InitStructure.Direction = DMA_DIR_PERIPH_DST;
 174:../core/src/i2c.c ****     DMA_InitStructure.BufSize = Size;
 175:../core/src/i2c.c ****     DMA_InitStructure.PeriphInc = DMA_PERIPH_INC_MODE_DISABLE;
 176:../core/src/i2c.c ****     DMA_InitStructure.MemoryInc = DMA_MEM_INC_MODE_ENABLE;
 177:../core/src/i2c.c ****     DMA_InitStructure.PeriphDataSize = DMA_PERIPH_DATA_WIDTH_BYTE;
 178:../core/src/i2c.c ****     DMA_InitStructure.MemDataSize = DMA_MEM_DATA_WIDTH_BYTE;
 179:../core/src/i2c.c ****     DMA_InitStructure.CircularMode = DMA_CIRCULAR_MODE_DISABLE;
 180:../core/src/i2c.c ****     DMA_InitStructure.Priority = DMA_CH_PRIORITY_HIGH;
 181:../core/src/i2c.c ****     DMA_InitStructure.Mem2Mem = DMA_MEM2MEM_DISABLE;
 182:../core/src/i2c.c ****     DMA_Initializes(hi2c->hdmatx->Instance, &DMA_InitStructure);
 183:../core/src/i2c.c **** 
 184:../core/src/i2c.c ****     hi2c->hdmatx->Parent = hi2c;
 185:../core/src/i2c.c ****     hi2c->hdmatx->State = HAL_DMA_STATE_BUSY;
 186:../core/src/i2c.c ****     hi2c->hdmatx->XferCpltCallback = I2C_DMA_TxCplt;
 187:../core/src/i2c.c ****     hi2c->hdmatx->XferErrorCallback = NULL;
 188:../core/src/i2c.c **** 
 189:../core/src/i2c.c ****     DMA_Interrupts_Enable(hi2c->hdmatx->Instance, DMA_INT_TXC | DMA_INT_ERR);
 190:../core/src/i2c.c ****     DMA_Channel_Enable(hi2c->hdmatx->Instance);
 191:../core/src/i2c.c **** 
 192:../core/src/i2c.c ****     I2C_DMA_Last_Transfer_Enable(hi2c->Instance);
 193:../core/src/i2c.c ****     I2C_DMA_Transfer_Enable(hi2c->Instance);
 194:../core/src/i2c.c **** 
 195:../core/src/i2c.c ****     return HAL_OK;
 196:../core/src/i2c.c **** }
 197:../core/src/i2c.c **** 
 198:../core/src/i2c.c **** static HAL_StatusTypeDef I2C_WaitForFlag(I2C_HandleTypeDef *hi2c, uint32_t flag, FlagStatus status,
 199:../core/src/i2c.c **** {
  29              		.loc 1 199 1 view -0
  30              		.cfi_startproc
ARM GAS  C:\Users\Dawn\AppData\Local\Temp\ccaAAgV0.s 			page 5


  31              		@ args = 0, pretend = 0, frame = 0
  32              		@ frame_needed = 0, uses_anonymous_args = 0
 200:../core/src/i2c.c ****     uint32_t tick_start = HAL_GetTick();
  33              		.loc 1 200 5 view .LVU1
 199:../core/src/i2c.c ****     uint32_t tick_start = HAL_GetTick();
  34              		.loc 1 199 1 is_stmt 0 view .LVU2
  35 0000 2DE9F041 		push	{r4, r5, r6, r7, r8, lr}
  36              	.LCFI0:
  37              		.cfi_def_cfa_offset 24
  38              		.cfi_offset 4, -24
  39              		.cfi_offset 5, -20
  40              		.cfi_offset 6, -16
  41              		.cfi_offset 7, -12
  42              		.cfi_offset 8, -8
  43              		.cfi_offset 14, -4
 199:../core/src/i2c.c ****     uint32_t tick_start = HAL_GetTick();
  44              		.loc 1 199 1 view .LVU3
  45 0004 0546     		mov	r5, r0
  46 0006 0E46     		mov	r6, r1
  47 0008 1446     		mov	r4, r2
  48 000a 9846     		mov	r8, r3
  49              		.loc 1 200 27 view .LVU4
  50 000c FFF7FEFF 		bl	HAL_GetTick
  51              	.LVL1:
  52              		.loc 1 200 27 view .LVU5
  53 0010 0746     		mov	r7, r0
  54              	.LVL2:
 201:../core/src/i2c.c ****     while (I2C_Flag_Status_Get(hi2c->Instance, flag) != status)
  55              		.loc 1 201 5 is_stmt 1 view .LVU6
  56              	.L2:
  57              		.loc 1 201 54 view .LVU7
  58              		.loc 1 201 12 is_stmt 0 view .LVU8
  59 0012 2868     		ldr	r0, [r5]
  60 0014 3146     		mov	r1, r6
  61 0016 FFF7FEFF 		bl	I2C_Flag_Status_Get
  62              	.LVL3:
  63              		.loc 1 201 54 discriminator 1 view .LVU9
  64 001a A042     		cmp	r0, r4
  65 001c 02D1     		bne	.L4
 202:../core/src/i2c.c ****     {
 203:../core/src/i2c.c ****         if ((HAL_GetTick() - tick_start) >= timeout)
 204:../core/src/i2c.c ****         {
 205:../core/src/i2c.c ****             return HAL_TIMEOUT;
 206:../core/src/i2c.c ****         }
 207:../core/src/i2c.c ****     }
 208:../core/src/i2c.c ****     return HAL_OK;
  66              		.loc 1 208 12 view .LVU10
  67 001e 0020     		movs	r0, #0
  68              	.L3:
 209:../core/src/i2c.c **** }
  69              		.loc 1 209 1 view .LVU11
  70 0020 BDE8F081 		pop	{r4, r5, r6, r7, r8, pc}
  71              	.LVL4:
  72              	.L4:
 203:../core/src/i2c.c ****         {
  73              		.loc 1 203 9 is_stmt 1 view .LVU12
 203:../core/src/i2c.c ****         {
ARM GAS  C:\Users\Dawn\AppData\Local\Temp\ccaAAgV0.s 			page 6


  74              		.loc 1 203 14 is_stmt 0 view .LVU13
  75 0024 FFF7FEFF 		bl	HAL_GetTick
  76              	.LVL5:
 203:../core/src/i2c.c ****         {
  77              		.loc 1 203 28 discriminator 1 view .LVU14
  78 0028 C01B     		subs	r0, r0, r7
 203:../core/src/i2c.c ****         {
  79              		.loc 1 203 12 discriminator 1 view .LVU15
  80 002a 4045     		cmp	r0, r8
  81 002c F1D3     		bcc	.L2
 205:../core/src/i2c.c ****         }
  82              		.loc 1 205 20 view .LVU16
  83 002e 0320     		movs	r0, #3
  84 0030 F6E7     		b	.L3
  85              		.cfi_endproc
  86              	.LFE134:
  88              		.section	.text.MX_I2C1_Init,"ax",%progbits
  89              		.align	1
  90              		.global	MX_I2C1_Init
  91              		.syntax unified
  92              		.thumb
  93              		.thumb_func
  95              	MX_I2C1_Init:
  96              	.LFB130:
  14:../core/src/i2c.c ****     GPIO_InitType GPIO_InitStructure;
  97              		.loc 1 14 1 is_stmt 1 view -0
  98              		.cfi_startproc
  99              		@ args = 0, pretend = 0, frame = 40
 100              		@ frame_needed = 0, uses_anonymous_args = 0
  15:../core/src/i2c.c ****     I2C_InitType I2C_InitStructure;
 101              		.loc 1 15 5 view .LVU18
  16:../core/src/i2c.c **** 
 102              		.loc 1 16 5 view .LVU19
  18:../core/src/i2c.c ****     RCC_APB2_Peripheral_Clock_Enable(RCC_APB2_PERIPH_AFIO);
 103              		.loc 1 18 5 view .LVU20
  14:../core/src/i2c.c ****     GPIO_InitType GPIO_InitStructure;
 104              		.loc 1 14 1 is_stmt 0 view .LVU21
 105 0000 30B5     		push	{r4, r5, lr}
 106              	.LCFI1:
 107              		.cfi_def_cfa_offset 12
 108              		.cfi_offset 4, -12
 109              		.cfi_offset 5, -8
 110              		.cfi_offset 14, -4
  18:../core/src/i2c.c ****     RCC_APB2_Peripheral_Clock_Enable(RCC_APB2_PERIPH_AFIO);
 111              		.loc 1 18 5 view .LVU22
 112 0002 4FF48070 		mov	r0, #256
  14:../core/src/i2c.c ****     GPIO_InitType GPIO_InitStructure;
 113              		.loc 1 14 1 view .LVU23
 114 0006 8BB0     		sub	sp, sp, #44
 115              	.LCFI2:
 116              		.cfi_def_cfa_offset 56
  18:../core/src/i2c.c ****     RCC_APB2_Peripheral_Clock_Enable(RCC_APB2_PERIPH_AFIO);
 117              		.loc 1 18 5 view .LVU24
 118 0008 FFF7FEFF 		bl	RCC_AHB_Peripheral_Clock_Enable
 119              	.LVL6:
  19:../core/src/i2c.c ****     RCC_APB1_Peripheral_Clock_Enable(RCC_APB1_PERIPH_I2C1);
 120              		.loc 1 19 5 is_stmt 1 view .LVU25
ARM GAS  C:\Users\Dawn\AppData\Local\Temp\ccaAAgV0.s 			page 7


 121 000c 0120     		movs	r0, #1
 122 000e FFF7FEFF 		bl	RCC_APB2_Peripheral_Clock_Enable
 123              	.LVL7:
  20:../core/src/i2c.c **** 
 124              		.loc 1 20 5 view .LVU26
 125 0012 4FF40010 		mov	r0, #2097152
 126 0016 FFF7FEFF 		bl	RCC_APB1_Peripheral_Clock_Enable
 127              	.LVL8:
  22:../core/src/i2c.c ****     GPIO_InitStructure.Pin = GPIO_PIN_8 | GPIO_PIN_9;
 128              		.loc 1 22 5 view .LVU27
 129 001a 04A8     		add	r0, sp, #16
 130 001c FFF7FEFF 		bl	GPIO_Structure_Initialize
 131              	.LVL9:
  23:../core/src/i2c.c ****     GPIO_InitStructure.GPIO_Mode = GPIO_MODE_AF_OD;
 132              		.loc 1 23 5 view .LVU28
  24:../core/src/i2c.c ****     GPIO_InitStructure.GPIO_Pull = GPIO_PULL_UP;
 133              		.loc 1 24 34 is_stmt 0 view .LVU29
 134 0020 4FF44072 		mov	r2, #768
 135 0024 1223     		movs	r3, #18
 136 0026 CDE90423 		strd	r2, r3, [sp, #16]
  25:../core/src/i2c.c ****     GPIO_InitStructure.GPIO_Slew_Rate = GPIO_SLEW_RATE_FAST;
 137              		.loc 1 25 5 is_stmt 1 view .LVU30
  26:../core/src/i2c.c ****     GPIO_InitStructure.GPIO_Current = GPIO_DS_4MA;
 138              		.loc 1 26 39 is_stmt 0 view .LVU31
 139 002a 0125     		movs	r5, #1
 140 002c 0023     		movs	r3, #0
  31:../core/src/i2c.c ****     I2C_Initializes_Structure(&I2C_InitStructure);
 141              		.loc 1 31 5 view .LVU32
 142 002e 154C     		ldr	r4, .L7
  29:../core/src/i2c.c **** 
 143              		.loc 1 29 5 view .LVU33
 144 0030 1548     		ldr	r0, .L7+4
  26:../core/src/i2c.c ****     GPIO_InitStructure.GPIO_Current = GPIO_DS_4MA;
 145              		.loc 1 26 39 view .LVU34
 146 0032 CDE90653 		strd	r5, r3, [sp, #24]
  27:../core/src/i2c.c ****     GPIO_InitStructure.GPIO_Alternate = GPIO_AF5_I2C1;
 147              		.loc 1 27 5 is_stmt 1 view .LVU35
  28:../core/src/i2c.c ****     GPIO_Peripheral_Initialize(GPIOB, &GPIO_InitStructure);
 148              		.loc 1 28 39 is_stmt 0 view .LVU36
 149 0036 0221     		movs	r1, #2
 150 0038 0523     		movs	r3, #5
 151 003a CDE90813 		strd	r1, r3, [sp, #32]
  29:../core/src/i2c.c **** 
 152              		.loc 1 29 5 is_stmt 1 view .LVU37
 153 003e 04A9     		add	r1, sp, #16
 154 0040 FFF7FEFF 		bl	GPIO_Peripheral_Initialize
 155              	.LVL10:
  31:../core/src/i2c.c ****     I2C_Initializes_Structure(&I2C_InitStructure);
 156              		.loc 1 31 5 view .LVU38
 157 0044 2046     		mov	r0, r4
 158 0046 FFF7FEFF 		bl	I2C_Reset
 159              	.LVL11:
  32:../core/src/i2c.c ****     I2C_InitStructure.ClkSpeed = 1000000; /* 尽量提高传输速率，加快OLED刷新 */
 160              		.loc 1 32 5 view .LVU39
 161 004a 6846     		mov	r0, sp
 162 004c FFF7FEFF 		bl	I2C_Initializes_Structure
 163              	.LVL12:
ARM GAS  C:\Users\Dawn\AppData\Local\Temp\ccaAAgV0.s 			page 8


  33:../core/src/i2c.c ****     I2C_InitStructure.AckEnable = I2C_ACKEN;
 164              		.loc 1 33 5 view .LVU40
  33:../core/src/i2c.c ****     I2C_InitStructure.AckEnable = I2C_ACKEN;
 165              		.loc 1 33 32 is_stmt 0 view .LVU41
 166 0050 0E4B     		ldr	r3, .L7+8
 167 0052 0093     		str	r3, [sp]
  34:../core/src/i2c.c ****     I2C_InitStructure.AddrMode = I2C_ADDR_MODE_7BIT;
 168              		.loc 1 34 5 is_stmt 1 view .LVU42
  34:../core/src/i2c.c ****     I2C_InitStructure.AddrMode = I2C_ADDR_MODE_7BIT;
 169              		.loc 1 34 33 is_stmt 0 view .LVU43
 170 0054 4FF48063 		mov	r3, #1024
 171 0058 ADF80A30 		strh	r3, [sp, #10]	@ movhi
  35:../core/src/i2c.c ****     I2C_Initializes(I2C1, &I2C_InitStructure);
 172              		.loc 1 35 5 is_stmt 1 view .LVU44
  36:../core/src/i2c.c ****     I2C_ON(I2C1);
 173              		.loc 1 36 5 is_stmt 0 view .LVU45
 174 005c 6946     		mov	r1, sp
  35:../core/src/i2c.c ****     I2C_Initializes(I2C1, &I2C_InitStructure);
 175              		.loc 1 35 32 view .LVU46
 176 005e 4FF48043 		mov	r3, #16384
  36:../core/src/i2c.c ****     I2C_ON(I2C1);
 177              		.loc 1 36 5 view .LVU47
 178 0062 2046     		mov	r0, r4
  35:../core/src/i2c.c ****     I2C_Initializes(I2C1, &I2C_InitStructure);
 179              		.loc 1 35 32 view .LVU48
 180 0064 ADF80C30 		strh	r3, [sp, #12]	@ movhi
  36:../core/src/i2c.c ****     I2C_ON(I2C1);
 181              		.loc 1 36 5 is_stmt 1 view .LVU49
 182 0068 FFF7FEFF 		bl	I2C_Initializes
 183              	.LVL13:
  37:../core/src/i2c.c **** 
 184              		.loc 1 37 5 view .LVU50
 185 006c 2046     		mov	r0, r4
 186 006e FFF7FEFF 		bl	I2C_ON
 187              	.LVL14:
  39:../core/src/i2c.c ****     hi2c1.State = HAL_I2C_STATE_READY;
 188              		.loc 1 39 5 view .LVU51
  39:../core/src/i2c.c ****     hi2c1.State = HAL_I2C_STATE_READY;
 189              		.loc 1 39 20 is_stmt 0 view .LVU52
 190 0072 074B     		ldr	r3, .L7+12
  41:../core/src/i2c.c ****     hi2c1.hdmatx->Parent = &hi2c1;
 191              		.loc 1 41 18 view .LVU53
 192 0074 074A     		ldr	r2, .L7+16
  39:../core/src/i2c.c ****     hi2c1.State = HAL_I2C_STATE_READY;
 193              		.loc 1 39 20 view .LVU54
 194 0076 1C60     		str	r4, [r3]
  40:../core/src/i2c.c ****     hi2c1.hdmatx = &hdma_i2c1_tx;
 195              		.loc 1 40 5 is_stmt 1 view .LVU55
  40:../core/src/i2c.c ****     hi2c1.hdmatx = &hdma_i2c1_tx;
 196              		.loc 1 40 17 is_stmt 0 view .LVU56
 197 0078 1D71     		strb	r5, [r3, #4]
  41:../core/src/i2c.c ****     hi2c1.hdmatx->Parent = &hi2c1;
 198              		.loc 1 41 5 is_stmt 1 view .LVU57
  41:../core/src/i2c.c ****     hi2c1.hdmatx->Parent = &hi2c1;
 199              		.loc 1 41 18 is_stmt 0 view .LVU58
 200 007a 9A60     		str	r2, [r3, #8]
  42:../core/src/i2c.c **** }
ARM GAS  C:\Users\Dawn\AppData\Local\Temp\ccaAAgV0.s 			page 9


 201              		.loc 1 42 5 is_stmt 1 view .LVU59
  42:../core/src/i2c.c **** }
 202              		.loc 1 42 26 is_stmt 0 view .LVU60
 203 007c D360     		str	r3, [r2, #12]
  43:../core/src/i2c.c **** 
 204              		.loc 1 43 1 view .LVU61
 205 007e 0BB0     		add	sp, sp, #44
 206              	.LCFI3:
 207              		.cfi_def_cfa_offset 12
 208              		@ sp needed
 209 0080 30BD     		pop	{r4, r5, pc}
 210              	.L8:
 211 0082 00BF     		.align	2
 212              	.L7:
 213 0084 00540040 		.word	1073763328
 214 0088 00380240 		.word	1073887232
 215 008c 40420F00 		.word	1000000
 216 0090 00000000 		.word	hi2c1
 217 0094 00000000 		.word	hdma_i2c1_tx
 218              		.cfi_endproc
 219              	.LFE130:
 221              		.section	.text.HAL_I2C_DeInit,"ax",%progbits
 222              		.align	1
 223              		.global	HAL_I2C_DeInit
 224              		.syntax unified
 225              		.thumb
 226              		.thumb_func
 228              	HAL_I2C_DeInit:
 229              	.LVL15:
 230              	.LFB131:
  46:../core/src/i2c.c ****     if (hi2c == NULL || hi2c->Instance == NULL)
 231              		.loc 1 46 1 is_stmt 1 view -0
 232              		.cfi_startproc
 233              		@ args = 0, pretend = 0, frame = 0
 234              		@ frame_needed = 0, uses_anonymous_args = 0
  47:../core/src/i2c.c ****     {
 235              		.loc 1 47 5 view .LVU63
  46:../core/src/i2c.c ****     if (hi2c == NULL || hi2c->Instance == NULL)
 236              		.loc 1 46 1 is_stmt 0 view .LVU64
 237 0000 10B5     		push	{r4, lr}
 238              	.LCFI4:
 239              		.cfi_def_cfa_offset 8
 240              		.cfi_offset 4, -8
 241              		.cfi_offset 14, -4
  47:../core/src/i2c.c ****     {
 242              		.loc 1 47 8 view .LVU65
 243 0002 0446     		mov	r4, r0
 244 0004 40B1     		cbz	r0, .L9
  47:../core/src/i2c.c ****     {
 245              		.loc 1 47 29 discriminator 1 view .LVU66
 246 0006 0068     		ldr	r0, [r0]
 247              	.LVL16:
  47:../core/src/i2c.c ****     {
 248              		.loc 1 47 22 discriminator 1 view .LVU67
 249 0008 30B1     		cbz	r0, .L9
  52:../core/src/i2c.c ****     I2C_Reset(hi2c->Instance);
 250              		.loc 1 52 5 is_stmt 1 view .LVU68
ARM GAS  C:\Users\Dawn\AppData\Local\Temp\ccaAAgV0.s 			page 10


 251 000a FFF7FEFF 		bl	I2C_OFF
 252              	.LVL17:
  53:../core/src/i2c.c ****     hi2c->State = HAL_I2C_STATE_RESET;
 253              		.loc 1 53 5 view .LVU69
 254 000e 2068     		ldr	r0, [r4]
 255 0010 FFF7FEFF 		bl	I2C_Reset
 256              	.LVL18:
  54:../core/src/i2c.c **** }
 257              		.loc 1 54 5 view .LVU70
  54:../core/src/i2c.c **** }
 258              		.loc 1 54 17 is_stmt 0 view .LVU71
 259 0014 0023     		movs	r3, #0
 260 0016 2371     		strb	r3, [r4, #4]
 261              	.L9:
  55:../core/src/i2c.c **** 
 262              		.loc 1 55 1 view .LVU72
 263 0018 10BD     		pop	{r4, pc}
  55:../core/src/i2c.c **** 
 264              		.loc 1 55 1 view .LVU73
 265              		.cfi_endproc
 266              	.LFE131:
 268              		.section	.text.HAL_I2C_Master_Transmit,"ax",%progbits
 269              		.align	1
 270              		.global	HAL_I2C_Master_Transmit
 271              		.syntax unified
 272              		.thumb
 273              		.thumb_func
 275              	HAL_I2C_Master_Transmit:
 276              	.LVL19:
 277              	.LFB132:
  62:../core/src/i2c.c ****     HAL_StatusTypeDef status = HAL_OK;
 278              		.loc 1 62 1 is_stmt 1 view -0
 279              		.cfi_startproc
 280              		@ args = 4, pretend = 0, frame = 8
 281              		@ frame_needed = 0, uses_anonymous_args = 0
  62:../core/src/i2c.c ****     HAL_StatusTypeDef status = HAL_OK;
 282              		.loc 1 62 1 is_stmt 0 view .LVU75
 283 0000 2DE9F743 		push	{r0, r1, r2, r4, r5, r6, r7, r8, r9, lr}
 284              	.LCFI5:
 285              		.cfi_def_cfa_offset 40
 286              		.cfi_offset 4, -28
 287              		.cfi_offset 5, -24
 288              		.cfi_offset 6, -20
 289              		.cfi_offset 7, -16
 290              		.cfi_offset 8, -12
 291              		.cfi_offset 9, -8
 292              		.cfi_offset 14, -4
  62:../core/src/i2c.c ****     HAL_StatusTypeDef status = HAL_OK;
 293              		.loc 1 62 1 view .LVU76
 294 0004 0A9F     		ldr	r7, [sp, #40]
 295 0006 8846     		mov	r8, r1
  63:../core/src/i2c.c ****     if (hi2c == NULL || pData == NULL || Size == 0)
 296              		.loc 1 63 5 is_stmt 1 view .LVU77
 297              	.LVL20:
  64:../core/src/i2c.c ****     {
 298              		.loc 1 64 5 view .LVU78
  62:../core/src/i2c.c ****     HAL_StatusTypeDef status = HAL_OK;
ARM GAS  C:\Users\Dawn\AppData\Local\Temp\ccaAAgV0.s 			page 11


 299              		.loc 1 62 1 is_stmt 0 view .LVU79
 300 0008 1546     		mov	r5, r2
 301 000a 1E46     		mov	r6, r3
  64:../core/src/i2c.c ****     {
 302              		.loc 1 64 8 view .LVU80
 303 000c 0446     		mov	r4, r0
 304 000e 0028     		cmp	r0, #0
 305 0010 5AD0     		beq	.L23
  64:../core/src/i2c.c ****     {
 306              		.loc 1 64 22 discriminator 1 view .LVU81
 307 0012 002A     		cmp	r2, #0
 308 0014 58D0     		beq	.L23
  64:../core/src/i2c.c ****     {
 309              		.loc 1 64 39 discriminator 2 view .LVU82
 310 0016 002B     		cmp	r3, #0
 311 0018 56D0     		beq	.L23
  68:../core/src/i2c.c ****     {
 312              		.loc 1 68 5 is_stmt 1 view .LVU83
  68:../core/src/i2c.c ****     {
 313              		.loc 1 68 8 is_stmt 0 view .LVU84
 314 001a 90F80490 		ldrb	r9, [r0, #4]	@ zero_extendqisi2
 315 001e B9F1010F 		cmp	r9, #1
 316 0022 53D1     		bne	.L24
  73:../core/src/i2c.c ****     hi2c->DevAddress = DevAddress;
 317              		.loc 1 73 5 is_stmt 1 view .LVU85
  73:../core/src/i2c.c ****     hi2c->DevAddress = DevAddress;
 318              		.loc 1 73 17 is_stmt 0 view .LVU86
 319 0024 1223     		movs	r3, #18
 320              	.LVL21:
  73:../core/src/i2c.c ****     hi2c->DevAddress = DevAddress;
 321              		.loc 1 73 17 view .LVU87
 322 0026 0371     		strb	r3, [r0, #4]
  74:../core/src/i2c.c **** 
 323              		.loc 1 74 5 is_stmt 1 view .LVU88
  74:../core/src/i2c.c **** 
 324              		.loc 1 74 22 is_stmt 0 view .LVU89
 325 0028 4182     		strh	r1, [r0, #18]	@ movhi
  76:../core/src/i2c.c ****     {
 326              		.loc 1 76 5 is_stmt 1 view .LVU90
  76:../core/src/i2c.c ****     {
 327              		.loc 1 76 9 is_stmt 0 view .LVU91
 328 002a 3B46     		mov	r3, r7
 329 002c 0022     		movs	r2, #0
 330              	.LVL22:
  76:../core/src/i2c.c ****     {
 331              		.loc 1 76 9 view .LVU92
 332 002e 4FF40031 		mov	r1, #131072
 333              	.LVL23:
  76:../core/src/i2c.c ****     {
 334              		.loc 1 76 9 view .LVU93
 335 0032 FFF7FEFF 		bl	I2C_WaitForFlag
 336              	.LVL24:
  76:../core/src/i2c.c ****     {
 337              		.loc 1 76 8 discriminator 1 view .LVU94
 338 0036 0028     		cmp	r0, #0
 339 0038 40D1     		bne	.L19
  82:../core/src/i2c.c ****     if (I2C_WaitForFlag(hi2c, I2C_FLAG_STARTBF, SET, Timeout) != HAL_OK)
ARM GAS  C:\Users\Dawn\AppData\Local\Temp\ccaAAgV0.s 			page 12


 340              		.loc 1 82 5 is_stmt 1 view .LVU95
 341 003a 2068     		ldr	r0, [r4]
 342 003c FFF7FEFF 		bl	I2C_Generate_Start_Enable
 343              	.LVL25:
  83:../core/src/i2c.c ****     {
 344              		.loc 1 83 5 view .LVU96
  83:../core/src/i2c.c ****     {
 345              		.loc 1 83 9 is_stmt 0 view .LVU97
 346 0040 4A46     		mov	r2, r9
 347 0042 2349     		ldr	r1, .L26
 348 0044 3B46     		mov	r3, r7
 349 0046 2046     		mov	r0, r4
 350 0048 FFF7FEFF 		bl	I2C_WaitForFlag
 351              	.LVL26:
  83:../core/src/i2c.c ****     {
 352              		.loc 1 83 8 discriminator 1 view .LVU98
 353 004c 0246     		mov	r2, r0
 354 004e 0028     		cmp	r0, #0
 355 0050 34D1     		bne	.L19
  89:../core/src/i2c.c ****     if (I2C_WaitForFlag(hi2c, I2C_FLAG_ADDRF, SET, Timeout) != HAL_OK)
 356              		.loc 1 89 5 is_stmt 1 view .LVU99
 357 0052 2068     		ldr	r0, [r4]
 358 0054 5FFA88F1 		uxtb	r1, r8
 359 0058 FFF7FEFF 		bl	I2C_7bit_Addr_Send
 360              	.LVL27:
  90:../core/src/i2c.c ****     {
 361              		.loc 1 90 5 view .LVU100
  90:../core/src/i2c.c ****     {
 362              		.loc 1 90 9 is_stmt 0 view .LVU101
 363 005c 1D49     		ldr	r1, .L26+4
 364 005e 3B46     		mov	r3, r7
 365 0060 4A46     		mov	r2, r9
 366 0062 2046     		mov	r0, r4
 367 0064 FFF7FEFF 		bl	I2C_WaitForFlag
 368              	.LVL28:
  90:../core/src/i2c.c ****     {
 369              		.loc 1 90 8 discriminator 1 view .LVU102
 370 0068 40BB     		cbnz	r0, .L19
  96:../core/src/i2c.c **** 
 371              		.loc 1 96 5 view .LVU103
 372 006a 2268     		ldr	r2, [r4]
  96:../core/src/i2c.c **** 
 373              		.loc 1 96 5 is_stmt 1 view .LVU104
 374              	.LVL29:
 375              	.LBB5:
 376              	.LBI5:
 210:../core/src/i2c.c **** 
 211:../core/src/i2c.c **** static void I2C_ClearADDRFlag(I2C_Module *I2Cx)
 377              		.loc 1 211 13 view .LVU105
 378              	.LBB6:
 212:../core/src/i2c.c **** {
 213:../core/src/i2c.c ****     __IO uint32_t temp;
 379              		.loc 1 213 5 view .LVU106
 214:../core/src/i2c.c ****     temp = I2Cx->STS1;
 380              		.loc 1 214 5 view .LVU107
 381              		.loc 1 214 16 is_stmt 0 view .LVU108
 382 006c 938A     		ldrh	r3, [r2, #20]
ARM GAS  C:\Users\Dawn\AppData\Local\Temp\ccaAAgV0.s 			page 13


 383 006e 9BB2     		uxth	r3, r3
 384              		.loc 1 214 10 view .LVU109
 385 0070 0193     		str	r3, [sp, #4]
 215:../core/src/i2c.c ****     temp = I2Cx->STS2;
 386              		.loc 1 215 5 is_stmt 1 view .LVU110
 387              		.loc 1 215 16 is_stmt 0 view .LVU111
 388 0072 138B     		ldrh	r3, [r2, #24]
 389 0074 9BB2     		uxth	r3, r3
 390              		.loc 1 215 10 view .LVU112
 391 0076 0193     		str	r3, [sp, #4]
 216:../core/src/i2c.c ****     (void)temp;
 392              		.loc 1 216 5 is_stmt 1 view .LVU113
 393 0078 019B     		ldr	r3, [sp, #4]
 394              	.LVL30:
 395              		.loc 1 216 5 is_stmt 0 view .LVU114
 396              	.LBE6:
 397              	.LBE5:
  98:../core/src/i2c.c ****     {
 398              		.loc 1 98 5 is_stmt 1 view .LVU115
 399              	.LBB7:
  98:../core/src/i2c.c ****     {
 400              		.loc 1 98 10 view .LVU116
  98:../core/src/i2c.c ****     {
 401              		.loc 1 98 28 discriminator 1 view .LVU117
 402 007a 2E44     		add	r6, r6, r5
 403              	.LVL31:
 404              	.L20:
 100:../core/src/i2c.c ****         {
 405              		.loc 1 100 9 view .LVU118
 100:../core/src/i2c.c ****         {
 406              		.loc 1 100 13 is_stmt 0 view .LVU119
 407 007c 3B46     		mov	r3, r7
 408 007e 1649     		ldr	r1, .L26+8
 409 0080 0122     		movs	r2, #1
 410 0082 2046     		mov	r0, r4
 411 0084 FFF7FEFF 		bl	I2C_WaitForFlag
 412              	.LVL32:
 105:../core/src/i2c.c ****     }
 413              		.loc 1 105 9 view .LVU120
 414 0088 2368     		ldr	r3, [r4]
 100:../core/src/i2c.c ****         {
 415              		.loc 1 100 12 discriminator 1 view .LVU121
 416 008a B8B9     		cbnz	r0, .L19
 105:../core/src/i2c.c ****     }
 417              		.loc 1 105 9 is_stmt 1 view .LVU122
 418 008c 15F8011B 		ldrb	r1, [r5], #1	@ zero_extendqisi2
 419              	.LVL33:
 105:../core/src/i2c.c ****     }
 420              		.loc 1 105 9 is_stmt 0 view .LVU123
 421 0090 1846     		mov	r0, r3
 422 0092 FFF7FEFF 		bl	I2C_Data_Send
 423              	.LVL34:
  98:../core/src/i2c.c ****     {
 424              		.loc 1 98 37 is_stmt 1 discriminator 2 view .LVU124
  98:../core/src/i2c.c ****     {
 425              		.loc 1 98 28 discriminator 1 view .LVU125
 426 0096 B542     		cmp	r5, r6
ARM GAS  C:\Users\Dawn\AppData\Local\Temp\ccaAAgV0.s 			page 14


 427 0098 F0D1     		bne	.L20
 428              	.LBE7:
 108:../core/src/i2c.c ****     {
 429              		.loc 1 108 5 view .LVU126
 108:../core/src/i2c.c ****     {
 430              		.loc 1 108 9 is_stmt 0 view .LVU127
 431 009a 1049     		ldr	r1, .L26+12
 432 009c 3B46     		mov	r3, r7
 433 009e 0122     		movs	r2, #1
 434 00a0 2046     		mov	r0, r4
 435 00a2 FFF7FEFF 		bl	I2C_WaitForFlag
 436              	.LVL35:
 108:../core/src/i2c.c ****     {
 437              		.loc 1 108 8 discriminator 1 view .LVU128
 438 00a6 0546     		mov	r5, r0
 439              	.LVL36:
 108:../core/src/i2c.c ****     {
 440              		.loc 1 108 8 discriminator 1 view .LVU129
 441 00a8 40B9     		cbnz	r0, .L19
 114:../core/src/i2c.c ****     hi2c->State = HAL_I2C_STATE_READY;
 442              		.loc 1 114 5 is_stmt 1 view .LVU130
 443 00aa 2068     		ldr	r0, [r4]
 444 00ac FFF7FEFF 		bl	I2C_Generate_Stop_Enable
 445              	.LVL37:
 115:../core/src/i2c.c ****     return HAL_OK;
 446              		.loc 1 115 5 view .LVU131
 115:../core/src/i2c.c ****     return HAL_OK;
 447              		.loc 1 115 17 is_stmt 0 view .LVU132
 448 00b0 0123     		movs	r3, #1
 449 00b2 2371     		strb	r3, [r4, #4]
 116:../core/src/i2c.c **** 
 450              		.loc 1 116 5 is_stmt 1 view .LVU133
 451              	.LVL38:
 452              	.L18:
 122:../core/src/i2c.c **** 
 453              		.loc 1 122 1 is_stmt 0 view .LVU134
 454 00b4 2846     		mov	r0, r5
 455 00b6 03B0     		add	sp, sp, #12
 456              	.LCFI6:
 457              		.cfi_remember_state
 458              		.cfi_def_cfa_offset 28
 459              		@ sp needed
 460 00b8 BDE8F083 		pop	{r4, r5, r6, r7, r8, r9, pc}
 461              	.LVL39:
 462              	.L19:
 463              	.LCFI7:
 464              		.cfi_restore_state
 465              	.LDL1:
 119:../core/src/i2c.c ****     hi2c->State = HAL_I2C_STATE_ERROR;
 466              		.loc 1 119 5 is_stmt 1 view .LVU135
 467 00bc 2068     		ldr	r0, [r4]
 120:../core/src/i2c.c ****     return status;
 468              		.loc 1 120 17 is_stmt 0 view .LVU136
 469 00be 0325     		movs	r5, #3
 119:../core/src/i2c.c ****     hi2c->State = HAL_I2C_STATE_ERROR;
 470              		.loc 1 119 5 view .LVU137
 471 00c0 FFF7FEFF 		bl	I2C_Generate_Stop_Enable
ARM GAS  C:\Users\Dawn\AppData\Local\Temp\ccaAAgV0.s 			page 15


 472              	.LVL40:
 120:../core/src/i2c.c ****     return status;
 473              		.loc 1 120 5 is_stmt 1 view .LVU138
 120:../core/src/i2c.c ****     return status;
 474              		.loc 1 120 17 is_stmt 0 view .LVU139
 475 00c4 2571     		strb	r5, [r4, #4]
 121:../core/src/i2c.c **** }
 476              		.loc 1 121 5 is_stmt 1 view .LVU140
 121:../core/src/i2c.c **** }
 477              		.loc 1 121 12 is_stmt 0 view .LVU141
 478 00c6 F5E7     		b	.L18
 479              	.LVL41:
 480              	.L23:
  66:../core/src/i2c.c ****     }
 481              		.loc 1 66 16 view .LVU142
 482 00c8 0125     		movs	r5, #1
 483 00ca F3E7     		b	.L18
 484              	.L24:
  70:../core/src/i2c.c ****     }
 485              		.loc 1 70 16 view .LVU143
 486 00cc 0225     		movs	r5, #2
 487 00ce F1E7     		b	.L18
 488              	.L27:
 489              		.align	2
 490              	.L26:
 491 00d0 01000010 		.word	268435457
 492 00d4 02000010 		.word	268435458
 493 00d8 80000010 		.word	268435584
 494 00dc 04000010 		.word	268435460
 495              		.cfi_endproc
 496              	.LFE132:
 498              		.section	.text.HAL_I2C_Master_Transmit_DMA,"ax",%progbits
 499              		.align	1
 500              		.global	HAL_I2C_Master_Transmit_DMA
 501              		.syntax unified
 502              		.thumb
 503              		.thumb_func
 505              	HAL_I2C_Master_Transmit_DMA:
 506              	.LVL42:
 507              	.LFB133:
 128:../core/src/i2c.c ****     DMA_InitType DMA_InitStructure;
 508              		.loc 1 128 1 is_stmt 1 view -0
 509              		.cfi_startproc
 510              		@ args = 0, pretend = 0, frame = 48
 511              		@ frame_needed = 0, uses_anonymous_args = 0
 129:../core/src/i2c.c **** 
 512              		.loc 1 129 5 view .LVU145
 131:../core/src/i2c.c ****     {
 513              		.loc 1 131 5 view .LVU146
 128:../core/src/i2c.c ****     DMA_InitType DMA_InitStructure;
 514              		.loc 1 128 1 is_stmt 0 view .LVU147
 515 0000 2DE9F041 		push	{r4, r5, r6, r7, r8, lr}
 516              	.LCFI8:
 517              		.cfi_def_cfa_offset 24
 518              		.cfi_offset 4, -24
 519              		.cfi_offset 5, -20
 520              		.cfi_offset 6, -16
ARM GAS  C:\Users\Dawn\AppData\Local\Temp\ccaAAgV0.s 			page 16


 521              		.cfi_offset 7, -12
 522              		.cfi_offset 8, -8
 523              		.cfi_offset 14, -4
 524 0004 0D46     		mov	r5, r1
 525 0006 8CB0     		sub	sp, sp, #48
 526              	.LCFI9:
 527              		.cfi_def_cfa_offset 72
 128:../core/src/i2c.c ****     DMA_InitType DMA_InitStructure;
 528              		.loc 1 128 1 view .LVU148
 529 0008 1746     		mov	r7, r2
 530 000a 1E46     		mov	r6, r3
 131:../core/src/i2c.c ****     {
 531              		.loc 1 131 8 view .LVU149
 532 000c 0446     		mov	r4, r0
 533 000e 0028     		cmp	r0, #0
 534 0010 78D0     		beq	.L37
 131:../core/src/i2c.c ****     {
 535              		.loc 1 131 22 discriminator 1 view .LVU150
 536 0012 8368     		ldr	r3, [r0, #8]
 537              	.LVL43:
 131:../core/src/i2c.c ****     {
 538              		.loc 1 131 22 discriminator 1 view .LVU151
 539 0014 002B     		cmp	r3, #0
 540 0016 75D0     		beq	.L37
 131:../core/src/i2c.c ****     {
 541              		.loc 1 131 46 discriminator 2 view .LVU152
 542 0018 002A     		cmp	r2, #0
 543 001a 73D0     		beq	.L37
 131:../core/src/i2c.c ****     {
 544              		.loc 1 131 63 discriminator 3 view .LVU153
 545 001c 002E     		cmp	r6, #0
 546 001e 71D0     		beq	.L37
 135:../core/src/i2c.c ****     {
 547              		.loc 1 135 5 is_stmt 1 view .LVU154
 135:../core/src/i2c.c ****     {
 548              		.loc 1 135 8 is_stmt 0 view .LVU155
 549 0020 90F80480 		ldrb	r8, [r0, #4]	@ zero_extendqisi2
 550 0024 B8F1010F 		cmp	r8, #1
 551 0028 6ED1     		bne	.L38
 140:../core/src/i2c.c ****     hi2c->DevAddress = DevAddress;
 552              		.loc 1 140 5 is_stmt 1 view .LVU156
 140:../core/src/i2c.c ****     hi2c->DevAddress = DevAddress;
 553              		.loc 1 140 17 is_stmt 0 view .LVU157
 554 002a 1223     		movs	r3, #18
 555 002c 0371     		strb	r3, [r0, #4]
 141:../core/src/i2c.c ****     hi2c->pBuffPtr = pData;
 556              		.loc 1 141 5 is_stmt 1 view .LVU158
 141:../core/src/i2c.c ****     hi2c->pBuffPtr = pData;
 557              		.loc 1 141 22 is_stmt 0 view .LVU159
 558 002e 6182     		strh	r1, [r4, #18]	@ movhi
 142:../core/src/i2c.c ****     hi2c->XferSize = Size;
 559              		.loc 1 142 5 is_stmt 1 view .LVU160
 142:../core/src/i2c.c ****     hi2c->XferSize = Size;
 560              		.loc 1 142 20 is_stmt 0 view .LVU161
 561 0030 E260     		str	r2, [r4, #12]
 143:../core/src/i2c.c **** 
 562              		.loc 1 143 5 is_stmt 1 view .LVU162
ARM GAS  C:\Users\Dawn\AppData\Local\Temp\ccaAAgV0.s 			page 17


 145:../core/src/i2c.c ****     {
 563              		.loc 1 145 9 is_stmt 0 view .LVU163
 564 0032 6423     		movs	r3, #100
 143:../core/src/i2c.c **** 
 565              		.loc 1 143 20 view .LVU164
 566 0034 0682     		strh	r6, [r0, #16]	@ movhi
 145:../core/src/i2c.c ****     {
 567              		.loc 1 145 5 is_stmt 1 view .LVU165
 145:../core/src/i2c.c ****     {
 568              		.loc 1 145 9 is_stmt 0 view .LVU166
 569 0036 0022     		movs	r2, #0
 570              	.LVL44:
 145:../core/src/i2c.c ****     {
 571              		.loc 1 145 9 view .LVU167
 572 0038 4FF40031 		mov	r1, #131072
 573              	.LVL45:
 145:../core/src/i2c.c ****     {
 574              		.loc 1 145 9 view .LVU168
 575 003c FFF7FEFF 		bl	I2C_WaitForFlag
 576              	.LVL46:
 145:../core/src/i2c.c ****     {
 577              		.loc 1 145 9 view .LVU169
 578 0040 0346     		mov	r3, r0
 148:../core/src/i2c.c ****         return HAL_TIMEOUT;
 579              		.loc 1 148 9 view .LVU170
 580 0042 2068     		ldr	r0, [r4]
 145:../core/src/i2c.c ****     {
 581              		.loc 1 145 8 discriminator 1 view .LVU171
 582 0044 43B1     		cbz	r3, .L30
 583              	.L40:
 155:../core/src/i2c.c ****         I2C_Generate_Stop_Enable(hi2c->Instance);
 584              		.loc 1 155 9 is_stmt 1 view .LVU172
 155:../core/src/i2c.c ****         I2C_Generate_Stop_Enable(hi2c->Instance);
 585              		.loc 1 155 21 is_stmt 0 view .LVU173
 586 0046 0323     		movs	r3, #3
 587 0048 2371     		strb	r3, [r4, #4]
 156:../core/src/i2c.c ****         return HAL_TIMEOUT;
 588              		.loc 1 156 9 is_stmt 1 view .LVU174
 589              	.LVL47:
 590              	.L39:
 164:../core/src/i2c.c ****         return HAL_TIMEOUT;
 591              		.loc 1 164 9 is_stmt 0 view .LVU175
 592 004a FFF7FEFF 		bl	I2C_Generate_Stop_Enable
 593              	.LVL48:
 165:../core/src/i2c.c ****     }
 594              		.loc 1 165 9 is_stmt 1 view .LVU176
 149:../core/src/i2c.c ****     }
 595              		.loc 1 149 16 is_stmt 0 view .LVU177
 596 004e 0325     		movs	r5, #3
 597              	.L29:
 196:../core/src/i2c.c **** 
 598              		.loc 1 196 1 view .LVU178
 599 0050 2846     		mov	r0, r5
 600 0052 0CB0     		add	sp, sp, #48
 601              	.LCFI10:
 602              		.cfi_remember_state
 603              		.cfi_def_cfa_offset 24
ARM GAS  C:\Users\Dawn\AppData\Local\Temp\ccaAAgV0.s 			page 18


 604              		@ sp needed
 605 0054 BDE8F081 		pop	{r4, r5, r6, r7, r8, pc}
 606              	.LVL49:
 607              	.L30:
 608              	.LCFI11:
 609              		.cfi_restore_state
 152:../core/src/i2c.c ****     if (I2C_WaitForFlag(hi2c, I2C_FLAG_STARTBF, SET, I2C_TIMEOUT_MS) != HAL_OK)
 610              		.loc 1 152 5 is_stmt 1 view .LVU179
 611 0058 FFF7FEFF 		bl	I2C_Generate_Start_Enable
 612              	.LVL50:
 153:../core/src/i2c.c ****     {
 613              		.loc 1 153 5 view .LVU180
 153:../core/src/i2c.c ****     {
 614              		.loc 1 153 9 is_stmt 0 view .LVU181
 615 005c 4246     		mov	r2, r8
 616 005e 2B49     		ldr	r1, .L41
 617 0060 6423     		movs	r3, #100
 618 0062 2046     		mov	r0, r4
 619 0064 FFF7FEFF 		bl	I2C_WaitForFlag
 620              	.LVL51:
 621 0068 0246     		mov	r2, r0
 156:../core/src/i2c.c ****         return HAL_TIMEOUT;
 622              		.loc 1 156 9 view .LVU182
 623 006a 2068     		ldr	r0, [r4]
 153:../core/src/i2c.c ****     {
 624              		.loc 1 153 8 discriminator 1 view .LVU183
 625 006c 002A     		cmp	r2, #0
 626 006e EAD1     		bne	.L40
 160:../core/src/i2c.c ****     if (I2C_WaitForFlag(hi2c, I2C_FLAG_ADDRF, SET, I2C_TIMEOUT_MS) != HAL_OK)
 627              		.loc 1 160 5 is_stmt 1 view .LVU184
 628 0070 E9B2     		uxtb	r1, r5
 629 0072 FFF7FEFF 		bl	I2C_7bit_Addr_Send
 630              	.LVL52:
 161:../core/src/i2c.c ****     {
 631              		.loc 1 161 5 view .LVU185
 161:../core/src/i2c.c ****     {
 632              		.loc 1 161 9 is_stmt 0 view .LVU186
 633 0076 6423     		movs	r3, #100
 634 0078 2549     		ldr	r1, .L41+4
 635 007a 4246     		mov	r2, r8
 636 007c 2046     		mov	r0, r4
 637 007e FFF7FEFF 		bl	I2C_WaitForFlag
 638              	.LVL53:
 164:../core/src/i2c.c ****         return HAL_TIMEOUT;
 639              		.loc 1 164 9 view .LVU187
 640 0082 2368     		ldr	r3, [r4]
 161:../core/src/i2c.c ****     {
 641              		.loc 1 161 8 discriminator 1 view .LVU188
 642 0084 0546     		mov	r5, r0
 643 0086 18B1     		cbz	r0, .L33
 163:../core/src/i2c.c ****         I2C_Generate_Stop_Enable(hi2c->Instance);
 644              		.loc 1 163 9 is_stmt 1 view .LVU189
 163:../core/src/i2c.c ****         I2C_Generate_Stop_Enable(hi2c->Instance);
 645              		.loc 1 163 21 is_stmt 0 view .LVU190
 646 0088 0322     		movs	r2, #3
 647 008a 2271     		strb	r2, [r4, #4]
 164:../core/src/i2c.c ****         return HAL_TIMEOUT;
ARM GAS  C:\Users\Dawn\AppData\Local\Temp\ccaAAgV0.s 			page 19


 648              		.loc 1 164 9 is_stmt 1 view .LVU191
 649 008c 1846     		mov	r0, r3
 650 008e DCE7     		b	.L39
 651              	.L33:
 167:../core/src/i2c.c **** 
 652              		.loc 1 167 5 view .LVU192
 653              	.LVL54:
 654              	.LBB10:
 655              	.LBI10:
 211:../core/src/i2c.c **** {
 656              		.loc 1 211 13 view .LVU193
 657              	.LBB11:
 213:../core/src/i2c.c ****     temp = I2Cx->STS1;
 658              		.loc 1 213 5 view .LVU194
 214:../core/src/i2c.c ****     temp = I2Cx->STS2;
 659              		.loc 1 214 5 view .LVU195
 214:../core/src/i2c.c ****     temp = I2Cx->STS2;
 660              		.loc 1 214 16 is_stmt 0 view .LVU196
 661 0090 9A8A     		ldrh	r2, [r3, #20]
 662 0092 92B2     		uxth	r2, r2
 214:../core/src/i2c.c ****     temp = I2Cx->STS2;
 663              		.loc 1 214 10 view .LVU197
 664 0094 0092     		str	r2, [sp]
 215:../core/src/i2c.c ****     (void)temp;
 665              		.loc 1 215 5 is_stmt 1 view .LVU198
 215:../core/src/i2c.c ****     (void)temp;
 666              		.loc 1 215 16 is_stmt 0 view .LVU199
 667 0096 1B8B     		ldrh	r3, [r3, #24]
 668 0098 9BB2     		uxth	r3, r3
 215:../core/src/i2c.c ****     (void)temp;
 669              		.loc 1 215 10 view .LVU200
 670 009a 0093     		str	r3, [sp]
 671              		.loc 1 216 5 is_stmt 1 view .LVU201
 672 009c 009B     		ldr	r3, [sp]
 673              	.LVL55:
 674              		.loc 1 216 5 is_stmt 0 view .LVU202
 675              	.LBE11:
 676              	.LBE10:
 169:../core/src/i2c.c ****     DMA_Structure_Initializes(&DMA_InitStructure);
 677              		.loc 1 169 5 is_stmt 1 view .LVU203
 678 009e A368     		ldr	r3, [r4, #8]
 679 00a0 1868     		ldr	r0, [r3]
 680 00a2 FFF7FEFF 		bl	DMA_Channel_Disable
 681              	.LVL56:
 170:../core/src/i2c.c ****     DMA_InitStructure.PeriphAddr = (uint32_t)&hi2c->Instance->DAT;
 682              		.loc 1 170 5 view .LVU204
 683 00a6 01A8     		add	r0, sp, #4
 684 00a8 FFF7FEFF 		bl	DMA_Structure_Initializes
 685              	.LVL57:
 171:../core/src/i2c.c ****     DMA_InitStructure.MemAddr = (uint32_t)pData;
 686              		.loc 1 171 5 view .LVU205
 171:../core/src/i2c.c ****     DMA_InitStructure.MemAddr = (uint32_t)pData;
 687              		.loc 1 171 46 is_stmt 0 view .LVU206
 688 00ac 2368     		ldr	r3, [r4]
 175:../core/src/i2c.c ****     DMA_InitStructure.MemoryInc = DMA_MEM_INC_MODE_ENABLE;
 689              		.loc 1 175 33 view .LVU207
 690 00ae 0595     		str	r5, [sp, #20]
ARM GAS  C:\Users\Dawn\AppData\Local\Temp\ccaAAgV0.s 			page 20


 171:../core/src/i2c.c ****     DMA_InitStructure.MemAddr = (uint32_t)pData;
 691              		.loc 1 171 46 view .LVU208
 692 00b0 1033     		adds	r3, r3, #16
 172:../core/src/i2c.c ****     DMA_InitStructure.Direction = DMA_DIR_PERIPH_DST;
 693              		.loc 1 172 31 view .LVU209
 694 00b2 CDE90137 		strd	r3, r7, [sp, #4]
 173:../core/src/i2c.c ****     DMA_InitStructure.BufSize = Size;
 695              		.loc 1 173 5 is_stmt 1 view .LVU210
 173:../core/src/i2c.c ****     DMA_InitStructure.BufSize = Size;
 696              		.loc 1 173 33 is_stmt 0 view .LVU211
 697 00b6 1023     		movs	r3, #16
 174:../core/src/i2c.c ****     DMA_InitStructure.PeriphInc = DMA_PERIPH_INC_MODE_DISABLE;
 698              		.loc 1 174 31 view .LVU212
 699 00b8 CDE90336 		strd	r3, r6, [sp, #12]
 175:../core/src/i2c.c ****     DMA_InitStructure.MemoryInc = DMA_MEM_INC_MODE_ENABLE;
 700              		.loc 1 175 5 is_stmt 1 view .LVU213
 176:../core/src/i2c.c ****     DMA_InitStructure.PeriphDataSize = DMA_PERIPH_DATA_WIDTH_BYTE;
 701              		.loc 1 176 5 view .LVU214
 176:../core/src/i2c.c ****     DMA_InitStructure.PeriphDataSize = DMA_PERIPH_DATA_WIDTH_BYTE;
 702              		.loc 1 176 33 is_stmt 0 view .LVU215
 703 00bc 8023     		movs	r3, #128
 177:../core/src/i2c.c ****     DMA_InitStructure.MemDataSize = DMA_MEM_DATA_WIDTH_BYTE;
 704              		.loc 1 177 38 view .LVU216
 705 00be CDE90635 		strd	r3, r5, [sp, #24]
 178:../core/src/i2c.c ****     DMA_InitStructure.CircularMode = DMA_CIRCULAR_MODE_DISABLE;
 706              		.loc 1 178 5 is_stmt 1 view .LVU217
 180:../core/src/i2c.c ****     DMA_InitStructure.Mem2Mem = DMA_MEM2MEM_DISABLE;
 707              		.loc 1 180 32 is_stmt 0 view .LVU218
 708 00c2 4FF40053 		mov	r3, #8192
 181:../core/src/i2c.c ****     DMA_Initializes(hi2c->hdmatx->Instance, &DMA_InitStructure);
 709              		.loc 1 181 31 view .LVU219
 710 00c6 CDE90A35 		strd	r3, r5, [sp, #40]
 182:../core/src/i2c.c **** 
 711              		.loc 1 182 5 view .LVU220
 712 00ca A368     		ldr	r3, [r4, #8]
 713 00cc 01A9     		add	r1, sp, #4
 714 00ce 1868     		ldr	r0, [r3]
 179:../core/src/i2c.c ****     DMA_InitStructure.Priority = DMA_CH_PRIORITY_HIGH;
 715              		.loc 1 179 36 view .LVU221
 716 00d0 CDE90855 		strd	r5, r5, [sp, #32]
 180:../core/src/i2c.c ****     DMA_InitStructure.Mem2Mem = DMA_MEM2MEM_DISABLE;
 717              		.loc 1 180 5 is_stmt 1 view .LVU222
 182:../core/src/i2c.c **** 
 718              		.loc 1 182 5 view .LVU223
 719 00d4 FFF7FEFF 		bl	DMA_Initializes
 720              	.LVL58:
 184:../core/src/i2c.c ****     hi2c->hdmatx->State = HAL_DMA_STATE_BUSY;
 721              		.loc 1 184 5 view .LVU224
 184:../core/src/i2c.c ****     hi2c->hdmatx->State = HAL_DMA_STATE_BUSY;
 722              		.loc 1 184 9 is_stmt 0 view .LVU225
 723 00d8 A368     		ldr	r3, [r4, #8]
 185:../core/src/i2c.c ****     hi2c->hdmatx->XferCpltCallback = I2C_DMA_TxCplt;
 724              		.loc 1 185 25 view .LVU226
 725 00da 0222     		movs	r2, #2
 726 00dc 1A71     		strb	r2, [r3, #4]
 186:../core/src/i2c.c ****     hi2c->hdmatx->XferErrorCallback = NULL;
 727              		.loc 1 186 36 view .LVU227
ARM GAS  C:\Users\Dawn\AppData\Local\Temp\ccaAAgV0.s 			page 21


 728 00de 0D4A     		ldr	r2, .L41+8
 189:../core/src/i2c.c ****     DMA_Channel_Enable(hi2c->hdmatx->Instance);
 729              		.loc 1 189 5 view .LVU228
 730 00e0 1868     		ldr	r0, [r3]
 184:../core/src/i2c.c ****     hi2c->hdmatx->State = HAL_DMA_STATE_BUSY;
 731              		.loc 1 184 26 view .LVU229
 732 00e2 DC60     		str	r4, [r3, #12]
 185:../core/src/i2c.c ****     hi2c->hdmatx->XferCpltCallback = I2C_DMA_TxCplt;
 733              		.loc 1 185 5 is_stmt 1 view .LVU230
 186:../core/src/i2c.c ****     hi2c->hdmatx->XferErrorCallback = NULL;
 734              		.loc 1 186 5 view .LVU231
 187:../core/src/i2c.c **** 
 735              		.loc 1 187 37 is_stmt 0 view .LVU232
 736 00e4 C3E90425 		strd	r2, r5, [r3, #16]
 189:../core/src/i2c.c ****     DMA_Channel_Enable(hi2c->hdmatx->Instance);
 737              		.loc 1 189 5 is_stmt 1 view .LVU233
 738 00e8 0A21     		movs	r1, #10
 739 00ea FFF7FEFF 		bl	DMA_Interrupts_Enable
 740              	.LVL59:
 190:../core/src/i2c.c **** 
 741              		.loc 1 190 5 view .LVU234
 742 00ee A368     		ldr	r3, [r4, #8]
 743 00f0 1868     		ldr	r0, [r3]
 744 00f2 FFF7FEFF 		bl	DMA_Channel_Enable
 745              	.LVL60:
 192:../core/src/i2c.c ****     I2C_DMA_Transfer_Enable(hi2c->Instance);
 746              		.loc 1 192 5 view .LVU235
 747 00f6 2068     		ldr	r0, [r4]
 748 00f8 FFF7FEFF 		bl	I2C_DMA_Last_Transfer_Enable
 749              	.LVL61:
 193:../core/src/i2c.c **** 
 750              		.loc 1 193 5 view .LVU236
 751 00fc 2068     		ldr	r0, [r4]
 752 00fe FFF7FEFF 		bl	I2C_DMA_Transfer_Enable
 753              	.LVL62:
 195:../core/src/i2c.c **** }
 754              		.loc 1 195 5 view .LVU237
 195:../core/src/i2c.c **** }
 755              		.loc 1 195 12 is_stmt 0 view .LVU238
 756 0102 A5E7     		b	.L29
 757              	.LVL63:
 758              	.L37:
 133:../core/src/i2c.c ****     }
 759              		.loc 1 133 16 view .LVU239
 760 0104 0125     		movs	r5, #1
 761 0106 A3E7     		b	.L29
 762              	.L38:
 137:../core/src/i2c.c ****     }
 763              		.loc 1 137 16 view .LVU240
 764 0108 0225     		movs	r5, #2
 765 010a A1E7     		b	.L29
 766              	.L42:
 767              		.align	2
 768              	.L41:
 769 010c 01000010 		.word	268435457
 770 0110 02000010 		.word	268435458
 771 0114 00000000 		.word	I2C_DMA_TxCplt
ARM GAS  C:\Users\Dawn\AppData\Local\Temp\ccaAAgV0.s 			page 22


 772              		.cfi_endproc
 773              	.LFE133:
 775              		.section	.text.HAL_I2C_MasterTxCpltCallback,"ax",%progbits
 776              		.align	1
 777              		.weak	HAL_I2C_MasterTxCpltCallback
 778              		.syntax unified
 779              		.thumb
 780              		.thumb_func
 782              	HAL_I2C_MasterTxCpltCallback:
 783              	.LVL64:
 784              	.LFB137:
 217:../core/src/i2c.c **** }
 218:../core/src/i2c.c **** 
 219:../core/src/i2c.c **** static void I2C_DMA_TxCplt(DMA_HandleTypeDef *hdma)
 220:../core/src/i2c.c **** {
 221:../core/src/i2c.c ****     I2C_HandleTypeDef *hi2c = (I2C_HandleTypeDef *)hdma->Parent;
 222:../core/src/i2c.c ****     if (hi2c == NULL)
 223:../core/src/i2c.c ****     {
 224:../core/src/i2c.c ****         return;
 225:../core/src/i2c.c ****     }
 226:../core/src/i2c.c **** 
 227:../core/src/i2c.c ****     I2C_DMA_Transfer_Disable(hi2c->Instance);
 228:../core/src/i2c.c ****     I2C_DMA_Last_Transfer_Disable(hi2c->Instance);
 229:../core/src/i2c.c ****     DMA_Channel_Disable(hdma->Instance);
 230:../core/src/i2c.c **** 
 231:../core/src/i2c.c ****     (void)I2C_WaitForFlag(hi2c, I2C_FLAG_BYTEF, SET, I2C_TIMEOUT_MS);
 232:../core/src/i2c.c ****     I2C_Generate_Stop_Enable(hi2c->Instance);
 233:../core/src/i2c.c **** 
 234:../core/src/i2c.c ****     hdma->State = HAL_DMA_STATE_READY;
 235:../core/src/i2c.c ****     hi2c->State = HAL_I2C_STATE_READY;
 236:../core/src/i2c.c ****     HAL_I2C_MasterTxCpltCallback(hi2c);
 237:../core/src/i2c.c **** }
 238:../core/src/i2c.c **** 
 239:../core/src/i2c.c **** __attribute__((weak)) void HAL_I2C_MasterTxCpltCallback(I2C_HandleTypeDef *hi2c)
 240:../core/src/i2c.c **** {
 785              		.loc 1 240 1 is_stmt 1 view -0
 786              		.cfi_startproc
 787              		@ args = 0, pretend = 0, frame = 0
 788              		@ frame_needed = 0, uses_anonymous_args = 0
 789              		@ link register save eliminated.
 241:../core/src/i2c.c ****     (void)hi2c;
 790              		.loc 1 241 5 view .LVU242
 242:../core/src/i2c.c **** }
 791              		.loc 1 242 1 is_stmt 0 view .LVU243
 792 0000 7047     		bx	lr
 793              		.cfi_endproc
 794              	.LFE137:
 796              		.section	.text.I2C_DMA_TxCplt,"ax",%progbits
 797              		.align	1
 798              		.syntax unified
 799              		.thumb
 800              		.thumb_func
 802              	I2C_DMA_TxCplt:
 803              	.LVL65:
 804              	.LFB136:
 220:../core/src/i2c.c ****     I2C_HandleTypeDef *hi2c = (I2C_HandleTypeDef *)hdma->Parent;
 805              		.loc 1 220 1 is_stmt 1 view -0
ARM GAS  C:\Users\Dawn\AppData\Local\Temp\ccaAAgV0.s 			page 23


 806              		.cfi_startproc
 807              		@ args = 0, pretend = 0, frame = 0
 808              		@ frame_needed = 0, uses_anonymous_args = 0
 221:../core/src/i2c.c ****     if (hi2c == NULL)
 809              		.loc 1 221 5 view .LVU245
 220:../core/src/i2c.c ****     I2C_HandleTypeDef *hi2c = (I2C_HandleTypeDef *)hdma->Parent;
 810              		.loc 1 220 1 is_stmt 0 view .LVU246
 811 0000 38B5     		push	{r3, r4, r5, lr}
 812              	.LCFI12:
 813              		.cfi_def_cfa_offset 16
 814              		.cfi_offset 3, -16
 815              		.cfi_offset 4, -12
 816              		.cfi_offset 5, -8
 817              		.cfi_offset 14, -4
 221:../core/src/i2c.c ****     if (hi2c == NULL)
 818              		.loc 1 221 24 view .LVU247
 819 0002 C468     		ldr	r4, [r0, #12]
 820              	.LVL66:
 222:../core/src/i2c.c ****     {
 821              		.loc 1 222 5 is_stmt 1 view .LVU248
 220:../core/src/i2c.c ****     I2C_HandleTypeDef *hi2c = (I2C_HandleTypeDef *)hdma->Parent;
 822              		.loc 1 220 1 is_stmt 0 view .LVU249
 823 0004 0546     		mov	r5, r0
 222:../core/src/i2c.c ****     {
 824              		.loc 1 222 8 view .LVU250
 825 0006 BCB1     		cbz	r4, .L44
 227:../core/src/i2c.c ****     I2C_DMA_Last_Transfer_Disable(hi2c->Instance);
 826              		.loc 1 227 5 is_stmt 1 view .LVU251
 827 0008 2068     		ldr	r0, [r4]
 828              	.LVL67:
 227:../core/src/i2c.c ****     I2C_DMA_Last_Transfer_Disable(hi2c->Instance);
 829              		.loc 1 227 5 is_stmt 0 view .LVU252
 830 000a FFF7FEFF 		bl	I2C_DMA_Transfer_Disable
 831              	.LVL68:
 228:../core/src/i2c.c ****     DMA_Channel_Disable(hdma->Instance);
 832              		.loc 1 228 5 is_stmt 1 view .LVU253
 833 000e 2068     		ldr	r0, [r4]
 834 0010 FFF7FEFF 		bl	I2C_DMA_Last_Transfer_Disable
 835              	.LVL69:
 229:../core/src/i2c.c **** 
 836              		.loc 1 229 5 view .LVU254
 837 0014 2868     		ldr	r0, [r5]
 838 0016 FFF7FEFF 		bl	DMA_Channel_Disable
 839              	.LVL70:
 231:../core/src/i2c.c ****     I2C_Generate_Stop_Enable(hi2c->Instance);
 840              		.loc 1 231 5 view .LVU255
 231:../core/src/i2c.c ****     I2C_Generate_Stop_Enable(hi2c->Instance);
 841              		.loc 1 231 11 is_stmt 0 view .LVU256
 842 001a 6423     		movs	r3, #100
 843 001c 0749     		ldr	r1, .L49
 844 001e 0122     		movs	r2, #1
 845 0020 2046     		mov	r0, r4
 846 0022 FFF7FEFF 		bl	I2C_WaitForFlag
 847              	.LVL71:
 232:../core/src/i2c.c **** 
 848              		.loc 1 232 5 is_stmt 1 view .LVU257
 849 0026 2068     		ldr	r0, [r4]
ARM GAS  C:\Users\Dawn\AppData\Local\Temp\ccaAAgV0.s 			page 24


 850 0028 FFF7FEFF 		bl	I2C_Generate_Stop_Enable
 851              	.LVL72:
 234:../core/src/i2c.c ****     hi2c->State = HAL_I2C_STATE_READY;
 852              		.loc 1 234 5 view .LVU258
 234:../core/src/i2c.c ****     hi2c->State = HAL_I2C_STATE_READY;
 853              		.loc 1 234 17 is_stmt 0 view .LVU259
 854 002c 0123     		movs	r3, #1
 855 002e 2B71     		strb	r3, [r5, #4]
 235:../core/src/i2c.c ****     HAL_I2C_MasterTxCpltCallback(hi2c);
 856              		.loc 1 235 5 is_stmt 1 view .LVU260
 236:../core/src/i2c.c **** }
 857              		.loc 1 236 5 is_stmt 0 view .LVU261
 858 0030 2046     		mov	r0, r4
 235:../core/src/i2c.c ****     HAL_I2C_MasterTxCpltCallback(hi2c);
 859              		.loc 1 235 17 view .LVU262
 860 0032 2371     		strb	r3, [r4, #4]
 236:../core/src/i2c.c **** }
 861              		.loc 1 236 5 is_stmt 1 view .LVU263
 862 0034 FFF7FEFF 		bl	HAL_I2C_MasterTxCpltCallback
 863              	.LVL73:
 864              	.L44:
 237:../core/src/i2c.c **** 
 865              		.loc 1 237 1 is_stmt 0 view .LVU264
 866 0038 38BD     		pop	{r3, r4, r5, pc}
 867              	.LVL74:
 868              	.L50:
 237:../core/src/i2c.c **** 
 869              		.loc 1 237 1 view .LVU265
 870 003a 00BF     		.align	2
 871              	.L49:
 872 003c 04000010 		.word	268435460
 873              		.cfi_endproc
 874              	.LFE136:
 876              		.global	hi2c1
 877              		.section	.bss.hi2c1,"aw",%nobits
 878              		.align	2
 881              	hi2c1:
 882 0000 00000000 		.space	20
 882      00000000 
 882      00000000 
 882      00000000 
 882      00000000 
 883              		.text
 884              	.Letext0:
 885              		.file 2 "D:/Tools/arm-gnu-toolchain/arm-none-eabi/include/machine/_default_types.h"
 886              		.file 3 "D:/Tools/arm-gnu-toolchain/arm-none-eabi/include/sys/_stdint.h"
 887              		.file 4 "../firmware/CMSIS/device/n32g430.h"
 888              		.file 5 "../firmware/n32g430_std_periph_driver/inc/n32g430_dma.h"
 889              		.file 6 "../firmware/n32g430_std_periph_driver/inc/n32g430_gpio.h"
 890              		.file 7 "../firmware/n32g430_std_periph_driver/inc/n32g430_i2c.h"
 891              		.file 8 "../core/inc/hal_compat.h"
 892              		.file 9 "../core/inc/dma.h"
 893              		.file 10 "../core/inc/i2c.h"
 894              		.file 11 "../firmware/n32g430_std_periph_driver/inc/n32g430_rcc.h"
ARM GAS  C:\Users\Dawn\AppData\Local\Temp\ccaAAgV0.s 			page 25


DEFINED SYMBOLS
                            *ABS*:00000000 i2c.c
C:\Users\Dawn\AppData\Local\Temp\ccaAAgV0.s:21     .text.I2C_WaitForFlag:00000000 $t
C:\Users\Dawn\AppData\Local\Temp\ccaAAgV0.s:26     .text.I2C_WaitForFlag:00000000 I2C_WaitForFlag
C:\Users\Dawn\AppData\Local\Temp\ccaAAgV0.s:89     .text.MX_I2C1_Init:00000000 $t
C:\Users\Dawn\AppData\Local\Temp\ccaAAgV0.s:95     .text.MX_I2C1_Init:00000000 MX_I2C1_Init
C:\Users\Dawn\AppData\Local\Temp\ccaAAgV0.s:213    .text.MX_I2C1_Init:00000084 $d
C:\Users\Dawn\AppData\Local\Temp\ccaAAgV0.s:881    .bss.hi2c1:00000000 hi2c1
C:\Users\Dawn\AppData\Local\Temp\ccaAAgV0.s:222    .text.HAL_I2C_DeInit:00000000 $t
C:\Users\Dawn\AppData\Local\Temp\ccaAAgV0.s:228    .text.HAL_I2C_DeInit:00000000 HAL_I2C_DeInit
C:\Users\Dawn\AppData\Local\Temp\ccaAAgV0.s:269    .text.HAL_I2C_Master_Transmit:00000000 $t
C:\Users\Dawn\AppData\Local\Temp\ccaAAgV0.s:275    .text.HAL_I2C_Master_Transmit:00000000 HAL_I2C_Master_Transmit
C:\Users\Dawn\AppData\Local\Temp\ccaAAgV0.s:491    .text.HAL_I2C_Master_Transmit:000000d0 $d
C:\Users\Dawn\AppData\Local\Temp\ccaAAgV0.s:499    .text.HAL_I2C_Master_Transmit_DMA:00000000 $t
C:\Users\Dawn\AppData\Local\Temp\ccaAAgV0.s:505    .text.HAL_I2C_Master_Transmit_DMA:00000000 HAL_I2C_Master_Transmit_DMA
C:\Users\Dawn\AppData\Local\Temp\ccaAAgV0.s:769    .text.HAL_I2C_Master_Transmit_DMA:0000010c $d
C:\Users\Dawn\AppData\Local\Temp\ccaAAgV0.s:802    .text.I2C_DMA_TxCplt:00000000 I2C_DMA_TxCplt
C:\Users\Dawn\AppData\Local\Temp\ccaAAgV0.s:776    .text.HAL_I2C_MasterTxCpltCallback:00000000 $t
C:\Users\Dawn\AppData\Local\Temp\ccaAAgV0.s:782    .text.HAL_I2C_MasterTxCpltCallback:00000000 HAL_I2C_MasterTxCpltCallback
C:\Users\Dawn\AppData\Local\Temp\ccaAAgV0.s:797    .text.I2C_DMA_TxCplt:00000000 $t
C:\Users\Dawn\AppData\Local\Temp\ccaAAgV0.s:872    .text.I2C_DMA_TxCplt:0000003c $d
C:\Users\Dawn\AppData\Local\Temp\ccaAAgV0.s:878    .bss.hi2c1:00000000 $d

UNDEFINED SYMBOLS
HAL_GetTick
I2C_Flag_Status_Get
RCC_AHB_Peripheral_Clock_Enable
RCC_APB2_Peripheral_Clock_Enable
RCC_APB1_Peripheral_Clock_Enable
GPIO_Structure_Initialize
GPIO_Peripheral_Initialize
I2C_Reset
I2C_Initializes_Structure
I2C_Initializes
I2C_ON
hdma_i2c1_tx
I2C_OFF
I2C_Generate_Start_Enable
I2C_7bit_Addr_Send
I2C_Data_Send
I2C_Generate_Stop_Enable
DMA_Channel_Disable
DMA_Structure_Initializes
DMA_Initializes
DMA_Interrupts_Enable
DMA_Channel_Enable
I2C_DMA_Last_Transfer_Enable
I2C_DMA_Transfer_Enable
I2C_DMA_Transfer_Disable
I2C_DMA_Last_Transfer_Disable
