ARM GAS  C:\Users\Dawn\AppData\Local\Temp\cccpPo0d.s 			page 1


   1              		.cpu cortex-m4
   2              		.arch armv7e-m
   3              		.fpu softvfp
   4              		.eabi_attribute 23, 1
   5              		.eabi_attribute 24, 1
   6              		.eabi_attribute 25, 1
   7              		.eabi_attribute 26, 1
   8              		.eabi_attribute 30, 1
   9              		.eabi_attribute 34, 1
  10              		.eabi_attribute 18, 4
  11              		.file	"gpio.c"
  12              		.text
  13              	.Ltext0:
  14              		.cfi_sections	.debug_frame
  15              		.file 1 "core/src/gpio.c"
  16              		.section	.text.LED_GPIO_Config,"ax",%progbits
  17              		.align	1
  18              		.global	LED_GPIO_Config
  19              		.syntax unified
  20              		.thumb
  21              		.thumb_func
  23              	LED_GPIO_Config:
  24              	.LFB123:
   1:core/src/gpio.c **** //
   2:core/src/gpio.c **** // Created by Dawn on 25-6-10.
   3:core/src/gpio.c **** //
   4:core/src/gpio.c **** #include "gpio.h"
   5:core/src/gpio.c **** 
   6:core/src/gpio.c **** /**
   7:core/src/gpio.c ****  * @brief  Configure the GPIO Pins.
   8:core/src/gpio.c ****  * @param  None
   9:core/src/gpio.c ****  * @retval None
  10:core/src/gpio.c ****  */
  11:core/src/gpio.c **** void LED_GPIO_Config(void)
  12:core/src/gpio.c **** {
  25              		.loc 1 12 1 view -0
  26              		.cfi_startproc
  27              		@ args = 0, pretend = 0, frame = 24
  28              		@ frame_needed = 0, uses_anonymous_args = 0
  29 0000 00B5     		push	{lr}
  30              	.LCFI0:
  31              		.cfi_def_cfa_offset 4
  32              		.cfi_offset 14, -4
  33 0002 87B0     		sub	sp, sp, #28
  34              	.LCFI1:
  35              		.cfi_def_cfa_offset 32
  13:core/src/gpio.c ****     GPIO_InitType GPIO_InitStructure;
  36              		.loc 1 13 5 view .LVU1
  14:core/src/gpio.c **** 
  15:core/src/gpio.c ****     /* Enable GPIOC clock */
  16:core/src/gpio.c ****     RCC_AHB_Peripheral_Clock_Enable(RCC_AHB_PERIPH_GPIOC);
  37              		.loc 1 16 5 view .LVU2
  38 0004 4FF40070 		mov	r0, #512
  39 0008 FFF7FEFF 		bl	RCC_AHB_Peripheral_Clock_Enable
  40              	.LVL0:
  17:core/src/gpio.c **** 
  18:core/src/gpio.c ****     /* Configure PC13 as output push-pull for LED */
ARM GAS  C:\Users\Dawn\AppData\Local\Temp\cccpPo0d.s 			page 2


  19:core/src/gpio.c ****     GPIO_InitStructure.Pin              = GPIO_PIN_13;
  41              		.loc 1 19 5 view .LVU3
  42              		.loc 1 19 41 is_stmt 0 view .LVU4
  43 000c 4FF40053 		mov	r3, #8192
  44 0010 0093     		str	r3, [sp]
  20:core/src/gpio.c ****     GPIO_InitStructure.GPIO_Mode        = GPIO_MODE_OUT_PP;
  45              		.loc 1 20 5 is_stmt 1 view .LVU5
  46              		.loc 1 20 41 is_stmt 0 view .LVU6
  47 0012 0123     		movs	r3, #1
  48 0014 0193     		str	r3, [sp, #4]
  21:core/src/gpio.c ****     GPIO_InitStructure.GPIO_Pull        = GPIO_NO_PULL;
  49              		.loc 1 21 5 is_stmt 1 view .LVU7
  50              		.loc 1 21 41 is_stmt 0 view .LVU8
  51 0016 0023     		movs	r3, #0
  52 0018 0293     		str	r3, [sp, #8]
  22:core/src/gpio.c ****     GPIO_InitStructure.GPIO_Slew_Rate   = GPIO_SLEW_RATE_FAST;
  53              		.loc 1 22 5 is_stmt 1 view .LVU9
  54              		.loc 1 22 41 is_stmt 0 view .LVU10
  55 001a 0393     		str	r3, [sp, #12]
  23:core/src/gpio.c ****     GPIO_InitStructure.GPIO_Current     = GPIO_DS_4MA;
  56              		.loc 1 23 5 is_stmt 1 view .LVU11
  57              		.loc 1 23 41 is_stmt 0 view .LVU12
  58 001c 0222     		movs	r2, #2
  59 001e 0492     		str	r2, [sp, #16]
  24:core/src/gpio.c ****     GPIO_InitStructure.GPIO_Alternate   = 0;
  60              		.loc 1 24 5 is_stmt 1 view .LVU13
  61              		.loc 1 24 41 is_stmt 0 view .LVU14
  62 0020 0593     		str	r3, [sp, #20]
  25:core/src/gpio.c ****     GPIO_Peripheral_Initialize(GPIOC, &GPIO_InitStructure);
  63              		.loc 1 25 5 is_stmt 1 view .LVU15
  64 0022 6946     		mov	r1, sp
  65 0024 0248     		ldr	r0, .L3
  66 0026 FFF7FEFF 		bl	GPIO_Peripheral_Initialize
  67              	.LVL1:
  26:core/src/gpio.c **** }
  68              		.loc 1 26 1 is_stmt 0 view .LVU16
  69 002a 07B0     		add	sp, sp, #28
  70              	.LCFI2:
  71              		.cfi_def_cfa_offset 4
  72              		@ sp needed
  73 002c 5DF804FB 		ldr	pc, [sp], #4
  74              	.L4:
  75              		.align	2
  76              	.L3:
  77 0030 003C0240 		.word	1073888256
  78              		.cfi_endproc
  79              	.LFE123:
  81              		.text
  82              	.Letext0:
  83              		.file 2 "D:/Tools/arm-gnu-toolchain/arm-none-eabi/include/machine/_default_types.h"
  84              		.file 3 "D:/Tools/arm-gnu-toolchain/arm-none-eabi/include/sys/_stdint.h"
  85              		.file 4 "CMSIS/device/n32g430.h"
  86              		.file 5 "n32g430_std_periph_driver/inc/n32g430_gpio.h"
  87              		.file 6 "n32g430_std_periph_driver/inc/n32g430_rcc.h"
ARM GAS  C:\Users\Dawn\AppData\Local\Temp\cccpPo0d.s 			page 3


DEFINED SYMBOLS
                            *ABS*:00000000 gpio.c
C:\Users\Dawn\AppData\Local\Temp\cccpPo0d.s:17     .text.LED_GPIO_Config:00000000 $t
C:\Users\Dawn\AppData\Local\Temp\cccpPo0d.s:23     .text.LED_GPIO_Config:00000000 LED_GPIO_Config
C:\Users\Dawn\AppData\Local\Temp\cccpPo0d.s:77     .text.LED_GPIO_Config:00000030 $d

UNDEFINED SYMBOLS
RCC_AHB_Peripheral_Clock_Enable
GPIO_Peripheral_Initialize
