ARM GAS  C:\Users\Dawn\AppData\Local\Temp\cc56EFac.s 			page 1


   1              		.cpu cortex-m4
   2              		.arch armv7e-m
   3              		.fpu softvfp
   4              		.eabi_attribute 23, 1
   5              		.eabi_attribute 24, 1
   6              		.eabi_attribute 25, 1
   7              		.eabi_attribute 26, 1
   8              		.eabi_attribute 30, 1
   9              		.eabi_attribute 34, 1
  10              		.eabi_attribute 18, 4
  11              		.file	"misc.c"
  12              		.text
  13              	.Ltext0:
  14              		.cfi_sections	.debug_frame
  15              		.file 1 "n32g430_std_periph_driver/src/misc.c"
  16              		.section	.text.NVIC_Priority_Group_Set,"ax",%progbits
  17              		.align	1
  18              		.global	NVIC_Priority_Group_Set
  19              		.syntax unified
  20              		.thumb
  21              		.thumb_func
  23              	NVIC_Priority_Group_Set:
  24              	.LVL0:
  25              	.LFB123:
   1:n32g430_std_periph_driver/src/misc.c **** /**
   2:n32g430_std_periph_driver/src/misc.c **** *     Copyright (c) 2022, Nations Technologies Inc.
   3:n32g430_std_periph_driver/src/misc.c **** * 
   4:n32g430_std_periph_driver/src/misc.c **** *     All rights reserved.
   5:n32g430_std_periph_driver/src/misc.c **** *
   6:n32g430_std_periph_driver/src/misc.c **** *     This software is the exclusive property of Nations Technologies Inc. (Hereinafter 
   7:n32g430_std_periph_driver/src/misc.c **** * referred to as NATIONS). This software, and the product of NATIONS described herein 
   8:n32g430_std_periph_driver/src/misc.c **** * (Hereinafter referred to as the Product) are owned by NATIONS under the laws and treaties
   9:n32g430_std_periph_driver/src/misc.c **** * of the People's Republic of China and other applicable jurisdictions worldwide.
  10:n32g430_std_periph_driver/src/misc.c **** *
  11:n32g430_std_periph_driver/src/misc.c **** *     NATIONS does not grant any license under its patents, copyrights, trademarks, or other 
  12:n32g430_std_periph_driver/src/misc.c **** * intellectual property rights. Names and brands of third party may be mentioned or referred 
  13:n32g430_std_periph_driver/src/misc.c **** * thereto (if any) for identification purposes only.
  14:n32g430_std_periph_driver/src/misc.c **** *
  15:n32g430_std_periph_driver/src/misc.c **** *     NATIONS reserves the right to make changes, corrections, enhancements, modifications, and 
  16:n32g430_std_periph_driver/src/misc.c **** * improvements to this software at any time without notice. Please contact NATIONS and obtain 
  17:n32g430_std_periph_driver/src/misc.c **** * the latest version of this software before placing orders.
  18:n32g430_std_periph_driver/src/misc.c **** 
  19:n32g430_std_periph_driver/src/misc.c **** *     Although NATIONS has attempted to provide accurate and reliable information, NATIONS assumes 
  20:n32g430_std_periph_driver/src/misc.c **** * no responsibility for the accuracy and reliability of this software.
  21:n32g430_std_periph_driver/src/misc.c **** * 
  22:n32g430_std_periph_driver/src/misc.c **** *     It is the responsibility of the user of this software to properly design, program, and test 
  23:n32g430_std_periph_driver/src/misc.c **** * the functionality and safety of any application made of this information and any resulting produc
  24:n32g430_std_periph_driver/src/misc.c **** * In no event shall NATIONS be liable for any direct, indirect, incidental, special,exemplary, or 
  25:n32g430_std_periph_driver/src/misc.c **** * consequential damages arising in any way out of the use of this software or the Product.
  26:n32g430_std_periph_driver/src/misc.c **** *
  27:n32g430_std_periph_driver/src/misc.c **** *     NATIONS Products are neither intended nor warranted for usage in systems or equipment, any
  28:n32g430_std_periph_driver/src/misc.c **** * malfunction or failure of which may cause loss of human life, bodily injury or severe property 
  29:n32g430_std_periph_driver/src/misc.c **** * damage. Such applications are deemed, "Insecure Usage".
  30:n32g430_std_periph_driver/src/misc.c **** *
  31:n32g430_std_periph_driver/src/misc.c **** *     All Insecure Usage shall be made at user's risk. User shall indemnify NATIONS and hold NATION
  32:n32g430_std_periph_driver/src/misc.c **** * harmless from and against all claims, costs, damages, and other liabilities, arising from or rela
  33:n32g430_std_periph_driver/src/misc.c **** * to any customer's Insecure Usage.
ARM GAS  C:\Users\Dawn\AppData\Local\Temp\cc56EFac.s 			page 2


  34:n32g430_std_periph_driver/src/misc.c **** 
  35:n32g430_std_periph_driver/src/misc.c **** *     Any express or implied warranty with regard to this software or the Product, including,but no
  36:n32g430_std_periph_driver/src/misc.c **** * limited to, the warranties of merchantability, fitness for a particular purpose and non-infringem
  37:n32g430_std_periph_driver/src/misc.c **** * are disclaimed to the fullest extent permitted by law.
  38:n32g430_std_periph_driver/src/misc.c **** 
  39:n32g430_std_periph_driver/src/misc.c **** *     Unless otherwise explicitly permitted by NATIONS, anyone may not duplicate, modify, transcrib
  40:n32g430_std_periph_driver/src/misc.c **** * or otherwise distribute this software for any purposes, in whole or in part.
  41:n32g430_std_periph_driver/src/misc.c **** *
  42:n32g430_std_periph_driver/src/misc.c **** *     NATIONS products and technologies shall not be used for or incorporated into any products or 
  43:n32g430_std_periph_driver/src/misc.c **** * whose manufacture, use, or sale is prohibited under any applicable domestic or foreign laws or re
  44:n32g430_std_periph_driver/src/misc.c **** * User shall comply with any applicable export control laws and regulations promulgated and adminis
  45:n32g430_std_periph_driver/src/misc.c **** * the governments of any countries asserting jurisdiction over the parties or transactions.
  46:n32g430_std_periph_driver/src/misc.c **** **/
  47:n32g430_std_periph_driver/src/misc.c **** 
  48:n32g430_std_periph_driver/src/misc.c **** /**
  49:n32g430_std_periph_driver/src/misc.c **** *\*\file misc.c
  50:n32g430_std_periph_driver/src/misc.c **** *\*\author Nations
  51:n32g430_std_periph_driver/src/misc.c **** *\*\version v1.0.2
  52:n32g430_std_periph_driver/src/misc.c **** *\*\copyright Copyright (c) 2022, Nations Technologies Inc. All rights reserved.
  53:n32g430_std_periph_driver/src/misc.c **** **/
  54:n32g430_std_periph_driver/src/misc.c **** #include "misc.h"
  55:n32g430_std_periph_driver/src/misc.c **** 
  56:n32g430_std_periph_driver/src/misc.c **** /** MISC Driving Functions Declaration **/
  57:n32g430_std_periph_driver/src/misc.c **** 
  58:n32g430_std_periph_driver/src/misc.c **** /**
  59:n32g430_std_periph_driver/src/misc.c **** *\*\name    NVIC_Priority_Group_Set
  60:n32g430_std_periph_driver/src/misc.c **** *\*\fun     Configures the priority grouping: pre-emption priority and subpriority.
  61:n32g430_std_periph_driver/src/misc.c **** *\*\param   NVIC_priority_group :
  62:n32g430_std_periph_driver/src/misc.c **** *\*\            - NVIC_PER0_SUB4_PRIORITYGROUP    0 bits for pre-emption priority 4 bits for subpri
  63:n32g430_std_periph_driver/src/misc.c **** *\*\            - NVIC_PER1_SUB3_PRIORITYGROUP    1 bits for pre-emption priority 3 bits for subpri
  64:n32g430_std_periph_driver/src/misc.c **** *\*\            - NVIC_PER2_SUB2_PRIORITYGROUP    2 bits for pre-emption priority 2 bits for subpri
  65:n32g430_std_periph_driver/src/misc.c **** *\*\            - NVIC_PER3_SUB1_PRIORITYGROUP    3 bits for pre-emption priority 1 bits for subpri
  66:n32g430_std_periph_driver/src/misc.c **** *\*\            - NVIC_PER4_SUB0_PRIORITYGROUP    4 bits for pre-emption priority 0 bits for subpri
  67:n32g430_std_periph_driver/src/misc.c **** *\*\return  none
  68:n32g430_std_periph_driver/src/misc.c **** **/
  69:n32g430_std_periph_driver/src/misc.c **** void NVIC_Priority_Group_Set(uint32_t NVIC_priority_group)
  70:n32g430_std_periph_driver/src/misc.c **** {
  26              		.loc 1 70 1 view -0
  27              		.cfi_startproc
  28              		@ args = 0, pretend = 0, frame = 0
  29              		@ frame_needed = 0, uses_anonymous_args = 0
  30              		@ link register save eliminated.
  71:n32g430_std_periph_driver/src/misc.c ****     /* Set the PRIGROUP[10:8] bits according to NVIC_priority_group value */
  72:n32g430_std_periph_driver/src/misc.c ****     SCB->AIRCR = AIRCR_VECTKEY_MASK | NVIC_priority_group;
  31              		.loc 1 72 5 view .LVU1
  32              		.loc 1 72 37 is_stmt 0 view .LVU2
  33 0000 40F0BF60 		orr	r0, r0, #100139008
  34              	.LVL1:
  35              		.loc 1 72 37 view .LVU3
  36 0004 40F40030 		orr	r0, r0, #131072
  37              		.loc 1 72 16 view .LVU4
  38 0008 014B     		ldr	r3, .L2
  39 000a D860     		str	r0, [r3, #12]
  73:n32g430_std_periph_driver/src/misc.c **** }
  40              		.loc 1 73 1 view .LVU5
  41 000c 7047     		bx	lr
  42              	.L3:
ARM GAS  C:\Users\Dawn\AppData\Local\Temp\cc56EFac.s 			page 3


  43 000e 00BF     		.align	2
  44              	.L2:
  45 0010 00ED00E0 		.word	-536810240
  46              		.cfi_endproc
  47              	.LFE123:
  49              		.section	.text.NVIC_Initializes,"ax",%progbits
  50              		.align	1
  51              		.global	NVIC_Initializes
  52              		.syntax unified
  53              		.thumb
  54              		.thumb_func
  56              	NVIC_Initializes:
  57              	.LVL2:
  58              	.LFB124:
  74:n32g430_std_periph_driver/src/misc.c **** 
  75:n32g430_std_periph_driver/src/misc.c **** /**
  76:n32g430_std_periph_driver/src/misc.c **** *\*\name    NVIC_Initializes
  77:n32g430_std_periph_driver/src/misc.c **** *\*\fun     Initializes the NVIC peripheral according to the specified parameters in the NVIC_struc
  78:n32g430_std_periph_driver/src/misc.c **** *\*\param   NVIC_structure_initializes :
  79:n32g430_std_periph_driver/src/misc.c **** *\*\              - NVIC_IRQChannel :
  80:n32g430_std_periph_driver/src/misc.c **** *\*\                   -  IRQn_Type    N32G430 Interrupt Number Definition
  81:n32g430_std_periph_driver/src/misc.c **** *\*\        if NVIC_priority_group is NVIC_PER0_SUB4_PRIORITYGROUP :
  82:n32g430_std_periph_driver/src/misc.c **** *\*\              - NVIC_IRQChannelPreemptionPriority :
  83:n32g430_std_periph_driver/src/misc.c **** *\*\                   -  NVIC_PER_PRIORITY_0
  84:n32g430_std_periph_driver/src/misc.c **** *\*\              - NVIC_IRQChannelSubPriority :
  85:n32g430_std_periph_driver/src/misc.c **** *\*\                   -  NVIC_SUB_PRIORITY_0
  86:n32g430_std_periph_driver/src/misc.c **** *\*\                   -  NVIC_SUB_PRIORITY_1
  87:n32g430_std_periph_driver/src/misc.c **** *\*\                   -  NVIC_SUB_PRIORITY_2
  88:n32g430_std_periph_driver/src/misc.c **** *\*\                   -  NVIC_SUB_PRIORITY_3
  89:n32g430_std_periph_driver/src/misc.c **** *\*\                   -  NVIC_SUB_PRIORITY_4
  90:n32g430_std_periph_driver/src/misc.c **** *\*\                   -  NVIC_SUB_PRIORITY_5
  91:n32g430_std_periph_driver/src/misc.c **** *\*\                   -  NVIC_SUB_PRIORITY_6
  92:n32g430_std_periph_driver/src/misc.c **** *\*\                   -  NVIC_SUB_PRIORITY_7
  93:n32g430_std_periph_driver/src/misc.c **** *\*\                   -  NVIC_SUB_PRIORITY_8
  94:n32g430_std_periph_driver/src/misc.c **** *\*\                   -  NVIC_SUB_PRIORITY_9
  95:n32g430_std_periph_driver/src/misc.c **** *\*\                   -  NVIC_SUB_PRIORITY_10
  96:n32g430_std_periph_driver/src/misc.c **** *\*\                   -  NVIC_SUB_PRIORITY_11
  97:n32g430_std_periph_driver/src/misc.c **** *\*\                   -  NVIC_SUB_PRIORITY_12
  98:n32g430_std_periph_driver/src/misc.c **** *\*\                   -  NVIC_SUB_PRIORITY_13
  99:n32g430_std_periph_driver/src/misc.c **** *\*\                   -  NVIC_SUB_PRIORITY_14
 100:n32g430_std_periph_driver/src/misc.c **** *\*\                   -  NVIC_SUB_PRIORITY_15
 101:n32g430_std_periph_driver/src/misc.c **** *\*\        if NVIC_priority_group is NVIC_PER1_SUB3_PRIORITYGROUP :
 102:n32g430_std_periph_driver/src/misc.c **** *\*\              - NVIC_IRQChannelPreemptionPriority :
 103:n32g430_std_periph_driver/src/misc.c **** *\*\                   -  NVIC_PER_PRIORITY_0
 104:n32g430_std_periph_driver/src/misc.c **** *\*\                   -  NVIC_PER_PRIORITY_1
 105:n32g430_std_periph_driver/src/misc.c **** *\*\              - NVIC_IRQChannelSubPriority :
 106:n32g430_std_periph_driver/src/misc.c **** *\*\                   -  NVIC_SUB_PRIORITY_0 to NVIC_SUB_PRIORITY_7
 107:n32g430_std_periph_driver/src/misc.c **** *\*\        if NVIC_priority_group is NVIC_PER2_SUB2_PRIORITYGROUP :
 108:n32g430_std_periph_driver/src/misc.c **** *\*\              - NVIC_IRQChannelPreemptionPriority :
 109:n32g430_std_periph_driver/src/misc.c **** *\*\                   -  NVIC_PER_PRIORITY_0 to NVIC_PER_PRIORITY_3
 110:n32g430_std_periph_driver/src/misc.c **** *\*\              - NVIC_IRQChannelSubPriority :
 111:n32g430_std_periph_driver/src/misc.c **** *\*\                   -  NVIC_SUB_PRIORITY_0 to NVIC_SUB_PRIORITY_3
 112:n32g430_std_periph_driver/src/misc.c **** *\*\        if NVIC_priority_group is NVIC_PER3_SUB1_PRIORITYGROUP :
 113:n32g430_std_periph_driver/src/misc.c **** *\*\              - NVIC_IRQChannelPreemptionPriority :
 114:n32g430_std_periph_driver/src/misc.c **** *\*\                   -  NVIC_PER_PRIORITY_0 to NVIC_PER_PRIORITY_7
 115:n32g430_std_periph_driver/src/misc.c **** *\*\              - NVIC_IRQChannelSubPriority :
 116:n32g430_std_periph_driver/src/misc.c **** *\*\                   -  NVIC_SUB_PRIORITY_0
ARM GAS  C:\Users\Dawn\AppData\Local\Temp\cc56EFac.s 			page 4


 117:n32g430_std_periph_driver/src/misc.c **** *\*\                   -  NVIC_SUB_PRIORITY_1
 118:n32g430_std_periph_driver/src/misc.c **** *\*\        if NVIC_priority_group is NVIC_PER4_SUB0_PRIORITYGROUP :
 119:n32g430_std_periph_driver/src/misc.c **** *\*\              - NVIC_IRQChannelPreemptionPriority :
 120:n32g430_std_periph_driver/src/misc.c **** *\*\                   -  NVIC_PER_PRIORITY_0
 121:n32g430_std_periph_driver/src/misc.c **** *\*\                   -  NVIC_PER_PRIORITY_1
 122:n32g430_std_periph_driver/src/misc.c **** *\*\                   -  NVIC_PER_PRIORITY_2
 123:n32g430_std_periph_driver/src/misc.c **** *\*\                   -  NVIC_PER_PRIORITY_3
 124:n32g430_std_periph_driver/src/misc.c **** *\*\                   -  NVIC_PER_PRIORITY_4
 125:n32g430_std_periph_driver/src/misc.c **** *\*\                   -  NVIC_PER_PRIORITY_5
 126:n32g430_std_periph_driver/src/misc.c **** *\*\                   -  NVIC_PER_PRIORITY_6
 127:n32g430_std_periph_driver/src/misc.c **** *\*\                   -  NVIC_PER_PRIORITY_7
 128:n32g430_std_periph_driver/src/misc.c **** *\*\                   -  NVIC_PER_PRIORITY_8
 129:n32g430_std_periph_driver/src/misc.c **** *\*\                   -  NVIC_PER_PRIORITY_9
 130:n32g430_std_periph_driver/src/misc.c **** *\*\                   -  NVIC_PER_PRIORITY_10
 131:n32g430_std_periph_driver/src/misc.c **** *\*\                   -  NVIC_PER_PRIORITY_11
 132:n32g430_std_periph_driver/src/misc.c **** *\*\                   -  NVIC_PER_PRIORITY_12
 133:n32g430_std_periph_driver/src/misc.c **** *\*\                   -  NVIC_PER_PRIORITY_13
 134:n32g430_std_periph_driver/src/misc.c **** *\*\                   -  NVIC_PER_PRIORITY_14
 135:n32g430_std_periph_driver/src/misc.c **** *\*\                   -  NVIC_PER_PRIORITY_15
 136:n32g430_std_periph_driver/src/misc.c **** *\*\              - NVIC_IRQChannelSubPriority :
 137:n32g430_std_periph_driver/src/misc.c **** *\*\                   -  NVIC_SUB_PRIORITY_0
 138:n32g430_std_periph_driver/src/misc.c **** *\*\              - NVIC_IRQChannelCmd :
 139:n32g430_std_periph_driver/src/misc.c **** *\*\                   -  ENABLE
 140:n32g430_std_periph_driver/src/misc.c **** *\*\                   -  DISABLE
 141:n32g430_std_periph_driver/src/misc.c **** *\*\return  none
 142:n32g430_std_periph_driver/src/misc.c **** **/
 143:n32g430_std_periph_driver/src/misc.c **** void NVIC_Initializes(NVIC_InitType* NVIC_structure_initializes)
 144:n32g430_std_periph_driver/src/misc.c **** {
  59              		.loc 1 144 1 is_stmt 1 view -0
  60              		.cfi_startproc
  61              		@ args = 0, pretend = 0, frame = 0
  62              		@ frame_needed = 0, uses_anonymous_args = 0
  63              		@ link register save eliminated.
 145:n32g430_std_periph_driver/src/misc.c ****     uint32_t temp_priority_value = 0x00, temp_pre_value = 0x00, temp_sub_value = 0x0F;
  64              		.loc 1 145 5 view .LVU7
 146:n32g430_std_periph_driver/src/misc.c **** 
 147:n32g430_std_periph_driver/src/misc.c ****     if (NVIC_structure_initializes->NVIC_IRQChannelCmd != DISABLE)
  65              		.loc 1 147 5 view .LVU8
  66              		.loc 1 147 35 is_stmt 0 view .LVU9
  67 0000 C378     		ldrb	r3, [r0, #3]	@ zero_extendqisi2
  68              		.loc 1 147 8 view .LVU10
  69 0002 F3B1     		cbz	r3, .L5
 148:n32g430_std_periph_driver/src/misc.c ****     {
 149:n32g430_std_periph_driver/src/misc.c ****         /* Compute the Corresponding IRQ Priority */
 150:n32g430_std_periph_driver/src/misc.c ****         temp_priority_value = \
  70              		.loc 1 150 9 is_stmt 1 view .LVU11
 151:n32g430_std_periph_driver/src/misc.c ****         (NVIC_PRIORITYGROUP_MASK - ((SCB->AIRCR) & NVIC_PRIORITYGROUP_MASK)) >> SCB_AIRCR_OFFSET;
  71              		.loc 1 151 41 is_stmt 0 view .LVU12
  72 0004 144B     		ldr	r3, .L7
  73 0006 DB68     		ldr	r3, [r3, #12]
  74              		.loc 1 151 34 view .LVU13
  75 0008 DB43     		mvns	r3, r3
 150:n32g430_std_periph_driver/src/misc.c ****         (NVIC_PRIORITYGROUP_MASK - ((SCB->AIRCR) & NVIC_PRIORITYGROUP_MASK)) >> SCB_AIRCR_OFFSET;
  76              		.loc 1 150 29 view .LVU14
  77 000a C3F30223 		ubfx	r3, r3, #8, #3
  78              	.LVL3:
 152:n32g430_std_periph_driver/src/misc.c ****         
ARM GAS  C:\Users\Dawn\AppData\Local\Temp\cc56EFac.s 			page 5


 153:n32g430_std_periph_driver/src/misc.c ****         temp_pre_value      = (NVIC_PRE_SUB_SUM - temp_priority_value);
  79              		.loc 1 153 9 is_stmt 1 view .LVU15
  80              		.loc 1 153 29 is_stmt 0 view .LVU16
  81 000e C3F1040C 		rsb	ip, r3, #4
  82              	.LVL4:
 154:n32g430_std_periph_driver/src/misc.c ****         temp_sub_value      = temp_sub_value >> temp_priority_value;
  83              		.loc 1 154 9 is_stmt 1 view .LVU17
  84              		.loc 1 154 29 is_stmt 0 view .LVU18
  85 0012 0F21     		movs	r1, #15
  86 0014 D940     		lsrs	r1, r1, r3
  87              	.LVL5:
 155:n32g430_std_periph_driver/src/misc.c **** 
 156:n32g430_std_periph_driver/src/misc.c ****         temp_priority_value = \
  88              		.loc 1 156 9 is_stmt 1 view .LVU19
 157:n32g430_std_periph_driver/src/misc.c ****         (uint32_t)NVIC_structure_initializes->NVIC_IRQChannelPreemptionPriority << temp_pre_value;
  89              		.loc 1 157 45 is_stmt 0 view .LVU20
  90 0016 4278     		ldrb	r2, [r0, #1]	@ zero_extendqisi2
 156:n32g430_std_periph_driver/src/misc.c ****         (uint32_t)NVIC_structure_initializes->NVIC_IRQChannelPreemptionPriority << temp_pre_value;
  91              		.loc 1 156 29 view .LVU21
  92 0018 02FA0CF2 		lsl	r2, r2, ip
  93              	.LVL6:
 158:n32g430_std_periph_driver/src/misc.c **** 
 159:n32g430_std_periph_driver/src/misc.c ****         temp_priority_value |= \
  94              		.loc 1 159 9 is_stmt 1 view .LVU22
 160:n32g430_std_periph_driver/src/misc.c ****         NVIC_structure_initializes->NVIC_IRQChannelSubPriority & temp_sub_value;
  95              		.loc 1 160 35 is_stmt 0 view .LVU23
  96 001c 8378     		ldrb	r3, [r0, #2]	@ zero_extendqisi2
  97              		.loc 1 160 64 view .LVU24
  98 001e 0B40     		ands	r3, r3, r1
 159:n32g430_std_periph_driver/src/misc.c ****         NVIC_structure_initializes->NVIC_IRQChannelSubPriority & temp_sub_value;
  99              		.loc 1 159 29 view .LVU25
 100 0020 1343     		orrs	r3, r3, r2
 101              	.LVL7:
 161:n32g430_std_periph_driver/src/misc.c **** 
 162:n32g430_std_periph_driver/src/misc.c ****         temp_priority_value = temp_priority_value << NVIC_IP_OFFSET;
 102              		.loc 1 162 9 is_stmt 1 view .LVU26
 163:n32g430_std_periph_driver/src/misc.c **** 
 164:n32g430_std_periph_driver/src/misc.c ****         NVIC->IP[NVIC_structure_initializes->NVIC_IRQChannel] = temp_priority_value;
 103              		.loc 1 164 9 view .LVU27
 104              		.loc 1 164 44 is_stmt 0 view .LVU28
 105 0022 0278     		ldrb	r2, [r0]	@ zero_extendqisi2
 106              		.loc 1 164 63 view .LVU29
 107 0024 1B01     		lsls	r3, r3, #4
 108              	.LVL8:
 109              		.loc 1 164 63 view .LVU30
 110 0026 DBB2     		uxtb	r3, r3
 111              	.LVL9:
 112              		.loc 1 164 63 view .LVU31
 113 0028 0C49     		ldr	r1, .L7+4
 114              	.LVL10:
 115              		.loc 1 164 63 view .LVU32
 116 002a 0A44     		add	r2, r2, r1
 117 002c 82F80033 		strb	r3, [r2, #768]
 165:n32g430_std_periph_driver/src/misc.c **** 
 166:n32g430_std_periph_driver/src/misc.c ****         /* Enable the Selected IRQ Channels */
 167:n32g430_std_periph_driver/src/misc.c ****         NVIC->ISER[NVIC_structure_initializes->NVIC_IRQChannel >> NVIC_ISER_BIT_LENGTH] = \
 118              		.loc 1 167 9 is_stmt 1 view .LVU33
ARM GAS  C:\Users\Dawn\AppData\Local\Temp\cc56EFac.s 			page 6


 168:n32g430_std_periph_driver/src/misc.c ****         (uint32_t)0x01 << (NVIC_structure_initializes->NVIC_IRQChannel & NVIC_IRQCHANNEL_MASK);
 119              		.loc 1 168 54 is_stmt 0 view .LVU34
 120 0030 0378     		ldrb	r3, [r0]	@ zero_extendqisi2
 121              		.loc 1 168 72 view .LVU35
 122 0032 03F01F00 		and	r0, r3, #31
 123              	.LVL11:
 167:n32g430_std_periph_driver/src/misc.c ****         (uint32_t)0x01 << (NVIC_structure_initializes->NVIC_IRQChannel & NVIC_IRQCHANNEL_MASK);
 124              		.loc 1 167 64 view .LVU36
 125 0036 5B09     		lsrs	r3, r3, #5
 126              		.loc 1 168 24 view .LVU37
 127 0038 0122     		movs	r2, #1
 128 003a 8240     		lsls	r2, r2, r0
 167:n32g430_std_periph_driver/src/misc.c ****         (uint32_t)0x01 << (NVIC_structure_initializes->NVIC_IRQChannel & NVIC_IRQCHANNEL_MASK);
 129              		.loc 1 167 89 view .LVU38
 130 003c 41F82320 		str	r2, [r1, r3, lsl #2]
 131 0040 7047     		bx	lr
 132              	.LVL12:
 133              	.L5:
 169:n32g430_std_periph_driver/src/misc.c ****     }
 170:n32g430_std_periph_driver/src/misc.c ****     else
 171:n32g430_std_periph_driver/src/misc.c ****     {
 172:n32g430_std_periph_driver/src/misc.c ****         /* Disable the Selected IRQ Channels */
 173:n32g430_std_periph_driver/src/misc.c ****         NVIC->ICER[NVIC_structure_initializes->NVIC_IRQChannel >> NVIC_ISER_BIT_LENGTH] = \
 134              		.loc 1 173 9 is_stmt 1 view .LVU39
 174:n32g430_std_periph_driver/src/misc.c ****         (uint32_t)0x01 << (NVIC_structure_initializes->NVIC_IRQChannel & NVIC_IRQCHANNEL_MASK);
 135              		.loc 1 174 54 is_stmt 0 view .LVU40
 136 0042 0378     		ldrb	r3, [r0]	@ zero_extendqisi2
 137              		.loc 1 174 72 view .LVU41
 138 0044 03F01F01 		and	r1, r3, #31
 173:n32g430_std_periph_driver/src/misc.c ****         (uint32_t)0x01 << (NVIC_structure_initializes->NVIC_IRQChannel & NVIC_IRQCHANNEL_MASK);
 139              		.loc 1 173 64 view .LVU42
 140 0048 5B09     		lsrs	r3, r3, #5
 141              		.loc 1 174 24 view .LVU43
 142 004a 0122     		movs	r2, #1
 143 004c 8A40     		lsls	r2, r2, r1
 173:n32g430_std_periph_driver/src/misc.c ****         (uint32_t)0x01 << (NVIC_structure_initializes->NVIC_IRQChannel & NVIC_IRQCHANNEL_MASK);
 144              		.loc 1 173 89 view .LVU44
 145 004e 2033     		adds	r3, r3, #32
 146 0050 0249     		ldr	r1, .L7+4
 147 0052 41F82320 		str	r2, [r1, r3, lsl #2]
 175:n32g430_std_periph_driver/src/misc.c ****     }
 176:n32g430_std_periph_driver/src/misc.c **** }
 148              		.loc 1 176 1 view .LVU45
 149 0056 7047     		bx	lr
 150              	.L8:
 151              		.align	2
 152              	.L7:
 153 0058 00ED00E0 		.word	-536810240
 154 005c 00E100E0 		.word	-536813312
 155              		.cfi_endproc
 156              	.LFE124:
 158              		.section	.text.NVIC_Vector_Table_Set,"ax",%progbits
 159              		.align	1
 160              		.global	NVIC_Vector_Table_Set
 161              		.syntax unified
 162              		.thumb
 163              		.thumb_func
ARM GAS  C:\Users\Dawn\AppData\Local\Temp\cc56EFac.s 			page 7


 165              	NVIC_Vector_Table_Set:
 166              	.LVL13:
 167              	.LFB125:
 177:n32g430_std_periph_driver/src/misc.c **** 
 178:n32g430_std_periph_driver/src/misc.c **** /**
 179:n32g430_std_periph_driver/src/misc.c **** *\*\name    NVIC_Vector_Table_Set
 180:n32g430_std_periph_driver/src/misc.c **** *\*\fun     Sets the vector table location and Offset.
 181:n32g430_std_periph_driver/src/misc.c **** *\*\param   NVIC_vecter_table specifies if the vector table is in RAM or FLASH memory.
 182:n32g430_std_periph_driver/src/misc.c **** *\*\        This parameter can be one of the following values:
 183:n32g430_std_periph_driver/src/misc.c **** *\*\            - NVIC_VECTTAB_RAM
 184:n32g430_std_periph_driver/src/misc.c **** *\*\            - NVIC_VECTTAB_FLASH
 185:n32g430_std_periph_driver/src/misc.c **** *\*\param   offset Vector Table base offset field. This value must be a multiple of 0x200.
 186:n32g430_std_periph_driver/src/misc.c **** *\*\return  none
 187:n32g430_std_periph_driver/src/misc.c **** **/
 188:n32g430_std_periph_driver/src/misc.c **** void NVIC_Vector_Table_Set(uint32_t NVIC_vecter_table, uint32_t offset)
 189:n32g430_std_periph_driver/src/misc.c **** {
 168              		.loc 1 189 1 is_stmt 1 view -0
 169              		.cfi_startproc
 170              		@ args = 0, pretend = 0, frame = 0
 171              		@ frame_needed = 0, uses_anonymous_args = 0
 172              		@ link register save eliminated.
 190:n32g430_std_periph_driver/src/misc.c ****     SCB->VTOR = NVIC_vecter_table | (offset & (uint32_t)NVIC_VECTTAB_MASK);
 173              		.loc 1 190 5 view .LVU47
 174              		.loc 1 190 45 is_stmt 0 view .LVU48
 175 0000 21F06041 		bic	r1, r1, #-536870912
 176              	.LVL14:
 177              		.loc 1 190 45 view .LVU49
 178 0004 21F07F01 		bic	r1, r1, #127
 179              		.loc 1 190 35 view .LVU50
 180 0008 0143     		orrs	r1, r1, r0
 181              		.loc 1 190 15 view .LVU51
 182 000a 014B     		ldr	r3, .L10
 183 000c 9960     		str	r1, [r3, #8]
 191:n32g430_std_periph_driver/src/misc.c **** }
 184              		.loc 1 191 1 view .LVU52
 185 000e 7047     		bx	lr
 186              	.L11:
 187              		.align	2
 188              	.L10:
 189 0010 00ED00E0 		.word	-536810240
 190              		.cfi_endproc
 191              	.LFE125:
 193              		.section	.text.NVIC_System_LowPower_Enable,"ax",%progbits
 194              		.align	1
 195              		.global	NVIC_System_LowPower_Enable
 196              		.syntax unified
 197              		.thumb
 198              		.thumb_func
 200              	NVIC_System_LowPower_Enable:
 201              	.LVL15:
 202              	.LFB126:
 192:n32g430_std_periph_driver/src/misc.c **** 
 193:n32g430_std_periph_driver/src/misc.c **** /**
 194:n32g430_std_periph_driver/src/misc.c **** *\*\name    NVIC_System_Low_Power_Enable
 195:n32g430_std_periph_driver/src/misc.c **** *\*\fun     Selects the condition for the system to enter low power mode.
 196:n32g430_std_periph_driver/src/misc.c **** *\*\param   low_power_mode Specifies the new mode for the system to enter low power mode.
 197:n32g430_std_periph_driver/src/misc.c **** *\*\        This parameter can be one of the following values:
ARM GAS  C:\Users\Dawn\AppData\Local\Temp\cc56EFac.s 			page 8


 198:n32g430_std_periph_driver/src/misc.c **** *\*\            - NVIC_LP_SEVONPEND
 199:n32g430_std_periph_driver/src/misc.c **** *\*\            - NVIC_LP_SLEEPDEEP
 200:n32g430_std_periph_driver/src/misc.c **** *\*\            - NVIC_LP_SLEEPONEXIT
 201:n32g430_std_periph_driver/src/misc.c **** *\*\return  none
 202:n32g430_std_periph_driver/src/misc.c ****  */
 203:n32g430_std_periph_driver/src/misc.c **** void NVIC_System_LowPower_Enable(uint8_t low_power_mode)
 204:n32g430_std_periph_driver/src/misc.c **** {
 203              		.loc 1 204 1 is_stmt 1 view -0
 204              		.cfi_startproc
 205              		@ args = 0, pretend = 0, frame = 0
 206              		@ frame_needed = 0, uses_anonymous_args = 0
 207              		@ link register save eliminated.
 205:n32g430_std_periph_driver/src/misc.c ****     SCB->SCR |= low_power_mode;
 208              		.loc 1 205 5 view .LVU54
 209              		.loc 1 205 8 is_stmt 0 view .LVU55
 210 0000 024B     		ldr	r3, .L13
 211 0002 1A69     		ldr	r2, [r3, #16]
 212              		.loc 1 205 14 view .LVU56
 213 0004 1043     		orrs	r0, r0, r2
 214              	.LVL16:
 215              		.loc 1 205 14 view .LVU57
 216 0006 1861     		str	r0, [r3, #16]
 206:n32g430_std_periph_driver/src/misc.c **** }
 217              		.loc 1 206 1 view .LVU58
 218 0008 7047     		bx	lr
 219              	.L14:
 220 000a 00BF     		.align	2
 221              	.L13:
 222 000c 00ED00E0 		.word	-536810240
 223              		.cfi_endproc
 224              	.LFE126:
 226              		.section	.text.NVIC_System_Low_Power_Disable,"ax",%progbits
 227              		.align	1
 228              		.global	NVIC_System_Low_Power_Disable
 229              		.syntax unified
 230              		.thumb
 231              		.thumb_func
 233              	NVIC_System_Low_Power_Disable:
 234              	.LVL17:
 235              	.LFB127:
 207:n32g430_std_periph_driver/src/misc.c **** 
 208:n32g430_std_periph_driver/src/misc.c **** /**
 209:n32g430_std_periph_driver/src/misc.c **** *\*\name    NVIC_System_Low_Power_Disable
 210:n32g430_std_periph_driver/src/misc.c **** *\*\fun     Selects the condition for the system to enter low power mode.
 211:n32g430_std_periph_driver/src/misc.c **** *\*\param   low_power_mode :
 212:n32g430_std_periph_driver/src/misc.c **** *\*\            - NVIC_LP_SEVONPEND
 213:n32g430_std_periph_driver/src/misc.c **** *\*\            - NVIC_LP_SLEEPDEEP
 214:n32g430_std_periph_driver/src/misc.c **** *\*\            - NVIC_LP_SLEEPONEXIT
 215:n32g430_std_periph_driver/src/misc.c **** *\*\return  none
 216:n32g430_std_periph_driver/src/misc.c ****  */
 217:n32g430_std_periph_driver/src/misc.c **** void NVIC_System_Low_Power_Disable(uint8_t low_power_mode)
 218:n32g430_std_periph_driver/src/misc.c **** {
 236              		.loc 1 218 1 is_stmt 1 view -0
 237              		.cfi_startproc
 238              		@ args = 0, pretend = 0, frame = 0
 239              		@ frame_needed = 0, uses_anonymous_args = 0
 240              		@ link register save eliminated.
ARM GAS  C:\Users\Dawn\AppData\Local\Temp\cc56EFac.s 			page 9


 219:n32g430_std_periph_driver/src/misc.c ****     SCB->SCR &= (uint32_t)(~(uint32_t)low_power_mode);
 241              		.loc 1 219 5 view .LVU60
 242              		.loc 1 219 8 is_stmt 0 view .LVU61
 243 0000 024A     		ldr	r2, .L16
 244 0002 1369     		ldr	r3, [r2, #16]
 245              		.loc 1 219 14 view .LVU62
 246 0004 23EA0003 		bic	r3, r3, r0
 247 0008 1361     		str	r3, [r2, #16]
 220:n32g430_std_periph_driver/src/misc.c **** }
 248              		.loc 1 220 1 view .LVU63
 249 000a 7047     		bx	lr
 250              	.L17:
 251              		.align	2
 252              	.L16:
 253 000c 00ED00E0 		.word	-536810240
 254              		.cfi_endproc
 255              	.LFE127:
 257              		.section	.text.SysTick_Clock_Source_Set,"ax",%progbits
 258              		.align	1
 259              		.global	SysTick_Clock_Source_Set
 260              		.syntax unified
 261              		.thumb
 262              		.thumb_func
 264              	SysTick_Clock_Source_Set:
 265              	.LVL18:
 266              	.LFB128:
 221:n32g430_std_periph_driver/src/misc.c **** 
 222:n32g430_std_periph_driver/src/misc.c **** /**
 223:n32g430_std_periph_driver/src/misc.c **** *\*\name  SysTick_Clock_Source_Set
 224:n32g430_std_periph_driver/src/misc.c **** *\*\fun   Configures the SysTick clock source.
 225:n32g430_std_periph_driver/src/misc.c **** *\*\param systick_clock_source :
 226:n32g430_std_periph_driver/src/misc.c **** *\*\       - SYSTICK_CLKSOURCE_HCLK_DIV8    External clock selected as SysTick clock source.
 227:n32g430_std_periph_driver/src/misc.c **** *\*\       - SYSTICK_CLKSOURCE_HCLK         AHB clock selected as SysTick clock source.
 228:n32g430_std_periph_driver/src/misc.c **** *\*\return  none
 229:n32g430_std_periph_driver/src/misc.c ****  */
 230:n32g430_std_periph_driver/src/misc.c **** void SysTick_Clock_Source_Set(uint32_t systick_clock_source)
 231:n32g430_std_periph_driver/src/misc.c **** {
 267              		.loc 1 231 1 is_stmt 1 view -0
 268              		.cfi_startproc
 269              		@ args = 0, pretend = 0, frame = 0
 270              		@ frame_needed = 0, uses_anonymous_args = 0
 271              		@ link register save eliminated.
 232:n32g430_std_periph_driver/src/misc.c ****     if (systick_clock_source == SYSTICK_CLKSOURCE_HCLK)
 272              		.loc 1 232 5 view .LVU65
 273              		.loc 1 232 8 is_stmt 0 view .LVU66
 274 0000 0428     		cmp	r0, #4
 275 0002 06D0     		beq	.L21
 233:n32g430_std_periph_driver/src/misc.c ****     {
 234:n32g430_std_periph_driver/src/misc.c ****         SysTick->CTRL |= SYSTICK_CLKSOURCE_HCLK;
 235:n32g430_std_periph_driver/src/misc.c ****     }
 236:n32g430_std_periph_driver/src/misc.c ****     else
 237:n32g430_std_periph_driver/src/misc.c ****     {
 238:n32g430_std_periph_driver/src/misc.c ****         SysTick->CTRL &= SYSTICK_CLKSOURCE_HCLK_DIV8;
 276              		.loc 1 238 9 is_stmt 1 view .LVU67
 277              		.loc 1 238 16 is_stmt 0 view .LVU68
 278 0004 4FF0E022 		mov	r2, #-536813568
 279 0008 1369     		ldr	r3, [r2, #16]
ARM GAS  C:\Users\Dawn\AppData\Local\Temp\cc56EFac.s 			page 10


 280              		.loc 1 238 23 view .LVU69
 281 000a 23F00403 		bic	r3, r3, #4
 282 000e 1361     		str	r3, [r2, #16]
 239:n32g430_std_periph_driver/src/misc.c ****     }
 240:n32g430_std_periph_driver/src/misc.c **** }
 283              		.loc 1 240 1 view .LVU70
 284 0010 7047     		bx	lr
 285              	.L21:
 234:n32g430_std_periph_driver/src/misc.c ****     }
 286              		.loc 1 234 9 is_stmt 1 view .LVU71
 234:n32g430_std_periph_driver/src/misc.c ****     }
 287              		.loc 1 234 16 is_stmt 0 view .LVU72
 288 0012 4FF0E022 		mov	r2, #-536813568
 289 0016 1369     		ldr	r3, [r2, #16]
 234:n32g430_std_periph_driver/src/misc.c ****     }
 290              		.loc 1 234 23 view .LVU73
 291 0018 43F00403 		orr	r3, r3, #4
 292 001c 1361     		str	r3, [r2, #16]
 293 001e 7047     		bx	lr
 294              		.cfi_endproc
 295              	.LFE128:
 297              		.text
 298              	.Letext0:
 299              		.file 2 "D:/Tools/arm-gnu-toolchain/arm-none-eabi/include/machine/_default_types.h"
 300              		.file 3 "D:/Tools/arm-gnu-toolchain/arm-none-eabi/include/sys/_stdint.h"
 301              		.file 4 "CMSIS/core/core_cm4.h"
 302              		.file 5 "CMSIS/device/n32g430.h"
 303              		.file 6 "n32g430_std_periph_driver/inc/misc.h"
ARM GAS  C:\Users\Dawn\AppData\Local\Temp\cc56EFac.s 			page 11


DEFINED SYMBOLS
                            *ABS*:00000000 misc.c
C:\Users\Dawn\AppData\Local\Temp\cc56EFac.s:17     .text.NVIC_Priority_Group_Set:00000000 $t
C:\Users\Dawn\AppData\Local\Temp\cc56EFac.s:23     .text.NVIC_Priority_Group_Set:00000000 NVIC_Priority_Group_Set
C:\Users\Dawn\AppData\Local\Temp\cc56EFac.s:45     .text.NVIC_Priority_Group_Set:00000010 $d
C:\Users\Dawn\AppData\Local\Temp\cc56EFac.s:50     .text.NVIC_Initializes:00000000 $t
C:\Users\Dawn\AppData\Local\Temp\cc56EFac.s:56     .text.NVIC_Initializes:00000000 NVIC_Initializes
C:\Users\Dawn\AppData\Local\Temp\cc56EFac.s:153    .text.NVIC_Initializes:00000058 $d
C:\Users\Dawn\AppData\Local\Temp\cc56EFac.s:159    .text.NVIC_Vector_Table_Set:00000000 $t
C:\Users\Dawn\AppData\Local\Temp\cc56EFac.s:165    .text.NVIC_Vector_Table_Set:00000000 NVIC_Vector_Table_Set
C:\Users\Dawn\AppData\Local\Temp\cc56EFac.s:189    .text.NVIC_Vector_Table_Set:00000010 $d
C:\Users\Dawn\AppData\Local\Temp\cc56EFac.s:194    .text.NVIC_System_LowPower_Enable:00000000 $t
C:\Users\Dawn\AppData\Local\Temp\cc56EFac.s:200    .text.NVIC_System_LowPower_Enable:00000000 NVIC_System_LowPower_Enable
C:\Users\Dawn\AppData\Local\Temp\cc56EFac.s:222    .text.NVIC_System_LowPower_Enable:0000000c $d
C:\Users\Dawn\AppData\Local\Temp\cc56EFac.s:227    .text.NVIC_System_Low_Power_Disable:00000000 $t
C:\Users\Dawn\AppData\Local\Temp\cc56EFac.s:233    .text.NVIC_System_Low_Power_Disable:00000000 NVIC_System_Low_Power_Disable
C:\Users\Dawn\AppData\Local\Temp\cc56EFac.s:253    .text.NVIC_System_Low_Power_Disable:0000000c $d
C:\Users\Dawn\AppData\Local\Temp\cc56EFac.s:258    .text.SysTick_Clock_Source_Set:00000000 $t
C:\Users\Dawn\AppData\Local\Temp\cc56EFac.s:264    .text.SysTick_Clock_Source_Set:00000000 SysTick_Clock_Source_Set

NO UNDEFINED SYMBOLS
