ARM GAS  C:\Users\Dawn\AppData\Local\Temp\cczF35Lb.s 			page 1


   1              		.cpu cortex-m4
   2              		.arch armv7e-m
   3              		.fpu softvfp
   4              		.eabi_attribute 23, 1
   5              		.eabi_attribute 24, 1
   6              		.eabi_attribute 25, 1
   7              		.eabi_attribute 26, 1
   8              		.eabi_attribute 30, 1
   9              		.eabi_attribute 34, 1
  10              		.eabi_attribute 18, 4
  11              		.file	"N32_assert.c"
  12              		.text
  13              	.Ltext0:
  14              		.cfi_sections	.debug_frame
  15              		.file 1 "core/src/N32_assert.c"
  16              	.Letext0:
ARM GAS  C:\Users\Dawn\AppData\Local\Temp\cczF35Lb.s 			page 2


DEFINED SYMBOLS
                            *ABS*:00000000 N32_assert.c

NO UNDEFINED SYMBOLS
