ARM GAS  C:\Users\Dawn\AppData\Local\Temp\cctMasXf.s 			page 1


   1              		.cpu cortex-m4
   2              		.arch armv7e-m
   3              		.fpu softvfp
   4              		.eabi_attribute 23, 1
   5              		.eabi_attribute 24, 1
   6              		.eabi_attribute 25, 1
   7              		.eabi_attribute 26, 1
   8              		.eabi_attribute 30, 1
   9              		.eabi_attribute 34, 1
  10              		.eabi_attribute 18, 4
  11              		.file	"n32g430_exti.c"
  12              		.text
  13              	.Ltext0:
  14              		.cfi_sections	.debug_frame
  15              		.file 1 "n32g430_std_periph_driver/src/n32g430_exti.c"
  16              		.section	.text.EXTI_Reset,"ax",%progbits
  17              		.align	1
  18              		.global	EXTI_Reset
  19              		.syntax unified
  20              		.thumb
  21              		.thumb_func
  23              	EXTI_Reset:
  24              	.LFB123:
   1:n32g430_std_periph_driver/src/n32g430_exti.c **** /**
   2:n32g430_std_periph_driver/src/n32g430_exti.c **** *     Copyright (c) 2022, Nations Technologies Inc.
   3:n32g430_std_periph_driver/src/n32g430_exti.c **** * 
   4:n32g430_std_periph_driver/src/n32g430_exti.c **** *     All rights reserved.
   5:n32g430_std_periph_driver/src/n32g430_exti.c **** *
   6:n32g430_std_periph_driver/src/n32g430_exti.c **** *     This software is the exclusive property of Nations Technologies Inc. (Hereinafter 
   7:n32g430_std_periph_driver/src/n32g430_exti.c **** * referred to as NATIONS). This software, and the product of NATIONS described herein 
   8:n32g430_std_periph_driver/src/n32g430_exti.c **** * (Hereinafter referred to as the Product) are owned by NATIONS under the laws and treaties
   9:n32g430_std_periph_driver/src/n32g430_exti.c **** * of the People's Republic of China and other applicable jurisdictions worldwide.
  10:n32g430_std_periph_driver/src/n32g430_exti.c **** *
  11:n32g430_std_periph_driver/src/n32g430_exti.c **** *     NATIONS does not grant any license under its patents, copyrights, trademarks, or other 
  12:n32g430_std_periph_driver/src/n32g430_exti.c **** * intellectual property rights. Names and brands of third party may be mentioned or referred 
  13:n32g430_std_periph_driver/src/n32g430_exti.c **** * thereto (if any) for identification purposes only.
  14:n32g430_std_periph_driver/src/n32g430_exti.c **** *
  15:n32g430_std_periph_driver/src/n32g430_exti.c **** *     NATIONS reserves the right to make changes, corrections, enhancements, modifications, and 
  16:n32g430_std_periph_driver/src/n32g430_exti.c **** * improvements to this software at any time without notice. Please contact NATIONS and obtain 
  17:n32g430_std_periph_driver/src/n32g430_exti.c **** * the latest version of this software before placing orders.
  18:n32g430_std_periph_driver/src/n32g430_exti.c **** 
  19:n32g430_std_periph_driver/src/n32g430_exti.c **** *     Although NATIONS has attempted to provide accurate and reliable information, NATIONS assumes 
  20:n32g430_std_periph_driver/src/n32g430_exti.c **** * no responsibility for the accuracy and reliability of this software.
  21:n32g430_std_periph_driver/src/n32g430_exti.c **** * 
  22:n32g430_std_periph_driver/src/n32g430_exti.c **** *     It is the responsibility of the user of this software to properly design, program, and test 
  23:n32g430_std_periph_driver/src/n32g430_exti.c **** * the functionality and safety of any application made of this information and any resulting produc
  24:n32g430_std_periph_driver/src/n32g430_exti.c **** * In no event shall NATIONS be liable for any direct, indirect, incidental, special,exemplary, or 
  25:n32g430_std_periph_driver/src/n32g430_exti.c **** * consequential damages arising in any way out of the use of this software or the Product.
  26:n32g430_std_periph_driver/src/n32g430_exti.c **** *
  27:n32g430_std_periph_driver/src/n32g430_exti.c **** *     NATIONS Products are neither intended nor warranted for usage in systems or equipment, any
  28:n32g430_std_periph_driver/src/n32g430_exti.c **** * malfunction or failure of which may cause loss of human life, bodily injury or severe property 
  29:n32g430_std_periph_driver/src/n32g430_exti.c **** * damage. Such applications are deemed, "Insecure Usage".
  30:n32g430_std_periph_driver/src/n32g430_exti.c **** *
  31:n32g430_std_periph_driver/src/n32g430_exti.c **** *     All Insecure Usage shall be made at user's risk. User shall indemnify NATIONS and hold NATION
  32:n32g430_std_periph_driver/src/n32g430_exti.c **** * harmless from and against all claims, costs, damages, and other liabilities, arising from or rela
  33:n32g430_std_periph_driver/src/n32g430_exti.c **** * to any customer's Insecure Usage.
  34:n32g430_std_periph_driver/src/n32g430_exti.c **** 
ARM GAS  C:\Users\Dawn\AppData\Local\Temp\cctMasXf.s 			page 2


  35:n32g430_std_periph_driver/src/n32g430_exti.c **** *     Any express or implied warranty with regard to this software or the Product, including,but no
  36:n32g430_std_periph_driver/src/n32g430_exti.c **** * limited to, the warranties of merchantability, fitness for a particular purpose and non-infringem
  37:n32g430_std_periph_driver/src/n32g430_exti.c **** * are disclaimed to the fullest extent permitted by law.
  38:n32g430_std_periph_driver/src/n32g430_exti.c **** 
  39:n32g430_std_periph_driver/src/n32g430_exti.c **** *     Unless otherwise explicitly permitted by NATIONS, anyone may not duplicate, modify, transcrib
  40:n32g430_std_periph_driver/src/n32g430_exti.c **** * or otherwise distribute this software for any purposes, in whole or in part.
  41:n32g430_std_periph_driver/src/n32g430_exti.c **** *
  42:n32g430_std_periph_driver/src/n32g430_exti.c **** *     NATIONS products and technologies shall not be used for or incorporated into any products or 
  43:n32g430_std_periph_driver/src/n32g430_exti.c **** * whose manufacture, use, or sale is prohibited under any applicable domestic or foreign laws or re
  44:n32g430_std_periph_driver/src/n32g430_exti.c **** * User shall comply with any applicable export control laws and regulations promulgated and adminis
  45:n32g430_std_periph_driver/src/n32g430_exti.c **** * the governments of any countries asserting jurisdiction over the parties or transactions.
  46:n32g430_std_periph_driver/src/n32g430_exti.c **** **/
  47:n32g430_std_periph_driver/src/n32g430_exti.c **** 
  48:n32g430_std_periph_driver/src/n32g430_exti.c **** /**
  49:n32g430_std_periph_driver/src/n32g430_exti.c **** *\*\file n32g430_exti.c
  50:n32g430_std_periph_driver/src/n32g430_exti.c **** *\*\author Nations
  51:n32g430_std_periph_driver/src/n32g430_exti.c **** *\*\version v1.0.0
  52:n32g430_std_periph_driver/src/n32g430_exti.c **** *\*\copyright Copyright (c) 2022, Nations Technologies Inc. All rights reserved.
  53:n32g430_std_periph_driver/src/n32g430_exti.c **** **/
  54:n32g430_std_periph_driver/src/n32g430_exti.c **** 
  55:n32g430_std_periph_driver/src/n32g430_exti.c **** #include "n32g430_exti.h"
  56:n32g430_std_periph_driver/src/n32g430_exti.c **** 
  57:n32g430_std_periph_driver/src/n32g430_exti.c **** 
  58:n32g430_std_periph_driver/src/n32g430_exti.c **** /**
  59:n32g430_std_periph_driver/src/n32g430_exti.c **** *\*\name    EXTI_Reset.
  60:n32g430_std_periph_driver/src/n32g430_exti.c **** *\*\fun     Reset the EXTI registers.
  61:n32g430_std_periph_driver/src/n32g430_exti.c **** *\*\return  none
  62:n32g430_std_periph_driver/src/n32g430_exti.c **** **/
  63:n32g430_std_periph_driver/src/n32g430_exti.c **** void EXTI_Reset(void)
  64:n32g430_std_periph_driver/src/n32g430_exti.c **** {
  25              		.loc 1 64 1 view -0
  26              		.cfi_startproc
  27              		@ args = 0, pretend = 0, frame = 0
  28              		@ frame_needed = 0, uses_anonymous_args = 0
  29              		@ link register save eliminated.
  65:n32g430_std_periph_driver/src/n32g430_exti.c ****     EXTI->IMASK  = 0x00000000;
  30              		.loc 1 65 5 view .LVU1
  31              		.loc 1 65 18 is_stmt 0 view .LVU2
  32 0000 044B     		ldr	r3, .L2
  33 0002 0022     		movs	r2, #0
  34 0004 1A60     		str	r2, [r3]
  66:n32g430_std_periph_driver/src/n32g430_exti.c ****     EXTI->EMASK  = 0x00000000;
  35              		.loc 1 66 5 is_stmt 1 view .LVU3
  36              		.loc 1 66 18 is_stmt 0 view .LVU4
  37 0006 5A60     		str	r2, [r3, #4]
  67:n32g430_std_periph_driver/src/n32g430_exti.c ****     EXTI->RT_CFG = 0x00000000;
  38              		.loc 1 67 5 is_stmt 1 view .LVU5
  39              		.loc 1 67 18 is_stmt 0 view .LVU6
  40 0008 9A60     		str	r2, [r3, #8]
  68:n32g430_std_periph_driver/src/n32g430_exti.c ****     EXTI->FT_CFG = 0x00000000;
  41              		.loc 1 68 5 is_stmt 1 view .LVU7
  42              		.loc 1 68 18 is_stmt 0 view .LVU8
  43 000a DA60     		str	r2, [r3, #12]
  69:n32g430_std_periph_driver/src/n32g430_exti.c ****     EXTI->PEND   = 0x00FFFFFF;
  44              		.loc 1 69 5 is_stmt 1 view .LVU9
  45              		.loc 1 69 18 is_stmt 0 view .LVU10
  46 000c 6FF07F42 		mvn	r2, #-16777216
ARM GAS  C:\Users\Dawn\AppData\Local\Temp\cctMasXf.s 			page 3


  47 0010 5A61     		str	r2, [r3, #20]
  70:n32g430_std_periph_driver/src/n32g430_exti.c **** }
  48              		.loc 1 70 1 view .LVU11
  49 0012 7047     		bx	lr
  50              	.L3:
  51              		.align	2
  52              	.L2:
  53 0014 00040140 		.word	1073808384
  54              		.cfi_endproc
  55              	.LFE123:
  57              		.section	.text.EXTI_Work_Mode_Config,"ax",%progbits
  58              		.align	1
  59              		.global	EXTI_Work_Mode_Config
  60              		.syntax unified
  61              		.thumb
  62              		.thumb_func
  64              	EXTI_Work_Mode_Config:
  65              	.LVL0:
  66              	.LFB125:
  71:n32g430_std_periph_driver/src/n32g430_exti.c **** 
  72:n32g430_std_periph_driver/src/n32g430_exti.c **** /**
  73:n32g430_std_periph_driver/src/n32g430_exti.c **** *\*\name    EXTI_Peripheral_Initializes.
  74:n32g430_std_periph_driver/src/n32g430_exti.c **** *\*\fun     Initializes the EXTI according to EXTI_InitStruct.
  75:n32g430_std_periph_driver/src/n32g430_exti.c **** *\*\param   EXTI_InitStruct :
  76:n32g430_std_periph_driver/src/n32g430_exti.c **** *\*\          - EXTI_Mode
  77:n32g430_std_periph_driver/src/n32g430_exti.c **** *\*\            - EXTI_Mode_Interrupt
  78:n32g430_std_periph_driver/src/n32g430_exti.c **** *\*\            - EXTI_Mode_Event
  79:n32g430_std_periph_driver/src/n32g430_exti.c **** *\*\          - EXTI_Trigger
  80:n32g430_std_periph_driver/src/n32g430_exti.c **** *\*\            - EXTI_Trigger_Rising
  81:n32g430_std_periph_driver/src/n32g430_exti.c **** *\*\            - EXTI_Trigger_Falling
  82:n32g430_std_periph_driver/src/n32g430_exti.c **** *\*\            - EXTI_Trigger_Rising_Falling
  83:n32g430_std_periph_driver/src/n32g430_exti.c **** *\*\          - EXTI_Line
  84:n32g430_std_periph_driver/src/n32g430_exti.c **** *\*\            - EXTI_LINE0              
  85:n32g430_std_periph_driver/src/n32g430_exti.c **** *\*\            - EXTI_LINE1            
  86:n32g430_std_periph_driver/src/n32g430_exti.c **** *\*\            - EXTI_LINE2              
  87:n32g430_std_periph_driver/src/n32g430_exti.c **** *\*\            - EXTI_LINE3             
  88:n32g430_std_periph_driver/src/n32g430_exti.c **** *\*\            - EXTI_LINE4              
  89:n32g430_std_periph_driver/src/n32g430_exti.c **** *\*\            - EXTI_LINE5 
  90:n32g430_std_periph_driver/src/n32g430_exti.c **** *\*\            - EXTI_LINE6              
  91:n32g430_std_periph_driver/src/n32g430_exti.c **** *\*\            - EXTI_LINE7                
  92:n32g430_std_periph_driver/src/n32g430_exti.c **** *\*\            - EXTI_LINE8              
  93:n32g430_std_periph_driver/src/n32g430_exti.c **** *\*\            - EXTI_LINE9              
  94:n32g430_std_periph_driver/src/n32g430_exti.c **** *\*\            - EXTI_LINE10              
  95:n32g430_std_periph_driver/src/n32g430_exti.c **** *\*\            - EXTI_LINE11            
  96:n32g430_std_periph_driver/src/n32g430_exti.c **** *\*\            - EXTI_LINE12            
  97:n32g430_std_periph_driver/src/n32g430_exti.c **** *\*\            - EXTI_LINE13   
  98:n32g430_std_periph_driver/src/n32g430_exti.c **** *\*\            - EXTI_LINE14
  99:n32g430_std_periph_driver/src/n32g430_exti.c **** *\*\            - EXTI_LINE15   
 100:n32g430_std_periph_driver/src/n32g430_exti.c **** *\*\            - EXTI_LINE16   
 101:n32g430_std_periph_driver/src/n32g430_exti.c **** *\*\            - EXTI_LINE17   
 102:n32g430_std_periph_driver/src/n32g430_exti.c **** *\*\            - EXTI_LINE18   
 103:n32g430_std_periph_driver/src/n32g430_exti.c **** *\*\            - EXTI_LINE19     
 104:n32g430_std_periph_driver/src/n32g430_exti.c **** *\*\            - EXTI_LINE20   
 105:n32g430_std_periph_driver/src/n32g430_exti.c **** *\*\            - EXTI_LINE21   
 106:n32g430_std_periph_driver/src/n32g430_exti.c **** *\*\            - EXTI_LINE22 
 107:n32g430_std_periph_driver/src/n32g430_exti.c **** *\*\            - EXTI_LINE23  
 108:n32g430_std_periph_driver/src/n32g430_exti.c **** *\*\          - EXTI_LineCmd
ARM GAS  C:\Users\Dawn\AppData\Local\Temp\cctMasXf.s 			page 4


 109:n32g430_std_periph_driver/src/n32g430_exti.c **** *\*\            - ENABLE
 110:n32g430_std_periph_driver/src/n32g430_exti.c **** *\*\            - DISABLE
 111:n32g430_std_periph_driver/src/n32g430_exti.c **** *\*\return  none
 112:n32g430_std_periph_driver/src/n32g430_exti.c **** **/
 113:n32g430_std_periph_driver/src/n32g430_exti.c **** void EXTI_Peripheral_Initializes(EXTI_InitType* EXTI_InitStruct)
 114:n32g430_std_periph_driver/src/n32g430_exti.c **** {
 115:n32g430_std_periph_driver/src/n32g430_exti.c ****     EXTI_Work_Mode_Config(EXTI_InitStruct->EXTI_Line,EXTI_InitStruct->EXTI_Mode);
 116:n32g430_std_periph_driver/src/n32g430_exti.c ****     EXTI_Trigger_Config(EXTI_InitStruct->EXTI_Line,EXTI_InitStruct->EXTI_Trigger);
 117:n32g430_std_periph_driver/src/n32g430_exti.c ****     EXTI_LineCmd_Disable(EXTI_InitStruct->EXTI_Line,EXTI_InitStruct->EXTI_LineCmd,EXTI_InitStruct->
 118:n32g430_std_periph_driver/src/n32g430_exti.c **** }
 119:n32g430_std_periph_driver/src/n32g430_exti.c **** 
 120:n32g430_std_periph_driver/src/n32g430_exti.c **** /**
 121:n32g430_std_periph_driver/src/n32g430_exti.c **** *\*\name    EXTI_Work_Mode_Config.
 122:n32g430_std_periph_driver/src/n32g430_exti.c **** *\*\fun     Config the EXTI according to EXTI_Mode.
 123:n32g430_std_periph_driver/src/n32g430_exti.c **** *\*\param   exti_mode :
 124:n32g430_std_periph_driver/src/n32g430_exti.c **** *\*\            - EXTI_Mode_Interrupt
 125:n32g430_std_periph_driver/src/n32g430_exti.c **** *\*\            - EXTI_Mode_Event
 126:n32g430_std_periph_driver/src/n32g430_exti.c **** *\*\param   exti_line :
 127:n32g430_std_periph_driver/src/n32g430_exti.c **** *\*\            - EXTI_LINE0              
 128:n32g430_std_periph_driver/src/n32g430_exti.c **** *\*\            - EXTI_LINE1            
 129:n32g430_std_periph_driver/src/n32g430_exti.c **** *\*\            - EXTI_LINE2              
 130:n32g430_std_periph_driver/src/n32g430_exti.c **** *\*\            - EXTI_LINE3             
 131:n32g430_std_periph_driver/src/n32g430_exti.c **** *\*\            - EXTI_LINE4              
 132:n32g430_std_periph_driver/src/n32g430_exti.c **** *\*\            - EXTI_LINE5 
 133:n32g430_std_periph_driver/src/n32g430_exti.c **** *\*\            - EXTI_LINE6              
 134:n32g430_std_periph_driver/src/n32g430_exti.c **** *\*\            - EXTI_LINE7                
 135:n32g430_std_periph_driver/src/n32g430_exti.c **** *\*\            - EXTI_LINE8              
 136:n32g430_std_periph_driver/src/n32g430_exti.c **** *\*\            - EXTI_LINE9              
 137:n32g430_std_periph_driver/src/n32g430_exti.c **** *\*\            - EXTI_LINE10              
 138:n32g430_std_periph_driver/src/n32g430_exti.c **** *\*\            - EXTI_LINE11            
 139:n32g430_std_periph_driver/src/n32g430_exti.c **** *\*\            - EXTI_LINE12            
 140:n32g430_std_periph_driver/src/n32g430_exti.c **** *\*\            - EXTI_LINE13   
 141:n32g430_std_periph_driver/src/n32g430_exti.c **** *\*\            - EXTI_LINE14
 142:n32g430_std_periph_driver/src/n32g430_exti.c **** *\*\            - EXTI_LINE15   
 143:n32g430_std_periph_driver/src/n32g430_exti.c **** *\*\            - EXTI_LINE16   
 144:n32g430_std_periph_driver/src/n32g430_exti.c **** *\*\            - EXTI_LINE17   
 145:n32g430_std_periph_driver/src/n32g430_exti.c **** *\*\            - EXTI_LINE18   
 146:n32g430_std_periph_driver/src/n32g430_exti.c **** *\*\            - EXTI_LINE19     
 147:n32g430_std_periph_driver/src/n32g430_exti.c **** *\*\            - EXTI_LINE20   
 148:n32g430_std_periph_driver/src/n32g430_exti.c **** *\*\            - EXTI_LINE21   
 149:n32g430_std_periph_driver/src/n32g430_exti.c **** *\*\            - EXTI_LINE22 
 150:n32g430_std_periph_driver/src/n32g430_exti.c **** *\*\            - EXTI_LINE23 
 151:n32g430_std_periph_driver/src/n32g430_exti.c **** *\*\return  none
 152:n32g430_std_periph_driver/src/n32g430_exti.c **** **/
 153:n32g430_std_periph_driver/src/n32g430_exti.c **** void EXTI_Work_Mode_Config(uint32_t exti_line,uint32_t exti_mode)
 154:n32g430_std_periph_driver/src/n32g430_exti.c **** {
  67              		.loc 1 154 1 is_stmt 1 view -0
  68              		.cfi_startproc
  69              		@ args = 0, pretend = 0, frame = 0
  70              		@ frame_needed = 0, uses_anonymous_args = 0
  71              		@ link register save eliminated.
 155:n32g430_std_periph_driver/src/n32g430_exti.c ****     uint32_t temp_value = 0;    
  72              		.loc 1 155 5 view .LVU13
 156:n32g430_std_periph_driver/src/n32g430_exti.c ****     temp_value = (uint32_t)EXTI_BASE;    
  73              		.loc 1 156 5 view .LVU14
 157:n32g430_std_periph_driver/src/n32g430_exti.c ****     /* Clear work mode configuration */
 158:n32g430_std_periph_driver/src/n32g430_exti.c ****     EXTI->IMASK &= ~exti_line;
ARM GAS  C:\Users\Dawn\AppData\Local\Temp\cctMasXf.s 			page 5


  74              		.loc 1 158 5 view .LVU15
  75              		.loc 1 158 9 is_stmt 0 view .LVU16
  76 0000 084B     		ldr	r3, .L5
  77 0002 1A68     		ldr	r2, [r3]
  78              		.loc 1 158 17 view .LVU17
  79 0004 22EA0002 		bic	r2, r2, r0
  80 0008 1A60     		str	r2, [r3]
 159:n32g430_std_periph_driver/src/n32g430_exti.c ****     EXTI->EMASK &= ~exti_line;
  81              		.loc 1 159 5 is_stmt 1 view .LVU18
  82              		.loc 1 159 9 is_stmt 0 view .LVU19
  83 000a 5A68     		ldr	r2, [r3, #4]
  84              		.loc 1 159 17 view .LVU20
  85 000c 22EA0002 		bic	r2, r2, r0
  86 0010 5A60     		str	r2, [r3, #4]
 160:n32g430_std_periph_driver/src/n32g430_exti.c ****    /* Select the work mode */
 161:n32g430_std_periph_driver/src/n32g430_exti.c ****     temp_value += exti_mode;
  87              		.loc 1 161 5 is_stmt 1 view .LVU21
  88              		.loc 1 161 16 is_stmt 0 view .LVU22
  89 0012 01F18041 		add	r1, r1, #1073741824
  90              	.LVL1:
  91              		.loc 1 161 16 view .LVU23
  92 0016 01F58231 		add	r1, r1, #66560
  93              	.LVL2:
 162:n32g430_std_periph_driver/src/n32g430_exti.c ****     *(__IO uint32_t*)temp_value |= exti_line;
  94              		.loc 1 162 5 is_stmt 1 view .LVU24
  95 001a 0B68     		ldr	r3, [r1]
  96              		.loc 1 162 33 is_stmt 0 view .LVU25
  97 001c 0343     		orrs	r3, r3, r0
  98 001e 0B60     		str	r3, [r1]
 163:n32g430_std_periph_driver/src/n32g430_exti.c **** }
  99              		.loc 1 163 1 view .LVU26
 100 0020 7047     		bx	lr
 101              	.L6:
 102 0022 00BF     		.align	2
 103              	.L5:
 104 0024 00040140 		.word	1073808384
 105              		.cfi_endproc
 106              	.LFE125:
 108              		.section	.text.EXTI_Trigger_Config,"ax",%progbits
 109              		.align	1
 110              		.global	EXTI_Trigger_Config
 111              		.syntax unified
 112              		.thumb
 113              		.thumb_func
 115              	EXTI_Trigger_Config:
 116              	.LVL3:
 117              	.LFB126:
 164:n32g430_std_periph_driver/src/n32g430_exti.c **** 
 165:n32g430_std_periph_driver/src/n32g430_exti.c **** /**
 166:n32g430_std_periph_driver/src/n32g430_exti.c **** *\*\name    EXTI_EXTI_Trigger_Config.
 167:n32g430_std_periph_driver/src/n32g430_exti.c **** *\*\fun     Config the EXTI according to EXTI_Trigger.
 168:n32g430_std_periph_driver/src/n32g430_exti.c **** *\*\param   exti_trigger :
 169:n32g430_std_periph_driver/src/n32g430_exti.c **** *\*\            - EXTI_Trigger_Rising
 170:n32g430_std_periph_driver/src/n32g430_exti.c **** *\*\            - EXTI_Trigger_Falling
 171:n32g430_std_periph_driver/src/n32g430_exti.c **** *\*\            - EXTI_Trigger_Rising_Falling
 172:n32g430_std_periph_driver/src/n32g430_exti.c **** *\*\param   exti_line :
 173:n32g430_std_periph_driver/src/n32g430_exti.c **** *\*\            - EXTI_LINE0              
ARM GAS  C:\Users\Dawn\AppData\Local\Temp\cctMasXf.s 			page 6


 174:n32g430_std_periph_driver/src/n32g430_exti.c **** *\*\            - EXTI_LINE1            
 175:n32g430_std_periph_driver/src/n32g430_exti.c **** *\*\            - EXTI_LINE2              
 176:n32g430_std_periph_driver/src/n32g430_exti.c **** *\*\            - EXTI_LINE3             
 177:n32g430_std_periph_driver/src/n32g430_exti.c **** *\*\            - EXTI_LINE4              
 178:n32g430_std_periph_driver/src/n32g430_exti.c **** *\*\            - EXTI_LINE5 
 179:n32g430_std_periph_driver/src/n32g430_exti.c **** *\*\            - EXTI_LINE6              
 180:n32g430_std_periph_driver/src/n32g430_exti.c **** *\*\            - EXTI_LINE7                
 181:n32g430_std_periph_driver/src/n32g430_exti.c **** *\*\            - EXTI_LINE8              
 182:n32g430_std_periph_driver/src/n32g430_exti.c **** *\*\            - EXTI_LINE9              
 183:n32g430_std_periph_driver/src/n32g430_exti.c **** *\*\            - EXTI_LINE10              
 184:n32g430_std_periph_driver/src/n32g430_exti.c **** *\*\            - EXTI_LINE11            
 185:n32g430_std_periph_driver/src/n32g430_exti.c **** *\*\            - EXTI_LINE12            
 186:n32g430_std_periph_driver/src/n32g430_exti.c **** *\*\            - EXTI_LINE13   
 187:n32g430_std_periph_driver/src/n32g430_exti.c **** *\*\            - EXTI_LINE14
 188:n32g430_std_periph_driver/src/n32g430_exti.c **** *\*\            - EXTI_LINE15   
 189:n32g430_std_periph_driver/src/n32g430_exti.c **** *\*\            - EXTI_LINE16   
 190:n32g430_std_periph_driver/src/n32g430_exti.c **** *\*\            - EXTI_LINE17   
 191:n32g430_std_periph_driver/src/n32g430_exti.c **** *\*\            - EXTI_LINE18   
 192:n32g430_std_periph_driver/src/n32g430_exti.c **** *\*\            - EXTI_LINE19     
 193:n32g430_std_periph_driver/src/n32g430_exti.c **** *\*\            - EXTI_LINE20   
 194:n32g430_std_periph_driver/src/n32g430_exti.c **** *\*\            - EXTI_LINE21  
 195:n32g430_std_periph_driver/src/n32g430_exti.c **** *\*\            - EXTI_LINE22
 196:n32g430_std_periph_driver/src/n32g430_exti.c **** *\*\            - EXTI_LINE23
 197:n32g430_std_periph_driver/src/n32g430_exti.c **** *\*\return  none
 198:n32g430_std_periph_driver/src/n32g430_exti.c **** **/
 199:n32g430_std_periph_driver/src/n32g430_exti.c **** void EXTI_Trigger_Config(uint32_t exti_line,uint32_t exti_trigger)
 200:n32g430_std_periph_driver/src/n32g430_exti.c **** {
 118              		.loc 1 200 1 is_stmt 1 view -0
 119              		.cfi_startproc
 120              		@ args = 0, pretend = 0, frame = 0
 121              		@ frame_needed = 0, uses_anonymous_args = 0
 122              		@ link register save eliminated.
 201:n32g430_std_periph_driver/src/n32g430_exti.c ****     uint32_t temp_value = 0;    
 123              		.loc 1 201 5 view .LVU28
 202:n32g430_std_periph_driver/src/n32g430_exti.c ****     temp_value = (uint32_t)EXTI_BASE;      
 124              		.loc 1 202 5 view .LVU29
 203:n32g430_std_periph_driver/src/n32g430_exti.c ****     /* Clear Rising Falling edge configuration */
 204:n32g430_std_periph_driver/src/n32g430_exti.c ****     EXTI->RT_CFG &= ~exti_line;
 125              		.loc 1 204 5 view .LVU30
 126              		.loc 1 204 9 is_stmt 0 view .LVU31
 127 0000 0C4B     		ldr	r3, .L11
 128 0002 9A68     		ldr	r2, [r3, #8]
 129              		.loc 1 204 18 view .LVU32
 130 0004 22EA0002 		bic	r2, r2, r0
 131 0008 9A60     		str	r2, [r3, #8]
 205:n32g430_std_periph_driver/src/n32g430_exti.c ****     EXTI->FT_CFG &= ~exti_line;
 132              		.loc 1 205 5 is_stmt 1 view .LVU33
 133              		.loc 1 205 9 is_stmt 0 view .LVU34
 134 000a DA68     		ldr	r2, [r3, #12]
 135              		.loc 1 205 18 view .LVU35
 136 000c 22EA0002 		bic	r2, r2, r0
 137 0010 DA60     		str	r2, [r3, #12]
 206:n32g430_std_periph_driver/src/n32g430_exti.c **** 
 207:n32g430_std_periph_driver/src/n32g430_exti.c ****    /* Select the trigger method */
 208:n32g430_std_periph_driver/src/n32g430_exti.c ****     if(exti_trigger == EXTI_Trigger_Rising_Falling)
 138              		.loc 1 208 5 is_stmt 1 view .LVU36
 139              		.loc 1 208 7 is_stmt 0 view .LVU37
ARM GAS  C:\Users\Dawn\AppData\Local\Temp\cctMasXf.s 			page 7


 140 0012 1029     		cmp	r1, #16
 141 0014 07D0     		beq	.L10
 209:n32g430_std_periph_driver/src/n32g430_exti.c ****     {
 210:n32g430_std_periph_driver/src/n32g430_exti.c ****         EXTI->RT_CFG |= exti_line;
 211:n32g430_std_periph_driver/src/n32g430_exti.c ****         EXTI->FT_CFG |= exti_line;
 212:n32g430_std_periph_driver/src/n32g430_exti.c ****     }
 213:n32g430_std_periph_driver/src/n32g430_exti.c ****     else
 214:n32g430_std_periph_driver/src/n32g430_exti.c ****     {
 215:n32g430_std_periph_driver/src/n32g430_exti.c ****         temp_value = (uint32_t)EXTI_BASE;
 142              		.loc 1 215 9 is_stmt 1 view .LVU38
 216:n32g430_std_periph_driver/src/n32g430_exti.c ****         temp_value += exti_trigger;
 143              		.loc 1 216 9 view .LVU39
 144              		.loc 1 216 20 is_stmt 0 view .LVU40
 145 0016 01F18041 		add	r1, r1, #1073741824
 146              	.LVL4:
 147              		.loc 1 216 20 view .LVU41
 148 001a 01F58231 		add	r1, r1, #66560
 149              	.LVL5:
 217:n32g430_std_periph_driver/src/n32g430_exti.c **** 
 218:n32g430_std_periph_driver/src/n32g430_exti.c ****         *(__IO uint32_t*)temp_value |= exti_line;      
 150              		.loc 1 218 9 is_stmt 1 view .LVU42
 151 001e 0B68     		ldr	r3, [r1]
 152              		.loc 1 218 37 is_stmt 0 view .LVU43
 153 0020 0343     		orrs	r3, r3, r0
 154 0022 0B60     		str	r3, [r1]
 219:n32g430_std_periph_driver/src/n32g430_exti.c ****     }    
 220:n32g430_std_periph_driver/src/n32g430_exti.c **** 
 221:n32g430_std_periph_driver/src/n32g430_exti.c **** }
 155              		.loc 1 221 1 view .LVU44
 156 0024 7047     		bx	lr
 157              	.LVL6:
 158              	.L10:
 210:n32g430_std_periph_driver/src/n32g430_exti.c ****         EXTI->FT_CFG |= exti_line;
 159              		.loc 1 210 9 is_stmt 1 view .LVU45
 210:n32g430_std_periph_driver/src/n32g430_exti.c ****         EXTI->FT_CFG |= exti_line;
 160              		.loc 1 210 13 is_stmt 0 view .LVU46
 161 0026 9A68     		ldr	r2, [r3, #8]
 210:n32g430_std_periph_driver/src/n32g430_exti.c ****         EXTI->FT_CFG |= exti_line;
 162              		.loc 1 210 22 view .LVU47
 163 0028 0243     		orrs	r2, r2, r0
 164 002a 9A60     		str	r2, [r3, #8]
 211:n32g430_std_periph_driver/src/n32g430_exti.c ****     }
 165              		.loc 1 211 9 is_stmt 1 view .LVU48
 211:n32g430_std_periph_driver/src/n32g430_exti.c ****     }
 166              		.loc 1 211 13 is_stmt 0 view .LVU49
 167 002c DA68     		ldr	r2, [r3, #12]
 211:n32g430_std_periph_driver/src/n32g430_exti.c ****     }
 168              		.loc 1 211 22 view .LVU50
 169 002e 0243     		orrs	r2, r2, r0
 170 0030 DA60     		str	r2, [r3, #12]
 171 0032 7047     		bx	lr
 172              	.L12:
 173              		.align	2
 174              	.L11:
 175 0034 00040140 		.word	1073808384
 176              		.cfi_endproc
 177              	.LFE126:
ARM GAS  C:\Users\Dawn\AppData\Local\Temp\cctMasXf.s 			page 8


 179              		.section	.text.EXTI_LineCmd_Disable,"ax",%progbits
 180              		.align	1
 181              		.global	EXTI_LineCmd_Disable
 182              		.syntax unified
 183              		.thumb
 184              		.thumb_func
 186              	EXTI_LineCmd_Disable:
 187              	.LVL7:
 188              	.LFB127:
 222:n32g430_std_periph_driver/src/n32g430_exti.c **** 
 223:n32g430_std_periph_driver/src/n32g430_exti.c **** /**
 224:n32g430_std_periph_driver/src/n32g430_exti.c **** *\*\name    EXTI_EXTI_LineCmd_Disable.
 225:n32g430_std_periph_driver/src/n32g430_exti.c **** *\*\fun     Config the EXTI according to EXTI_LineCmd.
 226:n32g430_std_periph_driver/src/n32g430_exti.c **** *\*\param   exti_linecmd :   
 227:n32g430_std_periph_driver/src/n32g430_exti.c **** *\*\            - ENABLE
 228:n32g430_std_periph_driver/src/n32g430_exti.c **** *\*\            - DISABLE
 229:n32g430_std_periph_driver/src/n32g430_exti.c **** *\*\param   exti_mode :
 230:n32g430_std_periph_driver/src/n32g430_exti.c **** *\*\            - EXTI_Mode_Interrupt
 231:n32g430_std_periph_driver/src/n32g430_exti.c **** *\*\            - EXTI_Mode_Event
 232:n32g430_std_periph_driver/src/n32g430_exti.c **** *\*\param   exti_line :
 233:n32g430_std_periph_driver/src/n32g430_exti.c **** *\*\            - EXTI_LINE0              
 234:n32g430_std_periph_driver/src/n32g430_exti.c **** *\*\            - EXTI_LINE1            
 235:n32g430_std_periph_driver/src/n32g430_exti.c **** *\*\            - EXTI_LINE2              
 236:n32g430_std_periph_driver/src/n32g430_exti.c **** *\*\            - EXTI_LINE3             
 237:n32g430_std_periph_driver/src/n32g430_exti.c **** *\*\            - EXTI_LINE4              
 238:n32g430_std_periph_driver/src/n32g430_exti.c **** *\*\            - EXTI_LINE5 
 239:n32g430_std_periph_driver/src/n32g430_exti.c **** *\*\            - EXTI_LINE6              
 240:n32g430_std_periph_driver/src/n32g430_exti.c **** *\*\            - EXTI_LINE7                
 241:n32g430_std_periph_driver/src/n32g430_exti.c **** *\*\            - EXTI_LINE8              
 242:n32g430_std_periph_driver/src/n32g430_exti.c **** *\*\            - EXTI_LINE9              
 243:n32g430_std_periph_driver/src/n32g430_exti.c **** *\*\            - EXTI_LINE10              
 244:n32g430_std_periph_driver/src/n32g430_exti.c **** *\*\            - EXTI_LINE11            
 245:n32g430_std_periph_driver/src/n32g430_exti.c **** *\*\            - EXTI_LINE12            
 246:n32g430_std_periph_driver/src/n32g430_exti.c **** *\*\            - EXTI_LINE13   
 247:n32g430_std_periph_driver/src/n32g430_exti.c **** *\*\            - EXTI_LINE14
 248:n32g430_std_periph_driver/src/n32g430_exti.c **** *\*\            - EXTI_LINE15   
 249:n32g430_std_periph_driver/src/n32g430_exti.c **** *\*\            - EXTI_LINE16   
 250:n32g430_std_periph_driver/src/n32g430_exti.c **** *\*\            - EXTI_LINE17   
 251:n32g430_std_periph_driver/src/n32g430_exti.c **** *\*\            - EXTI_LINE18   
 252:n32g430_std_periph_driver/src/n32g430_exti.c **** *\*\            - EXTI_LINE19     
 253:n32g430_std_periph_driver/src/n32g430_exti.c **** *\*\            - EXTI_LINE20   
 254:n32g430_std_periph_driver/src/n32g430_exti.c **** *\*\            - EXTI_LINE21 
 255:n32g430_std_periph_driver/src/n32g430_exti.c **** *\*\            - EXTI_LINE22
 256:n32g430_std_periph_driver/src/n32g430_exti.c **** *\*\            - EXTI_LINE23 
 257:n32g430_std_periph_driver/src/n32g430_exti.c **** *\*\return  none
 258:n32g430_std_periph_driver/src/n32g430_exti.c **** **/
 259:n32g430_std_periph_driver/src/n32g430_exti.c **** void EXTI_LineCmd_Disable(uint32_t exti_line,uint32_t exti_linecmd,uint32_t exti_mode)
 260:n32g430_std_periph_driver/src/n32g430_exti.c **** {
 189              		.loc 1 260 1 is_stmt 1 view -0
 190              		.cfi_startproc
 191              		@ args = 0, pretend = 0, frame = 0
 192              		@ frame_needed = 0, uses_anonymous_args = 0
 193              		@ link register save eliminated.
 261:n32g430_std_periph_driver/src/n32g430_exti.c ****     uint32_t temp_value = 0;    
 194              		.loc 1 261 5 view .LVU52
 262:n32g430_std_periph_driver/src/n32g430_exti.c ****     temp_value = (uint32_t)EXTI_BASE;    
 195              		.loc 1 262 5 view .LVU53
ARM GAS  C:\Users\Dawn\AppData\Local\Temp\cctMasXf.s 			page 9


 263:n32g430_std_periph_driver/src/n32g430_exti.c ****      /* Disable the selected external lines */
 264:n32g430_std_periph_driver/src/n32g430_exti.c ****     if(exti_linecmd == DISABLE)
 196              		.loc 1 264 5 view .LVU54
 197              		.loc 1 264 7 is_stmt 0 view .LVU55
 198 0000 39B9     		cbnz	r1, .L13
 265:n32g430_std_periph_driver/src/n32g430_exti.c ****     {
 266:n32g430_std_periph_driver/src/n32g430_exti.c ****         temp_value += exti_mode;
 199              		.loc 1 266 9 is_stmt 1 view .LVU56
 200              		.loc 1 266 20 is_stmt 0 view .LVU57
 201 0002 02F18042 		add	r2, r2, #1073741824
 202              	.LVL8:
 203              		.loc 1 266 20 view .LVU58
 204 0006 02F58232 		add	r2, r2, #66560
 205              	.LVL9:
 267:n32g430_std_periph_driver/src/n32g430_exti.c ****         /* Disable the selected external lines */
 268:n32g430_std_periph_driver/src/n32g430_exti.c ****         *(__IO uint32_t*)temp_value &= ~exti_line;             
 206              		.loc 1 268 9 is_stmt 1 view .LVU59
 207 000a 1368     		ldr	r3, [r2]
 208              		.loc 1 268 37 is_stmt 0 view .LVU60
 209 000c 23EA0003 		bic	r3, r3, r0
 210 0010 1360     		str	r3, [r2]
 211              	.LVL10:
 212              	.L13:
 269:n32g430_std_periph_driver/src/n32g430_exti.c ****     }
 270:n32g430_std_periph_driver/src/n32g430_exti.c **** }
 213              		.loc 1 270 1 view .LVU61
 214 0012 7047     		bx	lr
 215              		.cfi_endproc
 216              	.LFE127:
 218              		.section	.text.EXTI_Peripheral_Initializes,"ax",%progbits
 219              		.align	1
 220              		.global	EXTI_Peripheral_Initializes
 221              		.syntax unified
 222              		.thumb
 223              		.thumb_func
 225              	EXTI_Peripheral_Initializes:
 226              	.LVL11:
 227              	.LFB124:
 114:n32g430_std_periph_driver/src/n32g430_exti.c ****     EXTI_Work_Mode_Config(EXTI_InitStruct->EXTI_Line,EXTI_InitStruct->EXTI_Mode);
 228              		.loc 1 114 1 is_stmt 1 view -0
 229              		.cfi_startproc
 230              		@ args = 0, pretend = 0, frame = 0
 231              		@ frame_needed = 0, uses_anonymous_args = 0
 114:n32g430_std_periph_driver/src/n32g430_exti.c ****     EXTI_Work_Mode_Config(EXTI_InitStruct->EXTI_Line,EXTI_InitStruct->EXTI_Mode);
 232              		.loc 1 114 1 is_stmt 0 view .LVU63
 233 0000 10B5     		push	{r4, lr}
 234              	.LCFI0:
 235              		.cfi_def_cfa_offset 8
 236              		.cfi_offset 4, -8
 237              		.cfi_offset 14, -4
 238 0002 0446     		mov	r4, r0
 115:n32g430_std_periph_driver/src/n32g430_exti.c ****     EXTI_Trigger_Config(EXTI_InitStruct->EXTI_Line,EXTI_InitStruct->EXTI_Trigger);
 239              		.loc 1 115 5 is_stmt 1 view .LVU64
 240 0004 0179     		ldrb	r1, [r0, #4]	@ zero_extendqisi2
 241 0006 0068     		ldr	r0, [r0]
 242              	.LVL12:
 115:n32g430_std_periph_driver/src/n32g430_exti.c ****     EXTI_Trigger_Config(EXTI_InitStruct->EXTI_Line,EXTI_InitStruct->EXTI_Trigger);
ARM GAS  C:\Users\Dawn\AppData\Local\Temp\cctMasXf.s 			page 10


 243              		.loc 1 115 5 is_stmt 0 view .LVU65
 244 0008 FFF7FEFF 		bl	EXTI_Work_Mode_Config
 245              	.LVL13:
 116:n32g430_std_periph_driver/src/n32g430_exti.c ****     EXTI_LineCmd_Disable(EXTI_InitStruct->EXTI_Line,EXTI_InitStruct->EXTI_LineCmd,EXTI_InitStruct->
 246              		.loc 1 116 5 is_stmt 1 view .LVU66
 247 000c 6179     		ldrb	r1, [r4, #5]	@ zero_extendqisi2
 248 000e 2068     		ldr	r0, [r4]
 249 0010 FFF7FEFF 		bl	EXTI_Trigger_Config
 250              	.LVL14:
 117:n32g430_std_periph_driver/src/n32g430_exti.c **** }
 251              		.loc 1 117 5 view .LVU67
 252 0014 2279     		ldrb	r2, [r4, #4]	@ zero_extendqisi2
 253 0016 A179     		ldrb	r1, [r4, #6]	@ zero_extendqisi2
 254 0018 2068     		ldr	r0, [r4]
 255 001a FFF7FEFF 		bl	EXTI_LineCmd_Disable
 256              	.LVL15:
 118:n32g430_std_periph_driver/src/n32g430_exti.c **** 
 257              		.loc 1 118 1 is_stmt 0 view .LVU68
 258 001e 10BD     		pop	{r4, pc}
 118:n32g430_std_periph_driver/src/n32g430_exti.c **** 
 259              		.loc 1 118 1 view .LVU69
 260              		.cfi_endproc
 261              	.LFE124:
 263              		.section	.text.EXTI_Structure_Initializes,"ax",%progbits
 264              		.align	1
 265              		.global	EXTI_Structure_Initializes
 266              		.syntax unified
 267              		.thumb
 268              		.thumb_func
 270              	EXTI_Structure_Initializes:
 271              	.LVL16:
 272              	.LFB128:
 271:n32g430_std_periph_driver/src/n32g430_exti.c **** 
 272:n32g430_std_periph_driver/src/n32g430_exti.c **** 
 273:n32g430_std_periph_driver/src/n32g430_exti.c **** /**
 274:n32g430_std_periph_driver/src/n32g430_exti.c **** *\*\name    EXTI_Structure_Initializes.
 275:n32g430_std_periph_driver/src/n32g430_exti.c **** *\*\fun     Fills each EXTI_InitStruct member with its default value.
 276:n32g430_std_periph_driver/src/n32g430_exti.c **** *\*\param   EXTI_InitStruct :   
 277:n32g430_std_periph_driver/src/n32g430_exti.c **** *\*\            - EXTI_Line
 278:n32g430_std_periph_driver/src/n32g430_exti.c **** *\*\            - EXTI_Mode
 279:n32g430_std_periph_driver/src/n32g430_exti.c **** *\*\            - EXTI_Trigger
 280:n32g430_std_periph_driver/src/n32g430_exti.c **** *\*\            - EXTI_LineCmd  
 281:n32g430_std_periph_driver/src/n32g430_exti.c **** *\*\return  none
 282:n32g430_std_periph_driver/src/n32g430_exti.c **** **/
 283:n32g430_std_periph_driver/src/n32g430_exti.c **** void EXTI_Structure_Initializes(EXTI_InitType* EXTI_InitStruct)
 284:n32g430_std_periph_driver/src/n32g430_exti.c **** {
 273              		.loc 1 284 1 is_stmt 1 view -0
 274              		.cfi_startproc
 275              		@ args = 0, pretend = 0, frame = 0
 276              		@ frame_needed = 0, uses_anonymous_args = 0
 277              		@ link register save eliminated.
 285:n32g430_std_periph_driver/src/n32g430_exti.c ****     EXTI_InitStruct->EXTI_Line    = EXTI_LINENONE;
 278              		.loc 1 285 5 view .LVU71
 279              		.loc 1 285 35 is_stmt 0 view .LVU72
 280 0000 0023     		movs	r3, #0
 281 0002 0360     		str	r3, [r0]
 286:n32g430_std_periph_driver/src/n32g430_exti.c ****     EXTI_InitStruct->EXTI_Mode    = EXTI_Mode_Interrupt;
ARM GAS  C:\Users\Dawn\AppData\Local\Temp\cctMasXf.s 			page 11


 282              		.loc 1 286 5 is_stmt 1 view .LVU73
 283              		.loc 1 286 35 is_stmt 0 view .LVU74
 284 0004 0371     		strb	r3, [r0, #4]
 287:n32g430_std_periph_driver/src/n32g430_exti.c ****     EXTI_InitStruct->EXTI_Trigger = EXTI_Trigger_Falling;
 285              		.loc 1 287 5 is_stmt 1 view .LVU75
 286              		.loc 1 287 35 is_stmt 0 view .LVU76
 287 0006 0C22     		movs	r2, #12
 288 0008 4271     		strb	r2, [r0, #5]
 288:n32g430_std_periph_driver/src/n32g430_exti.c ****     EXTI_InitStruct->EXTI_LineCmd = DISABLE;
 289              		.loc 1 288 5 is_stmt 1 view .LVU77
 290              		.loc 1 288 35 is_stmt 0 view .LVU78
 291 000a 8371     		strb	r3, [r0, #6]
 289:n32g430_std_periph_driver/src/n32g430_exti.c **** }
 292              		.loc 1 289 1 view .LVU79
 293 000c 7047     		bx	lr
 294              		.cfi_endproc
 295              	.LFE128:
 297              		.section	.text.EXTI_Software_Interrupt_Trigger,"ax",%progbits
 298              		.align	1
 299              		.global	EXTI_Software_Interrupt_Trigger
 300              		.syntax unified
 301              		.thumb
 302              		.thumb_func
 304              	EXTI_Software_Interrupt_Trigger:
 305              	.LVL17:
 306              	.LFB129:
 290:n32g430_std_periph_driver/src/n32g430_exti.c **** 
 291:n32g430_std_periph_driver/src/n32g430_exti.c **** 
 292:n32g430_std_periph_driver/src/n32g430_exti.c **** /**
 293:n32g430_std_periph_driver/src/n32g430_exti.c **** *\*\name    EXTI_Software_Interrupt_Trigger.
 294:n32g430_std_periph_driver/src/n32g430_exti.c **** *\*\fun     Generates a Software interrupt.
 295:n32g430_std_periph_driver/src/n32g430_exti.c **** *\*\param   exti_line :   
 296:n32g430_std_periph_driver/src/n32g430_exti.c **** *\*\            - EXTI_LINE0              
 297:n32g430_std_periph_driver/src/n32g430_exti.c **** *\*\            - EXTI_LINE1            
 298:n32g430_std_periph_driver/src/n32g430_exti.c **** *\*\            - EXTI_LINE2              
 299:n32g430_std_periph_driver/src/n32g430_exti.c **** *\*\            - EXTI_LINE3             
 300:n32g430_std_periph_driver/src/n32g430_exti.c **** *\*\            - EXTI_LINE4              
 301:n32g430_std_periph_driver/src/n32g430_exti.c **** *\*\            - EXTI_LINE5 
 302:n32g430_std_periph_driver/src/n32g430_exti.c **** *\*\            - EXTI_LINE6              
 303:n32g430_std_periph_driver/src/n32g430_exti.c **** *\*\            - EXTI_LINE7                
 304:n32g430_std_periph_driver/src/n32g430_exti.c **** *\*\            - EXTI_LINE8              
 305:n32g430_std_periph_driver/src/n32g430_exti.c **** *\*\            - EXTI_LINE9              
 306:n32g430_std_periph_driver/src/n32g430_exti.c **** *\*\            - EXTI_LINE10              
 307:n32g430_std_periph_driver/src/n32g430_exti.c **** *\*\            - EXTI_LINE11            
 308:n32g430_std_periph_driver/src/n32g430_exti.c **** *\*\            - EXTI_LINE12            
 309:n32g430_std_periph_driver/src/n32g430_exti.c **** *\*\            - EXTI_LINE13   
 310:n32g430_std_periph_driver/src/n32g430_exti.c **** *\*\            - EXTI_LINE14
 311:n32g430_std_periph_driver/src/n32g430_exti.c **** *\*\            - EXTI_LINE15   
 312:n32g430_std_periph_driver/src/n32g430_exti.c **** *\*\            - EXTI_LINE16   
 313:n32g430_std_periph_driver/src/n32g430_exti.c **** *\*\            - EXTI_LINE17   
 314:n32g430_std_periph_driver/src/n32g430_exti.c **** *\*\            - EXTI_LINE18   
 315:n32g430_std_periph_driver/src/n32g430_exti.c **** *\*\            - EXTI_LINE19     
 316:n32g430_std_periph_driver/src/n32g430_exti.c **** *\*\            - EXTI_LINE20   
 317:n32g430_std_periph_driver/src/n32g430_exti.c **** *\*\            - EXTI_LINE21 
 318:n32g430_std_periph_driver/src/n32g430_exti.c **** *\*\            - EXTI_LINE22
 319:n32g430_std_periph_driver/src/n32g430_exti.c **** *\*\            - EXTI_LINE23
 320:n32g430_std_periph_driver/src/n32g430_exti.c **** *\*\return  none
ARM GAS  C:\Users\Dawn\AppData\Local\Temp\cctMasXf.s 			page 12


 321:n32g430_std_periph_driver/src/n32g430_exti.c **** **/
 322:n32g430_std_periph_driver/src/n32g430_exti.c **** void EXTI_Software_Interrupt_Trigger(uint32_t exti_line)
 323:n32g430_std_periph_driver/src/n32g430_exti.c **** {
 307              		.loc 1 323 1 is_stmt 1 view -0
 308              		.cfi_startproc
 309              		@ args = 0, pretend = 0, frame = 0
 310              		@ frame_needed = 0, uses_anonymous_args = 0
 311              		@ link register save eliminated.
 324:n32g430_std_periph_driver/src/n32g430_exti.c ****     /* Set the EXTI_SWIE ON bit, The EXTI generates a Software interrupt */
 325:n32g430_std_periph_driver/src/n32g430_exti.c ****     EXTI->SWIE |= exti_line;
 312              		.loc 1 325 5 view .LVU81
 313              		.loc 1 325 9 is_stmt 0 view .LVU82
 314 0000 024A     		ldr	r2, .L19
 315 0002 1369     		ldr	r3, [r2, #16]
 316              		.loc 1 325 16 view .LVU83
 317 0004 0343     		orrs	r3, r3, r0
 318 0006 1361     		str	r3, [r2, #16]
 326:n32g430_std_periph_driver/src/n32g430_exti.c **** }
 319              		.loc 1 326 1 view .LVU84
 320 0008 7047     		bx	lr
 321              	.L20:
 322 000a 00BF     		.align	2
 323              	.L19:
 324 000c 00040140 		.word	1073808384
 325              		.cfi_endproc
 326              	.LFE129:
 328              		.section	.text.EXTI_Flag_Status_Get,"ax",%progbits
 329              		.align	1
 330              		.global	EXTI_Flag_Status_Get
 331              		.syntax unified
 332              		.thumb
 333              		.thumb_func
 335              	EXTI_Flag_Status_Get:
 336              	.LVL18:
 337              	.LFB130:
 327:n32g430_std_periph_driver/src/n32g430_exti.c **** 
 328:n32g430_std_periph_driver/src/n32g430_exti.c **** 
 329:n32g430_std_periph_driver/src/n32g430_exti.c **** 
 330:n32g430_std_periph_driver/src/n32g430_exti.c **** /**
 331:n32g430_std_periph_driver/src/n32g430_exti.c **** *\*\name    EXTI_Flag_Status_Get.
 332:n32g430_std_periph_driver/src/n32g430_exti.c **** *\*\fun     Get EXTI line flag status.
 333:n32g430_std_periph_driver/src/n32g430_exti.c **** *\*\param   exti_line :   
 334:n32g430_std_periph_driver/src/n32g430_exti.c **** *\*\            - EXTI_LINE0              
 335:n32g430_std_periph_driver/src/n32g430_exti.c **** *\*\            - EXTI_LINE1            
 336:n32g430_std_periph_driver/src/n32g430_exti.c **** *\*\            - EXTI_LINE2              
 337:n32g430_std_periph_driver/src/n32g430_exti.c **** *\*\            - EXTI_LINE3             
 338:n32g430_std_periph_driver/src/n32g430_exti.c **** *\*\            - EXTI_LINE4              
 339:n32g430_std_periph_driver/src/n32g430_exti.c **** *\*\            - EXTI_LINE5 
 340:n32g430_std_periph_driver/src/n32g430_exti.c **** *\*\            - EXTI_LINE6              
 341:n32g430_std_periph_driver/src/n32g430_exti.c **** *\*\            - EXTI_LINE7                
 342:n32g430_std_periph_driver/src/n32g430_exti.c **** *\*\            - EXTI_LINE8              
 343:n32g430_std_periph_driver/src/n32g430_exti.c **** *\*\            - EXTI_LINE9              
 344:n32g430_std_periph_driver/src/n32g430_exti.c **** *\*\            - EXTI_LINE10              
 345:n32g430_std_periph_driver/src/n32g430_exti.c **** *\*\            - EXTI_LINE11            
 346:n32g430_std_periph_driver/src/n32g430_exti.c **** *\*\            - EXTI_LINE12            
 347:n32g430_std_periph_driver/src/n32g430_exti.c **** *\*\            - EXTI_LINE13   
 348:n32g430_std_periph_driver/src/n32g430_exti.c **** *\*\            - EXTI_LINE14
ARM GAS  C:\Users\Dawn\AppData\Local\Temp\cctMasXf.s 			page 13


 349:n32g430_std_periph_driver/src/n32g430_exti.c **** *\*\            - EXTI_LINE15   
 350:n32g430_std_periph_driver/src/n32g430_exti.c **** *\*\            - EXTI_LINE16   
 351:n32g430_std_periph_driver/src/n32g430_exti.c **** *\*\            - EXTI_LINE17   
 352:n32g430_std_periph_driver/src/n32g430_exti.c **** *\*\            - EXTI_LINE18   
 353:n32g430_std_periph_driver/src/n32g430_exti.c **** *\*\            - EXTI_LINE19     
 354:n32g430_std_periph_driver/src/n32g430_exti.c **** *\*\            - EXTI_LINE20   
 355:n32g430_std_periph_driver/src/n32g430_exti.c **** *\*\            - EXTI_LINE21 
 356:n32g430_std_periph_driver/src/n32g430_exti.c **** *\*\            - EXTI_LINE22
 357:n32g430_std_periph_driver/src/n32g430_exti.c **** *\*\            - EXTI_LINE23
 358:n32g430_std_periph_driver/src/n32g430_exti.c **** *\*\return  SET or RESET
 359:n32g430_std_periph_driver/src/n32g430_exti.c **** **/
 360:n32g430_std_periph_driver/src/n32g430_exti.c **** FlagStatus EXTI_Flag_Status_Get(uint32_t exti_line)
 361:n32g430_std_periph_driver/src/n32g430_exti.c **** {
 338              		.loc 1 361 1 is_stmt 1 view -0
 339              		.cfi_startproc
 340              		@ args = 0, pretend = 0, frame = 0
 341              		@ frame_needed = 0, uses_anonymous_args = 0
 342              		@ link register save eliminated.
 362:n32g430_std_periph_driver/src/n32g430_exti.c ****     if ((EXTI->PEND & exti_line) != (uint32_t)RESET)
 343              		.loc 1 362 5 view .LVU86
 344              		.loc 1 362 14 is_stmt 0 view .LVU87
 345 0000 034B     		ldr	r3, .L24
 346 0002 5B69     		ldr	r3, [r3, #20]
 347              		.loc 1 362 8 view .LVU88
 348 0004 0342     		tst	r3, r0
 349 0006 01D0     		beq	.L23
 363:n32g430_std_periph_driver/src/n32g430_exti.c ****     {
 364:n32g430_std_periph_driver/src/n32g430_exti.c ****         /* EXTI line flag status is set */
 365:n32g430_std_periph_driver/src/n32g430_exti.c ****         return SET;
 350              		.loc 1 365 16 view .LVU89
 351 0008 0120     		movs	r0, #1
 352              	.LVL19:
 353              		.loc 1 365 16 view .LVU90
 354 000a 7047     		bx	lr
 355              	.LVL20:
 356              	.L23:
 366:n32g430_std_periph_driver/src/n32g430_exti.c ****     }
 367:n32g430_std_periph_driver/src/n32g430_exti.c ****     else
 368:n32g430_std_periph_driver/src/n32g430_exti.c ****     {
 369:n32g430_std_periph_driver/src/n32g430_exti.c ****         /* EXTI line flag status is reset */
 370:n32g430_std_periph_driver/src/n32g430_exti.c ****         return RESET;
 357              		.loc 1 370 16 view .LVU91
 358 000c 0020     		movs	r0, #0
 359              	.LVL21:
 371:n32g430_std_periph_driver/src/n32g430_exti.c ****     }
 372:n32g430_std_periph_driver/src/n32g430_exti.c **** }
 360              		.loc 1 372 1 view .LVU92
 361 000e 7047     		bx	lr
 362              	.L25:
 363              		.align	2
 364              	.L24:
 365 0010 00040140 		.word	1073808384
 366              		.cfi_endproc
 367              	.LFE130:
 369              		.section	.text.EXTI_Flag_Status_Clear,"ax",%progbits
 370              		.align	1
 371              		.global	EXTI_Flag_Status_Clear
ARM GAS  C:\Users\Dawn\AppData\Local\Temp\cctMasXf.s 			page 14


 372              		.syntax unified
 373              		.thumb
 374              		.thumb_func
 376              	EXTI_Flag_Status_Clear:
 377              	.LVL22:
 378              	.LFB131:
 373:n32g430_std_periph_driver/src/n32g430_exti.c **** 
 374:n32g430_std_periph_driver/src/n32g430_exti.c **** /**
 375:n32g430_std_periph_driver/src/n32g430_exti.c **** *\*\name    EXTI_Flag_Status_Clear.
 376:n32g430_std_periph_driver/src/n32g430_exti.c **** *\*\fun     Clear EXTI line flag status.
 377:n32g430_std_periph_driver/src/n32g430_exti.c **** *\*\param   exti_line :   
 378:n32g430_std_periph_driver/src/n32g430_exti.c **** *\*\            - EXTI_LINE0              
 379:n32g430_std_periph_driver/src/n32g430_exti.c **** *\*\            - EXTI_LINE1            
 380:n32g430_std_periph_driver/src/n32g430_exti.c **** *\*\            - EXTI_LINE2              
 381:n32g430_std_periph_driver/src/n32g430_exti.c **** *\*\            - EXTI_LINE3             
 382:n32g430_std_periph_driver/src/n32g430_exti.c **** *\*\            - EXTI_LINE4              
 383:n32g430_std_periph_driver/src/n32g430_exti.c **** *\*\            - EXTI_LINE5 
 384:n32g430_std_periph_driver/src/n32g430_exti.c **** *\*\            - EXTI_LINE6              
 385:n32g430_std_periph_driver/src/n32g430_exti.c **** *\*\            - EXTI_LINE7                
 386:n32g430_std_periph_driver/src/n32g430_exti.c **** *\*\            - EXTI_LINE8              
 387:n32g430_std_periph_driver/src/n32g430_exti.c **** *\*\            - EXTI_LINE9              
 388:n32g430_std_periph_driver/src/n32g430_exti.c **** *\*\            - EXTI_LINE10              
 389:n32g430_std_periph_driver/src/n32g430_exti.c **** *\*\            - EXTI_LINE11            
 390:n32g430_std_periph_driver/src/n32g430_exti.c **** *\*\            - EXTI_LINE12            
 391:n32g430_std_periph_driver/src/n32g430_exti.c **** *\*\            - EXTI_LINE13   
 392:n32g430_std_periph_driver/src/n32g430_exti.c **** *\*\            - EXTI_LINE14
 393:n32g430_std_periph_driver/src/n32g430_exti.c **** *\*\            - EXTI_LINE15   
 394:n32g430_std_periph_driver/src/n32g430_exti.c **** *\*\            - EXTI_LINE16   
 395:n32g430_std_periph_driver/src/n32g430_exti.c **** *\*\            - EXTI_LINE17   
 396:n32g430_std_periph_driver/src/n32g430_exti.c **** *\*\            - EXTI_LINE18   
 397:n32g430_std_periph_driver/src/n32g430_exti.c **** *\*\            - EXTI_LINE19     
 398:n32g430_std_periph_driver/src/n32g430_exti.c **** *\*\            - EXTI_LINE20   
 399:n32g430_std_periph_driver/src/n32g430_exti.c **** *\*\            - EXTI_LINE21 
 400:n32g430_std_periph_driver/src/n32g430_exti.c **** *\*\            - EXTI_LINE22
 401:n32g430_std_periph_driver/src/n32g430_exti.c **** *\*\            - EXTI_LINE23
 402:n32g430_std_periph_driver/src/n32g430_exti.c **** *\*\return  none
 403:n32g430_std_periph_driver/src/n32g430_exti.c **** **/
 404:n32g430_std_periph_driver/src/n32g430_exti.c **** void EXTI_Flag_Status_Clear(uint32_t exti_line)
 405:n32g430_std_periph_driver/src/n32g430_exti.c **** {
 379              		.loc 1 405 1 is_stmt 1 view -0
 380              		.cfi_startproc
 381              		@ args = 0, pretend = 0, frame = 0
 382              		@ frame_needed = 0, uses_anonymous_args = 0
 383              		@ link register save eliminated.
 406:n32g430_std_periph_driver/src/n32g430_exti.c ****     /* Clear EXTI line flag status. */
 407:n32g430_std_periph_driver/src/n32g430_exti.c ****     EXTI->PEND = exti_line;
 384              		.loc 1 407 5 view .LVU94
 385              		.loc 1 407 16 is_stmt 0 view .LVU95
 386 0000 014B     		ldr	r3, .L27
 387 0002 5861     		str	r0, [r3, #20]
 408:n32g430_std_periph_driver/src/n32g430_exti.c **** }
 388              		.loc 1 408 1 view .LVU96
 389 0004 7047     		bx	lr
 390              	.L28:
 391 0006 00BF     		.align	2
 392              	.L27:
 393 0008 00040140 		.word	1073808384
ARM GAS  C:\Users\Dawn\AppData\Local\Temp\cctMasXf.s 			page 15


 394              		.cfi_endproc
 395              	.LFE131:
 397              		.section	.text.EXTI_Interrupt_Status_Get,"ax",%progbits
 398              		.align	1
 399              		.global	EXTI_Interrupt_Status_Get
 400              		.syntax unified
 401              		.thumb
 402              		.thumb_func
 404              	EXTI_Interrupt_Status_Get:
 405              	.LVL23:
 406              	.LFB132:
 409:n32g430_std_periph_driver/src/n32g430_exti.c **** 
 410:n32g430_std_periph_driver/src/n32g430_exti.c **** 
 411:n32g430_std_periph_driver/src/n32g430_exti.c **** 
 412:n32g430_std_periph_driver/src/n32g430_exti.c **** 
 413:n32g430_std_periph_driver/src/n32g430_exti.c **** /**
 414:n32g430_std_periph_driver/src/n32g430_exti.c **** *\*\name    EXTI_Interrupt_Status_Get.
 415:n32g430_std_periph_driver/src/n32g430_exti.c **** *\*\fun     GET EXTI line interrupt status.
 416:n32g430_std_periph_driver/src/n32g430_exti.c **** *\*\param   exti_line :   
 417:n32g430_std_periph_driver/src/n32g430_exti.c **** *\*\            - EXTI_LINE0              
 418:n32g430_std_periph_driver/src/n32g430_exti.c **** *\*\            - EXTI_LINE1            
 419:n32g430_std_periph_driver/src/n32g430_exti.c **** *\*\            - EXTI_LINE2              
 420:n32g430_std_periph_driver/src/n32g430_exti.c **** *\*\            - EXTI_LINE3             
 421:n32g430_std_periph_driver/src/n32g430_exti.c **** *\*\            - EXTI_LINE4              
 422:n32g430_std_periph_driver/src/n32g430_exti.c **** *\*\            - EXTI_LINE5 
 423:n32g430_std_periph_driver/src/n32g430_exti.c **** *\*\            - EXTI_LINE6              
 424:n32g430_std_periph_driver/src/n32g430_exti.c **** *\*\            - EXTI_LINE7                
 425:n32g430_std_periph_driver/src/n32g430_exti.c **** *\*\            - EXTI_LINE8              
 426:n32g430_std_periph_driver/src/n32g430_exti.c **** *\*\            - EXTI_LINE9              
 427:n32g430_std_periph_driver/src/n32g430_exti.c **** *\*\            - EXTI_LINE10              
 428:n32g430_std_periph_driver/src/n32g430_exti.c **** *\*\            - EXTI_LINE11            
 429:n32g430_std_periph_driver/src/n32g430_exti.c **** *\*\            - EXTI_LINE12            
 430:n32g430_std_periph_driver/src/n32g430_exti.c **** *\*\            - EXTI_LINE13   
 431:n32g430_std_periph_driver/src/n32g430_exti.c **** *\*\            - EXTI_LINE14
 432:n32g430_std_periph_driver/src/n32g430_exti.c **** *\*\            - EXTI_LINE15   
 433:n32g430_std_periph_driver/src/n32g430_exti.c **** *\*\            - EXTI_LINE16   
 434:n32g430_std_periph_driver/src/n32g430_exti.c **** *\*\            - EXTI_LINE17   
 435:n32g430_std_periph_driver/src/n32g430_exti.c **** *\*\            - EXTI_LINE18   
 436:n32g430_std_periph_driver/src/n32g430_exti.c **** *\*\            - EXTI_LINE19     
 437:n32g430_std_periph_driver/src/n32g430_exti.c **** *\*\            - EXTI_LINE20   
 438:n32g430_std_periph_driver/src/n32g430_exti.c **** *\*\            - EXTI_LINE21 
 439:n32g430_std_periph_driver/src/n32g430_exti.c **** *\*\            - EXTI_LINE22
 440:n32g430_std_periph_driver/src/n32g430_exti.c **** *\*\            - EXTI_LINE23
 441:n32g430_std_periph_driver/src/n32g430_exti.c **** *\*\return  SET or RESET
 442:n32g430_std_periph_driver/src/n32g430_exti.c **** **/
 443:n32g430_std_periph_driver/src/n32g430_exti.c **** INTStatus EXTI_Interrupt_Status_Get(uint32_t exti_line)
 444:n32g430_std_periph_driver/src/n32g430_exti.c **** {
 407              		.loc 1 444 1 is_stmt 1 view -0
 408              		.cfi_startproc
 409              		@ args = 0, pretend = 0, frame = 0
 410              		@ frame_needed = 0, uses_anonymous_args = 0
 411              		@ link register save eliminated.
 445:n32g430_std_periph_driver/src/n32g430_exti.c **** 
 446:n32g430_std_periph_driver/src/n32g430_exti.c **** 
 447:n32g430_std_periph_driver/src/n32g430_exti.c ****     if (((EXTI->PEND & exti_line) != (uint32_t)RESET) && ((EXTI->IMASK & exti_line) != (uint32_t)RE
 412              		.loc 1 447 5 view .LVU98
 413              		.loc 1 447 15 is_stmt 0 view .LVU99
ARM GAS  C:\Users\Dawn\AppData\Local\Temp\cctMasXf.s 			page 16


 414 0000 064B     		ldr	r3, .L33
 415 0002 5B69     		ldr	r3, [r3, #20]
 416              		.loc 1 447 8 view .LVU100
 417 0004 0342     		tst	r3, r0
 418 0006 05D0     		beq	.L31
 419              		.loc 1 447 64 discriminator 1 view .LVU101
 420 0008 044B     		ldr	r3, .L33
 421 000a 1B68     		ldr	r3, [r3]
 422              		.loc 1 447 55 discriminator 1 view .LVU102
 423 000c 0342     		tst	r3, r0
 424 000e 03D1     		bne	.L32
 448:n32g430_std_periph_driver/src/n32g430_exti.c ****     {
 449:n32g430_std_periph_driver/src/n32g430_exti.c ****         /* EXTI line interrupt status is set */
 450:n32g430_std_periph_driver/src/n32g430_exti.c ****         return SET;
 451:n32g430_std_periph_driver/src/n32g430_exti.c ****     }
 452:n32g430_std_periph_driver/src/n32g430_exti.c ****     else
 453:n32g430_std_periph_driver/src/n32g430_exti.c ****     {
 454:n32g430_std_periph_driver/src/n32g430_exti.c ****         /* EXTI line interrupt status is reset */
 455:n32g430_std_periph_driver/src/n32g430_exti.c ****         return RESET;
 425              		.loc 1 455 16 view .LVU103
 426 0010 0020     		movs	r0, #0
 427              	.LVL24:
 428              		.loc 1 455 16 view .LVU104
 429 0012 7047     		bx	lr
 430              	.LVL25:
 431              	.L31:
 432              		.loc 1 455 16 view .LVU105
 433 0014 0020     		movs	r0, #0
 434              	.LVL26:
 435              		.loc 1 455 16 view .LVU106
 436 0016 7047     		bx	lr
 437              	.LVL27:
 438              	.L32:
 450:n32g430_std_periph_driver/src/n32g430_exti.c ****     }
 439              		.loc 1 450 16 view .LVU107
 440 0018 0120     		movs	r0, #1
 441              	.LVL28:
 456:n32g430_std_periph_driver/src/n32g430_exti.c ****     }
 457:n32g430_std_periph_driver/src/n32g430_exti.c **** 
 458:n32g430_std_periph_driver/src/n32g430_exti.c **** }
 442              		.loc 1 458 1 view .LVU108
 443 001a 7047     		bx	lr
 444              	.L34:
 445              		.align	2
 446              	.L33:
 447 001c 00040140 		.word	1073808384
 448              		.cfi_endproc
 449              	.LFE132:
 451              		.section	.text.EXTI_Interrupt_Status_Clear,"ax",%progbits
 452              		.align	1
 453              		.global	EXTI_Interrupt_Status_Clear
 454              		.syntax unified
 455              		.thumb
 456              		.thumb_func
 458              	EXTI_Interrupt_Status_Clear:
 459              	.LVL29:
 460              	.LFB133:
ARM GAS  C:\Users\Dawn\AppData\Local\Temp\cctMasXf.s 			page 17


 459:n32g430_std_periph_driver/src/n32g430_exti.c **** 
 460:n32g430_std_periph_driver/src/n32g430_exti.c **** 
 461:n32g430_std_periph_driver/src/n32g430_exti.c **** /**
 462:n32g430_std_periph_driver/src/n32g430_exti.c **** *\*\name    EXTI_Interrupt_Status_Clear.
 463:n32g430_std_periph_driver/src/n32g430_exti.c **** *\*\fun     Clear EXTI line interrupt pend bit.
 464:n32g430_std_periph_driver/src/n32g430_exti.c **** *\*\param   exti_line :   
 465:n32g430_std_periph_driver/src/n32g430_exti.c **** *\*\            - EXTI_LINE0              
 466:n32g430_std_periph_driver/src/n32g430_exti.c **** *\*\            - EXTI_LINE1            
 467:n32g430_std_periph_driver/src/n32g430_exti.c **** *\*\            - EXTI_LINE2              
 468:n32g430_std_periph_driver/src/n32g430_exti.c **** *\*\            - EXTI_LINE3             
 469:n32g430_std_periph_driver/src/n32g430_exti.c **** *\*\            - EXTI_LINE4              
 470:n32g430_std_periph_driver/src/n32g430_exti.c **** *\*\            - EXTI_LINE5 
 471:n32g430_std_periph_driver/src/n32g430_exti.c **** *\*\            - EXTI_LINE6              
 472:n32g430_std_periph_driver/src/n32g430_exti.c **** *\*\            - EXTI_LINE7                
 473:n32g430_std_periph_driver/src/n32g430_exti.c **** *\*\            - EXTI_LINE8              
 474:n32g430_std_periph_driver/src/n32g430_exti.c **** *\*\            - EXTI_LINE9              
 475:n32g430_std_periph_driver/src/n32g430_exti.c **** *\*\            - EXTI_LINE10              
 476:n32g430_std_periph_driver/src/n32g430_exti.c **** *\*\            - EXTI_LINE11            
 477:n32g430_std_periph_driver/src/n32g430_exti.c **** *\*\            - EXTI_LINE12            
 478:n32g430_std_periph_driver/src/n32g430_exti.c **** *\*\            - EXTI_LINE13   
 479:n32g430_std_periph_driver/src/n32g430_exti.c **** *\*\            - EXTI_LINE14
 480:n32g430_std_periph_driver/src/n32g430_exti.c **** *\*\            - EXTI_LINE15   
 481:n32g430_std_periph_driver/src/n32g430_exti.c **** *\*\            - EXTI_LINE16   
 482:n32g430_std_periph_driver/src/n32g430_exti.c **** *\*\            - EXTI_LINE17   
 483:n32g430_std_periph_driver/src/n32g430_exti.c **** *\*\            - EXTI_LINE18   
 484:n32g430_std_periph_driver/src/n32g430_exti.c **** *\*\            - EXTI_LINE19     
 485:n32g430_std_periph_driver/src/n32g430_exti.c **** *\*\            - EXTI_LINE20   
 486:n32g430_std_periph_driver/src/n32g430_exti.c **** *\*\            - EXTI_LINE21 
 487:n32g430_std_periph_driver/src/n32g430_exti.c **** *\*\            - EXTI_LINE22
 488:n32g430_std_periph_driver/src/n32g430_exti.c **** *\*\            - EXTI_LINE23
 489:n32g430_std_periph_driver/src/n32g430_exti.c **** *\*\return  none
 490:n32g430_std_periph_driver/src/n32g430_exti.c **** **/
 491:n32g430_std_periph_driver/src/n32g430_exti.c **** void EXTI_Interrupt_Status_Clear(uint32_t exti_line)
 492:n32g430_std_periph_driver/src/n32g430_exti.c **** {
 461              		.loc 1 492 1 is_stmt 1 view -0
 462              		.cfi_startproc
 463              		@ args = 0, pretend = 0, frame = 0
 464              		@ frame_needed = 0, uses_anonymous_args = 0
 465              		@ link register save eliminated.
 493:n32g430_std_periph_driver/src/n32g430_exti.c **** 
 494:n32g430_std_periph_driver/src/n32g430_exti.c ****     /* Clear EXTI line interrupt pend bit. */
 495:n32g430_std_periph_driver/src/n32g430_exti.c ****     EXTI->PEND = exti_line;
 466              		.loc 1 495 5 view .LVU110
 467              		.loc 1 495 16 is_stmt 0 view .LVU111
 468 0000 014B     		ldr	r3, .L36
 469 0002 5861     		str	r0, [r3, #20]
 496:n32g430_std_periph_driver/src/n32g430_exti.c **** }
 470              		.loc 1 496 1 view .LVU112
 471 0004 7047     		bx	lr
 472              	.L37:
 473 0006 00BF     		.align	2
 474              	.L36:
 475 0008 00040140 		.word	1073808384
 476              		.cfi_endproc
 477              	.LFE133:
 479              		.section	.text.EXTI_RTC_Time_Stamp_Select,"ax",%progbits
 480              		.align	1
ARM GAS  C:\Users\Dawn\AppData\Local\Temp\cctMasXf.s 			page 18


 481              		.global	EXTI_RTC_Time_Stamp_Select
 482              		.syntax unified
 483              		.thumb
 484              		.thumb_func
 486              	EXTI_RTC_Time_Stamp_Select:
 487              	.LVL30:
 488              	.LFB134:
 497:n32g430_std_periph_driver/src/n32g430_exti.c **** 
 498:n32g430_std_periph_driver/src/n32g430_exti.c **** /**
 499:n32g430_std_periph_driver/src/n32g430_exti.c **** *\*\name    EXTI_RTC_Time_Stamp_Select.
 500:n32g430_std_periph_driver/src/n32g430_exti.c **** *\*\fun     Select the input of TimeStamp event.
 501:n32g430_std_periph_driver/src/n32g430_exti.c **** *\*\param   exti_tssel_line :   
 502:n32g430_std_periph_driver/src/n32g430_exti.c **** *\*\            - EXTI_TSSEL_Line0             
 503:n32g430_std_periph_driver/src/n32g430_exti.c **** *\*\            - EXTI_TSSEL_Line1            
 504:n32g430_std_periph_driver/src/n32g430_exti.c **** *\*\            - EXTI_TSSEL_Line2             
 505:n32g430_std_periph_driver/src/n32g430_exti.c **** *\*\            - EXTI_TSSEL_Line3             
 506:n32g430_std_periph_driver/src/n32g430_exti.c **** *\*\            - EXTI_TSSEL_Line4               
 507:n32g430_std_periph_driver/src/n32g430_exti.c **** *\*\            - EXTI_TSSEL_Line5 
 508:n32g430_std_periph_driver/src/n32g430_exti.c **** *\*\            - EXTI_TSSEL_Line6              
 509:n32g430_std_periph_driver/src/n32g430_exti.c **** *\*\            - EXTI_TSSEL_Line7                
 510:n32g430_std_periph_driver/src/n32g430_exti.c **** *\*\            - EXTI_TSSEL_Line8              
 511:n32g430_std_periph_driver/src/n32g430_exti.c **** *\*\            - EXTI_TSSEL_Line9              
 512:n32g430_std_periph_driver/src/n32g430_exti.c **** *\*\            - EXTI_TSSEL_Line10              
 513:n32g430_std_periph_driver/src/n32g430_exti.c **** *\*\            - EXTI_TSSEL_Line11            
 514:n32g430_std_periph_driver/src/n32g430_exti.c **** *\*\            - EXTI_TSSEL_Line12            
 515:n32g430_std_periph_driver/src/n32g430_exti.c **** *\*\            - EXTI_TSSEL_Line13   
 516:n32g430_std_periph_driver/src/n32g430_exti.c **** *\*\            - EXTI_TSSEL_Line14
 517:n32g430_std_periph_driver/src/n32g430_exti.c **** *\*\            - EXTI_TSSEL_Line15   
 518:n32g430_std_periph_driver/src/n32g430_exti.c **** *\*\return  none
 519:n32g430_std_periph_driver/src/n32g430_exti.c **** **/
 520:n32g430_std_periph_driver/src/n32g430_exti.c **** void EXTI_RTC_Time_Stamp_Select(uint32_t exti_tssel_line)
 521:n32g430_std_periph_driver/src/n32g430_exti.c **** {
 489              		.loc 1 521 1 is_stmt 1 view -0
 490              		.cfi_startproc
 491              		@ args = 0, pretend = 0, frame = 0
 492              		@ frame_needed = 0, uses_anonymous_args = 0
 493              		@ link register save eliminated.
 522:n32g430_std_periph_driver/src/n32g430_exti.c ****     /* Select the input of TimeStamp event */
 523:n32g430_std_periph_driver/src/n32g430_exti.c ****     EXTI->TS_SEL &= EXTI_TSSEL_LINE_MASK;
 494              		.loc 1 523 5 view .LVU114
 495              		.loc 1 523 9 is_stmt 0 view .LVU115
 496 0000 034B     		ldr	r3, .L39
 497 0002 9A69     		ldr	r2, [r3, #24]
 498              		.loc 1 523 18 view .LVU116
 499 0004 0022     		movs	r2, #0
 500 0006 9A61     		str	r2, [r3, #24]
 524:n32g430_std_periph_driver/src/n32g430_exti.c ****     EXTI->TS_SEL |= exti_tssel_line;
 501              		.loc 1 524 5 is_stmt 1 view .LVU117
 502              		.loc 1 524 9 is_stmt 0 view .LVU118
 503 0008 9A69     		ldr	r2, [r3, #24]
 504              		.loc 1 524 18 view .LVU119
 505 000a 0243     		orrs	r2, r2, r0
 506 000c 9A61     		str	r2, [r3, #24]
 525:n32g430_std_periph_driver/src/n32g430_exti.c **** }
 507              		.loc 1 525 1 view .LVU120
 508 000e 7047     		bx	lr
 509              	.L40:
ARM GAS  C:\Users\Dawn\AppData\Local\Temp\cctMasXf.s 			page 19


 510              		.align	2
 511              	.L39:
 512 0010 00040140 		.word	1073808384
 513              		.cfi_endproc
 514              	.LFE134:
 516              		.text
 517              	.Letext0:
 518              		.file 2 "D:/Tools/arm-gnu-toolchain/arm-none-eabi/include/machine/_default_types.h"
 519              		.file 3 "D:/Tools/arm-gnu-toolchain/arm-none-eabi/include/sys/_stdint.h"
 520              		.file 4 "CMSIS/device/n32g430.h"
 521              		.file 5 "n32g430_std_periph_driver/inc/n32g430_exti.h"
ARM GAS  C:\Users\Dawn\AppData\Local\Temp\cctMasXf.s 			page 20


DEFINED SYMBOLS
                            *ABS*:00000000 n32g430_exti.c
C:\Users\Dawn\AppData\Local\Temp\cctMasXf.s:17     .text.EXTI_Reset:00000000 $t
C:\Users\Dawn\AppData\Local\Temp\cctMasXf.s:23     .text.EXTI_Reset:00000000 EXTI_Reset
C:\Users\Dawn\AppData\Local\Temp\cctMasXf.s:53     .text.EXTI_Reset:00000014 $d
C:\Users\Dawn\AppData\Local\Temp\cctMasXf.s:58     .text.EXTI_Work_Mode_Config:00000000 $t
C:\Users\Dawn\AppData\Local\Temp\cctMasXf.s:64     .text.EXTI_Work_Mode_Config:00000000 EXTI_Work_Mode_Config
C:\Users\Dawn\AppData\Local\Temp\cctMasXf.s:104    .text.EXTI_Work_Mode_Config:00000024 $d
C:\Users\Dawn\AppData\Local\Temp\cctMasXf.s:109    .text.EXTI_Trigger_Config:00000000 $t
C:\Users\Dawn\AppData\Local\Temp\cctMasXf.s:115    .text.EXTI_Trigger_Config:00000000 EXTI_Trigger_Config
C:\Users\Dawn\AppData\Local\Temp\cctMasXf.s:175    .text.EXTI_Trigger_Config:00000034 $d
C:\Users\Dawn\AppData\Local\Temp\cctMasXf.s:180    .text.EXTI_LineCmd_Disable:00000000 $t
C:\Users\Dawn\AppData\Local\Temp\cctMasXf.s:186    .text.EXTI_LineCmd_Disable:00000000 EXTI_LineCmd_Disable
C:\Users\Dawn\AppData\Local\Temp\cctMasXf.s:219    .text.EXTI_Peripheral_Initializes:00000000 $t
C:\Users\Dawn\AppData\Local\Temp\cctMasXf.s:225    .text.EXTI_Peripheral_Initializes:00000000 EXTI_Peripheral_Initializes
C:\Users\Dawn\AppData\Local\Temp\cctMasXf.s:264    .text.EXTI_Structure_Initializes:00000000 $t
C:\Users\Dawn\AppData\Local\Temp\cctMasXf.s:270    .text.EXTI_Structure_Initializes:00000000 EXTI_Structure_Initializes
C:\Users\Dawn\AppData\Local\Temp\cctMasXf.s:298    .text.EXTI_Software_Interrupt_Trigger:00000000 $t
C:\Users\Dawn\AppData\Local\Temp\cctMasXf.s:304    .text.EXTI_Software_Interrupt_Trigger:00000000 EXTI_Software_Interrupt_Trigger
C:\Users\Dawn\AppData\Local\Temp\cctMasXf.s:324    .text.EXTI_Software_Interrupt_Trigger:0000000c $d
C:\Users\Dawn\AppData\Local\Temp\cctMasXf.s:329    .text.EXTI_Flag_Status_Get:00000000 $t
C:\Users\Dawn\AppData\Local\Temp\cctMasXf.s:335    .text.EXTI_Flag_Status_Get:00000000 EXTI_Flag_Status_Get
C:\Users\Dawn\AppData\Local\Temp\cctMasXf.s:365    .text.EXTI_Flag_Status_Get:00000010 $d
C:\Users\Dawn\AppData\Local\Temp\cctMasXf.s:370    .text.EXTI_Flag_Status_Clear:00000000 $t
C:\Users\Dawn\AppData\Local\Temp\cctMasXf.s:376    .text.EXTI_Flag_Status_Clear:00000000 EXTI_Flag_Status_Clear
C:\Users\Dawn\AppData\Local\Temp\cctMasXf.s:393    .text.EXTI_Flag_Status_Clear:00000008 $d
C:\Users\Dawn\AppData\Local\Temp\cctMasXf.s:398    .text.EXTI_Interrupt_Status_Get:00000000 $t
C:\Users\Dawn\AppData\Local\Temp\cctMasXf.s:404    .text.EXTI_Interrupt_Status_Get:00000000 EXTI_Interrupt_Status_Get
C:\Users\Dawn\AppData\Local\Temp\cctMasXf.s:447    .text.EXTI_Interrupt_Status_Get:0000001c $d
C:\Users\Dawn\AppData\Local\Temp\cctMasXf.s:452    .text.EXTI_Interrupt_Status_Clear:00000000 $t
C:\Users\Dawn\AppData\Local\Temp\cctMasXf.s:458    .text.EXTI_Interrupt_Status_Clear:00000000 EXTI_Interrupt_Status_Clear
C:\Users\Dawn\AppData\Local\Temp\cctMasXf.s:475    .text.EXTI_Interrupt_Status_Clear:00000008 $d
C:\Users\Dawn\AppData\Local\Temp\cctMasXf.s:480    .text.EXTI_RTC_Time_Stamp_Select:00000000 $t
C:\Users\Dawn\AppData\Local\Temp\cctMasXf.s:486    .text.EXTI_RTC_Time_Stamp_Select:00000000 EXTI_RTC_Time_Stamp_Select
C:\Users\Dawn\AppData\Local\Temp\cctMasXf.s:512    .text.EXTI_RTC_Time_Stamp_Select:00000010 $d

NO UNDEFINED SYMBOLS
