ARM GAS  C:\Users\Dawn\AppData\Local\Temp\cctY4PYs.s 			page 1


   1              		.cpu cortex-m4
   2              		.arch armv7e-m
   3              		.fpu fpv4-sp-d16
   4              		.eabi_attribute 27, 1
   5              		.eabi_attribute 28, 1
   6              		.eabi_attribute 20, 1
   7              		.eabi_attribute 21, 1
   8              		.eabi_attribute 23, 3
   9              		.eabi_attribute 24, 1
  10              		.eabi_attribute 25, 1
  11              		.eabi_attribute 26, 1
  12              		.eabi_attribute 30, 4
  13              		.eabi_attribute 34, 1
  14              		.eabi_attribute 18, 4
  15              		.file	"main.c"
  16              		.text
  17              	.Ltext0:
  18              		.cfi_sections	.debug_frame
  19              		.file 1 "../core/src/main.c"
  20              		.section	.rodata.main.str1.1,"aMS",%progbits,1
  21              	.LC0:
  22 0000 4E333247 		.ascii	"N32G430 Modbus Master Started\015\012\000"
  22      34333020 
  22      4D6F6462 
  22      7573204D 
  22      61737465 
  23              	.LC1:
  24 0020 55534152 		.ascii	"USART2 RTU host polling 0x%04X-0x%04X\015\012\000"
  24      54322052 
  24      54552068 
  24      6F737420 
  24      706F6C6C 
  25              		.section	.text.startup.main,"ax",%progbits
  26              		.align	1
  27              		.global	main
  28              		.syntax unified
  29              		.thumb
  30              		.thumb_func
  32              	main:
  33              	.LFB130:
   1:../core/src/main.c **** /*****************************************************************************
   2:../core/src/main.c ****  * Copyright (c) 2019, Nations Technologies Inc.
   3:../core/src/main.c ****  *
   4:../core/src/main.c ****  * All rights reserved.
   5:../core/src/main.c ****  * ****************************************************************************
   6:../core/src/main.c ****  *
   7:../core/src/main.c ****  * Redistribution and use in source and binary forms, with or without
   8:../core/src/main.c ****  * modification, are permitted provided that the following conditions are met:
   9:../core/src/main.c ****  *
  10:../core/src/main.c ****  * - Redistributions of source code must retain the above copyright notice,
  11:../core/src/main.c ****  * this list of conditions and the disclaimer below.
  12:../core/src/main.c ****  *
  13:../core/src/main.c ****  * Nations' name may not be used to endorse or promote products derived from
  14:../core/src/main.c ****  * this software without specific prior written permission.
  15:../core/src/main.c ****  *
  16:../core/src/main.c ****  * DISCLAIMER: THIS SOFTWARE IS PROVIDED BY NATIONS "AS IS" AND ANY EXPRESS OR
  17:../core/src/main.c ****  * IMPLIED WARRANTIES, INCLUDING, BUT NOT LIMITED TO, THE IMPLIED WARRANTIES OF
ARM GAS  C:\Users\Dawn\AppData\Local\Temp\cctY4PYs.s 			page 2


  18:../core/src/main.c ****  * MERCHANTABILITY, FITNESS FOR A PARTICULAR PURPOSE AND NON-INFRINGEMENT ARE
  19:../core/src/main.c ****  * DISCLAIMED. IN NO EVENT SHALL NATIONS BE LIABLE FOR ANY DIRECT, INDIRECT,
  20:../core/src/main.c ****  * INCIDENTAL, SPECIAL, EXEMPLARY, OR CONSEQUENTIAL DAMAGES (INCLUDING, BUT NOT
  21:../core/src/main.c ****  * LIMITED TO, PROCUREMENT OF SUBSTITUTE GOODS OR SERVICES; LOSS OF USE, DATA,
  22:../core/src/main.c ****  * OR PROFITS; OR BUSINESS INTERRUPTION) HOWEVER CAUSED AND ON ANY THEORY OF
  23:../core/src/main.c ****  * LIABILITY, WHETHER IN CONTRACT, STRICT LIABILITY, OR TORT (INCLUDING
  24:../core/src/main.c ****  * NEGLIGENCE OR OTHERWISE) ARISING IN ANY WAY OUT OF THE USE OF THIS SOFTWARE,
  25:../core/src/main.c ****  * EVEN IF ADVISED OF THE POSSIBILITY OF SUCH DAMAGE.
  26:../core/src/main.c ****  * ****************************************************************************/
  27:../core/src/main.c **** 
  28:../core/src/main.c **** /**
  29:../core/src/main.c **** *\*\file main.c
  30:../core/src/main.c **** *\*\author Nations
  31:../core/src/main.c **** *\*\version v1.0.0
  32:../core/src/main.c **** *\*\copyright Copyright (c) 2019, Nations Technologies Inc. All rights reserved.
  33:../core/src/main.c **** **/
  34:../core/src/main.c **** 
  35:../core/src/main.c **** /*BSP include*/
  36:../core/src/main.c **** #include "main.h"
  37:../core/src/main.c **** #include "modbus_master.h"
  38:../core/src/main.c **** 
  39:../core/src/main.c **** /*RTT include*/
  40:../core/src/main.c **** #include "SEGGER_RTT.h"
  41:../core/src/main.c **** 
  42:../core/src/main.c **** /**
  43:../core/src/main.c ****  *\*\name   main.
  44:../core/src/main.c ****  *\*\fun    main function.
  45:../core/src/main.c ****  *\*\param  none.
  46:../core/src/main.c ****  *\*\return none.
  47:../core/src/main.c **** **/
  48:../core/src/main.c **** int main(void)
  49:../core/src/main.c **** {
  34              		.loc 1 49 1 view -0
  35              		.cfi_startproc
  36              		@ Volatile: function does not return.
  37              		@ args = 0, pretend = 0, frame = 0
  38              		@ frame_needed = 0, uses_anonymous_args = 0
  50:../core/src/main.c ****     /* RTT初始化和banner */
  51:../core/src/main.c ****     SEGGER_RTT_Init();
  39              		.loc 1 51 5 view .LVU1
  49:../core/src/main.c ****     /* RTT初始化和banner */
  40              		.loc 1 49 1 is_stmt 0 view .LVU2
  41 0000 08B5     		push	{r3, lr}
  42              	.LCFI0:
  43              		.cfi_def_cfa_offset 8
  44              		.cfi_offset 3, -8
  45              		.cfi_offset 14, -4
  46              		.loc 1 51 5 view .LVU3
  47 0002 FFF7FEFF 		bl	SEGGER_RTT_Init
  48              	.LVL0:
  52:../core/src/main.c ****     SEGGER_RTT_printf(0, "N32G430 Modbus Master Started\r\n");
  49              		.loc 1 52 5 is_stmt 1 view .LVU4
  50 0006 0849     		ldr	r1, .L3
  51 0008 0020     		movs	r0, #0
  52 000a FFF7FEFF 		bl	SEGGER_RTT_printf
  53              	.LVL1:
  53:../core/src/main.c ****     SEGGER_RTT_printf(0, "USART2 RTU host polling 0x%04X-0x%04X\r\n",
ARM GAS  C:\Users\Dawn\AppData\Local\Temp\cctY4PYs.s 			page 3


  54              		.loc 1 53 5 view .LVU5
  55 000e 0022     		movs	r2, #0
  56 0010 0649     		ldr	r1, .L3+4
  57 0012 BF23     		movs	r3, #191
  58 0014 1046     		mov	r0, r2
  59 0016 FFF7FEFF 		bl	SEGGER_RTT_printf
  60              	.LVL2:
  54:../core/src/main.c ****                       MODBUS_REGISTER_START, MODBUS_REGISTER_END);
  55:../core/src/main.c **** 
  56:../core/src/main.c ****     /* 初始化Modbus主站（内部会配置USART2） */
  57:../core/src/main.c ****     ModbusMaster_Init(MODBUS_SLAVE_ADDRESS_DEFAULT);
  61              		.loc 1 57 5 view .LVU6
  62 001a 0120     		movs	r0, #1
  63 001c FFF7FEFF 		bl	ModbusMaster_Init
  64              	.LVL3:
  65              	.L2:
  58:../core/src/main.c **** 
  59:../core/src/main.c ****     while(1)
  66              		.loc 1 59 5 view .LVU7
  60:../core/src/main.c ****     {
  61:../core/src/main.c ****         ModbusMaster_Task();
  67              		.loc 1 61 9 discriminator 1 view .LVU8
  68 0020 FFF7FEFF 		bl	ModbusMaster_Task
  69              	.LVL4:
  59:../core/src/main.c ****     {
  70              		.loc 1 59 10 view .LVU9
  71 0024 FCE7     		b	.L2
  72              	.L4:
  73 0026 00BF     		.align	2
  74              	.L3:
  75 0028 00000000 		.word	.LC0
  76 002c 20000000 		.word	.LC1
  77              		.cfi_endproc
  78              	.LFE130:
  80              		.text
  81              	.Letext0:
  82              		.file 2 "D:/Tool/arm-gnu-toolchain/arm-none-eabi/include/machine/_default_types.h"
  83              		.file 3 "D:/Tool/arm-gnu-toolchain/arm-none-eabi/include/sys/_stdint.h"
  84              		.file 4 "../APP/Ins/modbus_master.h"
  85              		.file 5 "../RTT/Ins/SEGGER_RTT.h"
ARM GAS  C:\Users\Dawn\AppData\Local\Temp\cctY4PYs.s 			page 4


DEFINED SYMBOLS
                            *ABS*:00000000 main.c
C:\Users\Dawn\AppData\Local\Temp\cctY4PYs.s:26     .text.startup.main:00000000 $t
C:\Users\Dawn\AppData\Local\Temp\cctY4PYs.s:32     .text.startup.main:00000000 main
C:\Users\Dawn\AppData\Local\Temp\cctY4PYs.s:75     .text.startup.main:00000028 $d

UNDEFINED SYMBOLS
SEGGER_RTT_Init
SEGGER_RTT_printf
ModbusMaster_Init
ModbusMaster_Task
