ARM GAS  C:\Users\Dawn\AppData\Local\Temp\ccLzdA6p.s 			page 1


   1              		.cpu cortex-m4
   2              		.arch armv7e-m
   3              		.fpu fpv4-sp-d16
   4              		.eabi_attribute 27, 1
   5              		.eabi_attribute 28, 1
   6              		.eabi_attribute 23, 1
   7              		.eabi_attribute 24, 1
   8              		.eabi_attribute 25, 1
   9              		.eabi_attribute 26, 1
  10              		.eabi_attribute 30, 1
  11              		.eabi_attribute 34, 1
  12              		.eabi_attribute 18, 4
  13              		.file	"list.c"
  14              		.text
  15              	.Ltext0:
  16              		.cfi_sections	.debug_frame
  17              		.file 1 "FreeRTOS/Src/list.c"
  18              		.section	.text.vListInitialise,"ax",%progbits
  19              		.align	1
  20              		.global	vListInitialise
  21              		.syntax unified
  22              		.thumb
  23              		.thumb_func
  25              	vListInitialise:
  26              	.LVL0:
  27              	.LFB128:
   1:FreeRTOS/Src/list.c **** /*
   2:FreeRTOS/Src/list.c ****  * FreeRTOS Kernel V11.1.0
   3:FreeRTOS/Src/list.c ****  * Copyright (C) 2021 Amazon.com, Inc. or its affiliates. All Rights Reserved.
   4:FreeRTOS/Src/list.c ****  *
   5:FreeRTOS/Src/list.c ****  * SPDX-License-Identifier: MIT
   6:FreeRTOS/Src/list.c ****  *
   7:FreeRTOS/Src/list.c ****  * Permission is hereby granted, free of charge, to any person obtaining a copy of
   8:FreeRTOS/Src/list.c ****  * this software and associated documentation files (the "Software"), to deal in
   9:FreeRTOS/Src/list.c ****  * the Software without restriction, including without limitation the rights to
  10:FreeRTOS/Src/list.c ****  * use, copy, modify, merge, publish, distribute, sublicense, and/or sell copies of
  11:FreeRTOS/Src/list.c ****  * the Software, and to permit persons to whom the Software is furnished to do so,
  12:FreeRTOS/Src/list.c ****  * subject to the following conditions:
  13:FreeRTOS/Src/list.c ****  *
  14:FreeRTOS/Src/list.c ****  * The above copyright notice and this permission notice shall be included in all
  15:FreeRTOS/Src/list.c ****  * copies or substantial portions of the Software.
  16:FreeRTOS/Src/list.c ****  *
  17:FreeRTOS/Src/list.c ****  * THE SOFTWARE IS PROVIDED "AS IS", WITHOUT WARRANTY OF ANY KIND, EXPRESS OR
  18:FreeRTOS/Src/list.c ****  * IMPLIED, INCLUDING BUT NOT LIMITED TO THE WARRANTIES OF MERCHANTABILITY, FITNESS
  19:FreeRTOS/Src/list.c ****  * FOR A PARTICULAR PURPOSE AND NONINFRINGEMENT. IN NO EVENT SHALL THE AUTHORS OR
  20:FreeRTOS/Src/list.c ****  * COPYRIGHT HOLDERS BE LIABLE FOR ANY CLAIM, DAMAGES OR OTHER LIABILITY, WHETHER
  21:FreeRTOS/Src/list.c ****  * IN AN ACTION OF CONTRACT, TORT OR OTHERWISE, ARISING FROM, OUT OF OR IN
  22:FreeRTOS/Src/list.c ****  * CONNECTION WITH THE SOFTWARE OR THE USE OR OTHER DEALINGS IN THE SOFTWARE.
  23:FreeRTOS/Src/list.c ****  *
  24:FreeRTOS/Src/list.c ****  * https://www.FreeRTOS.org
  25:FreeRTOS/Src/list.c ****  * https://github.com/FreeRTOS
  26:FreeRTOS/Src/list.c ****  *
  27:FreeRTOS/Src/list.c ****  */
  28:FreeRTOS/Src/list.c **** 
  29:FreeRTOS/Src/list.c **** 
  30:FreeRTOS/Src/list.c **** #include <stdlib.h>
  31:FreeRTOS/Src/list.c **** 
ARM GAS  C:\Users\Dawn\AppData\Local\Temp\ccLzdA6p.s 			page 2


  32:FreeRTOS/Src/list.c **** /* Defining MPU_WRAPPERS_INCLUDED_FROM_API_FILE prevents task.h from redefining
  33:FreeRTOS/Src/list.c ****  * all the API functions to use the MPU wrappers.  That should only be done when
  34:FreeRTOS/Src/list.c ****  * task.h is included from an application file. */
  35:FreeRTOS/Src/list.c **** #define MPU_WRAPPERS_INCLUDED_FROM_API_FILE
  36:FreeRTOS/Src/list.c **** 
  37:FreeRTOS/Src/list.c **** #include "FreeRTOS.h"
  38:FreeRTOS/Src/list.c **** #include "list.h"
  39:FreeRTOS/Src/list.c **** 
  40:FreeRTOS/Src/list.c **** /* The MPU ports require MPU_WRAPPERS_INCLUDED_FROM_API_FILE to be
  41:FreeRTOS/Src/list.c ****  * defined for the header files above, but not in this file, in order to
  42:FreeRTOS/Src/list.c ****  * generate the correct privileged Vs unprivileged linkage and placement. */
  43:FreeRTOS/Src/list.c **** #undef MPU_WRAPPERS_INCLUDED_FROM_API_FILE
  44:FreeRTOS/Src/list.c **** 
  45:FreeRTOS/Src/list.c **** /*-----------------------------------------------------------
  46:FreeRTOS/Src/list.c **** * PUBLIC LIST API documented in list.h
  47:FreeRTOS/Src/list.c **** *----------------------------------------------------------*/
  48:FreeRTOS/Src/list.c **** 
  49:FreeRTOS/Src/list.c **** void vListInitialise( List_t * const pxList )
  50:FreeRTOS/Src/list.c **** {
  28              		.loc 1 50 1 view -0
  29              		.cfi_startproc
  30              		@ args = 0, pretend = 0, frame = 0
  31              		@ frame_needed = 0, uses_anonymous_args = 0
  32              		@ link register save eliminated.
  51:FreeRTOS/Src/list.c ****     traceENTER_vListInitialise( pxList );
  33              		.loc 1 51 41 view .LVU1
  52:FreeRTOS/Src/list.c **** 
  53:FreeRTOS/Src/list.c ****     /* The list structure contains a list item which is used to mark the
  54:FreeRTOS/Src/list.c ****      * end of the list.  To initialise the list the list end is inserted
  55:FreeRTOS/Src/list.c ****      * as the only list entry. */
  56:FreeRTOS/Src/list.c ****     pxList->pxIndex = ( ListItem_t * ) &( pxList->xListEnd );
  34              		.loc 1 56 5 view .LVU2
  35              		.loc 1 56 40 is_stmt 0 view .LVU3
  36 0000 00F10803 		add	r3, r0, #8
  37              		.loc 1 56 21 view .LVU4
  38 0004 4360     		str	r3, [r0, #4]
  57:FreeRTOS/Src/list.c **** 
  58:FreeRTOS/Src/list.c ****     listSET_FIRST_LIST_ITEM_INTEGRITY_CHECK_VALUE( &( pxList->xListEnd ) );
  39              		.loc 1 58 75 is_stmt 1 view .LVU5
  59:FreeRTOS/Src/list.c **** 
  60:FreeRTOS/Src/list.c ****     /* The list end value is the highest possible value in the list to
  61:FreeRTOS/Src/list.c ****      * ensure it remains at the end of the list. */
  62:FreeRTOS/Src/list.c ****     pxList->xListEnd.xItemValue = portMAX_DELAY;
  40              		.loc 1 62 5 view .LVU6
  41              		.loc 1 62 33 is_stmt 0 view .LVU7
  42 0006 4FF0FF32 		mov	r2, #-1
  43 000a 8260     		str	r2, [r0, #8]
  63:FreeRTOS/Src/list.c **** 
  64:FreeRTOS/Src/list.c ****     /* The list end next and previous pointers point to itself so we know
  65:FreeRTOS/Src/list.c ****      * when the list is empty. */
  66:FreeRTOS/Src/list.c ****     pxList->xListEnd.pxNext = ( ListItem_t * ) &( pxList->xListEnd );
  44              		.loc 1 66 5 is_stmt 1 view .LVU8
  45              		.loc 1 66 29 is_stmt 0 view .LVU9
  46 000c C360     		str	r3, [r0, #12]
  67:FreeRTOS/Src/list.c ****     pxList->xListEnd.pxPrevious = ( ListItem_t * ) &( pxList->xListEnd );
  47              		.loc 1 67 5 is_stmt 1 view .LVU10
  48              		.loc 1 67 33 is_stmt 0 view .LVU11
ARM GAS  C:\Users\Dawn\AppData\Local\Temp\ccLzdA6p.s 			page 3


  49 000e 0361     		str	r3, [r0, #16]
  68:FreeRTOS/Src/list.c **** 
  69:FreeRTOS/Src/list.c ****     /* Initialize the remaining fields of xListEnd when it is a proper ListItem_t */
  70:FreeRTOS/Src/list.c ****     #if ( configUSE_MINI_LIST_ITEM == 0 )
  71:FreeRTOS/Src/list.c ****     {
  72:FreeRTOS/Src/list.c ****         pxList->xListEnd.pvOwner = NULL;
  73:FreeRTOS/Src/list.c ****         pxList->xListEnd.pxContainer = NULL;
  74:FreeRTOS/Src/list.c ****         listSET_SECOND_LIST_ITEM_INTEGRITY_CHECK_VALUE( &( pxList->xListEnd ) );
  75:FreeRTOS/Src/list.c ****     }
  76:FreeRTOS/Src/list.c ****     #endif
  77:FreeRTOS/Src/list.c **** 
  78:FreeRTOS/Src/list.c ****     pxList->uxNumberOfItems = ( UBaseType_t ) 0U;
  50              		.loc 1 78 5 is_stmt 1 view .LVU12
  51              		.loc 1 78 29 is_stmt 0 view .LVU13
  52 0010 0023     		movs	r3, #0
  53 0012 0360     		str	r3, [r0]
  79:FreeRTOS/Src/list.c **** 
  80:FreeRTOS/Src/list.c ****     /* Write known values into the list if
  81:FreeRTOS/Src/list.c ****      * configUSE_LIST_DATA_INTEGRITY_CHECK_BYTES is set to 1. */
  82:FreeRTOS/Src/list.c ****     listSET_LIST_INTEGRITY_CHECK_1_VALUE( pxList );
  54              		.loc 1 82 51 is_stmt 1 view .LVU14
  83:FreeRTOS/Src/list.c ****     listSET_LIST_INTEGRITY_CHECK_2_VALUE( pxList );
  55              		.loc 1 83 51 view .LVU15
  84:FreeRTOS/Src/list.c **** 
  85:FreeRTOS/Src/list.c ****     traceRETURN_vListInitialise();
  56              		.loc 1 85 34 view .LVU16
  86:FreeRTOS/Src/list.c **** }
  57              		.loc 1 86 1 is_stmt 0 view .LVU17
  58 0014 7047     		bx	lr
  59              		.cfi_endproc
  60              	.LFE128:
  62              		.section	.text.vListInitialiseItem,"ax",%progbits
  63              		.align	1
  64              		.global	vListInitialiseItem
  65              		.syntax unified
  66              		.thumb
  67              		.thumb_func
  69              	vListInitialiseItem:
  70              	.LVL1:
  71              	.LFB129:
  87:FreeRTOS/Src/list.c **** /*-----------------------------------------------------------*/
  88:FreeRTOS/Src/list.c **** 
  89:FreeRTOS/Src/list.c **** void vListInitialiseItem( ListItem_t * const pxItem )
  90:FreeRTOS/Src/list.c **** {
  72              		.loc 1 90 1 is_stmt 1 view -0
  73              		.cfi_startproc
  74              		@ args = 0, pretend = 0, frame = 0
  75              		@ frame_needed = 0, uses_anonymous_args = 0
  76              		@ link register save eliminated.
  91:FreeRTOS/Src/list.c ****     traceENTER_vListInitialiseItem( pxItem );
  77              		.loc 1 91 45 view .LVU19
  92:FreeRTOS/Src/list.c **** 
  93:FreeRTOS/Src/list.c ****     /* Make sure the list item is not recorded as being on a list. */
  94:FreeRTOS/Src/list.c ****     pxItem->pxContainer = NULL;
  78              		.loc 1 94 5 view .LVU20
  79              		.loc 1 94 25 is_stmt 0 view .LVU21
  80 0000 0023     		movs	r3, #0
ARM GAS  C:\Users\Dawn\AppData\Local\Temp\ccLzdA6p.s 			page 4


  81 0002 0361     		str	r3, [r0, #16]
  95:FreeRTOS/Src/list.c **** 
  96:FreeRTOS/Src/list.c ****     /* Write known values into the list item if
  97:FreeRTOS/Src/list.c ****      * configUSE_LIST_DATA_INTEGRITY_CHECK_BYTES is set to 1. */
  98:FreeRTOS/Src/list.c ****     listSET_FIRST_LIST_ITEM_INTEGRITY_CHECK_VALUE( pxItem );
  82              		.loc 1 98 60 is_stmt 1 view .LVU22
  99:FreeRTOS/Src/list.c ****     listSET_SECOND_LIST_ITEM_INTEGRITY_CHECK_VALUE( pxItem );
  83              		.loc 1 99 61 view .LVU23
 100:FreeRTOS/Src/list.c **** 
 101:FreeRTOS/Src/list.c ****     traceRETURN_vListInitialiseItem();
  84              		.loc 1 101 38 view .LVU24
 102:FreeRTOS/Src/list.c **** }
  85              		.loc 1 102 1 is_stmt 0 view .LVU25
  86 0004 7047     		bx	lr
  87              		.cfi_endproc
  88              	.LFE129:
  90              		.section	.text.vListInsertEnd,"ax",%progbits
  91              		.align	1
  92              		.global	vListInsertEnd
  93              		.syntax unified
  94              		.thumb
  95              		.thumb_func
  97              	vListInsertEnd:
  98              	.LVL2:
  99              	.LFB130:
 103:FreeRTOS/Src/list.c **** /*-----------------------------------------------------------*/
 104:FreeRTOS/Src/list.c **** 
 105:FreeRTOS/Src/list.c **** void vListInsertEnd( List_t * const pxList,
 106:FreeRTOS/Src/list.c ****                      ListItem_t * const pxNewListItem )
 107:FreeRTOS/Src/list.c **** {
 100              		.loc 1 107 1 is_stmt 1 view -0
 101              		.cfi_startproc
 102              		@ args = 0, pretend = 0, frame = 0
 103              		@ frame_needed = 0, uses_anonymous_args = 0
 104              		@ link register save eliminated.
 108:FreeRTOS/Src/list.c ****     ListItem_t * const pxIndex = pxList->pxIndex;
 105              		.loc 1 108 5 view .LVU27
 106              		.loc 1 108 24 is_stmt 0 view .LVU28
 107 0000 4368     		ldr	r3, [r0, #4]
 108              	.LVL3:
 109:FreeRTOS/Src/list.c **** 
 110:FreeRTOS/Src/list.c ****     traceENTER_vListInsertEnd( pxList, pxNewListItem );
 109              		.loc 1 110 55 is_stmt 1 view .LVU29
 111:FreeRTOS/Src/list.c **** 
 112:FreeRTOS/Src/list.c ****     /* Only effective when configASSERT() is also defined, these tests may catch
 113:FreeRTOS/Src/list.c ****      * the list data structures being overwritten in memory.  They will not catch
 114:FreeRTOS/Src/list.c ****      * data errors caused by incorrect configuration or use of FreeRTOS. */
 115:FreeRTOS/Src/list.c ****     listTEST_LIST_INTEGRITY( pxList );
 110              		.loc 1 115 38 view .LVU30
 116:FreeRTOS/Src/list.c ****     listTEST_LIST_ITEM_INTEGRITY( pxNewListItem );
 111              		.loc 1 116 50 view .LVU31
 117:FreeRTOS/Src/list.c **** 
 118:FreeRTOS/Src/list.c ****     /* Insert a new list item into pxList, but rather than sort the list,
 119:FreeRTOS/Src/list.c ****      * makes the new list item the last item to be removed by a call to
 120:FreeRTOS/Src/list.c ****      * listGET_OWNER_OF_NEXT_ENTRY(). */
 121:FreeRTOS/Src/list.c ****     pxNewListItem->pxNext = pxIndex;
 112              		.loc 1 121 5 view .LVU32
ARM GAS  C:\Users\Dawn\AppData\Local\Temp\ccLzdA6p.s 			page 5


 113              		.loc 1 121 27 is_stmt 0 view .LVU33
 114 0002 4B60     		str	r3, [r1, #4]
 122:FreeRTOS/Src/list.c ****     pxNewListItem->pxPrevious = pxIndex->pxPrevious;
 115              		.loc 1 122 5 is_stmt 1 view .LVU34
 116              		.loc 1 122 40 is_stmt 0 view .LVU35
 117 0004 9A68     		ldr	r2, [r3, #8]
 118              		.loc 1 122 31 view .LVU36
 119 0006 8A60     		str	r2, [r1, #8]
 123:FreeRTOS/Src/list.c **** 
 124:FreeRTOS/Src/list.c ****     /* Only used during decision coverage testing. */
 125:FreeRTOS/Src/list.c ****     mtCOVERAGE_TEST_DELAY();
 120              		.loc 1 125 28 is_stmt 1 view .LVU37
 126:FreeRTOS/Src/list.c **** 
 127:FreeRTOS/Src/list.c ****     pxIndex->pxPrevious->pxNext = pxNewListItem;
 121              		.loc 1 127 5 view .LVU38
 122              		.loc 1 127 33 is_stmt 0 view .LVU39
 123 0008 5160     		str	r1, [r2, #4]
 128:FreeRTOS/Src/list.c ****     pxIndex->pxPrevious = pxNewListItem;
 124              		.loc 1 128 5 is_stmt 1 view .LVU40
 125              		.loc 1 128 25 is_stmt 0 view .LVU41
 126 000a 9960     		str	r1, [r3, #8]
 129:FreeRTOS/Src/list.c **** 
 130:FreeRTOS/Src/list.c ****     /* Remember which list the item is in. */
 131:FreeRTOS/Src/list.c ****     pxNewListItem->pxContainer = pxList;
 127              		.loc 1 131 5 is_stmt 1 view .LVU42
 128              		.loc 1 131 32 is_stmt 0 view .LVU43
 129 000c 0861     		str	r0, [r1, #16]
 132:FreeRTOS/Src/list.c **** 
 133:FreeRTOS/Src/list.c ****     ( pxList->uxNumberOfItems ) = ( UBaseType_t ) ( pxList->uxNumberOfItems + 1U );
 130              		.loc 1 133 5 is_stmt 1 view .LVU44
 131              		.loc 1 133 59 is_stmt 0 view .LVU45
 132 000e 0368     		ldr	r3, [r0]
 133              	.LVL4:
 134              		.loc 1 133 35 view .LVU46
 135 0010 0133     		adds	r3, r3, #1
 136              		.loc 1 133 33 view .LVU47
 137 0012 0360     		str	r3, [r0]
 134:FreeRTOS/Src/list.c **** 
 135:FreeRTOS/Src/list.c ****     traceRETURN_vListInsertEnd();
 138              		.loc 1 135 33 is_stmt 1 view .LVU48
 136:FreeRTOS/Src/list.c **** }
 139              		.loc 1 136 1 is_stmt 0 view .LVU49
 140 0014 7047     		bx	lr
 141              		.cfi_endproc
 142              	.LFE130:
 144              		.section	.text.vListInsert,"ax",%progbits
 145              		.align	1
 146              		.global	vListInsert
 147              		.syntax unified
 148              		.thumb
 149              		.thumb_func
 151              	vListInsert:
 152              	.LVL5:
 153              	.LFB131:
 137:FreeRTOS/Src/list.c **** /*-----------------------------------------------------------*/
 138:FreeRTOS/Src/list.c **** 
 139:FreeRTOS/Src/list.c **** void vListInsert( List_t * const pxList,
ARM GAS  C:\Users\Dawn\AppData\Local\Temp\ccLzdA6p.s 			page 6


 140:FreeRTOS/Src/list.c ****                   ListItem_t * const pxNewListItem )
 141:FreeRTOS/Src/list.c **** {
 154              		.loc 1 141 1 is_stmt 1 view -0
 155              		.cfi_startproc
 156              		@ args = 0, pretend = 0, frame = 0
 157              		@ frame_needed = 0, uses_anonymous_args = 0
 158              		@ link register save eliminated.
 159              		.loc 1 141 1 is_stmt 0 view .LVU51
 160 0000 30B4     		push	{r4, r5}
 161              	.LCFI0:
 162              		.cfi_def_cfa_offset 8
 163              		.cfi_offset 4, -8
 164              		.cfi_offset 5, -4
 142:FreeRTOS/Src/list.c ****     ListItem_t * pxIterator;
 165              		.loc 1 142 5 is_stmt 1 view .LVU52
 143:FreeRTOS/Src/list.c ****     const TickType_t xValueOfInsertion = pxNewListItem->xItemValue;
 166              		.loc 1 143 5 view .LVU53
 167              		.loc 1 143 22 is_stmt 0 view .LVU54
 168 0002 0D68     		ldr	r5, [r1]
 169              	.LVL6:
 144:FreeRTOS/Src/list.c **** 
 145:FreeRTOS/Src/list.c ****     traceENTER_vListInsert( pxList, pxNewListItem );
 170              		.loc 1 145 52 is_stmt 1 view .LVU55
 146:FreeRTOS/Src/list.c **** 
 147:FreeRTOS/Src/list.c ****     /* Only effective when configASSERT() is also defined, these tests may catch
 148:FreeRTOS/Src/list.c ****      * the list data structures being overwritten in memory.  They will not catch
 149:FreeRTOS/Src/list.c ****      * data errors caused by incorrect configuration or use of FreeRTOS. */
 150:FreeRTOS/Src/list.c ****     listTEST_LIST_INTEGRITY( pxList );
 171              		.loc 1 150 38 view .LVU56
 151:FreeRTOS/Src/list.c ****     listTEST_LIST_ITEM_INTEGRITY( pxNewListItem );
 172              		.loc 1 151 50 view .LVU57
 152:FreeRTOS/Src/list.c **** 
 153:FreeRTOS/Src/list.c ****     /* Insert the new list item into the list, sorted in xItemValue order.
 154:FreeRTOS/Src/list.c ****      *
 155:FreeRTOS/Src/list.c ****      * If the list already contains a list item with the same item value then the
 156:FreeRTOS/Src/list.c ****      * new list item should be placed after it.  This ensures that TCBs which are
 157:FreeRTOS/Src/list.c ****      * stored in ready lists (all of which have the same xItemValue value) get a
 158:FreeRTOS/Src/list.c ****      * share of the CPU.  However, if the xItemValue is the same as the back marker
 159:FreeRTOS/Src/list.c ****      * the iteration loop below will not end.  Therefore the value is checked
 160:FreeRTOS/Src/list.c ****      * first, and the algorithm slightly modified if necessary. */
 161:FreeRTOS/Src/list.c ****     if( xValueOfInsertion == portMAX_DELAY )
 173              		.loc 1 161 5 view .LVU58
 174              		.loc 1 161 7 is_stmt 0 view .LVU59
 175 0004 B5F1FF3F 		cmp	r5, #-1
 176 0008 11D0     		beq	.L9
 162:FreeRTOS/Src/list.c ****     {
 163:FreeRTOS/Src/list.c ****         pxIterator = pxList->xListEnd.pxPrevious;
 164:FreeRTOS/Src/list.c ****     }
 165:FreeRTOS/Src/list.c ****     else
 166:FreeRTOS/Src/list.c ****     {
 167:FreeRTOS/Src/list.c ****         /* *** NOTE ***********************************************************
 168:FreeRTOS/Src/list.c ****         *  If you find your application is crashing here then likely causes are
 169:FreeRTOS/Src/list.c ****         *  listed below.  In addition see https://www.FreeRTOS.org/FAQHelp.html for
 170:FreeRTOS/Src/list.c ****         *  more tips, and ensure configASSERT() is defined!
 171:FreeRTOS/Src/list.c ****         *  https://www.FreeRTOS.org/a00110.html#configASSERT
 172:FreeRTOS/Src/list.c ****         *
 173:FreeRTOS/Src/list.c ****         *   1) Stack overflow -
ARM GAS  C:\Users\Dawn\AppData\Local\Temp\ccLzdA6p.s 			page 7


 174:FreeRTOS/Src/list.c ****         *      see https://www.FreeRTOS.org/Stacks-and-stack-overflow-checking.html
 175:FreeRTOS/Src/list.c ****         *   2) Incorrect interrupt priority assignment, especially on Cortex-M
 176:FreeRTOS/Src/list.c ****         *      parts where numerically high priority values denote low actual
 177:FreeRTOS/Src/list.c ****         *      interrupt priorities, which can seem counter intuitive.  See
 178:FreeRTOS/Src/list.c ****         *      https://www.FreeRTOS.org/RTOS-Cortex-M3-M4.html and the definition
 179:FreeRTOS/Src/list.c ****         *      of configMAX_SYSCALL_INTERRUPT_PRIORITY on
 180:FreeRTOS/Src/list.c ****         *      https://www.FreeRTOS.org/a00110.html
 181:FreeRTOS/Src/list.c ****         *   3) Calling an API function from within a critical section or when
 182:FreeRTOS/Src/list.c ****         *      the scheduler is suspended, or calling an API function that does
 183:FreeRTOS/Src/list.c ****         *      not end in "FromISR" from an interrupt.
 184:FreeRTOS/Src/list.c ****         *   4) Using a queue or semaphore before it has been initialised or
 185:FreeRTOS/Src/list.c ****         *      before the scheduler has been started (are interrupts firing
 186:FreeRTOS/Src/list.c ****         *      before vTaskStartScheduler() has been called?).
 187:FreeRTOS/Src/list.c ****         *   5) If the FreeRTOS port supports interrupt nesting then ensure that
 188:FreeRTOS/Src/list.c ****         *      the priority of the tick interrupt is at or below
 189:FreeRTOS/Src/list.c ****         *      configMAX_SYSCALL_INTERRUPT_PRIORITY.
 190:FreeRTOS/Src/list.c ****         **********************************************************************/
 191:FreeRTOS/Src/list.c **** 
 192:FreeRTOS/Src/list.c ****         for( pxIterator = ( ListItem_t * ) &( pxList->xListEnd ); pxIterator->pxNext->xItemValue <=
 177              		.loc 1 192 9 is_stmt 1 view .LVU60
 178              		.loc 1 192 25 is_stmt 0 view .LVU61
 179 000a 00F10803 		add	r3, r0, #8
 180              	.L7:
 181              	.LVL7:
 182              		.loc 1 192 98 is_stmt 1 discriminator 1 view .LVU62
 183 000e 1C46     		mov	r4, r3
 184              		.loc 1 192 77 is_stmt 0 discriminator 1 view .LVU63
 185 0010 5B68     		ldr	r3, [r3, #4]
 186              	.LVL8:
 187              		.loc 1 192 85 discriminator 1 view .LVU64
 188 0012 1A68     		ldr	r2, [r3]
 189              		.loc 1 192 98 discriminator 1 view .LVU65
 190 0014 AA42     		cmp	r2, r5
 191 0016 FAD9     		bls	.L7
 192              	.L6:
 193:FreeRTOS/Src/list.c ****         {
 194:FreeRTOS/Src/list.c ****             /* There is nothing to do here, just iterating to the wanted
 195:FreeRTOS/Src/list.c ****              * insertion position. */
 196:FreeRTOS/Src/list.c ****         }
 197:FreeRTOS/Src/list.c ****     }
 198:FreeRTOS/Src/list.c **** 
 199:FreeRTOS/Src/list.c ****     pxNewListItem->pxNext = pxIterator->pxNext;
 193              		.loc 1 199 5 is_stmt 1 view .LVU66
 194              		.loc 1 199 39 is_stmt 0 view .LVU67
 195 0018 6368     		ldr	r3, [r4, #4]
 196              		.loc 1 199 27 view .LVU68
 197 001a 4B60     		str	r3, [r1, #4]
 200:FreeRTOS/Src/list.c ****     pxNewListItem->pxNext->pxPrevious = pxNewListItem;
 198              		.loc 1 200 5 is_stmt 1 view .LVU69
 199              		.loc 1 200 39 is_stmt 0 view .LVU70
 200 001c 9960     		str	r1, [r3, #8]
 201:FreeRTOS/Src/list.c ****     pxNewListItem->pxPrevious = pxIterator;
 201              		.loc 1 201 5 is_stmt 1 view .LVU71
 202              		.loc 1 201 31 is_stmt 0 view .LVU72
 203 001e 8C60     		str	r4, [r1, #8]
 202:FreeRTOS/Src/list.c ****     pxIterator->pxNext = pxNewListItem;
 204              		.loc 1 202 5 is_stmt 1 view .LVU73
ARM GAS  C:\Users\Dawn\AppData\Local\Temp\ccLzdA6p.s 			page 8


 205              		.loc 1 202 24 is_stmt 0 view .LVU74
 206 0020 6160     		str	r1, [r4, #4]
 203:FreeRTOS/Src/list.c **** 
 204:FreeRTOS/Src/list.c ****     /* Remember which list the item is in.  This allows fast removal of the
 205:FreeRTOS/Src/list.c ****      * item later. */
 206:FreeRTOS/Src/list.c ****     pxNewListItem->pxContainer = pxList;
 207              		.loc 1 206 5 is_stmt 1 view .LVU75
 208              		.loc 1 206 32 is_stmt 0 view .LVU76
 209 0022 0861     		str	r0, [r1, #16]
 207:FreeRTOS/Src/list.c **** 
 208:FreeRTOS/Src/list.c ****     ( pxList->uxNumberOfItems ) = ( UBaseType_t ) ( pxList->uxNumberOfItems + 1U );
 210              		.loc 1 208 5 is_stmt 1 view .LVU77
 211              		.loc 1 208 59 is_stmt 0 view .LVU78
 212 0024 0368     		ldr	r3, [r0]
 213              		.loc 1 208 35 view .LVU79
 214 0026 0133     		adds	r3, r3, #1
 215              		.loc 1 208 33 view .LVU80
 216 0028 0360     		str	r3, [r0]
 209:FreeRTOS/Src/list.c **** 
 210:FreeRTOS/Src/list.c ****     traceRETURN_vListInsert();
 217              		.loc 1 210 30 is_stmt 1 view .LVU81
 211:FreeRTOS/Src/list.c **** }
 218              		.loc 1 211 1 is_stmt 0 view .LVU82
 219 002a 30BC     		pop	{r4, r5}
 220              	.LCFI1:
 221              		.cfi_remember_state
 222              		.cfi_restore 5
 223              		.cfi_restore 4
 224              		.cfi_def_cfa_offset 0
 225              	.LVL9:
 226              		.loc 1 211 1 view .LVU83
 227 002c 7047     		bx	lr
 228              	.LVL10:
 229              	.L9:
 230              	.LCFI2:
 231              		.cfi_restore_state
 163:FreeRTOS/Src/list.c ****     }
 232              		.loc 1 163 9 is_stmt 1 view .LVU84
 163:FreeRTOS/Src/list.c ****     }
 233              		.loc 1 163 20 is_stmt 0 view .LVU85
 234 002e 0469     		ldr	r4, [r0, #16]
 235              	.LVL11:
 163:FreeRTOS/Src/list.c ****     }
 236              		.loc 1 163 20 view .LVU86
 237 0030 F2E7     		b	.L6
 238              		.cfi_endproc
 239              	.LFE131:
 241              		.section	.text.uxListRemove,"ax",%progbits
 242              		.align	1
 243              		.global	uxListRemove
 244              		.syntax unified
 245              		.thumb
 246              		.thumb_func
 248              	uxListRemove:
 249              	.LVL12:
 250              	.LFB132:
 212:FreeRTOS/Src/list.c **** /*-----------------------------------------------------------*/
ARM GAS  C:\Users\Dawn\AppData\Local\Temp\ccLzdA6p.s 			page 9


 213:FreeRTOS/Src/list.c **** 
 214:FreeRTOS/Src/list.c **** 
 215:FreeRTOS/Src/list.c **** UBaseType_t uxListRemove( ListItem_t * const pxItemToRemove )
 216:FreeRTOS/Src/list.c **** {
 251              		.loc 1 216 1 is_stmt 1 view -0
 252              		.cfi_startproc
 253              		@ args = 0, pretend = 0, frame = 0
 254              		@ frame_needed = 0, uses_anonymous_args = 0
 255              		@ link register save eliminated.
 217:FreeRTOS/Src/list.c ****     /* The list item knows which list it is in.  Obtain the list from the list
 218:FreeRTOS/Src/list.c ****      * item. */
 219:FreeRTOS/Src/list.c ****     List_t * const pxList = pxItemToRemove->pxContainer;
 256              		.loc 1 219 5 view .LVU88
 257              		.loc 1 219 20 is_stmt 0 view .LVU89
 258 0000 0369     		ldr	r3, [r0, #16]
 259              	.LVL13:
 220:FreeRTOS/Src/list.c **** 
 221:FreeRTOS/Src/list.c ****     traceENTER_uxListRemove( pxItemToRemove );
 260              		.loc 1 221 46 is_stmt 1 view .LVU90
 222:FreeRTOS/Src/list.c **** 
 223:FreeRTOS/Src/list.c ****     pxItemToRemove->pxNext->pxPrevious = pxItemToRemove->pxPrevious;
 261              		.loc 1 223 5 view .LVU91
 262              		.loc 1 223 19 is_stmt 0 view .LVU92
 263 0002 4168     		ldr	r1, [r0, #4]
 264              		.loc 1 223 56 view .LVU93
 265 0004 8268     		ldr	r2, [r0, #8]
 266              		.loc 1 223 40 view .LVU94
 267 0006 8A60     		str	r2, [r1, #8]
 224:FreeRTOS/Src/list.c ****     pxItemToRemove->pxPrevious->pxNext = pxItemToRemove->pxNext;
 268              		.loc 1 224 5 is_stmt 1 view .LVU95
 269              		.loc 1 224 56 is_stmt 0 view .LVU96
 270 0008 4168     		ldr	r1, [r0, #4]
 271              		.loc 1 224 40 view .LVU97
 272 000a 5160     		str	r1, [r2, #4]
 225:FreeRTOS/Src/list.c **** 
 226:FreeRTOS/Src/list.c ****     /* Only used during decision coverage testing. */
 227:FreeRTOS/Src/list.c ****     mtCOVERAGE_TEST_DELAY();
 273              		.loc 1 227 28 is_stmt 1 view .LVU98
 228:FreeRTOS/Src/list.c **** 
 229:FreeRTOS/Src/list.c ****     /* Make sure the index is left pointing to a valid item. */
 230:FreeRTOS/Src/list.c ****     if( pxList->pxIndex == pxItemToRemove )
 274              		.loc 1 230 5 view .LVU99
 275              		.loc 1 230 15 is_stmt 0 view .LVU100
 276 000c 5A68     		ldr	r2, [r3, #4]
 277              		.loc 1 230 7 view .LVU101
 278 000e 8242     		cmp	r2, r0
 279 0010 05D0     		beq	.L12
 280              	.L11:
 231:FreeRTOS/Src/list.c ****     {
 232:FreeRTOS/Src/list.c ****         pxList->pxIndex = pxItemToRemove->pxPrevious;
 233:FreeRTOS/Src/list.c ****     }
 234:FreeRTOS/Src/list.c ****     else
 235:FreeRTOS/Src/list.c ****     {
 236:FreeRTOS/Src/list.c ****         mtCOVERAGE_TEST_MARKER();
 281              		.loc 1 236 33 is_stmt 1 view .LVU102
 237:FreeRTOS/Src/list.c ****     }
 238:FreeRTOS/Src/list.c **** 
ARM GAS  C:\Users\Dawn\AppData\Local\Temp\ccLzdA6p.s 			page 10


 239:FreeRTOS/Src/list.c ****     pxItemToRemove->pxContainer = NULL;
 282              		.loc 1 239 5 view .LVU103
 283              		.loc 1 239 33 is_stmt 0 view .LVU104
 284 0012 0022     		movs	r2, #0
 285 0014 0261     		str	r2, [r0, #16]
 240:FreeRTOS/Src/list.c ****     ( pxList->uxNumberOfItems ) = ( UBaseType_t ) ( pxList->uxNumberOfItems - 1U );
 286              		.loc 1 240 5 is_stmt 1 view .LVU105
 287              		.loc 1 240 59 is_stmt 0 view .LVU106
 288 0016 1868     		ldr	r0, [r3]
 289              	.LVL14:
 290              		.loc 1 240 35 view .LVU107
 291 0018 0138     		subs	r0, r0, #1
 292              		.loc 1 240 33 view .LVU108
 293 001a 1860     		str	r0, [r3]
 241:FreeRTOS/Src/list.c **** 
 242:FreeRTOS/Src/list.c ****     traceRETURN_uxListRemove( pxList->uxNumberOfItems );
 294              		.loc 1 242 56 is_stmt 1 view .LVU109
 243:FreeRTOS/Src/list.c **** 
 244:FreeRTOS/Src/list.c ****     return pxList->uxNumberOfItems;
 295              		.loc 1 244 5 view .LVU110
 245:FreeRTOS/Src/list.c **** }
 296              		.loc 1 245 1 is_stmt 0 view .LVU111
 297 001c 7047     		bx	lr
 298              	.LVL15:
 299              	.L12:
 232:FreeRTOS/Src/list.c ****     }
 300              		.loc 1 232 9 is_stmt 1 view .LVU112
 232:FreeRTOS/Src/list.c ****     }
 301              		.loc 1 232 41 is_stmt 0 view .LVU113
 302 001e 8268     		ldr	r2, [r0, #8]
 232:FreeRTOS/Src/list.c ****     }
 303              		.loc 1 232 25 view .LVU114
 304 0020 5A60     		str	r2, [r3, #4]
 305 0022 F6E7     		b	.L11
 306              		.cfi_endproc
 307              	.LFE132:
 309              		.text
 310              	.Letext0:
 311              		.file 2 "D:/Tools/arm-gnu-toolchain/arm-none-eabi/include/machine/_default_types.h"
 312              		.file 3 "D:/Tools/arm-gnu-toolchain/arm-none-eabi/include/sys/_stdint.h"
 313              		.file 4 "FreeRTOS/portable/GCC/ARM_CM4F/portmacro.h"
 314              		.file 5 "FreeRTOS/Inc/list.h"
ARM GAS  C:\Users\Dawn\AppData\Local\Temp\ccLzdA6p.s 			page 11


DEFINED SYMBOLS
                            *ABS*:00000000 list.c
C:\Users\Dawn\AppData\Local\Temp\ccLzdA6p.s:19     .text.vListInitialise:00000000 $t
C:\Users\Dawn\AppData\Local\Temp\ccLzdA6p.s:25     .text.vListInitialise:00000000 vListInitialise
C:\Users\Dawn\AppData\Local\Temp\ccLzdA6p.s:63     .text.vListInitialiseItem:00000000 $t
C:\Users\Dawn\AppData\Local\Temp\ccLzdA6p.s:69     .text.vListInitialiseItem:00000000 vListInitialiseItem
C:\Users\Dawn\AppData\Local\Temp\ccLzdA6p.s:91     .text.vListInsertEnd:00000000 $t
C:\Users\Dawn\AppData\Local\Temp\ccLzdA6p.s:97     .text.vListInsertEnd:00000000 vListInsertEnd
C:\Users\Dawn\AppData\Local\Temp\ccLzdA6p.s:145    .text.vListInsert:00000000 $t
C:\Users\Dawn\AppData\Local\Temp\ccLzdA6p.s:151    .text.vListInsert:00000000 vListInsert
C:\Users\Dawn\AppData\Local\Temp\ccLzdA6p.s:242    .text.uxListRemove:00000000 $t
C:\Users\Dawn\AppData\Local\Temp\ccLzdA6p.s:248    .text.uxListRemove:00000000 uxListRemove

NO UNDEFINED SYMBOLS
