ARM GAS  C:\Users\Dawn\AppData\Local\Temp\ccMTnUH9.s 			page 1


   1              		.cpu cortex-m4
   2              		.arch armv7e-m
   3              		.fpu fpv4-sp-d16
   4              		.eabi_attribute 27, 1
   5              		.eabi_attribute 28, 1
   6              		.eabi_attribute 23, 1
   7              		.eabi_attribute 24, 1
   8              		.eabi_attribute 25, 1
   9              		.eabi_attribute 26, 1
  10              		.eabi_attribute 30, 1
  11              		.eabi_attribute 34, 1
  12              		.eabi_attribute 18, 4
  13              		.file	"syscalls.c"
  14              		.text
  15              	.Ltext0:
  16              		.cfi_sections	.debug_frame
  17              		.file 1 "core/src/syscalls.c"
  18              		.section	.text.initialise_monitor_handles,"ax",%progbits
  19              		.align	1
  20              		.global	initialise_monitor_handles
  21              		.syntax unified
  22              		.thumb
  23              		.thumb_func
  25              	initialise_monitor_handles:
  26              	.LFB25:
   1:core/src/syscalls.c **** /**
   2:core/src/syscalls.c ****  * @file syscalls.c
   3:core/src/syscalls.c ****  * @brief System calls implementation for GCC newlib
   4:core/src/syscalls.c ****  * @version v1.0.0
   5:core/src/syscalls.c ****  * @author N32G430 Project
   6:core/src/syscalls.c ****  */
   7:core/src/syscalls.c **** 
   8:core/src/syscalls.c **** #include <sys/stat.h>
   9:core/src/syscalls.c **** #include <stdlib.h>
  10:core/src/syscalls.c **** #include <errno.h>
  11:core/src/syscalls.c **** #include <stdio.h>
  12:core/src/syscalls.c **** #include <signal.h>
  13:core/src/syscalls.c **** #include <time.h>
  14:core/src/syscalls.c **** #include <sys/time.h>
  15:core/src/syscalls.c **** #include <sys/times.h>
  16:core/src/syscalls.c **** 
  17:core/src/syscalls.c **** /* Variables */
  18:core/src/syscalls.c **** extern int __io_putchar(int ch) __attribute__((weak));
  19:core/src/syscalls.c **** extern int __io_getchar(void) __attribute__((weak));
  20:core/src/syscalls.c **** 
  21:core/src/syscalls.c **** register char * stack_ptr asm("sp");
  22:core/src/syscalls.c **** 
  23:core/src/syscalls.c **** char *__env[1] = { 0 };
  24:core/src/syscalls.c **** char **environ = __env;
  25:core/src/syscalls.c **** 
  26:core/src/syscalls.c **** /* Functions */
  27:core/src/syscalls.c **** void initialise_monitor_handles()
  28:core/src/syscalls.c **** {
  27              		.loc 1 28 1 view -0
  28              		.cfi_startproc
  29              		@ args = 0, pretend = 0, frame = 0
  30              		@ frame_needed = 0, uses_anonymous_args = 0
ARM GAS  C:\Users\Dawn\AppData\Local\Temp\ccMTnUH9.s 			page 2


  31              		@ link register save eliminated.
  29:core/src/syscalls.c **** }
  32              		.loc 1 29 1 view .LVU1
  33 0000 7047     		bx	lr
  34              		.cfi_endproc
  35              	.LFE25:
  37              		.section	.text._getpid,"ax",%progbits
  38              		.align	1
  39              		.global	_getpid
  40              		.syntax unified
  41              		.thumb
  42              		.thumb_func
  44              	_getpid:
  45              	.LFB26:
  30:core/src/syscalls.c **** 
  31:core/src/syscalls.c **** int _getpid(void)
  32:core/src/syscalls.c **** {
  46              		.loc 1 32 1 view -0
  47              		.cfi_startproc
  48              		@ args = 0, pretend = 0, frame = 0
  49              		@ frame_needed = 0, uses_anonymous_args = 0
  50              		@ link register save eliminated.
  33:core/src/syscalls.c ****     return 1;
  51              		.loc 1 33 5 view .LVU3
  34:core/src/syscalls.c **** }
  52              		.loc 1 34 1 is_stmt 0 view .LVU4
  53 0000 0120     		movs	r0, #1
  54 0002 7047     		bx	lr
  55              		.cfi_endproc
  56              	.LFE26:
  58              		.section	.text._kill,"ax",%progbits
  59              		.align	1
  60              		.global	_kill
  61              		.syntax unified
  62              		.thumb
  63              		.thumb_func
  65              	_kill:
  66              	.LVL0:
  67              	.LFB27:
  35:core/src/syscalls.c **** 
  36:core/src/syscalls.c **** int _kill(int pid, int sig)
  37:core/src/syscalls.c **** {
  68              		.loc 1 37 1 is_stmt 1 view -0
  69              		.cfi_startproc
  70              		@ args = 0, pretend = 0, frame = 0
  71              		@ frame_needed = 0, uses_anonymous_args = 0
  72              		.loc 1 37 1 is_stmt 0 view .LVU6
  73 0000 08B5     		push	{r3, lr}
  74              	.LCFI0:
  75              		.cfi_def_cfa_offset 8
  76              		.cfi_offset 3, -8
  77              		.cfi_offset 14, -4
  38:core/src/syscalls.c ****     (void)pid;
  78              		.loc 1 38 5 is_stmt 1 view .LVU7
  39:core/src/syscalls.c ****     (void)sig;
  79              		.loc 1 39 5 view .LVU8
  40:core/src/syscalls.c ****     errno = EINVAL;
ARM GAS  C:\Users\Dawn\AppData\Local\Temp\ccMTnUH9.s 			page 3


  80              		.loc 1 40 5 view .LVU9
  81 0002 FFF7FEFF 		bl	__errno
  82              	.LVL1:
  83              		.loc 1 40 11 is_stmt 0 discriminator 1 view .LVU10
  84 0006 1623     		movs	r3, #22
  85 0008 0360     		str	r3, [r0]
  41:core/src/syscalls.c ****     return -1;
  86              		.loc 1 41 5 is_stmt 1 view .LVU11
  42:core/src/syscalls.c **** }
  87              		.loc 1 42 1 is_stmt 0 view .LVU12
  88 000a 4FF0FF30 		mov	r0, #-1
  89 000e 08BD     		pop	{r3, pc}
  90              		.cfi_endproc
  91              	.LFE27:
  93              		.section	.text._exit,"ax",%progbits
  94              		.align	1
  95              		.global	_exit
  96              		.syntax unified
  97              		.thumb
  98              		.thumb_func
 100              	_exit:
 101              	.LVL2:
 102              	.LFB28:
  43:core/src/syscalls.c **** 
  44:core/src/syscalls.c **** void _exit (int status)
  45:core/src/syscalls.c **** {
 103              		.loc 1 45 1 is_stmt 1 view -0
 104              		.cfi_startproc
 105              		@ Volatile: function does not return.
 106              		@ args = 0, pretend = 0, frame = 0
 107              		@ frame_needed = 0, uses_anonymous_args = 0
 108              		.loc 1 45 1 is_stmt 0 view .LVU14
 109 0000 08B5     		push	{r3, lr}
 110              	.LCFI1:
 111              		.cfi_def_cfa_offset 8
 112              		.cfi_offset 3, -8
 113              		.cfi_offset 14, -4
  46:core/src/syscalls.c ****     _kill(status, -1);
 114              		.loc 1 46 5 is_stmt 1 view .LVU15
 115 0002 4FF0FF31 		mov	r1, #-1
 116 0006 FFF7FEFF 		bl	_kill
 117              	.LVL3:
 118              	.L6:
  47:core/src/syscalls.c ****     while (1) {}
 119              		.loc 1 47 5 view .LVU16
 120              		.loc 1 47 16 view .LVU17
 121              		.loc 1 47 11 view .LVU18
 122 000a FEE7     		b	.L6
 123              		.cfi_endproc
 124              	.LFE28:
 126              		.section	.text._read,"ax",%progbits
 127              		.align	1
 128              		.weak	_read
 129              		.syntax unified
 130              		.thumb
 131              		.thumb_func
 133              	_read:
ARM GAS  C:\Users\Dawn\AppData\Local\Temp\ccMTnUH9.s 			page 4


 134              	.LVL4:
 135              	.LFB29:
  48:core/src/syscalls.c **** }
  49:core/src/syscalls.c **** 
  50:core/src/syscalls.c **** __attribute__((weak)) int _read(int file, char *ptr, int len)
  51:core/src/syscalls.c **** {
 136              		.loc 1 51 1 view -0
 137              		.cfi_startproc
 138              		@ args = 0, pretend = 0, frame = 0
 139              		@ frame_needed = 0, uses_anonymous_args = 0
 140              		.loc 1 51 1 is_stmt 0 view .LVU20
 141 0000 70B5     		push	{r4, r5, r6, lr}
 142              	.LCFI2:
 143              		.cfi_def_cfa_offset 16
 144              		.cfi_offset 4, -16
 145              		.cfi_offset 5, -12
 146              		.cfi_offset 6, -8
 147              		.cfi_offset 14, -4
 148 0002 0C46     		mov	r4, r1
 149 0004 1646     		mov	r6, r2
  52:core/src/syscalls.c ****     (void)file;
 150              		.loc 1 52 5 is_stmt 1 view .LVU21
  53:core/src/syscalls.c ****     int DataIdx;
 151              		.loc 1 53 5 view .LVU22
  54:core/src/syscalls.c **** 
  55:core/src/syscalls.c ****     for (DataIdx = 0; DataIdx < len; DataIdx++)
 152              		.loc 1 55 5 view .LVU23
 153              	.LVL5:
 154              		.loc 1 55 18 is_stmt 0 view .LVU24
 155 0006 0025     		movs	r5, #0
 156              		.loc 1 55 5 view .LVU25
 157 0008 05E0     		b	.L9
 158              	.LVL6:
 159              	.L10:
  56:core/src/syscalls.c ****     {
  57:core/src/syscalls.c ****         if (__io_getchar)
  58:core/src/syscalls.c ****         {
  59:core/src/syscalls.c ****             *ptr++ = __io_getchar();
  60:core/src/syscalls.c ****         }
  61:core/src/syscalls.c ****         else
  62:core/src/syscalls.c ****         {
  63:core/src/syscalls.c ****             *ptr++ = 0;
 160              		.loc 1 63 13 is_stmt 1 view .LVU26
 161              		.loc 1 63 17 is_stmt 0 view .LVU27
 162 000a 2146     		mov	r1, r4
 163              	.LVL7:
 164              		.loc 1 63 20 view .LVU28
 165 000c 0023     		movs	r3, #0
 166 000e 01F8013B 		strb	r3, [r1], #1
 167              	.LVL8:
 168              		.loc 1 63 17 view .LVU29
 169 0012 0C46     		mov	r4, r1
 170              	.L11:
  55:core/src/syscalls.c ****     {
 171              		.loc 1 55 45 is_stmt 1 discriminator 2 view .LVU30
 172 0014 0135     		adds	r5, r5, #1
 173              	.LVL9:
ARM GAS  C:\Users\Dawn\AppData\Local\Temp\ccMTnUH9.s 			page 5


 174              	.L9:
  55:core/src/syscalls.c ****     {
 175              		.loc 1 55 31 discriminator 1 view .LVU31
 176 0016 B542     		cmp	r5, r6
 177 0018 09DA     		bge	.L14
  57:core/src/syscalls.c ****         {
 178              		.loc 1 57 9 view .LVU32
  57:core/src/syscalls.c ****         {
 179              		.loc 1 57 12 is_stmt 0 view .LVU33
 180 001a 064B     		ldr	r3, .L15
 181 001c 002B     		cmp	r3, #0
 182 001e F4D0     		beq	.L10
  59:core/src/syscalls.c ****         }
 183              		.loc 1 59 13 is_stmt 1 view .LVU34
  59:core/src/syscalls.c ****         }
 184              		.loc 1 59 22 is_stmt 0 view .LVU35
 185 0020 FFF7FEFF 		bl	__io_getchar
 186              	.LVL10:
  59:core/src/syscalls.c ****         }
 187              		.loc 1 59 17 discriminator 1 view .LVU36
 188 0024 2146     		mov	r1, r4
 189              	.LVL11:
  59:core/src/syscalls.c ****         }
 190              		.loc 1 59 20 discriminator 1 view .LVU37
 191 0026 01F8010B 		strb	r0, [r1], #1
 192              	.LVL12:
  59:core/src/syscalls.c ****         }
 193              		.loc 1 59 17 discriminator 1 view .LVU38
 194 002a 0C46     		mov	r4, r1
 195 002c F2E7     		b	.L11
 196              	.L14:
  64:core/src/syscalls.c ****         }
  65:core/src/syscalls.c ****     }
  66:core/src/syscalls.c **** 
  67:core/src/syscalls.c ****     return len;
 197              		.loc 1 67 5 is_stmt 1 view .LVU39
  68:core/src/syscalls.c **** }
 198              		.loc 1 68 1 is_stmt 0 view .LVU40
 199 002e 3046     		mov	r0, r6
 200 0030 70BD     		pop	{r4, r5, r6, pc}
 201              	.LVL13:
 202              	.L16:
 203              		.loc 1 68 1 view .LVU41
 204 0032 00BF     		.align	2
 205              	.L15:
 206 0034 00000000 		.word	__io_getchar
 207              		.cfi_endproc
 208              	.LFE29:
 210              		.section	.text._write,"ax",%progbits
 211              		.align	1
 212              		.weak	_write
 213              		.syntax unified
 214              		.thumb
 215              		.thumb_func
 217              	_write:
 218              	.LVL14:
 219              	.LFB30:
ARM GAS  C:\Users\Dawn\AppData\Local\Temp\ccMTnUH9.s 			page 6


  69:core/src/syscalls.c **** 
  70:core/src/syscalls.c **** __attribute__((weak)) int _write(int file, char *ptr, int len)
  71:core/src/syscalls.c **** {
 220              		.loc 1 71 1 is_stmt 1 view -0
 221              		.cfi_startproc
 222              		@ args = 0, pretend = 0, frame = 0
 223              		@ frame_needed = 0, uses_anonymous_args = 0
 224              		.loc 1 71 1 is_stmt 0 view .LVU43
 225 0000 70B5     		push	{r4, r5, r6, lr}
 226              	.LCFI3:
 227              		.cfi_def_cfa_offset 16
 228              		.cfi_offset 4, -16
 229              		.cfi_offset 5, -12
 230              		.cfi_offset 6, -8
 231              		.cfi_offset 14, -4
 232 0002 0C46     		mov	r4, r1
 233 0004 1646     		mov	r6, r2
  72:core/src/syscalls.c ****     (void)file;
 234              		.loc 1 72 5 is_stmt 1 view .LVU44
  73:core/src/syscalls.c ****     int DataIdx;
 235              		.loc 1 73 5 view .LVU45
  74:core/src/syscalls.c **** 
  75:core/src/syscalls.c ****     for (DataIdx = 0; DataIdx < len; DataIdx++)
 236              		.loc 1 75 5 view .LVU46
 237              	.LVL15:
 238              		.loc 1 75 18 is_stmt 0 view .LVU47
 239 0006 0025     		movs	r5, #0
 240              		.loc 1 75 5 view .LVU48
 241 0008 00E0     		b	.L18
 242              	.LVL16:
 243              	.L19:
 244              		.loc 1 75 45 is_stmt 1 discriminator 2 view .LVU49
 245 000a 0135     		adds	r5, r5, #1
 246              	.LVL17:
 247              	.L18:
 248              		.loc 1 75 31 discriminator 1 view .LVU50
 249 000c B542     		cmp	r5, r6
 250 000e 07DA     		bge	.L22
  76:core/src/syscalls.c ****     {
  77:core/src/syscalls.c ****         if (__io_putchar)
 251              		.loc 1 77 9 view .LVU51
 252              		.loc 1 77 12 is_stmt 0 view .LVU52
 253 0010 044B     		ldr	r3, .L23
 254 0012 002B     		cmp	r3, #0
 255 0014 F9D0     		beq	.L19
  78:core/src/syscalls.c ****         {
  79:core/src/syscalls.c ****             __io_putchar(*ptr++);
 256              		.loc 1 79 13 is_stmt 1 view .LVU53
 257              	.LVL18:
 258              		.loc 1 79 13 is_stmt 0 view .LVU54
 259 0016 14F8010B 		ldrb	r0, [r4], #1	@ zero_extendqisi2
 260              	.LVL19:
 261              		.loc 1 79 13 view .LVU55
 262 001a FFF7FEFF 		bl	__io_putchar
 263              	.LVL20:
 264 001e F4E7     		b	.L19
 265              	.L22:
ARM GAS  C:\Users\Dawn\AppData\Local\Temp\ccMTnUH9.s 			page 7


  80:core/src/syscalls.c ****         }
  81:core/src/syscalls.c ****     }
  82:core/src/syscalls.c ****     return len;
 266              		.loc 1 82 5 is_stmt 1 view .LVU56
  83:core/src/syscalls.c **** }
 267              		.loc 1 83 1 is_stmt 0 view .LVU57
 268 0020 3046     		mov	r0, r6
 269 0022 70BD     		pop	{r4, r5, r6, pc}
 270              	.LVL21:
 271              	.L24:
 272              		.loc 1 83 1 view .LVU58
 273              		.align	2
 274              	.L23:
 275 0024 00000000 		.word	__io_putchar
 276              		.cfi_endproc
 277              	.LFE30:
 279              		.section	.text._close,"ax",%progbits
 280              		.align	1
 281              		.global	_close
 282              		.syntax unified
 283              		.thumb
 284              		.thumb_func
 286              	_close:
 287              	.LVL22:
 288              	.LFB31:
  84:core/src/syscalls.c **** 
  85:core/src/syscalls.c **** int _close(int file)
  86:core/src/syscalls.c **** {
 289              		.loc 1 86 1 is_stmt 1 view -0
 290              		.cfi_startproc
 291              		@ args = 0, pretend = 0, frame = 0
 292              		@ frame_needed = 0, uses_anonymous_args = 0
 293              		@ link register save eliminated.
  87:core/src/syscalls.c ****     (void)file;
 294              		.loc 1 87 5 view .LVU60
  88:core/src/syscalls.c ****     return -1;
 295              		.loc 1 88 5 view .LVU61
  89:core/src/syscalls.c **** }
 296              		.loc 1 89 1 is_stmt 0 view .LVU62
 297 0000 4FF0FF30 		mov	r0, #-1
 298              	.LVL23:
 299              		.loc 1 89 1 view .LVU63
 300 0004 7047     		bx	lr
 301              		.cfi_endproc
 302              	.LFE31:
 304              		.section	.text._fstat,"ax",%progbits
 305              		.align	1
 306              		.global	_fstat
 307              		.syntax unified
 308              		.thumb
 309              		.thumb_func
 311              	_fstat:
 312              	.LVL24:
 313              	.LFB32:
  90:core/src/syscalls.c **** 
  91:core/src/syscalls.c **** int _fstat(int file, struct stat *st)
  92:core/src/syscalls.c **** {
ARM GAS  C:\Users\Dawn\AppData\Local\Temp\ccMTnUH9.s 			page 8


 314              		.loc 1 92 1 is_stmt 1 view -0
 315              		.cfi_startproc
 316              		@ args = 0, pretend = 0, frame = 0
 317              		@ frame_needed = 0, uses_anonymous_args = 0
 318              		@ link register save eliminated.
  93:core/src/syscalls.c ****     (void)file;
 319              		.loc 1 93 5 view .LVU65
  94:core/src/syscalls.c ****     st->st_mode = S_IFCHR;
 320              		.loc 1 94 5 view .LVU66
 321              		.loc 1 94 17 is_stmt 0 view .LVU67
 322 0000 4FF40053 		mov	r3, #8192
 323 0004 4B60     		str	r3, [r1, #4]
  95:core/src/syscalls.c ****     return 0;
 324              		.loc 1 95 5 is_stmt 1 view .LVU68
  96:core/src/syscalls.c **** }
 325              		.loc 1 96 1 is_stmt 0 view .LVU69
 326 0006 0020     		movs	r0, #0
 327              	.LVL25:
 328              		.loc 1 96 1 view .LVU70
 329 0008 7047     		bx	lr
 330              		.cfi_endproc
 331              	.LFE32:
 333              		.section	.text._isatty,"ax",%progbits
 334              		.align	1
 335              		.global	_isatty
 336              		.syntax unified
 337              		.thumb
 338              		.thumb_func
 340              	_isatty:
 341              	.LVL26:
 342              	.LFB33:
  97:core/src/syscalls.c **** 
  98:core/src/syscalls.c **** int _isatty(int file)
  99:core/src/syscalls.c **** {
 343              		.loc 1 99 1 is_stmt 1 view -0
 344              		.cfi_startproc
 345              		@ args = 0, pretend = 0, frame = 0
 346              		@ frame_needed = 0, uses_anonymous_args = 0
 347              		@ link register save eliminated.
 100:core/src/syscalls.c ****     (void)file;
 348              		.loc 1 100 5 view .LVU72
 101:core/src/syscalls.c ****     return 1;
 349              		.loc 1 101 5 view .LVU73
 102:core/src/syscalls.c **** }
 350              		.loc 1 102 1 is_stmt 0 view .LVU74
 351 0000 0120     		movs	r0, #1
 352              	.LVL27:
 353              		.loc 1 102 1 view .LVU75
 354 0002 7047     		bx	lr
 355              		.cfi_endproc
 356              	.LFE33:
 358              		.section	.text._lseek,"ax",%progbits
 359              		.align	1
 360              		.global	_lseek
 361              		.syntax unified
 362              		.thumb
 363              		.thumb_func
ARM GAS  C:\Users\Dawn\AppData\Local\Temp\ccMTnUH9.s 			page 9


 365              	_lseek:
 366              	.LVL28:
 367              	.LFB34:
 103:core/src/syscalls.c **** 
 104:core/src/syscalls.c **** int _lseek(int file, int ptr, int dir)
 105:core/src/syscalls.c **** {
 368              		.loc 1 105 1 is_stmt 1 view -0
 369              		.cfi_startproc
 370              		@ args = 0, pretend = 0, frame = 0
 371              		@ frame_needed = 0, uses_anonymous_args = 0
 372              		@ link register save eliminated.
 106:core/src/syscalls.c ****     (void)file;
 373              		.loc 1 106 5 view .LVU77
 107:core/src/syscalls.c ****     (void)ptr;
 374              		.loc 1 107 5 view .LVU78
 108:core/src/syscalls.c ****     (void)dir;
 375              		.loc 1 108 5 view .LVU79
 109:core/src/syscalls.c ****     return 0;
 376              		.loc 1 109 5 view .LVU80
 110:core/src/syscalls.c **** }
 377              		.loc 1 110 1 is_stmt 0 view .LVU81
 378 0000 0020     		movs	r0, #0
 379              	.LVL29:
 380              		.loc 1 110 1 view .LVU82
 381 0002 7047     		bx	lr
 382              		.cfi_endproc
 383              	.LFE34:
 385              		.section	.text._open,"ax",%progbits
 386              		.align	1
 387              		.global	_open
 388              		.syntax unified
 389              		.thumb
 390              		.thumb_func
 392              	_open:
 393              	.LVL30:
 394              	.LFB35:
 111:core/src/syscalls.c **** 
 112:core/src/syscalls.c **** int _open(char *path, int flags, ...)
 113:core/src/syscalls.c **** {
 395              		.loc 1 113 1 is_stmt 1 view -0
 396              		.cfi_startproc
 397              		@ args = 4, pretend = 12, frame = 0
 398              		@ frame_needed = 0, uses_anonymous_args = 1
 399              		@ link register save eliminated.
 400              		.loc 1 113 1 is_stmt 0 view .LVU84
 401 0000 0EB4     		push	{r1, r2, r3}
 402              	.LCFI4:
 403              		.cfi_def_cfa_offset 12
 404              		.cfi_offset 1, -12
 405              		.cfi_offset 2, -8
 406              		.cfi_offset 3, -4
 114:core/src/syscalls.c ****     (void)path;
 407              		.loc 1 114 5 is_stmt 1 view .LVU85
 115:core/src/syscalls.c ****     (void)flags;
 408              		.loc 1 115 5 view .LVU86
 116:core/src/syscalls.c ****     /* Pretend like we always fail */
 117:core/src/syscalls.c ****     return -1;
ARM GAS  C:\Users\Dawn\AppData\Local\Temp\ccMTnUH9.s 			page 10


 409              		.loc 1 117 5 view .LVU87
 118:core/src/syscalls.c **** }
 410              		.loc 1 118 1 is_stmt 0 view .LVU88
 411 0002 4FF0FF30 		mov	r0, #-1
 412              	.LVL31:
 413              		.loc 1 118 1 view .LVU89
 414 0006 03B0     		add	sp, sp, #12
 415              	.LCFI5:
 416              		.cfi_restore 3
 417              		.cfi_restore 2
 418              		.cfi_restore 1
 419              		.cfi_def_cfa_offset 0
 420 0008 7047     		bx	lr
 421              		.cfi_endproc
 422              	.LFE35:
 424              		.section	.text._wait,"ax",%progbits
 425              		.align	1
 426              		.global	_wait
 427              		.syntax unified
 428              		.thumb
 429              		.thumb_func
 431              	_wait:
 432              	.LVL32:
 433              	.LFB36:
 119:core/src/syscalls.c **** 
 120:core/src/syscalls.c **** int _wait(int *status)
 121:core/src/syscalls.c **** {
 434              		.loc 1 121 1 is_stmt 1 view -0
 435              		.cfi_startproc
 436              		@ args = 0, pretend = 0, frame = 0
 437              		@ frame_needed = 0, uses_anonymous_args = 0
 438              		.loc 1 121 1 is_stmt 0 view .LVU91
 439 0000 08B5     		push	{r3, lr}
 440              	.LCFI6:
 441              		.cfi_def_cfa_offset 8
 442              		.cfi_offset 3, -8
 443              		.cfi_offset 14, -4
 122:core/src/syscalls.c ****     (void)status;
 444              		.loc 1 122 5 is_stmt 1 view .LVU92
 123:core/src/syscalls.c ****     errno = ECHILD;
 445              		.loc 1 123 5 view .LVU93
 446 0002 FFF7FEFF 		bl	__errno
 447              	.LVL33:
 448              		.loc 1 123 11 is_stmt 0 discriminator 1 view .LVU94
 449 0006 0A23     		movs	r3, #10
 450 0008 0360     		str	r3, [r0]
 124:core/src/syscalls.c ****     return -1;
 451              		.loc 1 124 5 is_stmt 1 view .LVU95
 125:core/src/syscalls.c **** }
 452              		.loc 1 125 1 is_stmt 0 view .LVU96
 453 000a 4FF0FF30 		mov	r0, #-1
 454 000e 08BD     		pop	{r3, pc}
 455              		.cfi_endproc
 456              	.LFE36:
 458              		.section	.text._unlink,"ax",%progbits
 459              		.align	1
 460              		.global	_unlink
ARM GAS  C:\Users\Dawn\AppData\Local\Temp\ccMTnUH9.s 			page 11


 461              		.syntax unified
 462              		.thumb
 463              		.thumb_func
 465              	_unlink:
 466              	.LVL34:
 467              	.LFB37:
 126:core/src/syscalls.c **** 
 127:core/src/syscalls.c **** int _unlink(char *name)
 128:core/src/syscalls.c **** {
 468              		.loc 1 128 1 is_stmt 1 view -0
 469              		.cfi_startproc
 470              		@ args = 0, pretend = 0, frame = 0
 471              		@ frame_needed = 0, uses_anonymous_args = 0
 472              		.loc 1 128 1 is_stmt 0 view .LVU98
 473 0000 08B5     		push	{r3, lr}
 474              	.LCFI7:
 475              		.cfi_def_cfa_offset 8
 476              		.cfi_offset 3, -8
 477              		.cfi_offset 14, -4
 129:core/src/syscalls.c ****     (void)name;
 478              		.loc 1 129 5 is_stmt 1 view .LVU99
 130:core/src/syscalls.c ****     errno = ENOENT;
 479              		.loc 1 130 5 view .LVU100
 480 0002 FFF7FEFF 		bl	__errno
 481              	.LVL35:
 482              		.loc 1 130 11 is_stmt 0 discriminator 1 view .LVU101
 483 0006 0223     		movs	r3, #2
 484 0008 0360     		str	r3, [r0]
 131:core/src/syscalls.c ****     return -1;
 485              		.loc 1 131 5 is_stmt 1 view .LVU102
 132:core/src/syscalls.c **** }
 486              		.loc 1 132 1 is_stmt 0 view .LVU103
 487 000a 4FF0FF30 		mov	r0, #-1
 488 000e 08BD     		pop	{r3, pc}
 489              		.cfi_endproc
 490              	.LFE37:
 492              		.section	.text._times,"ax",%progbits
 493              		.align	1
 494              		.global	_times
 495              		.syntax unified
 496              		.thumb
 497              		.thumb_func
 499              	_times:
 500              	.LVL36:
 501              	.LFB38:
 133:core/src/syscalls.c **** 
 134:core/src/syscalls.c **** int _times(struct tms *buf)
 135:core/src/syscalls.c **** {
 502              		.loc 1 135 1 is_stmt 1 view -0
 503              		.cfi_startproc
 504              		@ args = 0, pretend = 0, frame = 0
 505              		@ frame_needed = 0, uses_anonymous_args = 0
 506              		@ link register save eliminated.
 136:core/src/syscalls.c ****     (void)buf;
 507              		.loc 1 136 5 view .LVU105
 137:core/src/syscalls.c ****     return -1;
 508              		.loc 1 137 5 view .LVU106
ARM GAS  C:\Users\Dawn\AppData\Local\Temp\ccMTnUH9.s 			page 12


 138:core/src/syscalls.c **** }
 509              		.loc 1 138 1 is_stmt 0 view .LVU107
 510 0000 4FF0FF30 		mov	r0, #-1
 511              	.LVL37:
 512              		.loc 1 138 1 view .LVU108
 513 0004 7047     		bx	lr
 514              		.cfi_endproc
 515              	.LFE38:
 517              		.section	.text._stat,"ax",%progbits
 518              		.align	1
 519              		.global	_stat
 520              		.syntax unified
 521              		.thumb
 522              		.thumb_func
 524              	_stat:
 525              	.LVL38:
 526              	.LFB39:
 139:core/src/syscalls.c **** 
 140:core/src/syscalls.c **** int _stat(char *file, struct stat *st)
 141:core/src/syscalls.c **** {
 527              		.loc 1 141 1 is_stmt 1 view -0
 528              		.cfi_startproc
 529              		@ args = 0, pretend = 0, frame = 0
 530              		@ frame_needed = 0, uses_anonymous_args = 0
 531              		@ link register save eliminated.
 142:core/src/syscalls.c ****     (void)file;
 532              		.loc 1 142 5 view .LVU110
 143:core/src/syscalls.c ****     st->st_mode = S_IFCHR;
 533              		.loc 1 143 5 view .LVU111
 534              		.loc 1 143 17 is_stmt 0 view .LVU112
 535 0000 4FF40053 		mov	r3, #8192
 536 0004 4B60     		str	r3, [r1, #4]
 144:core/src/syscalls.c ****     return 0;
 537              		.loc 1 144 5 is_stmt 1 view .LVU113
 145:core/src/syscalls.c **** }
 538              		.loc 1 145 1 is_stmt 0 view .LVU114
 539 0006 0020     		movs	r0, #0
 540              	.LVL39:
 541              		.loc 1 145 1 view .LVU115
 542 0008 7047     		bx	lr
 543              		.cfi_endproc
 544              	.LFE39:
 546              		.section	.text._link,"ax",%progbits
 547              		.align	1
 548              		.global	_link
 549              		.syntax unified
 550              		.thumb
 551              		.thumb_func
 553              	_link:
 554              	.LVL40:
 555              	.LFB40:
 146:core/src/syscalls.c **** 
 147:core/src/syscalls.c **** int _link(char *old, char *new)
 148:core/src/syscalls.c **** {
 556              		.loc 1 148 1 is_stmt 1 view -0
 557              		.cfi_startproc
 558              		@ args = 0, pretend = 0, frame = 0
ARM GAS  C:\Users\Dawn\AppData\Local\Temp\ccMTnUH9.s 			page 13


 559              		@ frame_needed = 0, uses_anonymous_args = 0
 560              		.loc 1 148 1 is_stmt 0 view .LVU117
 561 0000 08B5     		push	{r3, lr}
 562              	.LCFI8:
 563              		.cfi_def_cfa_offset 8
 564              		.cfi_offset 3, -8
 565              		.cfi_offset 14, -4
 149:core/src/syscalls.c ****     (void)old;
 566              		.loc 1 149 5 is_stmt 1 view .LVU118
 150:core/src/syscalls.c ****     (void)new;
 567              		.loc 1 150 5 view .LVU119
 151:core/src/syscalls.c ****     errno = EMLINK;
 568              		.loc 1 151 5 view .LVU120
 569 0002 FFF7FEFF 		bl	__errno
 570              	.LVL41:
 571              		.loc 1 151 11 is_stmt 0 discriminator 1 view .LVU121
 572 0006 1F23     		movs	r3, #31
 573 0008 0360     		str	r3, [r0]
 152:core/src/syscalls.c ****     return -1;
 574              		.loc 1 152 5 is_stmt 1 view .LVU122
 153:core/src/syscalls.c **** }
 575              		.loc 1 153 1 is_stmt 0 view .LVU123
 576 000a 4FF0FF30 		mov	r0, #-1
 577 000e 08BD     		pop	{r3, pc}
 578              		.cfi_endproc
 579              	.LFE40:
 581              		.section	.text._fork,"ax",%progbits
 582              		.align	1
 583              		.global	_fork
 584              		.syntax unified
 585              		.thumb
 586              		.thumb_func
 588              	_fork:
 589              	.LFB41:
 154:core/src/syscalls.c **** 
 155:core/src/syscalls.c **** int _fork(void)
 156:core/src/syscalls.c **** {
 590              		.loc 1 156 1 is_stmt 1 view -0
 591              		.cfi_startproc
 592              		@ args = 0, pretend = 0, frame = 0
 593              		@ frame_needed = 0, uses_anonymous_args = 0
 594 0000 08B5     		push	{r3, lr}
 595              	.LCFI9:
 596              		.cfi_def_cfa_offset 8
 597              		.cfi_offset 3, -8
 598              		.cfi_offset 14, -4
 157:core/src/syscalls.c ****     errno = EAGAIN;
 599              		.loc 1 157 5 view .LVU125
 600 0002 FFF7FEFF 		bl	__errno
 601              	.LVL42:
 602              		.loc 1 157 11 is_stmt 0 discriminator 1 view .LVU126
 603 0006 0B23     		movs	r3, #11
 604 0008 0360     		str	r3, [r0]
 158:core/src/syscalls.c ****     return -1;
 605              		.loc 1 158 5 is_stmt 1 view .LVU127
 159:core/src/syscalls.c **** }
 606              		.loc 1 159 1 is_stmt 0 view .LVU128
ARM GAS  C:\Users\Dawn\AppData\Local\Temp\ccMTnUH9.s 			page 14


 607 000a 4FF0FF30 		mov	r0, #-1
 608 000e 08BD     		pop	{r3, pc}
 609              		.cfi_endproc
 610              	.LFE41:
 612              		.section	.text._execve,"ax",%progbits
 613              		.align	1
 614              		.global	_execve
 615              		.syntax unified
 616              		.thumb
 617              		.thumb_func
 619              	_execve:
 620              	.LVL43:
 621              	.LFB42:
 160:core/src/syscalls.c **** 
 161:core/src/syscalls.c **** int _execve(char *name, char **argv, char **env)
 162:core/src/syscalls.c **** {
 622              		.loc 1 162 1 is_stmt 1 view -0
 623              		.cfi_startproc
 624              		@ args = 0, pretend = 0, frame = 0
 625              		@ frame_needed = 0, uses_anonymous_args = 0
 626              		.loc 1 162 1 is_stmt 0 view .LVU130
 627 0000 08B5     		push	{r3, lr}
 628              	.LCFI10:
 629              		.cfi_def_cfa_offset 8
 630              		.cfi_offset 3, -8
 631              		.cfi_offset 14, -4
 163:core/src/syscalls.c ****     (void)name;
 632              		.loc 1 163 5 is_stmt 1 view .LVU131
 164:core/src/syscalls.c ****     (void)argv;
 633              		.loc 1 164 5 view .LVU132
 165:core/src/syscalls.c ****     (void)env;
 634              		.loc 1 165 5 view .LVU133
 166:core/src/syscalls.c ****     errno = ENOMEM;
 635              		.loc 1 166 5 view .LVU134
 636 0002 FFF7FEFF 		bl	__errno
 637              	.LVL44:
 638              		.loc 1 166 11 is_stmt 0 discriminator 1 view .LVU135
 639 0006 0C23     		movs	r3, #12
 640 0008 0360     		str	r3, [r0]
 167:core/src/syscalls.c ****     return -1;
 641              		.loc 1 167 5 is_stmt 1 view .LVU136
 168:core/src/syscalls.c **** }
 642              		.loc 1 168 1 is_stmt 0 view .LVU137
 643 000a 4FF0FF30 		mov	r0, #-1
 644 000e 08BD     		pop	{r3, pc}
 645              		.cfi_endproc
 646              	.LFE42:
 648              		.section	.text._sbrk,"ax",%progbits
 649              		.align	1
 650              		.global	_sbrk
 651              		.syntax unified
 652              		.thumb
 653              		.thumb_func
 655              	_sbrk:
 656              	.LVL45:
 657              	.LFB43:
 169:core/src/syscalls.c **** 
ARM GAS  C:\Users\Dawn\AppData\Local\Temp\ccMTnUH9.s 			page 15


 170:core/src/syscalls.c **** caddr_t _sbrk(int incr)
 171:core/src/syscalls.c **** {
 658              		.loc 1 171 1 is_stmt 1 view -0
 659              		.cfi_startproc
 660              		@ args = 0, pretend = 0, frame = 0
 661              		@ frame_needed = 0, uses_anonymous_args = 0
 662              		.loc 1 171 1 is_stmt 0 view .LVU139
 663 0000 08B5     		push	{r3, lr}
 664              	.LCFI11:
 665              		.cfi_def_cfa_offset 8
 666              		.cfi_offset 3, -8
 667              		.cfi_offset 14, -4
 668 0002 0346     		mov	r3, r0
 172:core/src/syscalls.c ****     extern char end asm("end");
 669              		.loc 1 172 5 is_stmt 1 view .LVU140
 173:core/src/syscalls.c ****     static char *heap_end;
 670              		.loc 1 173 5 view .LVU141
 174:core/src/syscalls.c ****     char *prev_heap_end;
 671              		.loc 1 174 5 view .LVU142
 175:core/src/syscalls.c **** 
 176:core/src/syscalls.c ****     if (heap_end == 0)
 672              		.loc 1 176 5 view .LVU143
 673              		.loc 1 176 18 is_stmt 0 view .LVU144
 674 0004 0B4A     		ldr	r2, .L50
 675 0006 1268     		ldr	r2, [r2]
 676              		.loc 1 176 8 view .LVU145
 677 0008 42B1     		cbz	r2, .L48
 678              	.L44:
 177:core/src/syscalls.c ****         heap_end = &end;
 178:core/src/syscalls.c **** 
 179:core/src/syscalls.c ****     prev_heap_end = heap_end;
 679              		.loc 1 179 5 is_stmt 1 view .LVU146
 680              		.loc 1 179 19 is_stmt 0 view .LVU147
 681 000a 0A4A     		ldr	r2, .L50
 682 000c 1068     		ldr	r0, [r2]
 683              	.LVL46:
 180:core/src/syscalls.c ****     if (heap_end + incr > stack_ptr)
 684              		.loc 1 180 5 is_stmt 1 view .LVU148
 685              		.loc 1 180 18 is_stmt 0 view .LVU149
 686 000e 0344     		add	r3, r3, r0
 687              	.LVL47:
 688              		.loc 1 180 8 view .LVU150
 689 0010 6A46     		mov	r2, sp
 690 0012 9342     		cmp	r3, r2
 691 0014 06D8     		bhi	.L49
 181:core/src/syscalls.c ****     {
 182:core/src/syscalls.c ****         errno = ENOMEM;
 183:core/src/syscalls.c ****         return (caddr_t) -1;
 184:core/src/syscalls.c ****     }
 185:core/src/syscalls.c **** 
 186:core/src/syscalls.c ****     heap_end += incr;
 692              		.loc 1 186 5 is_stmt 1 view .LVU151
 693              		.loc 1 186 14 is_stmt 0 view .LVU152
 694 0016 074A     		ldr	r2, .L50
 695 0018 1360     		str	r3, [r2]
 187:core/src/syscalls.c **** 
 188:core/src/syscalls.c ****     return (caddr_t) prev_heap_end;
ARM GAS  C:\Users\Dawn\AppData\Local\Temp\ccMTnUH9.s 			page 16


 696              		.loc 1 188 5 is_stmt 1 view .LVU153
 697              	.LVL48:
 698              	.L43:
 189:core/src/syscalls.c **** } ...
 699              		.loc 1 189 1 is_stmt 0 view .LVU154
 700 001a 08BD     		pop	{r3, pc}
 701              	.LVL49:
 702              	.L48:
 177:core/src/syscalls.c ****         heap_end = &end;
 703              		.loc 1 177 9 is_stmt 1 view .LVU155
 177:core/src/syscalls.c ****         heap_end = &end;
 704              		.loc 1 177 18 is_stmt 0 view .LVU156
 705 001c 054A     		ldr	r2, .L50
 706 001e 0649     		ldr	r1, .L50+4
 707 0020 1160     		str	r1, [r2]
 708 0022 F2E7     		b	.L44
 709              	.LVL50:
 710              	.L49:
 182:core/src/syscalls.c ****         errno = ENOMEM;
 711              		.loc 1 182 9 is_stmt 1 view .LVU157
 712 0024 FFF7FEFF 		bl	__errno
 713              	.LVL51:
 182:core/src/syscalls.c ****         errno = ENOMEM;
 714              		.loc 1 182 15 is_stmt 0 discriminator 1 view .LVU158
 715 0028 0C23     		movs	r3, #12
 716 002a 0360     		str	r3, [r0]
 183:core/src/syscalls.c ****         return (caddr_t) -1;
 717              		.loc 1 183 9 is_stmt 1 view .LVU159
 183:core/src/syscalls.c ****         return (caddr_t) -1;
 718              		.loc 1 183 16 is_stmt 0 view .LVU160
 719 002c 4FF0FF30 		mov	r0, #-1
 720 0030 F3E7     		b	.L43
 721              	.L51:
 722 0032 00BF     		.align	2
 723              	.L50:
 724 0034 00000000 		.word	heap_end.0
 725 0038 00000000 		.word	end
 726              		.cfi_endproc
 727              	.LFE43:
 729              		.section	.bss.heap_end.0,"aw",%nobits
 730              		.align	2
 733              	heap_end.0:
 734 0000 00000000 		.space	4
 735              		.global	environ
 736              		.section	.data.environ,"aw"
 737              		.align	2
 740              	environ:
 741 0000 00000000 		.word	__env
 742              		.global	__env
 743              		.section	.bss.__env,"aw",%nobits
 744              		.align	2
 747              	__env:
 748 0000 00000000 		.space	4
 749              		.weak	__io_putchar
 750              		.weak	__io_getchar
 751              		.text
 752              	.Letext0:
ARM GAS  C:\Users\Dawn\AppData\Local\Temp\ccMTnUH9.s 			page 17


 753              		.file 2 "D:/Tools/arm-gnu-toolchain/arm-none-eabi/include/machine/_default_types.h"
 754              		.file 3 "D:/Tools/arm-gnu-toolchain/arm-none-eabi/include/sys/_types.h"
 755              		.file 4 "D:/Tools/arm-gnu-toolchain/arm-none-eabi/include/sys/_timeval.h"
 756              		.file 5 "D:/Tools/arm-gnu-toolchain/arm-none-eabi/include/sys/_timespec.h"
 757              		.file 6 "D:/Tools/arm-gnu-toolchain/arm-none-eabi/include/sys/types.h"
 758              		.file 7 "D:/Tools/arm-gnu-toolchain/arm-none-eabi/include/sys/stat.h"
 759              		.file 8 "D:/Tools/arm-gnu-toolchain/arm-none-eabi/include/sys/times.h"
 760              		.file 9 "D:/Tools/arm-gnu-toolchain/arm-none-eabi/include/sys/errno.h"
ARM GAS  C:\Users\Dawn\AppData\Local\Temp\ccMTnUH9.s 			page 18


DEFINED SYMBOLS
                            *ABS*:00000000 syscalls.c
C:\Users\Dawn\AppData\Local\Temp\ccMTnUH9.s:19     .text.initialise_monitor_handles:00000000 $t
C:\Users\Dawn\AppData\Local\Temp\ccMTnUH9.s:25     .text.initialise_monitor_handles:00000000 initialise_monitor_handles
C:\Users\Dawn\AppData\Local\Temp\ccMTnUH9.s:38     .text._getpid:00000000 $t
C:\Users\Dawn\AppData\Local\Temp\ccMTnUH9.s:44     .text._getpid:00000000 _getpid
C:\Users\Dawn\AppData\Local\Temp\ccMTnUH9.s:59     .text._kill:00000000 $t
C:\Users\Dawn\AppData\Local\Temp\ccMTnUH9.s:65     .text._kill:00000000 _kill
C:\Users\Dawn\AppData\Local\Temp\ccMTnUH9.s:94     .text._exit:00000000 $t
C:\Users\Dawn\AppData\Local\Temp\ccMTnUH9.s:100    .text._exit:00000000 _exit
C:\Users\Dawn\AppData\Local\Temp\ccMTnUH9.s:127    .text._read:00000000 $t
C:\Users\Dawn\AppData\Local\Temp\ccMTnUH9.s:133    .text._read:00000000 _read
C:\Users\Dawn\AppData\Local\Temp\ccMTnUH9.s:206    .text._read:00000034 $d
C:\Users\Dawn\AppData\Local\Temp\ccMTnUH9.s:211    .text._write:00000000 $t
C:\Users\Dawn\AppData\Local\Temp\ccMTnUH9.s:217    .text._write:00000000 _write
C:\Users\Dawn\AppData\Local\Temp\ccMTnUH9.s:275    .text._write:00000024 $d
C:\Users\Dawn\AppData\Local\Temp\ccMTnUH9.s:280    .text._close:00000000 $t
C:\Users\Dawn\AppData\Local\Temp\ccMTnUH9.s:286    .text._close:00000000 _close
C:\Users\Dawn\AppData\Local\Temp\ccMTnUH9.s:305    .text._fstat:00000000 $t
C:\Users\Dawn\AppData\Local\Temp\ccMTnUH9.s:311    .text._fstat:00000000 _fstat
C:\Users\Dawn\AppData\Local\Temp\ccMTnUH9.s:334    .text._isatty:00000000 $t
C:\Users\Dawn\AppData\Local\Temp\ccMTnUH9.s:340    .text._isatty:00000000 _isatty
C:\Users\Dawn\AppData\Local\Temp\ccMTnUH9.s:359    .text._lseek:00000000 $t
C:\Users\Dawn\AppData\Local\Temp\ccMTnUH9.s:365    .text._lseek:00000000 _lseek
C:\Users\Dawn\AppData\Local\Temp\ccMTnUH9.s:386    .text._open:00000000 $t
C:\Users\Dawn\AppData\Local\Temp\ccMTnUH9.s:392    .text._open:00000000 _open
C:\Users\Dawn\AppData\Local\Temp\ccMTnUH9.s:425    .text._wait:00000000 $t
C:\Users\Dawn\AppData\Local\Temp\ccMTnUH9.s:431    .text._wait:00000000 _wait
C:\Users\Dawn\AppData\Local\Temp\ccMTnUH9.s:459    .text._unlink:00000000 $t
C:\Users\Dawn\AppData\Local\Temp\ccMTnUH9.s:465    .text._unlink:00000000 _unlink
C:\Users\Dawn\AppData\Local\Temp\ccMTnUH9.s:493    .text._times:00000000 $t
C:\Users\Dawn\AppData\Local\Temp\ccMTnUH9.s:499    .text._times:00000000 _times
C:\Users\Dawn\AppData\Local\Temp\ccMTnUH9.s:518    .text._stat:00000000 $t
C:\Users\Dawn\AppData\Local\Temp\ccMTnUH9.s:524    .text._stat:00000000 _stat
C:\Users\Dawn\AppData\Local\Temp\ccMTnUH9.s:547    .text._link:00000000 $t
C:\Users\Dawn\AppData\Local\Temp\ccMTnUH9.s:553    .text._link:00000000 _link
C:\Users\Dawn\AppData\Local\Temp\ccMTnUH9.s:582    .text._fork:00000000 $t
C:\Users\Dawn\AppData\Local\Temp\ccMTnUH9.s:588    .text._fork:00000000 _fork
C:\Users\Dawn\AppData\Local\Temp\ccMTnUH9.s:613    .text._execve:00000000 $t
C:\Users\Dawn\AppData\Local\Temp\ccMTnUH9.s:619    .text._execve:00000000 _execve
C:\Users\Dawn\AppData\Local\Temp\ccMTnUH9.s:649    .text._sbrk:00000000 $t
C:\Users\Dawn\AppData\Local\Temp\ccMTnUH9.s:655    .text._sbrk:00000000 _sbrk
C:\Users\Dawn\AppData\Local\Temp\ccMTnUH9.s:724    .text._sbrk:00000034 $d
C:\Users\Dawn\AppData\Local\Temp\ccMTnUH9.s:733    .bss.heap_end.0:00000000 heap_end.0
C:\Users\Dawn\AppData\Local\Temp\ccMTnUH9.s:730    .bss.heap_end.0:00000000 $d
C:\Users\Dawn\AppData\Local\Temp\ccMTnUH9.s:740    .data.environ:00000000 environ
C:\Users\Dawn\AppData\Local\Temp\ccMTnUH9.s:737    .data.environ:00000000 $d
C:\Users\Dawn\AppData\Local\Temp\ccMTnUH9.s:747    .bss.__env:00000000 __env
C:\Users\Dawn\AppData\Local\Temp\ccMTnUH9.s:744    .bss.__env:00000000 $d

UNDEFINED SYMBOLS
__errno
__io_getchar
__io_putchar
end
