ARM GAS  C:\Users\Dawn\AppData\Local\Temp\cclPiOJj.s 			page 1


   1              		.cpu cortex-m4
   2              		.arch armv7e-m
   3              		.fpu fpv4-sp-d16
   4              		.eabi_attribute 27, 1
   5              		.eabi_attribute 28, 1
   6              		.eabi_attribute 20, 1
   7              		.eabi_attribute 21, 1
   8              		.eabi_attribute 23, 3
   9              		.eabi_attribute 24, 1
  10              		.eabi_attribute 25, 1
  11              		.eabi_attribute 26, 1
  12              		.eabi_attribute 30, 4
  13              		.eabi_attribute 34, 1
  14              		.eabi_attribute 18, 4
  15              		.file	"lcd_menu.c"
  16              		.text
  17              	.Ltext0:
  18              		.cfi_sections	.debug_frame
  19              		.file 1 "../APP/LCD/Src/lcd_menu.c"
  20              		.section	.text.Menu_Init,"ax",%progbits
  21              		.align	1
  22              		.global	Menu_Init
  23              		.syntax unified
  24              		.thumb
  25              		.thumb_func
  27              	Menu_Init:
  28              	.LFB136:
   1:../APP/LCD/Src/lcd_menu.c **** /**
   2:../APP/LCD/Src/lcd_menu.c ****  * @file lcd_menu.c
   3:../APP/LCD/Src/lcd_menu.c ****  * @brief Windows 11 style menu system - Fluent Design with low saturation blue
   4:../APP/LCD/Src/lcd_menu.c ****  */
   5:../APP/LCD/Src/lcd_menu.c **** 
   6:../APP/LCD/Src/lcd_menu.c **** #include "lcd_menu.h"
   7:../APP/LCD/Src/lcd_menu.c **** #include "lcd_init.h"
   8:../APP/LCD/Src/lcd_menu.c **** #include "hal_compat.h"
   9:../APP/LCD/Src/lcd_menu.c **** #include "bsp_usart.h"
  10:../APP/LCD/Src/lcd_menu.c **** #include "n32g430.h"
  11:../APP/LCD/Src/lcd_menu.c **** #include <string.h>
  12:../APP/LCD/Src/lcd_menu.c **** #include <math.h>
  13:../APP/LCD/Src/lcd_menu.c **** #include <stdio.h>
  14:../APP/LCD/Src/lcd_menu.c **** 
  15:../APP/LCD/Src/lcd_menu.c **** /* Windows 11 Fluent Design Color Palette */
  16:../APP/LCD/Src/lcd_menu.c **** #define WIN11_BG           0xFFFF    /* Pure white background */
  17:../APP/LCD/Src/lcd_menu.c **** #define WIN11_BG_GRAY      0xF7BE    /* #F3F3F3 Light gray */
  18:../APP/LCD/Src/lcd_menu.c **** #define WIN11_ACCENT       0x03DA    /* #0078D4 Windows blue */
  19:../APP/LCD/Src/lcd_menu.c **** #define WIN11_ACCENT_LIGHT 0x4E1C    /* #9DCBF0 Light blue */
  20:../APP/LCD/Src/lcd_menu.c **** #define WIN11_ACCENT_PALE  0xE73C    /* #E3F2FD Very light blue */
  21:../APP/LCD/Src/lcd_menu.c **** #define WIN11_TEXT_PRIMARY 0x18E7    /* #1F1F1F Near black */
  22:../APP/LCD/Src/lcd_menu.c **** #define WIN11_TEXT_SECOND  0x632C    /* #666666 Gray */
  23:../APP/LCD/Src/lcd_menu.c **** #define WIN11_BORDER       0xE71C    /* #E5E5E5 Border gray */
  24:../APP/LCD/Src/lcd_menu.c **** #define WIN11_SHADOW       0xD69A    /* #D0D0D0 Subtle shadow */
  25:../APP/LCD/Src/lcd_menu.c **** #define WIN11_HOVER_BG     0xF7DF    /* #F5F5F5 Hover state */
  26:../APP/LCD/Src/lcd_menu.c **** 
  27:../APP/LCD/Src/lcd_menu.c **** /* Menu context */
  28:../APP/LCD/Src/lcd_menu.c **** static MenuContext_t menu_ctx = {0};
  29:../APP/LCD/Src/lcd_menu.c **** 
  30:../APP/LCD/Src/lcd_menu.c **** /**
ARM GAS  C:\Users\Dawn\AppData\Local\Temp\cclPiOJj.s 			page 2


  31:../APP/LCD/Src/lcd_menu.c ****  * @brief Draw soft rounded rectangle (Windows 11 style - larger radius)
  32:../APP/LCD/Src/lcd_menu.c ****  */
  33:../APP/LCD/Src/lcd_menu.c **** static void LCD_FillRoundRect(u16 x1, u16 y1, u16 x2, u16 y2, u16 color)
  34:../APP/LCD/Src/lcd_menu.c **** {
  35:../APP/LCD/Src/lcd_menu.c ****     /* Fill main rectangle */
  36:../APP/LCD/Src/lcd_menu.c ****     LCD_Fill(x1 + 3, y1, x2 - 3, y2, color);      /* Top/bottom margins */
  37:../APP/LCD/Src/lcd_menu.c ****     LCD_Fill(x1 + 2, y1 + 1, x2 - 2, y2 - 1, color);
  38:../APP/LCD/Src/lcd_menu.c ****     LCD_Fill(x1 + 1, y1 + 2, x2 - 1, y2 - 2, color);
  39:../APP/LCD/Src/lcd_menu.c ****     LCD_Fill(x1, y1 + 3, x2, y2 - 3, color);      /* Full height center */
  40:../APP/LCD/Src/lcd_menu.c **** }
  41:../APP/LCD/Src/lcd_menu.c **** 
  42:../APP/LCD/Src/lcd_menu.c **** /**
  43:../APP/LCD/Src/lcd_menu.c ****  * @brief Draw rounded border only (Windows 11 style)
  44:../APP/LCD/Src/lcd_menu.c ****  */
  45:../APP/LCD/Src/lcd_menu.c **** static void LCD_DrawRoundRectBorder(u16 x1, u16 y1, u16 x2, u16 y2, u16 color)
  46:../APP/LCD/Src/lcd_menu.c **** {
  47:../APP/LCD/Src/lcd_menu.c ****     /* Horizontal lines */
  48:../APP/LCD/Src/lcd_menu.c ****     LCD_DrawLine(x1 + 4, y1, x2 - 4, y1, color);
  49:../APP/LCD/Src/lcd_menu.c ****     LCD_DrawLine(x1 + 4, y2 - 1, x2 - 4, y2 - 1, color);
  50:../APP/LCD/Src/lcd_menu.c **** 
  51:../APP/LCD/Src/lcd_menu.c ****     /* Vertical lines */
  52:../APP/LCD/Src/lcd_menu.c ****     LCD_DrawLine(x1, y1 + 4, x1, y2 - 4, color);
  53:../APP/LCD/Src/lcd_menu.c ****     LCD_DrawLine(x2 - 1, y1 + 4, x2 - 1, y2 - 4, color);
  54:../APP/LCD/Src/lcd_menu.c **** 
  55:../APP/LCD/Src/lcd_menu.c ****     /* Corner pixels for smooth radius */
  56:../APP/LCD/Src/lcd_menu.c ****     LCD_DrawLine(x1 + 2, y1 + 1, x1 + 3, y1 + 1, color);
  57:../APP/LCD/Src/lcd_menu.c ****     LCD_DrawLine(x2 - 4, y1 + 1, x2 - 3, y1 + 1, color);
  58:../APP/LCD/Src/lcd_menu.c ****     LCD_DrawLine(x1 + 1, y1 + 2, x1 + 1, y1 + 3, color);
  59:../APP/LCD/Src/lcd_menu.c ****     LCD_DrawLine(x2 - 2, y1 + 2, x2 - 2, y1 + 3, color);
  60:../APP/LCD/Src/lcd_menu.c **** 
  61:../APP/LCD/Src/lcd_menu.c ****     LCD_DrawLine(x1 + 2, y2 - 2, x1 + 3, y2 - 2, color);
  62:../APP/LCD/Src/lcd_menu.c ****     LCD_DrawLine(x2 - 4, y2 - 2, x2 - 3, y2 - 2, color);
  63:../APP/LCD/Src/lcd_menu.c ****     LCD_DrawLine(x1 + 1, y2 - 4, x1 + 1, y2 - 3, color);
  64:../APP/LCD/Src/lcd_menu.c ****     LCD_DrawLine(x2 - 2, y2 - 4, x2 - 2, y2 - 3, color);
  65:../APP/LCD/Src/lcd_menu.c **** }
  66:../APP/LCD/Src/lcd_menu.c **** 
  67:../APP/LCD/Src/lcd_menu.c **** /* Helper: Ease-out cubic function */
  68:../APP/LCD/Src/lcd_menu.c **** static float ease_out_cubic(float t) {
  69:../APP/LCD/Src/lcd_menu.c ****     float f = t - 1.0f;
  70:../APP/LCD/Src/lcd_menu.c ****     return f * f * f + 1.0f;
  71:../APP/LCD/Src/lcd_menu.c **** }
  72:../APP/LCD/Src/lcd_menu.c **** 
  73:../APP/LCD/Src/lcd_menu.c **** /**
  74:../APP/LCD/Src/lcd_menu.c ****  * @brief Initialize menu system
  75:../APP/LCD/Src/lcd_menu.c ****  */
  76:../APP/LCD/Src/lcd_menu.c **** void Menu_Init(void)
  77:../APP/LCD/Src/lcd_menu.c **** {
  29              		.loc 1 77 1 view -0
  30              		.cfi_startproc
  31              		@ args = 0, pretend = 0, frame = 0
  32              		@ frame_needed = 0, uses_anonymous_args = 0
  78:../APP/LCD/Src/lcd_menu.c ****     memset(&menu_ctx, 0, sizeof(menu_ctx));
  33              		.loc 1 78 5 view .LVU1
  77:../APP/LCD/Src/lcd_menu.c ****     memset(&menu_ctx, 0, sizeof(menu_ctx));
  34              		.loc 1 77 1 is_stmt 0 view .LVU2
  35 0000 07B5     		push	{r0, r1, r2, lr}
  36              	.LCFI0:
ARM GAS  C:\Users\Dawn\AppData\Local\Temp\cclPiOJj.s 			page 3


  37              		.cfi_def_cfa_offset 16
  38              		.cfi_offset 14, -4
  39              		.loc 1 78 5 view .LVU3
  40 0002 8C22     		movs	r2, #140
  41 0004 0021     		movs	r1, #0
  42 0006 0848     		ldr	r0, .L2
  43 0008 FFF7FEFF 		bl	memset
  44              	.LVL0:
  79:../APP/LCD/Src/lcd_menu.c ****     menu_ctx.selected_index     = 0;
  45              		.loc 1 79 5 is_stmt 1 view .LVU4
  80:../APP/LCD/Src/lcd_menu.c ****     menu_ctx.target_index       = 0;
  46              		.loc 1 80 5 view .LVU5
  81:../APP/LCD/Src/lcd_menu.c ****     menu_ctx.scroll_position    = 0.0f;
  47              		.loc 1 81 5 view .LVU6
  82:../APP/LCD/Src/lcd_menu.c ****     menu_ctx.scroll_velocity    = 0.0f;
  48              		.loc 1 82 5 view .LVU7
  83:../APP/LCD/Src/lcd_menu.c ****     menu_ctx.is_animating       = false;
  49              		.loc 1 83 5 view .LVU8
  84:../APP/LCD/Src/lcd_menu.c ****     menu_ctx.item_count         = 0;
  50              		.loc 1 84 5 view .LVU9
  85:../APP/LCD/Src/lcd_menu.c ****     menu_ctx.needs_render       = true;  /* Initial render needed */
  51              		.loc 1 85 5 view .LVU10
  52              		.loc 1 85 33 is_stmt 0 view .LVU11
  53 000c 064A     		ldr	r2, .L2
  86:../APP/LCD/Src/lcd_menu.c **** 
  87:../APP/LCD/Src/lcd_menu.c ****     /* Clear screen once at init */
  88:../APP/LCD/Src/lcd_menu.c ****     LCD_Fill(0, 0, LCD_W, LCD_H, BLACK);
  54              		.loc 1 88 5 view .LVU12
  55 000e 0021     		movs	r1, #0
  85:../APP/LCD/Src/lcd_menu.c ****     menu_ctx.needs_render       = true;  /* Initial render needed */
  56              		.loc 1 85 33 view .LVU13
  57 0010 0123     		movs	r3, #1
  58 0012 82F88930 		strb	r3, [r2, #137]
  59              		.loc 1 88 5 is_stmt 1 view .LVU14
  60 0016 0846     		mov	r0, r1
  61 0018 0091     		str	r1, [sp]
  62 001a 8023     		movs	r3, #128
  63 001c A022     		movs	r2, #160
  64 001e FFF7FEFF 		bl	LCD_Fill
  65              	.LVL1:
  89:../APP/LCD/Src/lcd_menu.c **** }
  66              		.loc 1 89 1 is_stmt 0 view .LVU15
  67 0022 03B0     		add	sp, sp, #12
  68              	.LCFI1:
  69              		.cfi_def_cfa_offset 4
  70              		@ sp needed
  71 0024 5DF804FB 		ldr	pc, [sp], #4
  72              	.L3:
  73              		.align	2
  74              	.L2:
  75 0028 00000000 		.word	menu_ctx
  76              		.cfi_endproc
  77              	.LFE136:
  79              		.section	.text.Menu_AddItem,"ax",%progbits
  80              		.align	1
  81              		.global	Menu_AddItem
  82              		.syntax unified
ARM GAS  C:\Users\Dawn\AppData\Local\Temp\cclPiOJj.s 			page 4


  83              		.thumb
  84              		.thumb_func
  86              	Menu_AddItem:
  87              	.LVL2:
  88              	.LFB137:
  90:../APP/LCD/Src/lcd_menu.c **** 
  91:../APP/LCD/Src/lcd_menu.c **** /**
  92:../APP/LCD/Src/lcd_menu.c ****  * @brief Add menu item
  93:../APP/LCD/Src/lcd_menu.c ****  */
  94:../APP/LCD/Src/lcd_menu.c **** bool Menu_AddItem(const char *text, void (*callback)(void))
  95:../APP/LCD/Src/lcd_menu.c **** {
  89              		.loc 1 95 1 is_stmt 1 view -0
  90              		.cfi_startproc
  91              		@ args = 0, pretend = 0, frame = 0
  92              		@ frame_needed = 0, uses_anonymous_args = 0
  96:../APP/LCD/Src/lcd_menu.c ****     if (menu_ctx.item_count >= MENU_MAX_ITEMS) {
  93              		.loc 1 96 5 view .LVU17
  95:../APP/LCD/Src/lcd_menu.c ****     if (menu_ctx.item_count >= MENU_MAX_ITEMS) {
  94              		.loc 1 95 1 is_stmt 0 view .LVU18
  95 0000 30B5     		push	{r4, r5, lr}
  96              	.LCFI2:
  97              		.cfi_def_cfa_offset 12
  98              		.cfi_offset 4, -12
  99              		.cfi_offset 5, -8
 100              		.cfi_offset 14, -4
 101              		.loc 1 96 17 view .LVU19
 102 0002 094A     		ldr	r2, .L7
 103 0004 92F87830 		ldrb	r3, [r2, #120]	@ zero_extendqisi2
 104              		.loc 1 96 8 view .LVU20
 105 0008 092B     		cmp	r3, #9
 106 000a 0AD8     		bhi	.L6
  97:../APP/LCD/Src/lcd_menu.c ****         return false;
  98:../APP/LCD/Src/lcd_menu.c ****     }
  99:../APP/LCD/Src/lcd_menu.c **** 
 100:../APP/LCD/Src/lcd_menu.c ****     MenuItem_t *item = &menu_ctx.items[menu_ctx.item_count];
 107              		.loc 1 100 5 is_stmt 1 view .LVU21
 108              	.LVL3:
 101:../APP/LCD/Src/lcd_menu.c ****     item->text = text;
 109              		.loc 1 101 5 view .LVU22
 110              		.loc 1 101 16 is_stmt 0 view .LVU23
 111 000c 0C24     		movs	r4, #12
 112 000e 5C43     		muls	r4, r3, r4
 113 0010 1519     		adds	r5, r2, r4
 114              	.LVL4:
 115              		.loc 1 101 16 view .LVU24
 116 0012 1051     		str	r0, [r2, r4]
 102:../APP/LCD/Src/lcd_menu.c ****     item->callback = callback;
 117              		.loc 1 102 5 is_stmt 1 view .LVU25
 103:../APP/LCD/Src/lcd_menu.c ****     item->enabled = true;
 118              		.loc 1 103 19 is_stmt 0 view .LVU26
 119 0014 0120     		movs	r0, #1
 120              	.LVL5:
 104:../APP/LCD/Src/lcd_menu.c **** 
 105:../APP/LCD/Src/lcd_menu.c ****     menu_ctx.item_count++;
 121              		.loc 1 105 24 view .LVU27
 122 0016 0344     		add	r3, r3, r0
 102:../APP/LCD/Src/lcd_menu.c ****     item->enabled = true;
ARM GAS  C:\Users\Dawn\AppData\Local\Temp\cclPiOJj.s 			page 5


 123              		.loc 1 102 20 view .LVU28
 124 0018 6960     		str	r1, [r5, #4]
 103:../APP/LCD/Src/lcd_menu.c ****     item->enabled = true;
 125              		.loc 1 103 5 is_stmt 1 view .LVU29
 103:../APP/LCD/Src/lcd_menu.c ****     item->enabled = true;
 126              		.loc 1 103 19 is_stmt 0 view .LVU30
 127 001a 2872     		strb	r0, [r5, #8]
 128              		.loc 1 105 5 is_stmt 1 view .LVU31
 129              		.loc 1 105 24 is_stmt 0 view .LVU32
 130 001c 82F87830 		strb	r3, [r2, #120]
 106:../APP/LCD/Src/lcd_menu.c ****     return true;
 131              		.loc 1 106 5 is_stmt 1 view .LVU33
 132              	.LVL6:
 133              	.L5:
 107:../APP/LCD/Src/lcd_menu.c **** }
 134              		.loc 1 107 1 is_stmt 0 view .LVU34
 135 0020 30BD     		pop	{r4, r5, pc}
 136              	.LVL7:
 137              	.L6:
  97:../APP/LCD/Src/lcd_menu.c ****     }
 138              		.loc 1 97 16 view .LVU35
 139 0022 0020     		movs	r0, #0
 140              	.LVL8:
  97:../APP/LCD/Src/lcd_menu.c ****     }
 141              		.loc 1 97 16 view .LVU36
 142 0024 FCE7     		b	.L5
 143              	.L8:
 144 0026 00BF     		.align	2
 145              	.L7:
 146 0028 00000000 		.word	menu_ctx
 147              		.cfi_endproc
 148              	.LFE137:
 150              		.section	.text.Menu_Clear,"ax",%progbits
 151              		.align	1
 152              		.global	Menu_Clear
 153              		.syntax unified
 154              		.thumb
 155              		.thumb_func
 157              	Menu_Clear:
 158              	.LFB138:
 108:../APP/LCD/Src/lcd_menu.c **** 
 109:../APP/LCD/Src/lcd_menu.c **** /**
 110:../APP/LCD/Src/lcd_menu.c ****  * @brief Remove all menu items
 111:../APP/LCD/Src/lcd_menu.c ****  */
 112:../APP/LCD/Src/lcd_menu.c **** void Menu_Clear(void)
 113:../APP/LCD/Src/lcd_menu.c **** {
 159              		.loc 1 113 1 is_stmt 1 view -0
 160              		.cfi_startproc
 161              		@ args = 0, pretend = 0, frame = 0
 162              		@ frame_needed = 0, uses_anonymous_args = 0
 163              		@ link register save eliminated.
 114:../APP/LCD/Src/lcd_menu.c ****     menu_ctx.item_count = 0;
 164              		.loc 1 114 5 view .LVU38
 115:../APP/LCD/Src/lcd_menu.c ****     menu_ctx.selected_index = 0;
 165              		.loc 1 115 5 view .LVU39
 116:../APP/LCD/Src/lcd_menu.c ****     menu_ctx.target_index = 0;
 166              		.loc 1 116 5 view .LVU40
ARM GAS  C:\Users\Dawn\AppData\Local\Temp\cclPiOJj.s 			page 6


 114:../APP/LCD/Src/lcd_menu.c ****     menu_ctx.item_count = 0;
 167              		.loc 1 114 25 is_stmt 0 view .LVU41
 168 0000 064B     		ldr	r3, .L10
 169 0002 0022     		movs	r2, #0
 117:../APP/LCD/Src/lcd_menu.c ****     menu_ctx.scroll_position = 0.0f;
 170              		.loc 1 117 30 view .LVU42
 171 0004 0021     		movs	r1, #0
 114:../APP/LCD/Src/lcd_menu.c ****     menu_ctx.selected_index = 0;
 172              		.loc 1 114 25 view .LVU43
 173 0006 A3F87820 		strh	r2, [r3, #120]	@ movhi
 116:../APP/LCD/Src/lcd_menu.c ****     menu_ctx.target_index = 0;
 174              		.loc 1 116 27 view .LVU44
 175 000a 83F87A20 		strb	r2, [r3, #122]
 176              		.loc 1 117 5 is_stmt 1 view .LVU45
 177              		.loc 1 117 30 is_stmt 0 view .LVU46
 178 000e D967     		str	r1, [r3, #124]	@ float
 118:../APP/LCD/Src/lcd_menu.c ****     menu_ctx.scroll_velocity = 0.0f;
 179              		.loc 1 118 5 is_stmt 1 view .LVU47
 180              		.loc 1 118 30 is_stmt 0 view .LVU48
 181 0010 C3F88010 		str	r1, [r3, #128]	@ float
 119:../APP/LCD/Src/lcd_menu.c ****     menu_ctx.is_animating = false;
 182              		.loc 1 119 5 is_stmt 1 view .LVU49
 183              		.loc 1 119 27 is_stmt 0 view .LVU50
 184 0014 83F88820 		strb	r2, [r3, #136]
 120:../APP/LCD/Src/lcd_menu.c **** }
 185              		.loc 1 120 1 view .LVU51
 186 0018 7047     		bx	lr
 187              	.L11:
 188 001a 00BF     		.align	2
 189              	.L10:
 190 001c 00000000 		.word	menu_ctx
 191              		.cfi_endproc
 192              	.LFE138:
 194              		.section	.text.Menu_SelectNext,"ax",%progbits
 195              		.align	1
 196              		.global	Menu_SelectNext
 197              		.syntax unified
 198              		.thumb
 199              		.thumb_func
 201              	Menu_SelectNext:
 202              	.LFB139:
 121:../APP/LCD/Src/lcd_menu.c **** 
 122:../APP/LCD/Src/lcd_menu.c **** /**
 123:../APP/LCD/Src/lcd_menu.c ****  * @brief Navigate to next item
 124:../APP/LCD/Src/lcd_menu.c ****  */
 125:../APP/LCD/Src/lcd_menu.c **** void Menu_SelectNext(void)
 126:../APP/LCD/Src/lcd_menu.c **** {
 203              		.loc 1 126 1 is_stmt 1 view -0
 204              		.cfi_startproc
 205              		@ args = 0, pretend = 0, frame = 0
 206              		@ frame_needed = 0, uses_anonymous_args = 0
 127:../APP/LCD/Src/lcd_menu.c ****     if (menu_ctx.item_count == 0) return;
 207              		.loc 1 127 5 view .LVU53
 126:../APP/LCD/Src/lcd_menu.c ****     if (menu_ctx.item_count == 0) return;
 208              		.loc 1 126 1 is_stmt 0 view .LVU54
 209 0000 10B5     		push	{r4, lr}
 210              	.LCFI3:
ARM GAS  C:\Users\Dawn\AppData\Local\Temp\cclPiOJj.s 			page 7


 211              		.cfi_def_cfa_offset 8
 212              		.cfi_offset 4, -8
 213              		.cfi_offset 14, -4
 214              		.loc 1 127 17 view .LVU55
 215 0002 0B4C     		ldr	r4, .L17
 216 0004 94F87820 		ldrb	r2, [r4, #120]	@ zero_extendqisi2
 217              		.loc 1 127 8 view .LVU56
 218 0008 82B1     		cbz	r2, .L12
 128:../APP/LCD/Src/lcd_menu.c **** 
 129:../APP/LCD/Src/lcd_menu.c ****     menu_ctx.target_index = (menu_ctx.selected_index + 1) % menu_ctx.item_count;
 219              		.loc 1 129 5 is_stmt 1 view .LVU57
 220              		.loc 1 129 38 is_stmt 0 view .LVU58
 221 000a 94F97930 		ldrsb	r3, [r4, #121]
 222              		.loc 1 129 54 view .LVU59
 223 000e 0133     		adds	r3, r3, #1
 224              		.loc 1 129 59 view .LVU60
 225 0010 93FBF2F1 		sdiv	r1, r3, r2
 226 0014 02FB1133 		mls	r3, r2, r1, r3
 227              		.loc 1 129 27 view .LVU61
 228 0018 84F87A30 		strb	r3, [r4, #122]
 130:../APP/LCD/Src/lcd_menu.c ****     menu_ctx.anim_start_time = HAL_GetTick();
 229              		.loc 1 130 5 is_stmt 1 view .LVU62
 230              		.loc 1 130 32 is_stmt 0 view .LVU63
 231 001c FFF7FEFF 		bl	HAL_GetTick
 232              	.LVL9:
 131:../APP/LCD/Src/lcd_menu.c ****     menu_ctx.is_animating = true;
 233              		.loc 1 131 27 view .LVU64
 234 0020 40F20113 		movw	r3, #257
 130:../APP/LCD/Src/lcd_menu.c ****     menu_ctx.anim_start_time = HAL_GetTick();
 235              		.loc 1 130 30 discriminator 1 view .LVU65
 236 0024 C4F88400 		str	r0, [r4, #132]
 237              		.loc 1 131 5 is_stmt 1 view .LVU66
 132:../APP/LCD/Src/lcd_menu.c ****     menu_ctx.needs_render = true;  /* Mark for re-render */
 238              		.loc 1 132 5 view .LVU67
 131:../APP/LCD/Src/lcd_menu.c ****     menu_ctx.is_animating = true;
 239              		.loc 1 131 27 is_stmt 0 view .LVU68
 240 0028 A4F88830 		strh	r3, [r4, #136]	@ movhi
 241              	.L12:
 133:../APP/LCD/Src/lcd_menu.c **** }
 242              		.loc 1 133 1 view .LVU69
 243 002c 10BD     		pop	{r4, pc}
 244              	.L18:
 245 002e 00BF     		.align	2
 246              	.L17:
 247 0030 00000000 		.word	menu_ctx
 248              		.cfi_endproc
 249              	.LFE139:
 251              		.section	.text.Menu_SelectPrevious,"ax",%progbits
 252              		.align	1
 253              		.global	Menu_SelectPrevious
 254              		.syntax unified
 255              		.thumb
 256              		.thumb_func
 258              	Menu_SelectPrevious:
 259              	.LFB140:
 134:../APP/LCD/Src/lcd_menu.c **** 
 135:../APP/LCD/Src/lcd_menu.c **** /**
ARM GAS  C:\Users\Dawn\AppData\Local\Temp\cclPiOJj.s 			page 8


 136:../APP/LCD/Src/lcd_menu.c ****  * @brief Navigate to previous item
 137:../APP/LCD/Src/lcd_menu.c ****  */
 138:../APP/LCD/Src/lcd_menu.c **** void Menu_SelectPrevious(void)
 139:../APP/LCD/Src/lcd_menu.c **** {
 260              		.loc 1 139 1 is_stmt 1 view -0
 261              		.cfi_startproc
 262              		@ args = 0, pretend = 0, frame = 0
 263              		@ frame_needed = 0, uses_anonymous_args = 0
 140:../APP/LCD/Src/lcd_menu.c ****     if (menu_ctx.item_count == 0) return;
 264              		.loc 1 140 5 view .LVU71
 139:../APP/LCD/Src/lcd_menu.c ****     if (menu_ctx.item_count == 0) return;
 265              		.loc 1 139 1 is_stmt 0 view .LVU72
 266 0000 10B5     		push	{r4, lr}
 267              	.LCFI4:
 268              		.cfi_def_cfa_offset 8
 269              		.cfi_offset 4, -8
 270              		.cfi_offset 14, -4
 271              		.loc 1 140 17 view .LVU73
 272 0002 0B4C     		ldr	r4, .L24
 273 0004 94F87820 		ldrb	r2, [r4, #120]	@ zero_extendqisi2
 274              		.loc 1 140 8 view .LVU74
 275 0008 8AB1     		cbz	r2, .L19
 141:../APP/LCD/Src/lcd_menu.c **** 
 142:../APP/LCD/Src/lcd_menu.c ****     menu_ctx.target_index = (menu_ctx.selected_index - 1 + menu_ctx.item_count) % menu_ctx.item_cou
 276              		.loc 1 142 5 is_stmt 1 view .LVU75
 277              		.loc 1 142 38 is_stmt 0 view .LVU76
 278 000a 94F97930 		ldrsb	r3, [r4, #121]
 279              		.loc 1 142 54 view .LVU77
 280 000e 013B     		subs	r3, r3, #1
 281              		.loc 1 142 58 view .LVU78
 282 0010 1344     		add	r3, r3, r2
 283              		.loc 1 142 81 view .LVU79
 284 0012 93FBF2F1 		sdiv	r1, r3, r2
 285 0016 02FB1133 		mls	r3, r2, r1, r3
 286              		.loc 1 142 27 view .LVU80
 287 001a 84F87A30 		strb	r3, [r4, #122]
 143:../APP/LCD/Src/lcd_menu.c ****     menu_ctx.anim_start_time = HAL_GetTick();
 288              		.loc 1 143 5 is_stmt 1 view .LVU81
 289              		.loc 1 143 32 is_stmt 0 view .LVU82
 290 001e FFF7FEFF 		bl	HAL_GetTick
 291              	.LVL10:
 144:../APP/LCD/Src/lcd_menu.c ****     menu_ctx.is_animating = true;
 292              		.loc 1 144 27 view .LVU83
 293 0022 40F20113 		movw	r3, #257
 143:../APP/LCD/Src/lcd_menu.c ****     menu_ctx.anim_start_time = HAL_GetTick();
 294              		.loc 1 143 30 discriminator 1 view .LVU84
 295 0026 C4F88400 		str	r0, [r4, #132]
 296              		.loc 1 144 5 is_stmt 1 view .LVU85
 145:../APP/LCD/Src/lcd_menu.c ****     menu_ctx.needs_render = true;  /* Mark for re-render */
 297              		.loc 1 145 5 view .LVU86
 144:../APP/LCD/Src/lcd_menu.c ****     menu_ctx.is_animating = true;
 298              		.loc 1 144 27 is_stmt 0 view .LVU87
 299 002a A4F88830 		strh	r3, [r4, #136]	@ movhi
 300              	.L19:
 146:../APP/LCD/Src/lcd_menu.c **** }
 301              		.loc 1 146 1 view .LVU88
 302 002e 10BD     		pop	{r4, pc}
ARM GAS  C:\Users\Dawn\AppData\Local\Temp\cclPiOJj.s 			page 9


 303              	.L25:
 304              		.align	2
 305              	.L24:
 306 0030 00000000 		.word	menu_ctx
 307              		.cfi_endproc
 308              	.LFE140:
 310              		.section	.text.Menu_ExecuteSelected,"ax",%progbits
 311              		.align	1
 312              		.global	Menu_ExecuteSelected
 313              		.syntax unified
 314              		.thumb
 315              		.thumb_func
 317              	Menu_ExecuteSelected:
 318              	.LFB141:
 147:../APP/LCD/Src/lcd_menu.c **** 
 148:../APP/LCD/Src/lcd_menu.c **** /**
 149:../APP/LCD/Src/lcd_menu.c ****  * @brief Execute selected item callback
 150:../APP/LCD/Src/lcd_menu.c ****  */
 151:../APP/LCD/Src/lcd_menu.c **** void Menu_ExecuteSelected(void)
 152:../APP/LCD/Src/lcd_menu.c **** {
 319              		.loc 1 152 1 is_stmt 1 view -0
 320              		.cfi_startproc
 321              		@ args = 0, pretend = 0, frame = 0
 322              		@ frame_needed = 0, uses_anonymous_args = 0
 323              		@ link register save eliminated.
 153:../APP/LCD/Src/lcd_menu.c ****     if (menu_ctx.selected_index >= 0 && menu_ctx.selected_index < menu_ctx.item_count) {
 324              		.loc 1 153 5 view .LVU90
 325              		.loc 1 153 17 is_stmt 0 view .LVU91
 326 0000 084B     		ldr	r3, .L34
 327 0002 93F97920 		ldrsb	r2, [r3, #121]
 328              		.loc 1 153 8 view .LVU92
 329 0006 002A     		cmp	r2, #0
 330 0008 0BDB     		blt	.L26
 331              		.loc 1 153 75 discriminator 1 view .LVU93
 332 000a 93F87810 		ldrb	r1, [r3, #120]	@ zero_extendqisi2
 333              		.loc 1 153 38 discriminator 1 view .LVU94
 334 000e 8A42     		cmp	r2, r1
 335 0010 07DA     		bge	.L26
 336              	.LBB2:
 154:../APP/LCD/Src/lcd_menu.c ****         MenuItem_t *item = &menu_ctx.items[menu_ctx.selected_index];
 337              		.loc 1 154 9 is_stmt 1 view .LVU95
 338              	.LVL11:
 155:../APP/LCD/Src/lcd_menu.c ****         if (item->enabled && item->callback) {
 339              		.loc 1 155 9 view .LVU96
 340              		.loc 1 155 17 is_stmt 0 view .LVU97
 341 0012 0C21     		movs	r1, #12
 342 0014 01FB0233 		mla	r3, r1, r2, r3
 343              	.LVL12:
 344              		.loc 1 155 12 view .LVU98
 345 0018 1A7A     		ldrb	r2, [r3, #8]	@ zero_extendqisi2
 346 001a 12B1     		cbz	r2, .L26
 347              		.loc 1 155 34 discriminator 1 view .LVU99
 348 001c 5B68     		ldr	r3, [r3, #4]
 349              	.LVL13:
 350              		.loc 1 155 27 discriminator 1 view .LVU100
 351 001e 03B1     		cbz	r3, .L26
 156:../APP/LCD/Src/lcd_menu.c ****             item->callback();
ARM GAS  C:\Users\Dawn\AppData\Local\Temp\cclPiOJj.s 			page 10


 352              		.loc 1 156 13 is_stmt 1 view .LVU101
 353 0020 1847     		bx	r3	@ indirect register sibling call
 354              	.LVL14:
 355              	.L26:
 356              		.loc 1 156 13 is_stmt 0 view .LVU102
 357              	.LBE2:
 157:../APP/LCD/Src/lcd_menu.c ****         }
 158:../APP/LCD/Src/lcd_menu.c ****     }
 159:../APP/LCD/Src/lcd_menu.c **** }
 358              		.loc 1 159 1 view .LVU103
 359 0022 7047     		bx	lr
 360              	.L35:
 361              		.align	2
 362              	.L34:
 363 0024 00000000 		.word	menu_ctx
 364              		.cfi_endproc
 365              	.LFE141:
 367              		.section	.text.Menu_GetSelectedIndex,"ax",%progbits
 368              		.align	1
 369              		.global	Menu_GetSelectedIndex
 370              		.syntax unified
 371              		.thumb
 372              		.thumb_func
 374              	Menu_GetSelectedIndex:
 375              	.LFB142:
 160:../APP/LCD/Src/lcd_menu.c **** 
 161:../APP/LCD/Src/lcd_menu.c **** /**
 162:../APP/LCD/Src/lcd_menu.c ****  * @brief Get currently selected item index
 163:../APP/LCD/Src/lcd_menu.c ****  */
 164:../APP/LCD/Src/lcd_menu.c **** int8_t Menu_GetSelectedIndex(void)
 165:../APP/LCD/Src/lcd_menu.c **** {
 376              		.loc 1 165 1 is_stmt 1 view -0
 377              		.cfi_startproc
 378              		@ args = 0, pretend = 0, frame = 0
 379              		@ frame_needed = 0, uses_anonymous_args = 0
 380              		@ link register save eliminated.
 166:../APP/LCD/Src/lcd_menu.c ****     return menu_ctx.selected_index;
 381              		.loc 1 166 5 view .LVU105
 167:../APP/LCD/Src/lcd_menu.c **** }
 382              		.loc 1 167 1 is_stmt 0 view .LVU106
 383 0000 014B     		ldr	r3, .L37
 384 0002 93F97900 		ldrsb	r0, [r3, #121]
 385 0006 7047     		bx	lr
 386              	.L38:
 387              		.align	2
 388              	.L37:
 389 0008 00000000 		.word	menu_ctx
 390              		.cfi_endproc
 391              	.LFE142:
 393              		.section	.rodata.Menu_HandleInput.str1.1,"aMS",%progbits,1
 394              	.LC0:
 395 0000 5B4D454E 		.ascii	"[MENU] Short press - Next\015\012\000"
 395      555D2053 
 395      686F7274 
 395      20707265 
 395      7373202D 
 396              	.LC1:
ARM GAS  C:\Users\Dawn\AppData\Local\Temp\cclPiOJj.s 			page 11


 397 001c 5B4D454E 		.ascii	"[MENU] Long press - Previous\015\012\000"
 397      555D204C 
 397      6F6E6720 
 397      70726573 
 397      73202D20 
 398              		.section	.text.Menu_HandleInput,"ax",%progbits
 399              		.align	1
 400              		.global	Menu_HandleInput
 401              		.syntax unified
 402              		.thumb
 403              		.thumb_func
 405              	Menu_HandleInput:
 406              	.LFB143:
 168:../APP/LCD/Src/lcd_menu.c **** 
 169:../APP/LCD/Src/lcd_menu.c **** /**
 170:../APP/LCD/Src/lcd_menu.c ****  * @brief Handle button input
 171:../APP/LCD/Src/lcd_menu.c ****  */
 172:../APP/LCD/Src/lcd_menu.c **** void Menu_HandleInput(void)
 173:../APP/LCD/Src/lcd_menu.c **** {
 407              		.loc 1 173 1 is_stmt 1 view -0
 408              		.cfi_startproc
 409              		@ args = 0, pretend = 0, frame = 0
 410              		@ frame_needed = 0, uses_anonymous_args = 0
 174:../APP/LCD/Src/lcd_menu.c ****     ButtonEvent_t event = Button_GetEvent();
 411              		.loc 1 174 5 view .LVU108
 173:../APP/LCD/Src/lcd_menu.c ****     ButtonEvent_t event = Button_GetEvent();
 412              		.loc 1 173 1 is_stmt 0 view .LVU109
 413 0000 08B5     		push	{r3, lr}
 414              	.LCFI5:
 415              		.cfi_def_cfa_offset 8
 416              		.cfi_offset 3, -8
 417              		.cfi_offset 14, -4
 418              		.loc 1 174 27 view .LVU110
 419 0002 FFF7FEFF 		bl	Button_GetEvent
 420              	.LVL15:
 175:../APP/LCD/Src/lcd_menu.c **** 
 176:../APP/LCD/Src/lcd_menu.c ****     if (event == BUTTON_EVENT_PRESS) {
 421              		.loc 1 176 5 is_stmt 1 view .LVU111
 422              		.loc 1 176 8 is_stmt 0 view .LVU112
 423 0006 0128     		cmp	r0, #1
 424 0008 06D1     		bne	.L40
 177:../APP/LCD/Src/lcd_menu.c ****         /* Short press: Navigate to next item */
 178:../APP/LCD/Src/lcd_menu.c ****         USART1_SendString("[MENU] Short press - Next\r\n");
 425              		.loc 1 178 9 is_stmt 1 view .LVU113
 426 000a 0848     		ldr	r0, .L42
 427              	.LVL16:
 428              		.loc 1 178 9 is_stmt 0 view .LVU114
 429 000c FFF7FEFF 		bl	USART1_SendString
 430              	.LVL17:
 179:../APP/LCD/Src/lcd_menu.c ****         Menu_SelectNext();
 431              		.loc 1 179 9 is_stmt 1 view .LVU115
 180:../APP/LCD/Src/lcd_menu.c ****     } else if (event == BUTTON_EVENT_LONG_PRESS) {
 181:../APP/LCD/Src/lcd_menu.c ****         /* Long press: Navigate to previous item */
 182:../APP/LCD/Src/lcd_menu.c ****         USART1_SendString("[MENU] Long press - Previous\r\n");
 183:../APP/LCD/Src/lcd_menu.c ****         Menu_SelectPrevious();
 184:../APP/LCD/Src/lcd_menu.c ****     }
 185:../APP/LCD/Src/lcd_menu.c **** }
ARM GAS  C:\Users\Dawn\AppData\Local\Temp\cclPiOJj.s 			page 12


 432              		.loc 1 185 1 is_stmt 0 view .LVU116
 433 0010 BDE80840 		pop	{r3, lr}
 434              	.LCFI6:
 435              		.cfi_remember_state
 436              		.cfi_restore 14
 437              		.cfi_restore 3
 438              		.cfi_def_cfa_offset 0
 179:../APP/LCD/Src/lcd_menu.c ****         Menu_SelectNext();
 439              		.loc 1 179 9 view .LVU117
 440 0014 FFF7FEBF 		b	Menu_SelectNext
 441              	.LVL18:
 442              	.L40:
 443              	.LCFI7:
 444              		.cfi_restore_state
 180:../APP/LCD/Src/lcd_menu.c ****     } else if (event == BUTTON_EVENT_LONG_PRESS) {
 445              		.loc 1 180 12 is_stmt 1 view .LVU118
 180:../APP/LCD/Src/lcd_menu.c ****     } else if (event == BUTTON_EVENT_LONG_PRESS) {
 446              		.loc 1 180 15 is_stmt 0 view .LVU119
 447 0018 0328     		cmp	r0, #3
 448 001a 06D1     		bne	.L39
 182:../APP/LCD/Src/lcd_menu.c ****         Menu_SelectPrevious();
 449              		.loc 1 182 9 is_stmt 1 view .LVU120
 450 001c 0448     		ldr	r0, .L42+4
 451              	.LVL19:
 182:../APP/LCD/Src/lcd_menu.c ****         Menu_SelectPrevious();
 452              		.loc 1 182 9 is_stmt 0 view .LVU121
 453 001e FFF7FEFF 		bl	USART1_SendString
 454              	.LVL20:
 183:../APP/LCD/Src/lcd_menu.c ****     }
 455              		.loc 1 183 9 is_stmt 1 view .LVU122
 456              		.loc 1 185 1 is_stmt 0 view .LVU123
 457 0022 BDE80840 		pop	{r3, lr}
 458              	.LCFI8:
 459              		.cfi_remember_state
 460              		.cfi_restore 14
 461              		.cfi_restore 3
 462              		.cfi_def_cfa_offset 0
 183:../APP/LCD/Src/lcd_menu.c ****     }
 463              		.loc 1 183 9 view .LVU124
 464 0026 FFF7FEBF 		b	Menu_SelectPrevious
 465              	.LVL21:
 466              	.L39:
 467              	.LCFI9:
 468              		.cfi_restore_state
 469              		.loc 1 185 1 view .LVU125
 470 002a 08BD     		pop	{r3, pc}
 471              	.L43:
 472              		.align	2
 473              	.L42:
 474 002c 00000000 		.word	.LC0
 475 0030 1C000000 		.word	.LC1
 476              		.cfi_endproc
 477              	.LFE143:
 479              		.section	.text.Menu_Update,"ax",%progbits
 480              		.align	1
 481              		.global	Menu_Update
 482              		.syntax unified
ARM GAS  C:\Users\Dawn\AppData\Local\Temp\cclPiOJj.s 			page 13


 483              		.thumb
 484              		.thumb_func
 486              	Menu_Update:
 487              	.LFB144:
 186:../APP/LCD/Src/lcd_menu.c **** 
 187:../APP/LCD/Src/lcd_menu.c **** /**
 188:../APP/LCD/Src/lcd_menu.c ****  * @brief Update menu animation with damping
 189:../APP/LCD/Src/lcd_menu.c ****  */
 190:../APP/LCD/Src/lcd_menu.c **** void Menu_Update(void)
 191:../APP/LCD/Src/lcd_menu.c **** {
 488              		.loc 1 191 1 is_stmt 1 view -0
 489              		.cfi_startproc
 490              		@ args = 0, pretend = 0, frame = 0
 491              		@ frame_needed = 0, uses_anonymous_args = 0
 192:../APP/LCD/Src/lcd_menu.c ****     if (!menu_ctx.is_animating) {
 492              		.loc 1 192 5 view .LVU127
 191:../APP/LCD/Src/lcd_menu.c ****     if (!menu_ctx.is_animating) {
 493              		.loc 1 191 1 is_stmt 0 view .LVU128
 494 0000 10B5     		push	{r4, lr}
 495              	.LCFI10:
 496              		.cfi_def_cfa_offset 8
 497              		.cfi_offset 4, -8
 498              		.cfi_offset 14, -4
 499              		.loc 1 192 18 view .LVU129
 500 0002 344C     		ldr	r4, .L57
 501              		.loc 1 192 8 view .LVU130
 502 0004 94F88830 		ldrb	r3, [r4, #136]	@ zero_extendqisi2
 503 0008 C3B1     		cbz	r3, .L44
 193:../APP/LCD/Src/lcd_menu.c ****         return;
 194:../APP/LCD/Src/lcd_menu.c ****     }
 195:../APP/LCD/Src/lcd_menu.c **** 
 196:../APP/LCD/Src/lcd_menu.c ****     uint32_t current_time = HAL_GetTick();
 504              		.loc 1 196 5 is_stmt 1 view .LVU131
 505              		.loc 1 196 29 is_stmt 0 view .LVU132
 506 000a FFF7FEFF 		bl	HAL_GetTick
 507              	.LVL22:
 197:../APP/LCD/Src/lcd_menu.c ****     uint32_t elapsed = current_time - menu_ctx.anim_start_time;
 508              		.loc 1 197 5 is_stmt 1 view .LVU133
 509              		.loc 1 197 14 is_stmt 0 view .LVU134
 510 000e D4F88430 		ldr	r3, [r4, #132]
 511 0012 C01A     		subs	r0, r0, r3
 512              	.LVL23:
 198:../APP/LCD/Src/lcd_menu.c **** 
 199:../APP/LCD/Src/lcd_menu.c ****     if (elapsed >= MENU_ANIM_DURATION_MS) {
 513              		.loc 1 199 5 is_stmt 1 view .LVU135
 200:../APP/LCD/Src/lcd_menu.c ****         /* Animation complete */
 201:../APP/LCD/Src/lcd_menu.c ****         menu_ctx.selected_index = menu_ctx.target_index;
 514              		.loc 1 201 43 is_stmt 0 view .LVU136
 515 0014 94F97A30 		ldrsb	r3, [r4, #122]
 202:../APP/LCD/Src/lcd_menu.c ****         menu_ctx.scroll_position = (float)menu_ctx.selected_index;
 516              		.loc 1 202 36 view .LVU137
 517 0018 07EE903A 		vmov	s15, r3	@ int
 199:../APP/LCD/Src/lcd_menu.c ****         /* Animation complete */
 518              		.loc 1 199 8 view .LVU138
 519 001c B0F5967F 		cmp	r0, #300
 520              		.loc 1 202 36 view .LVU139
 521 0020 F8EEE77A 		vcvt.f32.s32	s15, s15
ARM GAS  C:\Users\Dawn\AppData\Local\Temp\cclPiOJj.s 			page 14


 199:../APP/LCD/Src/lcd_menu.c ****         /* Animation complete */
 522              		.loc 1 199 8 view .LVU140
 523 0024 0BD3     		bcc	.L46
 201:../APP/LCD/Src/lcd_menu.c ****         menu_ctx.scroll_position = (float)menu_ctx.selected_index;
 524              		.loc 1 201 9 is_stmt 1 view .LVU141
 201:../APP/LCD/Src/lcd_menu.c ****         menu_ctx.scroll_position = (float)menu_ctx.selected_index;
 525              		.loc 1 201 33 is_stmt 0 view .LVU142
 526 0026 84F87930 		strb	r3, [r4, #121]
 527              		.loc 1 202 9 is_stmt 1 view .LVU143
 203:../APP/LCD/Src/lcd_menu.c ****         menu_ctx.scroll_velocity = 0.0f;
 528              		.loc 1 203 34 is_stmt 0 view .LVU144
 529 002a 0023     		movs	r3, #0
 530 002c C4F88030 		str	r3, [r4, #128]	@ float
 204:../APP/LCD/Src/lcd_menu.c ****         menu_ctx.is_animating = false;
 531              		.loc 1 204 31 view .LVU145
 532 0030 4FF48073 		mov	r3, #256
 202:../APP/LCD/Src/lcd_menu.c ****         menu_ctx.scroll_velocity = 0.0f;
 533              		.loc 1 202 34 view .LVU146
 534 0034 C4ED1F7A 		vstr.32	s15, [r4, #124]
 203:../APP/LCD/Src/lcd_menu.c ****         menu_ctx.scroll_velocity = 0.0f;
 535              		.loc 1 203 9 is_stmt 1 view .LVU147
 536              		.loc 1 204 9 view .LVU148
 205:../APP/LCD/Src/lcd_menu.c ****         menu_ctx.needs_render = true;  /* Final render needed */
 537              		.loc 1 205 9 view .LVU149
 204:../APP/LCD/Src/lcd_menu.c ****         menu_ctx.is_animating = false;
 538              		.loc 1 204 31 is_stmt 0 view .LVU150
 539 0038 A4F88830 		strh	r3, [r4, #136]	@ movhi
 540              	.LVL24:
 541              	.L44:
 206:../APP/LCD/Src/lcd_menu.c ****     } else {
 207:../APP/LCD/Src/lcd_menu.c ****         /* Calculate animation progress with ease-out cubic */
 208:../APP/LCD/Src/lcd_menu.c ****         float progress = (float)elapsed / (float)MENU_ANIM_DURATION_MS;
 209:../APP/LCD/Src/lcd_menu.c ****         float eased_progress = ease_out_cubic(progress);
 210:../APP/LCD/Src/lcd_menu.c **** 
 211:../APP/LCD/Src/lcd_menu.c ****         /* Interpolate scroll position */
 212:../APP/LCD/Src/lcd_menu.c ****         float start_pos = (float)menu_ctx.selected_index;
 213:../APP/LCD/Src/lcd_menu.c ****         float end_pos = (float)menu_ctx.target_index;
 214:../APP/LCD/Src/lcd_menu.c **** 
 215:../APP/LCD/Src/lcd_menu.c ****         /* Handle wrapping for circular menu */
 216:../APP/LCD/Src/lcd_menu.c ****         float delta = end_pos - start_pos;
 217:../APP/LCD/Src/lcd_menu.c ****         if (fabsf(delta) > (float)menu_ctx.item_count / 2.0f) {
 218:../APP/LCD/Src/lcd_menu.c ****             if (delta > 0) {
 219:../APP/LCD/Src/lcd_menu.c ****                 start_pos += (float)menu_ctx.item_count;
 220:../APP/LCD/Src/lcd_menu.c ****             } else {
 221:../APP/LCD/Src/lcd_menu.c ****                 end_pos += (float)menu_ctx.item_count;
 222:../APP/LCD/Src/lcd_menu.c ****             }
 223:../APP/LCD/Src/lcd_menu.c ****         }
 224:../APP/LCD/Src/lcd_menu.c **** 
 225:../APP/LCD/Src/lcd_menu.c ****         menu_ctx.scroll_position = start_pos + (end_pos - start_pos) * eased_progress;
 226:../APP/LCD/Src/lcd_menu.c **** 
 227:../APP/LCD/Src/lcd_menu.c ****         /* Apply damping to velocity for natural feel */
 228:../APP/LCD/Src/lcd_menu.c ****         menu_ctx.scroll_velocity = (end_pos - menu_ctx.scroll_position) * (1.0f - eased_progress) *
 229:../APP/LCD/Src/lcd_menu.c ****         menu_ctx.needs_render = true;  /* Render during animation */
 230:../APP/LCD/Src/lcd_menu.c ****     }
 231:../APP/LCD/Src/lcd_menu.c **** }
 542              		.loc 1 231 1 view .LVU151
 543 003c 10BD     		pop	{r4, pc}
ARM GAS  C:\Users\Dawn\AppData\Local\Temp\cclPiOJj.s 			page 15


 544              	.LVL25:
 545              	.L46:
 546              	.LBB6:
 208:../APP/LCD/Src/lcd_menu.c ****         float eased_progress = ease_out_cubic(progress);
 547              		.loc 1 208 9 is_stmt 1 view .LVU152
 209:../APP/LCD/Src/lcd_menu.c **** 
 548              		.loc 1 209 9 view .LVU153
 549              	.LBB7:
 550              	.LBI7:
  68:../APP/LCD/Src/lcd_menu.c ****     float f = t - 1.0f;
 551              		.loc 1 68 14 view .LVU154
 552              	.LBB8:
  69:../APP/LCD/Src/lcd_menu.c ****     return f * f * f + 1.0f;
 553              		.loc 1 69 5 view .LVU155
 554              	.LBE8:
 555              	.LBE7:
 208:../APP/LCD/Src/lcd_menu.c ****         float eased_progress = ease_out_cubic(progress);
 556              		.loc 1 208 26 is_stmt 0 view .LVU156
 557 003e 07EE100A 		vmov	s14, r0	@ int
 208:../APP/LCD/Src/lcd_menu.c ****         float eased_progress = ease_out_cubic(progress);
 558              		.loc 1 208 15 view .LVU157
 559 0042 DFED256A 		vldr.32	s13, .L57+4
 212:../APP/LCD/Src/lcd_menu.c ****         float end_pos = (float)menu_ctx.target_index;
 560              		.loc 1 212 15 view .LVU158
 561 0046 94F97930 		ldrsb	r3, [r4, #121]
 208:../APP/LCD/Src/lcd_menu.c ****         float eased_progress = ease_out_cubic(progress);
 562              		.loc 1 208 26 view .LVU159
 563 004a B8EEC77A 		vcvt.f32.s32	s14, s14
 217:../APP/LCD/Src/lcd_menu.c ****             if (delta > 0) {
 564              		.loc 1 217 55 view .LVU160
 565 004e F6EE005A 		vmov.f32	s11, #5.0e-1
 208:../APP/LCD/Src/lcd_menu.c ****         float eased_progress = ease_out_cubic(progress);
 566              		.loc 1 208 15 view .LVU161
 567 0052 87EE266A 		vdiv.f32	s12, s14, s13
 568              	.LVL26:
 569              	.LBB10:
 570              	.LBB9:
  69:../APP/LCD/Src/lcd_menu.c ****     return f * f * f + 1.0f;
 571              		.loc 1 69 11 view .LVU162
 572 0056 F7EE006A 		vmov.f32	s13, #1.0e+0
 573 005a 36EE667A 		vsub.f32	s14, s12, s13
 574              	.LVL27:
  70:../APP/LCD/Src/lcd_menu.c **** }
 575              		.loc 1 70 5 is_stmt 1 view .LVU163
  70:../APP/LCD/Src/lcd_menu.c **** }
 576              		.loc 1 70 22 is_stmt 0 view .LVU164
 577 005e B0EE665A 		vmov.f32	s10, s13
  70:../APP/LCD/Src/lcd_menu.c **** }
 578              		.loc 1 70 14 view .LVU165
 579 0062 27EE076A 		vmul.f32	s12, s14, s14
 580              	.LVL28:
  70:../APP/LCD/Src/lcd_menu.c **** }
 581              		.loc 1 70 22 view .LVU166
 582 0066 A7EE065A 		vfma.f32	s10, s14, s12
 583              	.LVL29:
  70:../APP/LCD/Src/lcd_menu.c **** }
 584              		.loc 1 70 22 view .LVU167
ARM GAS  C:\Users\Dawn\AppData\Local\Temp\cclPiOJj.s 			page 16


 585              	.LBE9:
 586              	.LBE10:
 212:../APP/LCD/Src/lcd_menu.c ****         float end_pos = (float)menu_ctx.target_index;
 587              		.loc 1 212 9 is_stmt 1 view .LVU168
 212:../APP/LCD/Src/lcd_menu.c ****         float end_pos = (float)menu_ctx.target_index;
 588              		.loc 1 212 15 is_stmt 0 view .LVU169
 589 006a 07EE103A 		vmov	s14, r3	@ int
 217:../APP/LCD/Src/lcd_menu.c ****             if (delta > 0) {
 590              		.loc 1 217 28 view .LVU170
 591 006e 94F87830 		ldrb	r3, [r4, #120]	@ zero_extendqisi2
 592 0072 06EE103A 		vmov	s12, r3	@ int
 212:../APP/LCD/Src/lcd_menu.c ****         float end_pos = (float)menu_ctx.target_index;
 593              		.loc 1 212 15 view .LVU171
 594 0076 B8EEC77A 		vcvt.f32.s32	s14, s14
 595              	.LVL30:
 213:../APP/LCD/Src/lcd_menu.c **** 
 596              		.loc 1 213 9 is_stmt 1 view .LVU172
 216:../APP/LCD/Src/lcd_menu.c ****         if (fabsf(delta) > (float)menu_ctx.item_count / 2.0f) {
 597              		.loc 1 216 9 view .LVU173
 217:../APP/LCD/Src/lcd_menu.c ****             if (delta > 0) {
 598              		.loc 1 217 28 is_stmt 0 view .LVU174
 599 007a B8EE466A 		vcvt.f32.u32	s12, s12
 216:../APP/LCD/Src/lcd_menu.c ****         if (fabsf(delta) > (float)menu_ctx.item_count / 2.0f) {
 600              		.loc 1 216 15 view .LVU175
 601 007e 77EEC74A 		vsub.f32	s9, s15, s14
 602              	.LVL31:
 217:../APP/LCD/Src/lcd_menu.c ****             if (delta > 0) {
 603              		.loc 1 217 9 is_stmt 1 view .LVU176
 217:../APP/LCD/Src/lcd_menu.c ****             if (delta > 0) {
 604              		.loc 1 217 55 is_stmt 0 view .LVU177
 605 0082 66EE255A 		vmul.f32	s11, s12, s11
 217:../APP/LCD/Src/lcd_menu.c ****             if (delta > 0) {
 606              		.loc 1 217 13 view .LVU178
 607 0086 B0EEE44A 		vabs.f32	s8, s9
 217:../APP/LCD/Src/lcd_menu.c ****             if (delta > 0) {
 608              		.loc 1 217 12 view .LVU179
 609 008a B4EEE54A 		vcmpe.f32	s8, s11
 610 008e F1EE10FA 		vmrs	APSR_nzcv, FPSCR
 611 0092 08DD     		ble	.L47
 218:../APP/LCD/Src/lcd_menu.c ****                 start_pos += (float)menu_ctx.item_count;
 612              		.loc 1 218 13 is_stmt 1 view .LVU180
 218:../APP/LCD/Src/lcd_menu.c ****                 start_pos += (float)menu_ctx.item_count;
 613              		.loc 1 218 16 is_stmt 0 view .LVU181
 614 0094 F5EEC04A 		vcmpe.f32	s9, #0
 615 0098 F1EE10FA 		vmrs	APSR_nzcv, FPSCR
 219:../APP/LCD/Src/lcd_menu.c ****             } else {
 616              		.loc 1 219 17 is_stmt 1 view .LVU182
 219:../APP/LCD/Src/lcd_menu.c ****             } else {
 617              		.loc 1 219 27 is_stmt 0 view .LVU183
 618 009c CCBF     		ite	gt
 619 009e 37EE067A 		vaddgt.f32	s14, s14, s12
 620              	.LVL32:
 221:../APP/LCD/Src/lcd_menu.c ****             }
 621              		.loc 1 221 17 is_stmt 1 view .LVU184
 221:../APP/LCD/Src/lcd_menu.c ****             }
 622              		.loc 1 221 25 is_stmt 0 view .LVU185
 623 00a2 77EE867A 		vaddle.f32	s15, s15, s12
ARM GAS  C:\Users\Dawn\AppData\Local\Temp\cclPiOJj.s 			page 17


 624              	.L47:
 625              	.LVL33:
 225:../APP/LCD/Src/lcd_menu.c **** 
 626              		.loc 1 225 9 is_stmt 1 view .LVU186
 225:../APP/LCD/Src/lcd_menu.c **** 
 627              		.loc 1 225 57 is_stmt 0 view .LVU187
 628 00a6 37EEC76A 		vsub.f32	s12, s15, s14
 228:../APP/LCD/Src/lcd_menu.c ****         menu_ctx.needs_render = true;  /* Render during animation */
 629              		.loc 1 228 81 view .LVU188
 630 00aa 76EEC56A 		vsub.f32	s13, s13, s10
 225:../APP/LCD/Src/lcd_menu.c **** 
 631              		.loc 1 225 46 view .LVU189
 632 00ae A6EE057A 		vfma.f32	s14, s12, s10
 633              	.LVL34:
 229:../APP/LCD/Src/lcd_menu.c ****     }
 634              		.loc 1 229 31 view .LVU190
 635 00b2 0123     		movs	r3, #1
 636 00b4 84F88930 		strb	r3, [r4, #137]
 228:../APP/LCD/Src/lcd_menu.c ****         menu_ctx.needs_render = true;  /* Render during animation */
 637              		.loc 1 228 45 view .LVU191
 638 00b8 77EEC77A 		vsub.f32	s15, s15, s14
 639              	.LVL35:
 225:../APP/LCD/Src/lcd_menu.c **** 
 640              		.loc 1 225 34 view .LVU192
 641 00bc 84ED1F7A 		vstr.32	s14, [r4, #124]
 228:../APP/LCD/Src/lcd_menu.c ****         menu_ctx.needs_render = true;  /* Render during animation */
 642              		.loc 1 228 9 is_stmt 1 view .LVU193
 228:../APP/LCD/Src/lcd_menu.c ****         menu_ctx.needs_render = true;  /* Render during animation */
 643              		.loc 1 228 73 is_stmt 0 view .LVU194
 644 00c0 67EEA67A 		vmul.f32	s15, s15, s13
 228:../APP/LCD/Src/lcd_menu.c ****         menu_ctx.needs_render = true;  /* Render during animation */
 645              		.loc 1 228 99 view .LVU195
 646 00c4 9FED057A 		vldr.32	s14, .L57+8
 647 00c8 67EE877A 		vmul.f32	s15, s15, s14
 228:../APP/LCD/Src/lcd_menu.c ****         menu_ctx.needs_render = true;  /* Render during animation */
 648              		.loc 1 228 34 view .LVU196
 649 00cc C4ED207A 		vstr.32	s15, [r4, #128]
 229:../APP/LCD/Src/lcd_menu.c ****     }
 650              		.loc 1 229 9 is_stmt 1 view .LVU197
 651 00d0 B4E7     		b	.L44
 652              	.L58:
 653 00d2 00BF     		.align	2
 654              	.L57:
 655 00d4 00000000 		.word	menu_ctx
 656 00d8 00009643 		.word	1133903872
 657 00dc CDCC4C3F 		.word	1061997773
 658              	.LBE6:
 659              		.cfi_endproc
 660              	.LFE144:
 662              		.section	.rodata.Menu_Render.str1.1,"aMS",%progbits,1
 663              	.LC2:
 664 0000 4D454E55 		.ascii	"MENU\000"
 664      00
 665              		.section	.text.Menu_Render,"ax",%progbits
 666              		.align	1
 667              		.global	Menu_Render
 668              		.syntax unified
ARM GAS  C:\Users\Dawn\AppData\Local\Temp\cclPiOJj.s 			page 18


 669              		.thumb
 670              		.thumb_func
 672              	Menu_Render:
 673              	.LFB145:
 232:../APP/LCD/Src/lcd_menu.c **** 
 233:../APP/LCD/Src/lcd_menu.c **** /**
 234:../APP/LCD/Src/lcd_menu.c ****  * @brief Render menu to LCD - Windows 11 Fluent Design style
 235:../APP/LCD/Src/lcd_menu.c ****  */
 236:../APP/LCD/Src/lcd_menu.c **** void Menu_Render(void)
 237:../APP/LCD/Src/lcd_menu.c **** {
 674              		.loc 1 237 1 view -0
 675              		.cfi_startproc
 676              		@ args = 0, pretend = 0, frame = 24
 677              		@ frame_needed = 0, uses_anonymous_args = 0
 238:../APP/LCD/Src/lcd_menu.c ****     /* Only render if needed */
 239:../APP/LCD/Src/lcd_menu.c ****     if (!menu_ctx.needs_render) {
 678              		.loc 1 239 5 view .LVU199
 237:../APP/LCD/Src/lcd_menu.c ****     /* Only render if needed */
 679              		.loc 1 237 1 is_stmt 0 view .LVU200
 680 0000 2DE9F04F 		push	{r4, r5, r6, r7, r8, r9, r10, fp, lr}
 681              	.LCFI11:
 682              		.cfi_def_cfa_offset 36
 683              		.cfi_offset 4, -36
 684              		.cfi_offset 5, -32
 685              		.cfi_offset 6, -28
 686              		.cfi_offset 7, -24
 687              		.cfi_offset 8, -20
 688              		.cfi_offset 9, -16
 689              		.cfi_offset 10, -12
 690              		.cfi_offset 11, -8
 691              		.cfi_offset 14, -4
 692              		.loc 1 239 18 view .LVU201
 693 0004 C84C     		ldr	r4, .L84
 237:../APP/LCD/Src/lcd_menu.c ****     /* Only render if needed */
 694              		.loc 1 237 1 view .LVU202
 695 0006 2DED048B 		vpush.64	{d8, d9}
 696              	.LCFI12:
 697              		.cfi_def_cfa_offset 52
 698              		.cfi_offset 80, -52
 699              		.cfi_offset 81, -48
 700              		.cfi_offset 82, -44
 701              		.cfi_offset 83, -40
 702              		.loc 1 239 8 view .LVU203
 703 000a 94F88930 		ldrb	r3, [r4, #137]	@ zero_extendqisi2
 237:../APP/LCD/Src/lcd_menu.c ****     /* Only render if needed */
 704              		.loc 1 237 1 view .LVU204
 705 000e 8BB0     		sub	sp, sp, #44
 706              	.LCFI13:
 707              		.cfi_def_cfa_offset 96
 708              		.loc 1 239 8 view .LVU205
 709 0010 002B     		cmp	r3, #0
 710 0012 00F04A81 		beq	.L59
 240:../APP/LCD/Src/lcd_menu.c ****         return;
 241:../APP/LCD/Src/lcd_menu.c ****     }
 242:../APP/LCD/Src/lcd_menu.c ****     menu_ctx.needs_render = false;
 711              		.loc 1 242 5 is_stmt 1 view .LVU206
 712              		.loc 1 242 27 is_stmt 0 view .LVU207
ARM GAS  C:\Users\Dawn\AppData\Local\Temp\cclPiOJj.s 			page 19


 713 0016 0021     		movs	r1, #0
 243:../APP/LCD/Src/lcd_menu.c **** 
 244:../APP/LCD/Src/lcd_menu.c ****     uint16_t center_y = LCD_H / 2;
 245:../APP/LCD/Src/lcd_menu.c **** 
 246:../APP/LCD/Src/lcd_menu.c ****     /* Clear menu area with white background */
 247:../APP/LCD/Src/lcd_menu.c ****     LCD_Fill(0, 0, LCD_W, LCD_H, WIN11_BG);
 248:../APP/LCD/Src/lcd_menu.c **** 
 249:../APP/LCD/Src/lcd_menu.c ****     /* Draw clean title bar - Windows 11 style */
 250:../APP/LCD/Src/lcd_menu.c ****     static bool title_drawn = false;
 251:../APP/LCD/Src/lcd_menu.c ****     if (!title_drawn) {
 714              		.loc 1 251 9 view .LVU208
 715 0018 C44E     		ldr	r6, .L84+4
 242:../APP/LCD/Src/lcd_menu.c **** 
 716              		.loc 1 242 27 view .LVU209
 717 001a 84F88910 		strb	r1, [r4, #137]
 244:../APP/LCD/Src/lcd_menu.c **** 
 718              		.loc 1 244 5 is_stmt 1 view .LVU210
 719              	.LVL36:
 247:../APP/LCD/Src/lcd_menu.c **** 
 720              		.loc 1 247 5 view .LVU211
 721 001e 4FF6FF77 		movw	r7, #65535
 722 0022 0097     		str	r7, [sp]
 723 0024 8023     		movs	r3, #128
 724 0026 A022     		movs	r2, #160
 725 0028 0846     		mov	r0, r1
 726 002a FFF7FEFF 		bl	LCD_Fill
 727              	.LVL37:
 250:../APP/LCD/Src/lcd_menu.c ****     if (!title_drawn) {
 728              		.loc 1 250 5 view .LVU212
 729              		.loc 1 251 5 view .LVU213
 730              		.loc 1 251 8 is_stmt 0 view .LVU214
 731 002e 3578     		ldrb	r5, [r6]	@ zero_extendqisi2
 732 0030 ADB9     		cbnz	r5, .L62
 252:../APP/LCD/Src/lcd_menu.c ****         /* Title bar background - solid Windows blue */
 253:../APP/LCD/Src/lcd_menu.c ****         LCD_Fill(0, 0, LCD_W, 24, WIN11_ACCENT);
 733              		.loc 1 253 9 is_stmt 1 view .LVU215
 734 0032 40F2DA38 		movw	r8, #986
 735 0036 1823     		movs	r3, #24
 736 0038 A022     		movs	r2, #160
 737 003a 2946     		mov	r1, r5
 738 003c 2846     		mov	r0, r5
 739 003e CDF80080 		str	r8, [sp]
 740 0042 FFF7FEFF 		bl	LCD_Fill
 741              	.LVL38:
 254:../APP/LCD/Src/lcd_menu.c **** 
 255:../APP/LCD/Src/lcd_menu.c ****         /* Title text */
 256:../APP/LCD/Src/lcd_menu.c ****         LCD_ShowString(8, 6, (const u8 *)"MENU", WIN11_BG, WIN11_ACCENT, 12, 0);
 742              		.loc 1 256 9 view .LVU216
 743 0046 0C23     		movs	r3, #12
 744 0048 CDE90083 		strd	r8, r3, [sp]
 745 004c B84A     		ldr	r2, .L84+8
 746 004e 0295     		str	r5, [sp, #8]
 747 0050 3B46     		mov	r3, r7
 748 0052 0621     		movs	r1, #6
 749 0054 0820     		movs	r0, #8
 750 0056 FFF7FEFF 		bl	LCD_ShowString
 751              	.LVL39:
ARM GAS  C:\Users\Dawn\AppData\Local\Temp\cclPiOJj.s 			page 20


 257:../APP/LCD/Src/lcd_menu.c **** 
 258:../APP/LCD/Src/lcd_menu.c ****         title_drawn = true;
 752              		.loc 1 258 9 view .LVU217
 753              		.loc 1 258 21 is_stmt 0 view .LVU218
 754 005a 0123     		movs	r3, #1
 755 005c 3370     		strb	r3, [r6]
 756              	.L62:
 259:../APP/LCD/Src/lcd_menu.c ****     }
 260:../APP/LCD/Src/lcd_menu.c **** 
 261:../APP/LCD/Src/lcd_menu.c ****     /* Calculate visible item range */
 262:../APP/LCD/Src/lcd_menu.c ****     float center_offset = menu_ctx.scroll_position;
 757              		.loc 1 262 5 is_stmt 1 view .LVU219
 758              		.loc 1 262 11 is_stmt 0 view .LVU220
 759 005e D4ED1F8A 		vldr.32	s17, [r4, #124]
 760              	.LVL40:
 263:../APP/LCD/Src/lcd_menu.c ****     int center_item = (int)(center_offset + 0.5f) % menu_ctx.item_count;
 761              		.loc 1 263 5 is_stmt 1 view .LVU221
 762              		.loc 1 263 61 is_stmt 0 view .LVU222
 763 0062 94F87820 		ldrb	r2, [r4, #120]	@ zero_extendqisi2
 764              	.LBB20:
 765              	.LBB21:
 264:../APP/LCD/Src/lcd_menu.c ****     if (center_item < 0) center_item += menu_ctx.item_count;
 265:../APP/LCD/Src/lcd_menu.c **** 
 266:../APP/LCD/Src/lcd_menu.c ****     /* Render visible items */
 267:../APP/LCD/Src/lcd_menu.c ****     for (int i = 0; i < MENU_VISIBLE_ITEMS; i++) {
 268:../APP/LCD/Src/lcd_menu.c ****         int item_index = (center_item - MENU_VISIBLE_ITEMS / 2 + i + menu_ctx.item_count) % menu_ct
 766              		.loc 1 268 78 view .LVU223
 767 0066 DFF8C0A2 		ldr	r10, .L84
 768              	.LBE21:
 769              	.LBE20:
 263:../APP/LCD/Src/lcd_menu.c ****     int center_item = (int)(center_offset + 0.5f) % menu_ctx.item_count;
 770              		.loc 1 263 43 view .LVU224
 771 006a B6EE009A 		vmov.f32	s18, #5.0e-1
 772 006e 78EE897A 		vadd.f32	s15, s17, s18
 263:../APP/LCD/Src/lcd_menu.c ****     int center_item = (int)(center_offset + 0.5f) % menu_ctx.item_count;
 773              		.loc 1 263 23 view .LVU225
 774 0072 FDEEE77A 		vcvt.s32.f32	s15, s15
 775 0076 17EE903A 		vmov	r3, s15	@ int
 263:../APP/LCD/Src/lcd_menu.c ****     int center_item = (int)(center_offset + 0.5f) % menu_ctx.item_count;
 776              		.loc 1 263 9 view .LVU226
 777 007a 93FBF2F1 		sdiv	r1, r3, r2
 778 007e 02FB1133 		mls	r3, r2, r1, r3
 779              	.LVL41:
 264:../APP/LCD/Src/lcd_menu.c ****     if (center_item < 0) center_item += menu_ctx.item_count;
 780              		.loc 1 264 5 is_stmt 1 view .LVU227
 264:../APP/LCD/Src/lcd_menu.c ****     if (center_item < 0) center_item += menu_ctx.item_count;
 781              		.loc 1 264 8 is_stmt 0 view .LVU228
 782 0082 002B     		cmp	r3, #0
 264:../APP/LCD/Src/lcd_menu.c ****     if (center_item < 0) center_item += menu_ctx.item_count;
 783              		.loc 1 264 26 is_stmt 1 discriminator 1 view .LVU229
 784              	.LVL42:
 264:../APP/LCD/Src/lcd_menu.c ****     if (center_item < 0) center_item += menu_ctx.item_count;
 785              		.loc 1 264 38 is_stmt 0 discriminator 1 view .LVU230
 786 0084 B8BF     		it	lt
 787 0086 9B18     		addlt	r3, r3, r2
 788              	.LVL43:
 267:../APP/LCD/Src/lcd_menu.c ****         int item_index = (center_item - MENU_VISIBLE_ITEMS / 2 + i + menu_ctx.item_count) % menu_ct
ARM GAS  C:\Users\Dawn\AppData\Local\Temp\cclPiOJj.s 			page 21


 789              		.loc 1 267 5 is_stmt 1 view .LVU231
 790              	.LBB38:
 267:../APP/LCD/Src/lcd_menu.c ****         int item_index = (center_item - MENU_VISIBLE_ITEMS / 2 + i + menu_ctx.item_count) % menu_ct
 791              		.loc 1 267 10 view .LVU232
 267:../APP/LCD/Src/lcd_menu.c ****         int item_index = (center_item - MENU_VISIBLE_ITEMS / 2 + i + menu_ctx.item_count) % menu_ct
 792              		.loc 1 267 23 discriminator 1 view .LVU233
 793 0088 A3F10209 		sub	r9, r3, #2
 794 008c 0333     		adds	r3, r3, #3
 795 008e 0993     		str	r3, [sp, #36]
 796              	.LVL44:
 797              	.L75:
 798              	.LBB36:
 799              		.loc 1 268 9 view .LVU234
 800              		.loc 1 268 78 is_stmt 0 view .LVU235
 801 0090 9AF87830 		ldrb	r3, [r10, #120]	@ zero_extendqisi2
 802              		.loc 1 268 68 view .LVU236
 803 0094 09EB0302 		add	r2, r9, r3
 804              		.loc 1 268 13 view .LVU237
 805 0098 92FBF3F1 		sdiv	r1, r2, r3
 806 009c 03FB1122 		mls	r2, r3, r1, r2
 269:../APP/LCD/Src/lcd_menu.c ****         if (item_index < 0 || item_index >= menu_ctx.item_count) continue;
 807              		.loc 1 269 28 discriminator 2 view .LVU238
 808 00a0 9342     		cmp	r3, r2
 268:../APP/LCD/Src/lcd_menu.c ****         if (item_index < 0 || item_index >= menu_ctx.item_count) continue;
 809              		.loc 1 268 13 view .LVU239
 810 00a2 0492     		str	r2, [sp, #16]
 811              	.LVL45:
 812              		.loc 1 269 9 is_stmt 1 view .LVU240
 813              		.loc 1 269 28 is_stmt 0 discriminator 2 view .LVU241
 814 00a4 40F2D480 		bls	.L65
 270:../APP/LCD/Src/lcd_menu.c **** 
 271:../APP/LCD/Src/lcd_menu.c ****         MenuItem_t *item = &menu_ctx.items[item_index];
 815              		.loc 1 271 9 is_stmt 1 view .LVU242
 816              	.LVL46:
 272:../APP/LCD/Src/lcd_menu.c **** 
 273:../APP/LCD/Src/lcd_menu.c ****         /* Calculate item position with smooth offset */
 274:../APP/LCD/Src/lcd_menu.c ****         float item_offset = (float)item_index - center_offset;
 817              		.loc 1 274 9 view .LVU243
 818              		.loc 1 274 29 is_stmt 0 view .LVU244
 819 00a8 07EE902A 		vmov	s15, r2	@ int
 275:../APP/LCD/Src/lcd_menu.c **** 
 276:../APP/LCD/Src/lcd_menu.c ****         /* Wrap offset for circular menu */
 277:../APP/LCD/Src/lcd_menu.c ****         if (item_offset > (float)menu_ctx.item_count / 2.0f) {
 820              		.loc 1 277 27 view .LVU245
 821 00ac 07EE103A 		vmov	s14, r3	@ int
 274:../APP/LCD/Src/lcd_menu.c **** 
 822              		.loc 1 274 29 view .LVU246
 823 00b0 F8EEE77A 		vcvt.f32.s32	s15, s15
 824              		.loc 1 277 27 view .LVU247
 825 00b4 B8EE477A 		vcvt.f32.u32	s14, s14
 274:../APP/LCD/Src/lcd_menu.c **** 
 826              		.loc 1 274 15 view .LVU248
 827 00b8 77EEE87A 		vsub.f32	s15, s15, s17
 828              	.LVL47:
 829              		.loc 1 277 9 is_stmt 1 view .LVU249
 830              		.loc 1 277 54 is_stmt 0 view .LVU250
 831 00bc 67EE096A 		vmul.f32	s13, s14, s18
ARM GAS  C:\Users\Dawn\AppData\Local\Temp\cclPiOJj.s 			page 22


 832              		.loc 1 277 12 view .LVU251
 833 00c0 F4EEE76A 		vcmpe.f32	s13, s15
 834 00c4 F1EE10FA 		vmrs	APSR_nzcv, FPSCR
 835 00c8 40F1F480 		bpl	.L83
 278:../APP/LCD/Src/lcd_menu.c ****             item_offset -= (float)menu_ctx.item_count;
 836              		.loc 1 278 13 is_stmt 1 view .LVU252
 837              		.loc 1 278 25 is_stmt 0 view .LVU253
 838 00cc 77EEC77A 		vsub.f32	s15, s15, s14
 839              	.LVL48:
 840              	.L68:
 279:../APP/LCD/Src/lcd_menu.c ****         } else if (item_offset < -(float)menu_ctx.item_count / 2.0f) {
 280:../APP/LCD/Src/lcd_menu.c ****             item_offset += (float)menu_ctx.item_count;
 281:../APP/LCD/Src/lcd_menu.c ****         }
 282:../APP/LCD/Src/lcd_menu.c **** 
 283:../APP/LCD/Src/lcd_menu.c ****         int y_pos = center_y + (int)(item_offset * (float)MENU_ITEM_HEIGHT);
 841              		.loc 1 283 9 is_stmt 1 view .LVU254
 842              		.loc 1 283 32 is_stmt 0 view .LVU255
 843 00d0 B0EE677A 		vmov.f32	s14, s15
 844 00d4 BEEEED7A 		vcvt.s32.f32	s14, s14, #5
 845 00d8 17EE104A 		vmov	r4, s14	@ int
 846              	.LVL49:
 284:../APP/LCD/Src/lcd_menu.c **** 
 285:../APP/LCD/Src/lcd_menu.c ****         /* Skip items outside visible area */
 286:../APP/LCD/Src/lcd_menu.c ****         if (y_pos < 26 || y_pos >= LCD_H - MENU_ITEM_HEIGHT) continue;
 847              		.loc 1 286 9 is_stmt 1 view .LVU256
 848              		.loc 1 286 24 is_stmt 0 view .LVU257
 849 00dc 04F12603 		add	r3, r4, #38
 850              		.loc 1 286 12 view .LVU258
 851 00e0 452B     		cmp	r3, #69
 852 00e2 00F2B580 		bhi	.L65
 287:../APP/LCD/Src/lcd_menu.c **** 
 288:../APP/LCD/Src/lcd_menu.c ****         bool is_selected = (item_index == menu_ctx.target_index);
 853              		.loc 1 288 9 is_stmt 1 view .LVU259
 854              	.LVL50:
 289:../APP/LCD/Src/lcd_menu.c **** 
 290:../APP/LCD/Src/lcd_menu.c ****         /* Calculate fade effect for non-selected items based on distance */
 291:../APP/LCD/Src/lcd_menu.c ****         float distance = fabsf(item_offset);
 855              		.loc 1 291 9 view .LVU260
 283:../APP/LCD/Src/lcd_menu.c **** 
 856              		.loc 1 283 13 is_stmt 0 view .LVU261
 857 00e6 04F14005 		add	r5, r4, #64
 858              	.LVL51:
 859              	.LBB22:
 292:../APP/LCD/Src/lcd_menu.c **** 
 293:../APP/LCD/Src/lcd_menu.c ****         if (is_selected) {
 294:../APP/LCD/Src/lcd_menu.c ****             /* Selected item - Windows 11 flat design with rounded corners */
 295:../APP/LCD/Src/lcd_menu.c ****             int item_h = MENU_ITEM_HEIGHT - 6;
 296:../APP/LCD/Src/lcd_menu.c ****             int item_y = y_pos + 3;
 297:../APP/LCD/Src/lcd_menu.c ****             int item_x1 = 8;
 298:../APP/LCD/Src/lcd_menu.c ****             int item_x2 = LCD_W - 8;
 299:../APP/LCD/Src/lcd_menu.c **** 
 300:../APP/LCD/Src/lcd_menu.c ****             /* Fill with pale blue background */
 301:../APP/LCD/Src/lcd_menu.c ****             LCD_FillRoundRect(item_x1, item_y, item_x2, item_y + item_h, WIN11_ACCENT_PALE);
 302:../APP/LCD/Src/lcd_menu.c **** 
 303:../APP/LCD/Src/lcd_menu.c ****             /* Draw blue border */
 304:../APP/LCD/Src/lcd_menu.c ****             LCD_DrawRoundRectBorder(item_x1, item_y, item_x2, item_y + item_h, WIN11_ACCENT);
 305:../APP/LCD/Src/lcd_menu.c **** 
ARM GAS  C:\Users\Dawn\AppData\Local\Temp\cclPiOJj.s 			page 23


 306:../APP/LCD/Src/lcd_menu.c ****             /* Draw text - dark on light blue */
 307:../APP/LCD/Src/lcd_menu.c ****             LCD_ShowString(item_x1 + 10, y_pos + (MENU_ITEM_HEIGHT - MENU_FONT_SIZE) / 2,
 860              		.loc 1 307 13 view .LVU262
 861 00ea ADB2     		uxth	r5, r5
 862              	.LVL52:
 863              		.loc 1 307 13 view .LVU263
 864 00ec 05F10803 		add	r3, r5, #8
 865 00f0 9BB2     		uxth	r3, r3
 866              	.LBE22:
 293:../APP/LCD/Src/lcd_menu.c ****             /* Selected item - Windows 11 flat design with rounded corners */
 867              		.loc 1 293 12 view .LVU264
 868 00f2 049A     		ldr	r2, [sp, #16]
 869              	.LVL53:
 870              	.LBB33:
 871              		.loc 1 307 13 view .LVU265
 872 00f4 0893     		str	r3, [sp, #32]
 873              	.LBE33:
 288:../APP/LCD/Src/lcd_menu.c **** 
 874              		.loc 1 288 51 view .LVU266
 875 00f6 9AF97A30 		ldrsb	r3, [r10, #122]
 293:../APP/LCD/Src/lcd_menu.c ****             /* Selected item - Windows 11 flat design with rounded corners */
 876              		.loc 1 293 12 view .LVU267
 877 00fa 9342     		cmp	r3, r2
 291:../APP/LCD/Src/lcd_menu.c **** 
 878              		.loc 1 291 15 view .LVU268
 879 00fc B0EEE78A 		vabs.f32	s16, s15
 880              	.LVL54:
 293:../APP/LCD/Src/lcd_menu.c ****             /* Selected item - Windows 11 flat design with rounded corners */
 881              		.loc 1 293 9 is_stmt 1 view .LVU269
 293:../APP/LCD/Src/lcd_menu.c ****             /* Selected item - Windows 11 flat design with rounded corners */
 882              		.loc 1 293 12 is_stmt 0 view .LVU270
 883 0100 40F0E280 		bne	.L71
 884              	.LBB34:
 295:../APP/LCD/Src/lcd_menu.c ****             int item_y = y_pos + 3;
 885              		.loc 1 295 13 is_stmt 1 view .LVU271
 886              	.LVL55:
 296:../APP/LCD/Src/lcd_menu.c ****             int item_x1 = 8;
 887              		.loc 1 296 13 view .LVU272
 297:../APP/LCD/Src/lcd_menu.c ****             int item_x2 = LCD_W - 8;
 888              		.loc 1 297 13 view .LVU273
 298:../APP/LCD/Src/lcd_menu.c **** 
 889              		.loc 1 298 13 view .LVU274
 301:../APP/LCD/Src/lcd_menu.c **** 
 890              		.loc 1 301 13 view .LVU275
 296:../APP/LCD/Src/lcd_menu.c ****             int item_x1 = 8;
 891              		.loc 1 296 17 is_stmt 0 view .LVU276
 892 0104 4334     		adds	r4, r4, #67
 893              	.LVL56:
 301:../APP/LCD/Src/lcd_menu.c **** 
 894              		.loc 1 301 13 view .LVU277
 895 0106 A4B2     		uxth	r4, r4
 896              	.LVL57:
 897              	.LBB23:
 898              	.LBI23:
  33:../APP/LCD/Src/lcd_menu.c **** {
 899              		.loc 1 33 13 is_stmt 1 view .LVU278
 900              	.LBB24:
ARM GAS  C:\Users\Dawn\AppData\Local\Temp\cclPiOJj.s 			page 24


  36:../APP/LCD/Src/lcd_menu.c ****     LCD_Fill(x1 + 2, y1 + 1, x2 - 2, y2 - 1, color);
 901              		.loc 1 36 5 view .LVU279
 902 0108 4EF23C78 		movw	r8, #59196
 903              	.LBE24:
 904              	.LBE23:
 301:../APP/LCD/Src/lcd_menu.c **** 
 905              		.loc 1 301 13 is_stmt 0 view .LVU280
 906 010c 04F11A03 		add	r3, r4, #26
 907              	.LBB27:
 908              	.LBB25:
  37:../APP/LCD/Src/lcd_menu.c ****     LCD_Fill(x1 + 1, y1 + 2, x2 - 1, y2 - 2, color);
 909              		.loc 1 37 5 view .LVU281
 910 0110 671C     		adds	r7, r4, #1
 911 0112 04F1190B 		add	fp, r4, #25
 912 0116 BFB2     		uxth	r7, r7
 913 0118 1FFA8BFB 		uxth	fp, fp
  36:../APP/LCD/Src/lcd_menu.c ****     LCD_Fill(x1 + 2, y1 + 1, x2 - 2, y2 - 1, color);
 914              		.loc 1 36 5 view .LVU282
 915 011c 2146     		mov	r1, r4
 916 011e 9BB2     		uxth	r3, r3
 917 0120 9522     		movs	r2, #149
 918 0122 0B20     		movs	r0, #11
 919 0124 CDF80080 		str	r8, [sp]
 920 0128 FFF7FEFF 		bl	LCD_Fill
 921              	.LVL58:
  37:../APP/LCD/Src/lcd_menu.c ****     LCD_Fill(x1 + 1, y1 + 2, x2 - 1, y2 - 2, color);
 922              		.loc 1 37 5 is_stmt 1 view .LVU283
 923 012c 5B46     		mov	r3, fp
 924 012e 9622     		movs	r2, #150
 925 0130 3946     		mov	r1, r7
 926 0132 0A20     		movs	r0, #10
 927 0134 CDF80080 		str	r8, [sp]
 928 0138 FFF7FEFF 		bl	LCD_Fill
 929              	.LVL59:
  38:../APP/LCD/Src/lcd_menu.c ****     LCD_Fill(x1, y1 + 3, x2, y2 - 3, color);      /* Full height center */
 930              		.loc 1 38 5 view .LVU284
 931 013c A31C     		adds	r3, r4, #2
 932 013e 9BB2     		uxth	r3, r3
 933 0140 04F11806 		add	r6, r4, #24
 934 0144 B6B2     		uxth	r6, r6
 935 0146 0593     		str	r3, [sp, #20]
 936 0148 0599     		ldr	r1, [sp, #20]
 937 014a CDF80080 		str	r8, [sp]
 938 014e 3346     		mov	r3, r6
 939 0150 9722     		movs	r2, #151
 940 0152 0920     		movs	r0, #9
 941 0154 FFF7FEFF 		bl	LCD_Fill
 942              	.LVL60:
  39:../APP/LCD/Src/lcd_menu.c **** }
 943              		.loc 1 39 5 view .LVU285
 944 0158 E31C     		adds	r3, r4, #3
 945 015a 9BB2     		uxth	r3, r3
 946 015c 0693     		str	r3, [sp, #24]
 947 015e 04F11703 		add	r3, r4, #23
 948              	.LBE25:
 949              	.LBE27:
 950              	.LBB28:
ARM GAS  C:\Users\Dawn\AppData\Local\Temp\cclPiOJj.s 			page 25


 951              	.LBB29:
  48:../APP/LCD/Src/lcd_menu.c ****     LCD_DrawLine(x1 + 4, y2 - 1, x2 - 4, y2 - 1, color);
 952              		.loc 1 48 5 is_stmt 0 view .LVU286
 953 0162 40F2DA35 		movw	r5, #986
 954              	.LBE29:
 955              	.LBE28:
 956              	.LBB31:
 957              	.LBB26:
  39:../APP/LCD/Src/lcd_menu.c **** }
 958              		.loc 1 39 5 view .LVU287
 959 0166 9BB2     		uxth	r3, r3
 960 0168 0699     		ldr	r1, [sp, #24]
 961 016a CDF80080 		str	r8, [sp]
 962 016e 9822     		movs	r2, #152
 963 0170 0820     		movs	r0, #8
 964 0172 0793     		str	r3, [sp, #28]
 965 0174 FFF7FEFF 		bl	LCD_Fill
 966              	.LVL61:
  39:../APP/LCD/Src/lcd_menu.c **** }
 967              		.loc 1 39 5 view .LVU288
 968              	.LBE26:
 969              	.LBE31:
 304:../APP/LCD/Src/lcd_menu.c **** 
 970              		.loc 1 304 13 is_stmt 1 view .LVU289
 971              	.LBB32:
 972              	.LBI28:
  45:../APP/LCD/Src/lcd_menu.c **** {
 973              		.loc 1 45 13 view .LVU290
 974              	.LBB30:
  48:../APP/LCD/Src/lcd_menu.c ****     LCD_DrawLine(x1 + 4, y2 - 1, x2 - 4, y2 - 1, color);
 975              		.loc 1 48 5 view .LVU291
 976 0178 2346     		mov	r3, r4
 977 017a 2146     		mov	r1, r4
 978 017c 9422     		movs	r2, #148
 979 017e 0C20     		movs	r0, #12
 980 0180 0095     		str	r5, [sp]
 981 0182 FFF7FEFF 		bl	LCD_DrawLine
 982              	.LVL62:
  49:../APP/LCD/Src/lcd_menu.c **** 
 983              		.loc 1 49 5 view .LVU292
 984 0186 5B46     		mov	r3, fp
 985 0188 5946     		mov	r1, fp
 986 018a 9422     		movs	r2, #148
 987 018c 0C20     		movs	r0, #12
  52:../APP/LCD/Src/lcd_menu.c ****     LCD_DrawLine(x2 - 1, y1 + 4, x2 - 1, y2 - 4, color);
 988              		.loc 1 52 5 is_stmt 0 view .LVU293
 989 018e 04F1040B 		add	fp, r4, #4
  49:../APP/LCD/Src/lcd_menu.c **** 
 990              		.loc 1 49 5 view .LVU294
 991 0192 0095     		str	r5, [sp]
  52:../APP/LCD/Src/lcd_menu.c ****     LCD_DrawLine(x2 - 1, y1 + 4, x2 - 1, y2 - 4, color);
 992              		.loc 1 52 5 view .LVU295
 993 0194 1634     		adds	r4, r4, #22
 994              	.LVL63:
  49:../APP/LCD/Src/lcd_menu.c **** 
 995              		.loc 1 49 5 view .LVU296
 996 0196 FFF7FEFF 		bl	LCD_DrawLine
ARM GAS  C:\Users\Dawn\AppData\Local\Temp\cclPiOJj.s 			page 26


 997              	.LVL64:
  52:../APP/LCD/Src/lcd_menu.c ****     LCD_DrawLine(x2 - 1, y1 + 4, x2 - 1, y2 - 4, color);
 998              		.loc 1 52 5 is_stmt 1 view .LVU297
 999 019a A4B2     		uxth	r4, r4
 1000              	.LVL65:
  52:../APP/LCD/Src/lcd_menu.c ****     LCD_DrawLine(x2 - 1, y1 + 4, x2 - 1, y2 - 4, color);
 1001              		.loc 1 52 5 is_stmt 0 view .LVU298
 1002 019c 0822     		movs	r2, #8
 1003 019e 1FFA8BFB 		uxth	fp, fp
 1004              	.LVL66:
  52:../APP/LCD/Src/lcd_menu.c ****     LCD_DrawLine(x2 - 1, y1 + 4, x2 - 1, y2 - 4, color);
 1005              		.loc 1 52 5 view .LVU299
 1006 01a2 1046     		mov	r0, r2
 1007 01a4 2346     		mov	r3, r4
 1008 01a6 5946     		mov	r1, fp
 1009 01a8 0095     		str	r5, [sp]
 1010 01aa FFF7FEFF 		bl	LCD_DrawLine
 1011              	.LVL67:
  53:../APP/LCD/Src/lcd_menu.c **** 
 1012              		.loc 1 53 5 is_stmt 1 view .LVU300
 1013 01ae 9722     		movs	r2, #151
 1014 01b0 1046     		mov	r0, r2
 1015 01b2 2346     		mov	r3, r4
 1016 01b4 5946     		mov	r1, fp
 1017 01b6 0095     		str	r5, [sp]
 1018 01b8 FFF7FEFF 		bl	LCD_DrawLine
 1019              	.LVL68:
  56:../APP/LCD/Src/lcd_menu.c ****     LCD_DrawLine(x2 - 4, y1 + 1, x2 - 3, y1 + 1, color);
 1020              		.loc 1 56 5 view .LVU301
 1021 01bc 3B46     		mov	r3, r7
 1022 01be 0B22     		movs	r2, #11
 1023 01c0 3946     		mov	r1, r7
 1024 01c2 0A20     		movs	r0, #10
 1025 01c4 0095     		str	r5, [sp]
 1026 01c6 FFF7FEFF 		bl	LCD_DrawLine
 1027              	.LVL69:
  57:../APP/LCD/Src/lcd_menu.c ****     LCD_DrawLine(x1 + 1, y1 + 2, x1 + 1, y1 + 3, color);
 1028              		.loc 1 57 5 view .LVU302
 1029 01ca 3B46     		mov	r3, r7
 1030 01cc 9522     		movs	r2, #149
 1031 01ce 3946     		mov	r1, r7
 1032 01d0 9420     		movs	r0, #148
 1033 01d2 0095     		str	r5, [sp]
 1034 01d4 FFF7FEFF 		bl	LCD_DrawLine
 1035              	.LVL70:
  58:../APP/LCD/Src/lcd_menu.c ****     LCD_DrawLine(x2 - 2, y1 + 2, x2 - 2, y1 + 3, color);
 1036              		.loc 1 58 5 view .LVU303
 1037 01d8 0922     		movs	r2, #9
 1038 01da 1046     		mov	r0, r2
 1039 01dc 069B     		ldr	r3, [sp, #24]
 1040 01de 0599     		ldr	r1, [sp, #20]
 1041 01e0 0095     		str	r5, [sp]
 1042 01e2 FFF7FEFF 		bl	LCD_DrawLine
 1043              	.LVL71:
  59:../APP/LCD/Src/lcd_menu.c **** 
 1044              		.loc 1 59 5 view .LVU304
 1045 01e6 9622     		movs	r2, #150
ARM GAS  C:\Users\Dawn\AppData\Local\Temp\cclPiOJj.s 			page 27


 1046 01e8 1046     		mov	r0, r2
 1047 01ea 069B     		ldr	r3, [sp, #24]
 1048 01ec 0599     		ldr	r1, [sp, #20]
 1049 01ee 0095     		str	r5, [sp]
 1050 01f0 FFF7FEFF 		bl	LCD_DrawLine
 1051              	.LVL72:
  61:../APP/LCD/Src/lcd_menu.c ****     LCD_DrawLine(x2 - 4, y2 - 2, x2 - 3, y2 - 2, color);
 1052              		.loc 1 61 5 view .LVU305
 1053 01f4 3346     		mov	r3, r6
 1054 01f6 0B22     		movs	r2, #11
 1055 01f8 3146     		mov	r1, r6
 1056 01fa 0A20     		movs	r0, #10
 1057 01fc 0095     		str	r5, [sp]
 1058 01fe FFF7FEFF 		bl	LCD_DrawLine
 1059              	.LVL73:
  62:../APP/LCD/Src/lcd_menu.c ****     LCD_DrawLine(x1 + 1, y2 - 4, x1 + 1, y2 - 3, color);
 1060              		.loc 1 62 5 view .LVU306
 1061 0202 3346     		mov	r3, r6
 1062 0204 9522     		movs	r2, #149
 1063 0206 3146     		mov	r1, r6
 1064 0208 9420     		movs	r0, #148
 1065 020a 0095     		str	r5, [sp]
 1066 020c FFF7FEFF 		bl	LCD_DrawLine
 1067              	.LVL74:
  63:../APP/LCD/Src/lcd_menu.c ****     LCD_DrawLine(x2 - 2, y2 - 4, x2 - 2, y2 - 3, color);
 1068              		.loc 1 63 5 view .LVU307
 1069 0210 0922     		movs	r2, #9
 1070 0212 1046     		mov	r0, r2
 1071 0214 079B     		ldr	r3, [sp, #28]
 1072 0216 0095     		str	r5, [sp]
 1073 0218 2146     		mov	r1, r4
 1074 021a FFF7FEFF 		bl	LCD_DrawLine
 1075              	.LVL75:
  64:../APP/LCD/Src/lcd_menu.c **** }
 1076              		.loc 1 64 5 view .LVU308
 1077 021e 9622     		movs	r2, #150
 1078 0220 1046     		mov	r0, r2
 1079 0222 079B     		ldr	r3, [sp, #28]
 1080 0224 0095     		str	r5, [sp]
 1081 0226 2146     		mov	r1, r4
 1082 0228 FFF7FEFF 		bl	LCD_DrawLine
 1083              	.LVL76:
  64:../APP/LCD/Src/lcd_menu.c **** }
 1084              		.loc 1 64 5 is_stmt 0 view .LVU309
 1085              	.LBE30:
 1086              	.LBE32:
 1087              		.loc 1 307 13 is_stmt 1 view .LVU310
 308:../APP/LCD/Src/lcd_menu.c ****                           (const u8 *)item->text, WIN11_TEXT_PRIMARY, WIN11_ACCENT_PALE, MENU_FONT_
 1088              		.loc 1 308 43 is_stmt 0 view .LVU311
 1089 022c 049B     		ldr	r3, [sp, #16]
 307:../APP/LCD/Src/lcd_menu.c ****                           (const u8 *)item->text, WIN11_TEXT_PRIMARY, WIN11_ACCENT_PALE, MENU_FONT_
 1090              		.loc 1 307 13 view .LVU312
 1091 022e CDF80080 		str	r8, [sp]
 1092              		.loc 1 308 43 view .LVU313
 1093 0232 0C22     		movs	r2, #12
 1094 0234 5343     		muls	r3, r2, r3
 1095 0236 1A46     		mov	r2, r3
ARM GAS  C:\Users\Dawn\AppData\Local\Temp\cclPiOJj.s 			page 28


 307:../APP/LCD/Src/lcd_menu.c ****                           (const u8 *)item->text, WIN11_TEXT_PRIMARY, WIN11_ACCENT_PALE, MENU_FONT_
 1096              		.loc 1 307 13 view .LVU314
 1097 0238 0020     		movs	r0, #0
 1098 023a 1023     		movs	r3, #16
 1099 023c CDE90130 		strd	r3, r0, [sp, #4]
 1100 0240 0899     		ldr	r1, [sp, #32]
 1101 0242 5AF80220 		ldr	r2, [r10, r2]
 1102 0246 41F6E703 		movw	r3, #6375
 1103 024a 1220     		movs	r0, #18
 1104 024c FFF7FEFF 		bl	LCD_ShowString
 1105              	.LVL77:
 1106              	.L65:
 307:../APP/LCD/Src/lcd_menu.c ****                           (const u8 *)item->text, WIN11_TEXT_PRIMARY, WIN11_ACCENT_PALE, MENU_FONT_
 1107              		.loc 1 307 13 view .LVU315
 1108              	.LBE34:
 1109              	.LBE36:
 267:../APP/LCD/Src/lcd_menu.c ****         int item_index = (center_item - MENU_VISIBLE_ITEMS / 2 + i + menu_ctx.item_count) % menu_ct
 1110              		.loc 1 267 46 is_stmt 1 discriminator 2 view .LVU316
 267:../APP/LCD/Src/lcd_menu.c ****         int item_index = (center_item - MENU_VISIBLE_ITEMS / 2 + i + menu_ctx.item_count) % menu_ct
 1111              		.loc 1 267 23 discriminator 1 view .LVU317
 1112 0250 099B     		ldr	r3, [sp, #36]
 1113 0252 09F10109 		add	r9, r9, #1
 267:../APP/LCD/Src/lcd_menu.c ****         int item_index = (center_item - MENU_VISIBLE_ITEMS / 2 + i + menu_ctx.item_count) % menu_ct
 1114              		.loc 1 267 23 is_stmt 0 discriminator 1 view .LVU318
 1115 0256 4B45     		cmp	r3, r9
 1116 0258 7FF41AAF 		bne	.L75
 1117              	.LBE38:
 309:../APP/LCD/Src/lcd_menu.c ****         } else {
 310:../APP/LCD/Src/lcd_menu.c ****             /* Non-selected item - simple text on white */
 311:../APP/LCD/Src/lcd_menu.c ****             uint16_t text_color = (distance > 1.5f) ? WIN11_TEXT_SECOND : WIN11_TEXT_PRIMARY;
 312:../APP/LCD/Src/lcd_menu.c **** 
 313:../APP/LCD/Src/lcd_menu.c ****             LCD_ShowString(18, y_pos + (MENU_ITEM_HEIGHT - MENU_FONT_SIZE) / 2,
 314:../APP/LCD/Src/lcd_menu.c ****                           (const u8 *)item->text, text_color, WIN11_BG, MENU_FONT_SIZE, 0);
 315:../APP/LCD/Src/lcd_menu.c **** 
 316:../APP/LCD/Src/lcd_menu.c ****             /* Subtle separator line for distant items */
 317:../APP/LCD/Src/lcd_menu.c ****             if (distance > 0.8f) {
 318:../APP/LCD/Src/lcd_menu.c ****                 LCD_DrawLine(24, y_pos + MENU_ITEM_HEIGHT - 1, LCD_W - 24,
 319:../APP/LCD/Src/lcd_menu.c ****                             y_pos + MENU_ITEM_HEIGHT - 1, WIN11_BORDER);
 320:../APP/LCD/Src/lcd_menu.c ****             }
 321:../APP/LCD/Src/lcd_menu.c ****         }
 322:../APP/LCD/Src/lcd_menu.c ****     }
 323:../APP/LCD/Src/lcd_menu.c **** 
 324:../APP/LCD/Src/lcd_menu.c ****     /* Draw clean scroll indicator - Windows 11 style */
 325:../APP/LCD/Src/lcd_menu.c ****     if (menu_ctx.item_count > MENU_VISIBLE_ITEMS) {
 1118              		.loc 1 325 5 is_stmt 1 view .LVU319
 1119              		.loc 1 325 17 is_stmt 0 view .LVU320
 1120 025c 3249     		ldr	r1, .L84
 1121 025e 91F87820 		ldrb	r2, [r1, #120]	@ zero_extendqisi2
 1122              		.loc 1 325 8 view .LVU321
 1123 0262 052A     		cmp	r2, #5
 1124 0264 21D9     		bls	.L59
 1125              	.LBB39:
 326:../APP/LCD/Src/lcd_menu.c ****         uint16_t indicator_h = ((LCD_H - 30) * MENU_VISIBLE_ITEMS) / menu_ctx.item_count;
 1126              		.loc 1 326 9 is_stmt 1 view .LVU322
 327:../APP/LCD/Src/lcd_menu.c ****         uint16_t indicator_y = 28 + ((LCD_H - 30 - indicator_h) * menu_ctx.selected_index) / (menu_
 1127              		.loc 1 327 65 is_stmt 0 view .LVU323
 1128 0266 91F97940 		ldrsb	r4, [r1, #121]
ARM GAS  C:\Users\Dawn\AppData\Local\Temp\cclPiOJj.s 			page 29


 326:../APP/LCD/Src/lcd_menu.c ****         uint16_t indicator_h = ((LCD_H - 30) * MENU_VISIBLE_ITEMS) / menu_ctx.item_count;
 1129              		.loc 1 326 68 view .LVU324
 1130 026a 4FF4F575 		mov	r5, #490
 1131 026e B5FBF2F5 		udiv	r5, r5, r2
 1132              	.LVL78:
 1133              		.loc 1 327 9 is_stmt 1 view .LVU325
 1134              		.loc 1 327 50 is_stmt 0 view .LVU326
 1135 0272 C5F16203 		rsb	r3, r5, #98
 1136              		.loc 1 327 65 view .LVU327
 1137 0276 14FB03F4 		smulbb	r4, r4, r3
 1138              		.loc 1 327 115 view .LVU328
 1139 027a 013A     		subs	r2, r2, #1
 328:../APP/LCD/Src/lcd_menu.c **** 
 329:../APP/LCD/Src/lcd_menu.c ****         /* Background track - light gray */
 330:../APP/LCD/Src/lcd_menu.c ****         LCD_Fill(LCD_W - 5, 28, LCD_W - 3, LCD_H - 2, WIN11_BG_GRAY);
 1140              		.loc 1 330 9 view .LVU329
 1141 027c 4FF2BE73 		movw	r3, #63422
 327:../APP/LCD/Src/lcd_menu.c ****         uint16_t indicator_y = 28 + ((LCD_H - 30 - indicator_h) * menu_ctx.selected_index) / (menu_
 1142              		.loc 1 327 92 view .LVU330
 1143 0280 94FBF2F4 		sdiv	r4, r4, r2
 327:../APP/LCD/Src/lcd_menu.c ****         uint16_t indicator_y = 28 + ((LCD_H - 30 - indicator_h) * menu_ctx.selected_index) / (menu_
 1144              		.loc 1 327 18 view .LVU331
 1145 0284 1C34     		adds	r4, r4, #28
 1146 0286 A4B2     		uxth	r4, r4
 1147              	.LVL79:
 1148              		.loc 1 330 9 is_stmt 1 view .LVU332
 1149 0288 0093     		str	r3, [sp]
 1150 028a 9D22     		movs	r2, #157
 1151 028c 7E23     		movs	r3, #126
 1152 028e 1C21     		movs	r1, #28
 1153 0290 9B20     		movs	r0, #155
 1154 0292 FFF7FEFF 		bl	LCD_Fill
 1155              	.LVL80:
 331:../APP/LCD/Src/lcd_menu.c **** 
 332:../APP/LCD/Src/lcd_menu.c ****         /* Active indicator - solid Windows blue */
 333:../APP/LCD/Src/lcd_menu.c ****         LCD_Fill(LCD_W - 5, indicator_y, LCD_W - 3, indicator_y + indicator_h, WIN11_ACCENT);
 1156              		.loc 1 333 9 view .LVU333
 1157 0296 40F2DA32 		movw	r2, #986
 1158 029a 6319     		adds	r3, r4, r5
 1159 029c 0092     		str	r2, [sp]
 1160 029e 9BB2     		uxth	r3, r3
 1161 02a0 9D22     		movs	r2, #157
 1162 02a2 2146     		mov	r1, r4
 1163 02a4 9B20     		movs	r0, #155
 1164 02a6 FFF7FEFF 		bl	LCD_Fill
 1165              	.LVL81:
 1166              	.L59:
 1167              		.loc 1 333 9 is_stmt 0 view .LVU334
 1168              	.LBE39:
 334:../APP/LCD/Src/lcd_menu.c ****     }
 335:../APP/LCD/Src/lcd_menu.c **** }
 1169              		.loc 1 335 1 view .LVU335
 1170 02aa 0BB0     		add	sp, sp, #44
 1171              	.LCFI14:
 1172              		.cfi_remember_state
 1173              		.cfi_def_cfa_offset 52
 1174              		@ sp needed
ARM GAS  C:\Users\Dawn\AppData\Local\Temp\cclPiOJj.s 			page 30


 1175 02ac BDEC048B 		vldm	sp!, {d8-d9}
 1176              	.LCFI15:
 1177              		.cfi_restore 82
 1178              		.cfi_restore 83
 1179              		.cfi_restore 80
 1180              		.cfi_restore 81
 1181              		.cfi_def_cfa_offset 36
 1182 02b0 BDE8F08F 		pop	{r4, r5, r6, r7, r8, r9, r10, fp, pc}
 1183              	.LVL82:
 1184              	.L83:
 1185              	.LCFI16:
 1186              		.cfi_restore_state
 1187              	.LBB40:
 1188              	.LBB37:
 279:../APP/LCD/Src/lcd_menu.c ****             item_offset += (float)menu_ctx.item_count;
 1189              		.loc 1 279 16 is_stmt 1 view .LVU336
 279:../APP/LCD/Src/lcd_menu.c ****             item_offset += (float)menu_ctx.item_count;
 1190              		.loc 1 279 19 is_stmt 0 view .LVU337
 1191 02b4 F1EE666A 		vneg.f32	s13, s13
 1192 02b8 F4EEE67A 		vcmpe.f32	s15, s13
 1193 02bc F1EE10FA 		vmrs	APSR_nzcv, FPSCR
 280:../APP/LCD/Src/lcd_menu.c ****         }
 1194              		.loc 1 280 13 is_stmt 1 view .LVU338
 280:../APP/LCD/Src/lcd_menu.c ****         }
 1195              		.loc 1 280 25 is_stmt 0 view .LVU339
 1196 02c0 48BF     		it	mi
 1197 02c2 77EE877A 		vaddmi.f32	s15, s15, s14
 1198              	.LVL83:
 280:../APP/LCD/Src/lcd_menu.c ****         }
 1199              		.loc 1 280 25 view .LVU340
 1200 02c6 03E7     		b	.L68
 1201              	.LVL84:
 1202              	.L71:
 1203              	.LBB35:
 311:../APP/LCD/Src/lcd_menu.c **** 
 1204              		.loc 1 311 13 is_stmt 1 view .LVU341
 313:../APP/LCD/Src/lcd_menu.c ****                           (const u8 *)item->text, text_color, WIN11_BG, MENU_FONT_SIZE, 0);
 1205              		.loc 1 313 13 view .LVU342
 314:../APP/LCD/Src/lcd_menu.c **** 
 1206              		.loc 1 314 43 is_stmt 0 view .LVU343
 1207 02c8 049A     		ldr	r2, [sp, #16]
 1208              	.LVL85:
 314:../APP/LCD/Src/lcd_menu.c **** 
 1209              		.loc 1 314 43 view .LVU344
 1210 02ca 0C23     		movs	r3, #12
 1211 02cc 5A43     		muls	r2, r3, r2
 313:../APP/LCD/Src/lcd_menu.c ****                           (const u8 *)item->text, text_color, WIN11_BG, MENU_FONT_SIZE, 0);
 1212              		.loc 1 313 13 view .LVU345
 1213 02ce 0021     		movs	r1, #0
 1214 02d0 1023     		movs	r3, #16
 1215 02d2 CDE90131 		strd	r3, r1, [sp, #4]
 311:../APP/LCD/Src/lcd_menu.c **** 
 1216              		.loc 1 311 22 discriminator 2 view .LVU346
 1217 02d6 F7EE087A 		vmov.f32	s15, #1.5e+0
 1218              	.LVL86:
 311:../APP/LCD/Src/lcd_menu.c **** 
 1219              		.loc 1 311 22 discriminator 2 view .LVU347
ARM GAS  C:\Users\Dawn\AppData\Local\Temp\cclPiOJj.s 			page 31


 1220 02da B4EEE78A 		vcmpe.f32	s16, s15
 313:../APP/LCD/Src/lcd_menu.c ****                           (const u8 *)item->text, text_color, WIN11_BG, MENU_FONT_SIZE, 0);
 1221              		.loc 1 313 13 view .LVU348
 1222 02de 4FF6FF73 		movw	r3, #65535
 311:../APP/LCD/Src/lcd_menu.c **** 
 1223              		.loc 1 311 22 discriminator 2 view .LVU349
 1224 02e2 F1EE10FA 		vmrs	APSR_nzcv, FPSCR
 313:../APP/LCD/Src/lcd_menu.c ****                           (const u8 *)item->text, text_color, WIN11_BG, MENU_FONT_SIZE, 0);
 1225              		.loc 1 313 13 view .LVU350
 1226 02e6 0093     		str	r3, [sp]
 1227 02e8 46F22C31 		movw	r1, #25388
 1228 02ec 41F6E703 		movw	r3, #6375
 1229 02f0 5AF80220 		ldr	r2, [r10, r2]
 1230 02f4 C8BF     		it	gt
 1231 02f6 0B46     		movgt	r3, r1
 1232 02f8 1220     		movs	r0, #18
 1233 02fa 0899     		ldr	r1, [sp, #32]
 1234 02fc FFF7FEFF 		bl	LCD_ShowString
 1235              	.LVL87:
 317:../APP/LCD/Src/lcd_menu.c ****                 LCD_DrawLine(24, y_pos + MENU_ITEM_HEIGHT - 1, LCD_W - 24,
 1236              		.loc 1 317 13 is_stmt 1 view .LVU351
 317:../APP/LCD/Src/lcd_menu.c ****                 LCD_DrawLine(24, y_pos + MENU_ITEM_HEIGHT - 1, LCD_W - 24,
 1237              		.loc 1 317 16 is_stmt 0 view .LVU352
 1238 0300 DFED0C7A 		vldr.32	s15, .L84+12
 1239 0304 B4EEE78A 		vcmpe.f32	s16, s15
 1240 0308 F1EE10FA 		vmrs	APSR_nzcv, FPSCR
 1241 030c A0DD     		ble	.L65
 318:../APP/LCD/Src/lcd_menu.c ****                             y_pos + MENU_ITEM_HEIGHT - 1, WIN11_BORDER);
 1242              		.loc 1 318 17 is_stmt 1 view .LVU353
 1243 030e 05F11F03 		add	r3, r5, #31
 1244 0312 9BB2     		uxth	r3, r3
 1245 0314 4EF21C72 		movw	r2, #59164
 1246 0318 0092     		str	r2, [sp]
 1247 031a 1946     		mov	r1, r3
 1248 031c 8822     		movs	r2, #136
 1249 031e 1820     		movs	r0, #24
 1250 0320 FFF7FEFF 		bl	LCD_DrawLine
 1251              	.LVL88:
 1252 0324 94E7     		b	.L65
 1253              	.L85:
 1254 0326 00BF     		.align	2
 1255              	.L84:
 1256 0328 00000000 		.word	menu_ctx
 1257 032c 00000000 		.word	title_drawn.0
 1258 0330 00000000 		.word	.LC2
 1259 0334 CDCC4C3F 		.word	1061997773
 1260              	.LBE35:
 1261              	.LBE37:
 1262              	.LBE40:
 1263              		.cfi_endproc
 1264              	.LFE145:
 1266              		.section	.bss.title_drawn.0,"aw",%nobits
 1269              	title_drawn.0:
 1270 0000 00       		.space	1
 1271              		.section	.bss.menu_ctx,"aw",%nobits
 1272              		.align	2
 1275              	menu_ctx:
ARM GAS  C:\Users\Dawn\AppData\Local\Temp\cclPiOJj.s 			page 32


 1276 0000 00000000 		.space	140
 1276      00000000 
 1276      00000000 
 1276      00000000 
 1276      00000000 
 1277              		.text
 1278              	.Letext0:
 1279              		.file 2 "D:/Tool/arm-gnu-toolchain/arm-none-eabi/include/machine/_default_types.h"
 1280              		.file 3 "D:/Tool/arm-gnu-toolchain/arm-none-eabi/include/sys/_stdint.h"
 1281              		.file 4 "../firmware/CMSIS/device/n32g430.h"
 1282              		.file 5 "../core/inc/button.h"
 1283              		.file 6 "../APP/LCD/Inc/lcd_menu.h"
 1284              		.file 7 "../APP/LCD/Inc/lcd.h"
 1285              		.file 8 "../core/inc/bsp_usart.h"
 1286              		.file 9 "../core/inc/hal_compat.h"
 1287              		.file 10 "D:/Tool/arm-gnu-toolchain/arm-none-eabi/include/string.h"
 1288              		.file 11 "<built-in>"
ARM GAS  C:\Users\Dawn\AppData\Local\Temp\cclPiOJj.s 			page 33


DEFINED SYMBOLS
                            *ABS*:00000000 lcd_menu.c
C:\Users\Dawn\AppData\Local\Temp\cclPiOJj.s:21     .text.Menu_Init:00000000 $t
C:\Users\Dawn\AppData\Local\Temp\cclPiOJj.s:27     .text.Menu_Init:00000000 Menu_Init
C:\Users\Dawn\AppData\Local\Temp\cclPiOJj.s:75     .text.Menu_Init:00000028 $d
C:\Users\Dawn\AppData\Local\Temp\cclPiOJj.s:1275   .bss.menu_ctx:00000000 menu_ctx
C:\Users\Dawn\AppData\Local\Temp\cclPiOJj.s:80     .text.Menu_AddItem:00000000 $t
C:\Users\Dawn\AppData\Local\Temp\cclPiOJj.s:86     .text.Menu_AddItem:00000000 Menu_AddItem
C:\Users\Dawn\AppData\Local\Temp\cclPiOJj.s:146    .text.Menu_AddItem:00000028 $d
C:\Users\Dawn\AppData\Local\Temp\cclPiOJj.s:151    .text.Menu_Clear:00000000 $t
C:\Users\Dawn\AppData\Local\Temp\cclPiOJj.s:157    .text.Menu_Clear:00000000 Menu_Clear
C:\Users\Dawn\AppData\Local\Temp\cclPiOJj.s:190    .text.Menu_Clear:0000001c $d
C:\Users\Dawn\AppData\Local\Temp\cclPiOJj.s:195    .text.Menu_SelectNext:00000000 $t
C:\Users\Dawn\AppData\Local\Temp\cclPiOJj.s:201    .text.Menu_SelectNext:00000000 Menu_SelectNext
C:\Users\Dawn\AppData\Local\Temp\cclPiOJj.s:247    .text.Menu_SelectNext:00000030 $d
C:\Users\Dawn\AppData\Local\Temp\cclPiOJj.s:252    .text.Menu_SelectPrevious:00000000 $t
C:\Users\Dawn\AppData\Local\Temp\cclPiOJj.s:258    .text.Menu_SelectPrevious:00000000 Menu_SelectPrevious
C:\Users\Dawn\AppData\Local\Temp\cclPiOJj.s:306    .text.Menu_SelectPrevious:00000030 $d
C:\Users\Dawn\AppData\Local\Temp\cclPiOJj.s:311    .text.Menu_ExecuteSelected:00000000 $t
C:\Users\Dawn\AppData\Local\Temp\cclPiOJj.s:317    .text.Menu_ExecuteSelected:00000000 Menu_ExecuteSelected
C:\Users\Dawn\AppData\Local\Temp\cclPiOJj.s:363    .text.Menu_ExecuteSelected:00000024 $d
C:\Users\Dawn\AppData\Local\Temp\cclPiOJj.s:368    .text.Menu_GetSelectedIndex:00000000 $t
C:\Users\Dawn\AppData\Local\Temp\cclPiOJj.s:374    .text.Menu_GetSelectedIndex:00000000 Menu_GetSelectedIndex
C:\Users\Dawn\AppData\Local\Temp\cclPiOJj.s:389    .text.Menu_GetSelectedIndex:00000008 $d
C:\Users\Dawn\AppData\Local\Temp\cclPiOJj.s:399    .text.Menu_HandleInput:00000000 $t
C:\Users\Dawn\AppData\Local\Temp\cclPiOJj.s:405    .text.Menu_HandleInput:00000000 Menu_HandleInput
C:\Users\Dawn\AppData\Local\Temp\cclPiOJj.s:474    .text.Menu_HandleInput:0000002c $d
C:\Users\Dawn\AppData\Local\Temp\cclPiOJj.s:480    .text.Menu_Update:00000000 $t
C:\Users\Dawn\AppData\Local\Temp\cclPiOJj.s:486    .text.Menu_Update:00000000 Menu_Update
C:\Users\Dawn\AppData\Local\Temp\cclPiOJj.s:655    .text.Menu_Update:000000d4 $d
C:\Users\Dawn\AppData\Local\Temp\cclPiOJj.s:666    .text.Menu_Render:00000000 $t
C:\Users\Dawn\AppData\Local\Temp\cclPiOJj.s:672    .text.Menu_Render:00000000 Menu_Render
C:\Users\Dawn\AppData\Local\Temp\cclPiOJj.s:1256   .text.Menu_Render:00000328 $d
C:\Users\Dawn\AppData\Local\Temp\cclPiOJj.s:1269   .bss.title_drawn.0:00000000 title_drawn.0
C:\Users\Dawn\AppData\Local\Temp\cclPiOJj.s:1270   .bss.title_drawn.0:00000000 $d
C:\Users\Dawn\AppData\Local\Temp\cclPiOJj.s:1272   .bss.menu_ctx:00000000 $d

UNDEFINED SYMBOLS
memset
LCD_Fill
HAL_GetTick
Button_GetEvent
USART1_SendString
LCD_ShowString
LCD_DrawLine
