ARM GAS  C:\Users\Dawn\AppData\Local\Temp\ccbL5Hao.s 			page 1


   1              		.cpu cortex-m4
   2              		.arch armv7e-m
   3              		.fpu fpv4-sp-d16
   4              		.eabi_attribute 27, 1
   5              		.eabi_attribute 28, 1
   6              		.eabi_attribute 20, 1
   7              		.eabi_attribute 21, 1
   8              		.eabi_attribute 23, 3
   9              		.eabi_attribute 24, 1
  10              		.eabi_attribute 25, 1
  11              		.eabi_attribute 26, 1
  12              		.eabi_attribute 30, 4
  13              		.eabi_attribute 34, 1
  14              		.eabi_attribute 18, 4
  15              		.file	"main.c"
  16              		.text
  17              	.Ltext0:
  18              		.cfi_sections	.debug_frame
  19              		.file 1 "../core/src/main.c"
  20              		.section	.text.startup.main,"ax",%progbits
  21              		.align	1
  22              		.global	main
  23              		.syntax unified
  24              		.thumb
  25              		.thumb_func
  27              	main:
  28              	.LFB130:
   1:../core/src/main.c **** /*****************************************************************************
   2:../core/src/main.c ****  * Copyright (c) 2019, Nations Technologies Inc.
   3:../core/src/main.c ****  *
   4:../core/src/main.c ****  * All rights reserved.
   5:../core/src/main.c ****  * ****************************************************************************
   6:../core/src/main.c ****  *
   7:../core/src/main.c ****  * Redistribution and use in source and binary forms, with or without
   8:../core/src/main.c ****  * modification, are permitted provided that the following conditions are met:
   9:../core/src/main.c ****  *
  10:../core/src/main.c ****  * - Redistributions of source code must retain the above copyright notice,
  11:../core/src/main.c ****  * this list of conditions and the disclaimer below.
  12:../core/src/main.c ****  *
  13:../core/src/main.c ****  * Nations' name may not be used to endorse or promote products derived from
  14:../core/src/main.c ****  * this software without specific prior written permission.
  15:../core/src/main.c ****  *
  16:../core/src/main.c ****  * DISCLAIMER: THIS SOFTWARE IS PROVIDED BY NATIONS "AS IS" AND ANY EXPRESS OR
  17:../core/src/main.c ****  * IMPLIED WARRANTIES, INCLUDING, BUT NOT LIMITED TO, THE IMPLIED WARRANTIES OF
  18:../core/src/main.c ****  * MERCHANTABILITY, FITNESS FOR A PARTICULAR PURPOSE AND NON-INFRINGEMENT ARE
  19:../core/src/main.c ****  * DISCLAIMED. IN NO EVENT SHALL NATIONS BE LIABLE FOR ANY DIRECT, INDIRECT,
  20:../core/src/main.c ****  * INCIDENTAL, SPECIAL, EXEMPLARY, OR CONSEQUENTIAL DAMAGES (INCLUDING, BUT NOT
  21:../core/src/main.c ****  * LIMITED TO, PROCUREMENT OF SUBSTITUTE GOODS OR SERVICES; LOSS OF USE, DATA,
  22:../core/src/main.c ****  * OR PROFITS; OR BUSINESS INTERRUPTION) HOWEVER CAUSED AND ON ANY THEORY OF
  23:../core/src/main.c ****  * LIABILITY, WHETHER IN CONTRACT, STRICT LIABILITY, OR TORT (INCLUDING
  24:../core/src/main.c ****  * NEGLIGENCE OR OTHERWISE) ARISING IN ANY WAY OUT OF THE USE OF THIS SOFTWARE,
  25:../core/src/main.c ****  * EVEN IF ADVISED OF THE POSSIBILITY OF SUCH DAMAGE.
  26:../core/src/main.c ****  * ****************************************************************************/
  27:../core/src/main.c **** 
  28:../core/src/main.c **** /**
  29:../core/src/main.c **** *\*\file main.c
  30:../core/src/main.c **** *\*\author Nations
ARM GAS  C:\Users\Dawn\AppData\Local\Temp\ccbL5Hao.s 			page 2


  31:../core/src/main.c **** *\*\version v1.0.0
  32:../core/src/main.c **** *\*\copyright Copyright (c) 2019, Nations Technologies Inc. All rights reserved.
  33:../core/src/main.c **** **/
  34:../core/src/main.c **** 
  35:../core/src/main.c **** #include "main.h"
  36:../core/src/main.c **** #include "bsp_led.h"
  37:../core/src/main.c **** #include "hal_compat.h"
  38:../core/src/main.c **** #include "dma.h"
  39:../core/src/main.c **** #include "tim.h"
  40:../core/src/main.c **** #include "display_config.h"
  41:../core/src/main.c **** 
  42:../core/src/main.c **** /* Include display-specific headers based on configuration */
  43:../core/src/main.c **** #ifdef DISPLAY_USE_LCD
  44:../core/src/main.c **** #include "lcd_menu_demo.h"  /* Menu demo mode */
  45:../core/src/main.c **** // #include "button_test_demo.h"  /* Button test mode (for debugging) */
  46:../core/src/main.c **** #else
  47:../core/src/main.c **** #include "oled_test_demo.h"
  48:../core/src/main.c **** #endif
  49:../core/src/main.c **** 
  50:../core/src/main.c **** #include "spi.h"
  51:../core/src/main.c **** 
  52:../core/src/main.c **** /**
  53:../core/src/main.c ****  *\*\name   main.
  54:../core/src/main.c ****  *\*\fun    main function.
  55:../core/src/main.c ****  *\*\param  none.
  56:../core/src/main.c ****  *\*\return none.
  57:../core/src/main.c **** **/
  58:../core/src/main.c **** int main(void)
  59:../core/src/main.c **** {
  29              		.loc 1 59 1 view -0
  30              		.cfi_startproc
  31              		@ Volatile: function does not return.
  32              		@ args = 0, pretend = 0, frame = 0
  33              		@ frame_needed = 0, uses_anonymous_args = 0
  60:../core/src/main.c ****     HAL_InitTick();
  34              		.loc 1 60 5 view .LVU1
  59:../core/src/main.c ****     HAL_InitTick();
  35              		.loc 1 59 1 is_stmt 0 view .LVU2
  36 0000 08B5     		push	{r3, lr}
  37              	.LCFI0:
  38              		.cfi_def_cfa_offset 8
  39              		.cfi_offset 3, -8
  40              		.cfi_offset 14, -4
  41              		.loc 1 60 5 view .LVU3
  42 0002 FFF7FEFF 		bl	HAL_InitTick
  43              	.LVL0:
  61:../core/src/main.c **** 
  62:../core/src/main.c ****     /* Initialize LEDs for simple status indication */
  63:../core/src/main.c ****     LED_Initialize(LED1_GPIO_PORT, LED1_GPIO_PIN, LED1_GPIO_CLK);
  44              		.loc 1 63 5 is_stmt 1 view .LVU4
  45 0006 0A48     		ldr	r0, .L3
  46 0008 8022     		movs	r2, #128
  47 000a 0221     		movs	r1, #2
  48 000c FFF7FEFF 		bl	LED_Initialize
  49              	.LVL1:
  64:../core/src/main.c ****     LED_Initialize(LED2_GPIO_PORT, LED2_GPIO_PIN | LED3_GPIO_PIN, LED2_GPIO_CLK);
  50              		.loc 1 64 5 view .LVU5
ARM GAS  C:\Users\Dawn\AppData\Local\Temp\ccbL5Hao.s 			page 3


  51 0010 8022     		movs	r2, #128
  52 0012 0748     		ldr	r0, .L3
  53 0014 0C21     		movs	r1, #12
  54 0016 FFF7FEFF 		bl	LED_Initialize
  55              	.LVL2:
  65:../core/src/main.c ****     LED_Off(LED2_GPIO_PORT, LED1_GPIO_PIN | LED2_GPIO_PIN | LED3_GPIO_PIN);
  56              		.loc 1 65 5 view .LVU6
  57 001a 0548     		ldr	r0, .L3
  58 001c 0E21     		movs	r1, #14
  59 001e FFF7FEFF 		bl	LED_Off
  60              	.LVL3:
  66:../core/src/main.c **** 
  67:../core/src/main.c ****     MX_TIM4_Init();
  61              		.loc 1 67 5 view .LVU7
  62 0022 FFF7FEFF 		bl	MX_TIM4_Init
  63              	.LVL4:
  68:../core/src/main.c **** #ifdef DISPLAY_USE_LCD
  69:../core/src/main.c ****     /* Menu demo initialization */
  70:../core/src/main.c ****     LCD_MenuDemo_Init();
  64              		.loc 1 70 5 view .LVU8
  65 0026 FFF7FEFF 		bl	LCD_MenuDemo_Init
  66              	.LVL5:
  67              	.L2:
  71:../core/src/main.c **** 
  72:../core/src/main.c ****     while(1)
  68              		.loc 1 72 5 view .LVU9
  73:../core/src/main.c ****     {
  74:../core/src/main.c ****         LCD_MenuDemo_Main();
  69              		.loc 1 74 9 discriminator 1 view .LVU10
  70 002a FFF7FEFF 		bl	LCD_MenuDemo_Main
  71              	.LVL6:
  72:../core/src/main.c ****     {
  72              		.loc 1 72 10 view .LVU11
  73 002e FCE7     		b	.L2
  74              	.L4:
  75              		.align	2
  76              	.L3:
  77 0030 00340240 		.word	1073886208
  78              		.cfi_endproc
  79              	.LFE130:
  81              		.text
  82              	.Letext0:
  83              		.file 2 "D:/Tool/arm-gnu-toolchain/arm-none-eabi/include/machine/_default_types.h"
  84              		.file 3 "D:/Tool/arm-gnu-toolchain/arm-none-eabi/include/sys/_stdint.h"
  85              		.file 4 "../firmware/CMSIS/device/n32g430.h"
  86              		.file 5 "../APP/LCD/Inc/lcd_menu_demo.h"
  87              		.file 6 "../core/inc/tim.h"
  88              		.file 7 "../core/inc/bsp_led.h"
  89              		.file 8 "../core/inc/hal_compat.h"
ARM GAS  C:\Users\Dawn\AppData\Local\Temp\ccbL5Hao.s 			page 4


DEFINED SYMBOLS
                            *ABS*:00000000 main.c
C:\Users\Dawn\AppData\Local\Temp\ccbL5Hao.s:21     .text.startup.main:00000000 $t
C:\Users\Dawn\AppData\Local\Temp\ccbL5Hao.s:27     .text.startup.main:00000000 main
C:\Users\Dawn\AppData\Local\Temp\ccbL5Hao.s:77     .text.startup.main:00000030 $d

UNDEFINED SYMBOLS
HAL_InitTick
LED_Initialize
LED_Off
MX_TIM4_Init
LCD_MenuDemo_Init
LCD_MenuDemo_Main
