ARM GAS  C:\Users\Dawn\AppData\Local\Temp\cctRiLXa.s 			page 1


   1              		.cpu cortex-m4
   2              		.arch armv7e-m
   3              		.fpu fpv4-sp-d16
   4              		.eabi_attribute 27, 1
   5              		.eabi_attribute 28, 1
   6              		.eabi_attribute 20, 1
   7              		.eabi_attribute 21, 1
   8              		.eabi_attribute 23, 3
   9              		.eabi_attribute 24, 1
  10              		.eabi_attribute 25, 1
  11              		.eabi_attribute 26, 1
  12              		.eabi_attribute 30, 4
  13              		.eabi_attribute 34, 1
  14              		.eabi_attribute 18, 4
  15              		.file	"oled_font.c"
  16              		.text
  17              	.Ltext0:
  18              		.cfi_sections	.debug_frame
  19              		.file 1 "../APP/Src/oled_font.c"
  20              		.global	font_6x8
  21              		.section	.rodata.font_6x8,"a"
  24              	font_6x8:
  25 0000 00000000 		.ascii	"\000\000\000\000\000\000"
  25      0000
  26 0006 00005F00 		.ascii	"\000\000_\000\000\000"
  26      0000
  27 000c 00070007 		.ascii	"\000\007\000\007\000\000"
  27      0000
  28 0012 147F147F 		.ascii	"\024\177\024\177\024\000"
  28      1400
  29 0018 242A7F2A 		.ascii	"$*\177*\022\000"
  29      1200
  30 001e 23130864 		.ascii	"#\023\010db\000"
  30      6200
  31 0024 36495522 		.ascii	"6IU\"P\000"
  31      5000
  32 002a 00050300 		.ascii	"\000\005\003\000\000\000"
  32      0000
  33 0030 001C2241 		.ascii	"\000\034\"A\000\000"
  33      0000
  34 0036 0041221C 		.ascii	"\000A\"\034\000\000"
  34      0000
  35 003c 14083E08 		.ascii	"\024\010>\010\024\000"
  35      1400
  36 0042 08083E08 		.ascii	"\010\010>\010\010\000"
  36      0800
  37 0048 0000A060 		.ascii	"\000\000\240`\000\000"
  37      0000
  38 004e 08080808 		.ascii	"\010\010\010\010\010\000"
  38      0800
  39 0054 00606000 		.ascii	"\000``\000\000\000"
  39      0000
  40 005a 20100804 		.ascii	" \020\010\004\002\000"
  40      0200
  41 0060 3E514945 		.ascii	">QIE>\000"
  41      3E00
  42 0066 00427F40 		.ascii	"\000B\177@\000\000"
ARM GAS  C:\Users\Dawn\AppData\Local\Temp\cctRiLXa.s 			page 2


  42      0000
  43 006c 42615149 		.ascii	"BaQIF\000"
  43      4600
  44 0072 2141454B 		.ascii	"!AEK1\000"
  44      3100
  45 0078 1814127F 		.ascii	"\030\024\022\177\020\000"
  45      1000
  46 007e 27454545 		.ascii	"'EEE9\000"
  46      3900
  47 0084 3C4A4949 		.ascii	"<JII0\000"
  47      3000
  48 008a 01710905 		.ascii	"\001q\011\005\003\000"
  48      0300
  49 0090 36494949 		.ascii	"6III6\000"
  49      3600
  50 0096 06494929 		.ascii	"\006II)\036\000"
  50      1E00
  51 009c 00363600 		.ascii	"\00066\000\000\000"
  51      0000
  52 00a2 00563600 		.ascii	"\000V6\000\000\000"
  52      0000
  53 00a8 08142241 		.ascii	"\010\024\"A\000\000"
  53      0000
  54 00ae 14141414 		.ascii	"\024\024\024\024\024\000"
  54      1400
  55 00b4 00412214 		.ascii	"\000A\"\024\010\000"
  55      0800
  56 00ba 02015109 		.ascii	"\002\001Q\011\006\000"
  56      0600
  57 00c0 32495951 		.ascii	"2IYQ>\000"
  57      3E00
  58 00c6 7C121112 		.ascii	"|\022\021\022|\000"
  58      7C00
  59 00cc 7F494949 		.ascii	"\177III6\000"
  59      3600
  60 00d2 3E414141 		.ascii	">AAA\"\000"
  60      2200
  61 00d8 7F414122 		.ascii	"\177AA\"\034\000"
  61      1C00
  62 00de 7F494949 		.ascii	"\177IIIA\000"
  62      4100
  63 00e4 7F090909 		.ascii	"\177\011\011\011\001\000"
  63      0100
  64 00ea 3E414949 		.ascii	">AIIz\000"
  64      7A00
  65 00f0 7F080808 		.ascii	"\177\010\010\010\177\000"
  65      7F00
  66 00f6 00417F41 		.ascii	"\000A\177A\000\000"
  66      0000
  67 00fc 2040413F 		.ascii	" @A?\001\000"
  67      0100
  68 0102 7F081422 		.ascii	"\177\010\024\"A\000"
  68      4100
  69 0108 7F404040 		.ascii	"\177@@@@\000"
  69      4000
  70 010e 7F020C02 		.ascii	"\177\002\014\002\177\000"
  70      7F00
ARM GAS  C:\Users\Dawn\AppData\Local\Temp\cctRiLXa.s 			page 3


  71 0114 7F040810 		.ascii	"\177\004\010\020\177\000"
  71      7F00
  72 011a 3E414141 		.ascii	">AAA>\000"
  72      3E00
  73 0120 7F090909 		.ascii	"\177\011\011\011\006\000"
  73      0600
  74 0126 3E415121 		.ascii	">AQ!^\000"
  74      5E00
  75 012c 7F091929 		.ascii	"\177\011\031)F\000"
  75      4600
  76 0132 46494949 		.ascii	"FIII1\000"
  76      3100
  77 0138 01017F01 		.ascii	"\001\001\177\001\001\000"
  77      0100
  78 013e 3F404040 		.ascii	"?@@@?\000"
  78      3F00
  79 0144 1F204020 		.ascii	"\037 @ \037\000"
  79      1F00
  80 014a 3F403840 		.ascii	"?@8@?\000"
  80      3F00
  81 0150 63140814 		.ascii	"c\024\010\024c\000"
  81      6300
  82 0156 07087008 		.ascii	"\007\010p\010\007\000"
  82      0700
  83 015c 61514945 		.ascii	"aQIEC\000"
  83      4300
  84 0162 007F4141 		.ascii	"\000\177AA\000\000"
  84      0000
  85 0168 02040810 		.ascii	"\002\004\010\020 \000"
  85      2000
  86 016e 0041417F 		.ascii	"\000AA\177\000\000"
  86      0000
  87 0174 04020102 		.ascii	"\004\002\001\002\004\000"
  87      0400
  88 017a 40404040 		.ascii	"@@@@@\000"
  88      4000
  89 0180 00010204 		.ascii	"\000\001\002\004\000\000"
  89      0000
  90 0186 20545454 		.ascii	" TTTx\000"
  90      7800
  91 018c 7F484444 		.ascii	"\177HDD8\000"
  91      3800
  92 0192 38444444 		.ascii	"8DDD \000"
  92      2000
  93 0198 38444448 		.ascii	"8DDH\177\000"
  93      7F00
  94 019e 38545454 		.ascii	"8TTT\030\000"
  94      1800
  95 01a4 087E0901 		.ascii	"\010~\011\001\002\000"
  95      0200
  96 01aa 18A4A4A4 		.ascii	"\030\244\244\244|\000"
  96      7C00
  97 01b0 7F080404 		.ascii	"\177\010\004\004x\000"
  97      7800
  98 01b6 00447D40 		.ascii	"\000D}@\000\000"
  98      0000
  99 01bc 4080847D 		.ascii	"@\200\204}\000\000"
ARM GAS  C:\Users\Dawn\AppData\Local\Temp\cctRiLXa.s 			page 4


  99      0000
 100 01c2 7F102844 		.ascii	"\177\020(D\000\000"
 100      0000
 101 01c8 00417F40 		.ascii	"\000A\177@\000\000"
 101      0000
 102 01ce 7C041804 		.ascii	"|\004\030\004x\000"
 102      7800
 103 01d4 7C080404 		.ascii	"|\010\004\004x\000"
 103      7800
 104 01da 38444444 		.ascii	"8DDD8\000"
 104      3800
 105 01e0 FC242424 		.ascii	"\374$$$\030\000"
 105      1800
 106 01e6 18242418 		.ascii	"\030$$\030\374\000"
 106      FC00
 107 01ec 7C080404 		.ascii	"|\010\004\004\010\000"
 107      0800
 108 01f2 48545454 		.ascii	"HTTT \000"
 108      2000
 109 01f8 043F4440 		.ascii	"\004?D@ \000"
 109      2000
 110 01fe 3C404020 		.ascii	"<@@ |\000"
 110      7C00
 111 0204 1C204020 		.ascii	"\034 @ \034\000"
 111      1C00
 112 020a 3C403040 		.ascii	"<@0@<\000"
 112      3C00
 113 0210 44281028 		.ascii	"D(\020(D\000"
 113      4400
 114 0216 1CA0A0A0 		.ascii	"\034\240\240\240|\000"
 114      7C00
 115 021c 4464544C 		.ascii	"DdTLD\000"
 115      4400
 116 0222 00083641 		.ascii	"\000\0106A\000\000"
 116      0000
 117 0228 00007F00 		.ascii	"\000\000\177\000\000\000"
 117      0000
 118 022e 00413608 		.ascii	"\000A6\010\000\000"
 118      0000
 119 0234 10080810 		.ascii	"\020\010\010\020\010\000"
 119      0800
 120              		.text
 121              	.Letext0:
 122              		.file 2 "D:/Tool/arm-gnu-toolchain/arm-none-eabi/include/machine/_default_types.h"
 123              		.file 3 "D:/Tool/arm-gnu-toolchain/arm-none-eabi/include/sys/_stdint.h"
 124              		.file 4 "../APP/Inc/oled_font.h"
ARM GAS  C:\Users\Dawn\AppData\Local\Temp\cctRiLXa.s 			page 5


DEFINED SYMBOLS
                            *ABS*:00000000 oled_font.c
C:\Users\Dawn\AppData\Local\Temp\cctRiLXa.s:24     .rodata.font_6x8:00000000 font_6x8

NO UNDEFINED SYMBOLS
