ARM GAS  C:\Users\Dawn\AppData\Local\Temp\ccZ4DW36.s 			page 1


   1              		.cpu cortex-m4
   2              		.arch armv7e-m
   3              		.fpu fpv4-sp-d16
   4              		.eabi_attribute 27, 1
   5              		.eabi_attribute 28, 1
   6              		.eabi_attribute 20, 1
   7              		.eabi_attribute 21, 1
   8              		.eabi_attribute 23, 3
   9              		.eabi_attribute 24, 1
  10              		.eabi_attribute 25, 1
  11              		.eabi_attribute 26, 1
  12              		.eabi_attribute 30, 4
  13              		.eabi_attribute 34, 1
  14              		.eabi_attribute 18, 4
  15              		.file	"clock.c"
  16              		.text
  17              	.Ltext0:
  18              		.cfi_sections	.debug_frame
  19              		.file 1 "../rt-thread/src/clock.c"
  20              		.section	.text.rt_system_timer_init,"ax",%progbits
  21              		.align	1
  22              		.global	rt_system_timer_init
  23              		.syntax unified
  24              		.thumb
  25              		.thumb_func
  27              	rt_system_timer_init:
  28              	.LFB6:
   1:../rt-thread/src/clock.c **** /*
   2:../rt-thread/src/clock.c ****  * Copyright (c) 2006-2022, RT-Thread Development Team
   3:../rt-thread/src/clock.c ****  *
   4:../rt-thread/src/clock.c ****  * SPDX-License-Identifier: Apache-2.0
   5:../rt-thread/src/clock.c ****  *
   6:../rt-thread/src/clock.c ****  * RT-Thread Clock and Timer
   7:../rt-thread/src/clock.c ****  */
   8:../rt-thread/src/clock.c **** 
   9:../rt-thread/src/clock.c **** #include <rtthread.h>
  10:../rt-thread/src/clock.c **** #include <rthw.h>
  11:../rt-thread/src/clock.c **** 
  12:../rt-thread/src/clock.c **** /* System tick */
  13:../rt-thread/src/clock.c **** static volatile rt_tick_t rt_tick = 0;
  14:../rt-thread/src/clock.c **** 
  15:../rt-thread/src/clock.c **** /* Timer list */
  16:../rt-thread/src/clock.c **** static rt_list_t rt_timer_list[RT_TIMER_SKIP_LIST_LEVEL];
  17:../rt-thread/src/clock.c **** 
  18:../rt-thread/src/clock.c **** /**
  19:../rt-thread/src/clock.c ****  * Initialize system timer
  20:../rt-thread/src/clock.c ****  */
  21:../rt-thread/src/clock.c **** void rt_system_timer_init(void)
  22:../rt-thread/src/clock.c **** {
  29              		.loc 1 22 1 view -0
  30              		.cfi_startproc
  31              		@ args = 0, pretend = 0, frame = 0
  32              		@ frame_needed = 0, uses_anonymous_args = 0
  33              		@ link register save eliminated.
  23:../rt-thread/src/clock.c ****     int i;
  34              		.loc 1 23 5 view .LVU1
  24:../rt-thread/src/clock.c ****     for (i = 0; i < RT_TIMER_SKIP_LIST_LEVEL; i++)
ARM GAS  C:\Users\Dawn\AppData\Local\Temp\ccZ4DW36.s 			page 2


  35              		.loc 1 24 5 view .LVU2
  36              	.LVL0:
  37              		.loc 1 24 19 discriminator 1 view .LVU3
  25:../rt-thread/src/clock.c ****     {
  26:../rt-thread/src/clock.c ****         rt_list_init(&rt_timer_list[i]);
  38              		.loc 1 26 9 view .LVU4
  39              	.LBB14:
  40              	.LBI14:
  41              		.file 2 "../rt-thread/include/rtthread.h"
   1:../rt-thread/include/rtthread.h **** /*
   2:../rt-thread/include/rtthread.h ****  * Copyright (c) 2006-2022, RT-Thread Development Team
   3:../rt-thread/include/rtthread.h ****  *
   4:../rt-thread/include/rtthread.h ****  * SPDX-License-Identifier: Apache-2.0
   5:../rt-thread/include/rtthread.h ****  *
   6:../rt-thread/include/rtthread.h ****  * RT-Thread Nano for N32G430
   7:../rt-thread/include/rtthread.h ****  */
   8:../rt-thread/include/rtthread.h **** 
   9:../rt-thread/include/rtthread.h **** #ifndef __RT_THREAD_H__
  10:../rt-thread/include/rtthread.h **** #define __RT_THREAD_H__
  11:../rt-thread/include/rtthread.h **** 
  12:../rt-thread/include/rtthread.h **** #include <rtdef.h>
  13:../rt-thread/include/rtthread.h **** #include <rtservice.h>
  14:../rt-thread/include/rtthread.h **** 
  15:../rt-thread/include/rtthread.h **** #ifdef __cplusplus
  16:../rt-thread/include/rtthread.h **** extern "C" {
  17:../rt-thread/include/rtthread.h **** #endif
  18:../rt-thread/include/rtthread.h **** 
  19:../rt-thread/include/rtthread.h **** /* RT-Thread kernel interface */
  20:../rt-thread/include/rtthread.h **** 
  21:../rt-thread/include/rtthread.h **** /* Initialization and startup */
  22:../rt-thread/include/rtthread.h **** void rt_system_tick_init(void);
  23:../rt-thread/include/rtthread.h **** void rt_system_timer_init(void);
  24:../rt-thread/include/rtthread.h **** void rt_system_timer_thread_init(void);
  25:../rt-thread/include/rtthread.h **** void rt_system_scheduler_init(void);
  26:../rt-thread/include/rtthread.h **** void rt_system_scheduler_start(void);
  27:../rt-thread/include/rtthread.h **** 
  28:../rt-thread/include/rtthread.h **** /* Thread interface */
  29:../rt-thread/include/rtthread.h **** rt_err_t rt_thread_init(struct rt_thread *thread,
  30:../rt-thread/include/rtthread.h ****                         const char       *name,
  31:../rt-thread/include/rtthread.h ****                         void (*entry)(void *parameter),
  32:../rt-thread/include/rtthread.h ****                         void             *parameter,
  33:../rt-thread/include/rtthread.h ****                         void             *stack_start,
  34:../rt-thread/include/rtthread.h ****                         rt_uint32_t       stack_size,
  35:../rt-thread/include/rtthread.h ****                         rt_uint8_t        priority,
  36:../rt-thread/include/rtthread.h ****                         rt_uint32_t       tick);
  37:../rt-thread/include/rtthread.h **** rt_err_t rt_thread_startup(rt_thread_t thread);
  38:../rt-thread/include/rtthread.h **** rt_thread_t rt_thread_self(void);
  39:../rt-thread/include/rtthread.h **** rt_err_t rt_thread_yield(void);
  40:../rt-thread/include/rtthread.h **** rt_err_t rt_thread_delay(rt_tick_t tick);
  41:../rt-thread/include/rtthread.h **** rt_err_t rt_thread_mdelay(rt_int32_t ms);
  42:../rt-thread/include/rtthread.h **** rt_err_t rt_thread_suspend(rt_thread_t thread);
  43:../rt-thread/include/rtthread.h **** rt_err_t rt_thread_resume(rt_thread_t thread);
  44:../rt-thread/include/rtthread.h **** 
  45:../rt-thread/include/rtthread.h **** /* Scheduler interface */
  46:../rt-thread/include/rtthread.h **** void rt_schedule(void);
  47:../rt-thread/include/rtthread.h **** void rt_enter_critical(void);
  48:../rt-thread/include/rtthread.h **** void rt_exit_critical(void);
ARM GAS  C:\Users\Dawn\AppData\Local\Temp\ccZ4DW36.s 			page 3


  49:../rt-thread/include/rtthread.h **** rt_uint16_t rt_critical_level(void);
  50:../rt-thread/include/rtthread.h **** 
  51:../rt-thread/include/rtthread.h **** /* Timer interface */
  52:../rt-thread/include/rtthread.h **** void rt_timer_init(rt_timer_t  timer,
  53:../rt-thread/include/rtthread.h ****                    const char *name,
  54:../rt-thread/include/rtthread.h ****                    void (*timeout)(void *parameter),
  55:../rt-thread/include/rtthread.h ****                    void       *parameter,
  56:../rt-thread/include/rtthread.h ****                    rt_tick_t   time,
  57:../rt-thread/include/rtthread.h ****                    rt_uint8_t  flag);
  58:../rt-thread/include/rtthread.h **** rt_err_t rt_timer_start(rt_timer_t timer);
  59:../rt-thread/include/rtthread.h **** rt_err_t rt_timer_stop(rt_timer_t timer);
  60:../rt-thread/include/rtthread.h **** void rt_timer_check(void);
  61:../rt-thread/include/rtthread.h **** 
  62:../rt-thread/include/rtthread.h **** /* Tick interface */
  63:../rt-thread/include/rtthread.h **** void rt_tick_increase(void);
  64:../rt-thread/include/rtthread.h **** rt_tick_t rt_tick_get(void);
  65:../rt-thread/include/rtthread.h **** 
  66:../rt-thread/include/rtthread.h **** /* Interrupt interface */
  67:../rt-thread/include/rtthread.h **** rt_base_t rt_hw_interrupt_disable(void);
  68:../rt-thread/include/rtthread.h **** void rt_hw_interrupt_enable(rt_base_t level);
  69:../rt-thread/include/rtthread.h **** void rt_hw_context_switch(rt_ubase_t from, rt_ubase_t to);
  70:../rt-thread/include/rtthread.h **** void rt_hw_context_switch_to(rt_ubase_t to);
  71:../rt-thread/include/rtthread.h **** void rt_hw_context_switch_interrupt(rt_ubase_t from, rt_ubase_t to);
  72:../rt-thread/include/rtthread.h **** 
  73:../rt-thread/include/rtthread.h **** /* Hardware interface */
  74:../rt-thread/include/rtthread.h **** rt_uint8_t *rt_hw_stack_init(void       *entry,
  75:../rt-thread/include/rtthread.h ****                              void       *parameter,
  76:../rt-thread/include/rtthread.h ****                              rt_uint8_t *stack_addr,
  77:../rt-thread/include/rtthread.h ****                              void       *exit);
  78:../rt-thread/include/rtthread.h **** 
  79:../rt-thread/include/rtthread.h **** /* Semaphore interface */
  80:../rt-thread/include/rtthread.h **** #ifdef RT_USING_SEMAPHORE
  81:../rt-thread/include/rtthread.h **** rt_err_t rt_sem_init(rt_sem_t    sem,
  82:../rt-thread/include/rtthread.h ****                      const char *name,
  83:../rt-thread/include/rtthread.h ****                      rt_uint32_t value,
  84:../rt-thread/include/rtthread.h ****                      rt_uint8_t  flag);
  85:../rt-thread/include/rtthread.h **** rt_err_t rt_sem_take(rt_sem_t sem, rt_int32_t timeout);
  86:../rt-thread/include/rtthread.h **** rt_err_t rt_sem_trytake(rt_sem_t sem);
  87:../rt-thread/include/rtthread.h **** rt_err_t rt_sem_release(rt_sem_t sem);
  88:../rt-thread/include/rtthread.h **** rt_err_t rt_sem_detach(rt_sem_t sem);
  89:../rt-thread/include/rtthread.h **** #endif
  90:../rt-thread/include/rtthread.h **** 
  91:../rt-thread/include/rtthread.h **** /* Mutex interface */
  92:../rt-thread/include/rtthread.h **** #ifdef RT_USING_MUTEX
  93:../rt-thread/include/rtthread.h **** rt_err_t rt_mutex_init(rt_mutex_t mutex, const char *name, rt_uint8_t flag);
  94:../rt-thread/include/rtthread.h **** rt_err_t rt_mutex_take(rt_mutex_t mutex, rt_int32_t timeout);
  95:../rt-thread/include/rtthread.h **** rt_err_t rt_mutex_release(rt_mutex_t mutex);
  96:../rt-thread/include/rtthread.h **** rt_err_t rt_mutex_detach(rt_mutex_t mutex);
  97:../rt-thread/include/rtthread.h **** #endif
  98:../rt-thread/include/rtthread.h **** 
  99:../rt-thread/include/rtthread.h **** /* Memory management */
 100:../rt-thread/include/rtthread.h **** void *rt_malloc(rt_size_t nbytes);
 101:../rt-thread/include/rtthread.h **** void *rt_realloc(void *ptr, rt_size_t nbytes);
 102:../rt-thread/include/rtthread.h **** void *rt_calloc(rt_size_t count, rt_size_t size);
 103:../rt-thread/include/rtthread.h **** void rt_free(void *ptr);
 104:../rt-thread/include/rtthread.h **** void rt_memory_info(rt_uint32_t *total,
 105:../rt-thread/include/rtthread.h ****                     rt_uint32_t *used,
ARM GAS  C:\Users\Dawn\AppData\Local\Temp\ccZ4DW36.s 			page 4


 106:../rt-thread/include/rtthread.h ****                     rt_uint32_t *max_used);
 107:../rt-thread/include/rtthread.h **** 
 108:../rt-thread/include/rtthread.h **** /* Console interface */
 109:../rt-thread/include/rtthread.h **** void rt_kprintf(const char *fmt, ...);
 110:../rt-thread/include/rtthread.h **** void rt_hw_console_output(const char *str);
 111:../rt-thread/include/rtthread.h **** 
 112:../rt-thread/include/rtthread.h **** /* System startup hook */
 113:../rt-thread/include/rtthread.h **** void rt_application_init(void);
 114:../rt-thread/include/rtthread.h **** 
 115:../rt-thread/include/rtthread.h **** /* Idle thread hook */
 116:../rt-thread/include/rtthread.h **** void rt_thread_idle_init(void);
 117:../rt-thread/include/rtthread.h **** rt_err_t rt_thread_idle_sethook(void (*hook)(void));
 118:../rt-thread/include/rtthread.h **** rt_err_t rt_thread_idle_delhook(void (*hook)(void));
 119:../rt-thread/include/rtthread.h **** 
 120:../rt-thread/include/rtthread.h **** /* Kernel object interface */
 121:../rt-thread/include/rtthread.h **** void rt_object_init(struct rt_object *object,
 122:../rt-thread/include/rtthread.h ****                     enum rt_object_class_type type,
 123:../rt-thread/include/rtthread.h ****                     const char *name);
 124:../rt-thread/include/rtthread.h **** 
 125:../rt-thread/include/rtthread.h **** /* List operations */
 126:../rt-thread/include/rtthread.h **** rt_inline void rt_list_init(rt_list_t *l)
  42              		.loc 2 126 16 view .LVU5
  43              	.LBB15:
 127:../rt-thread/include/rtthread.h **** {
 128:../rt-thread/include/rtthread.h ****     l->next = l->prev = l;
  44              		.loc 2 128 5 view .LVU6
  45              		.loc 2 128 23 is_stmt 0 view .LVU7
  46 0000 014B     		ldr	r3, .L2
  47              		.loc 2 128 13 view .LVU8
  48 0002 C3E90033 		strd	r3, r3, [r3]
  49              	.LVL1:
  50              		.loc 2 128 13 view .LVU9
  51              	.LBE15:
  52              	.LBE14:
  24:../rt-thread/src/clock.c ****     {
  53              		.loc 1 24 48 is_stmt 1 discriminator 3 view .LVU10
  24:../rt-thread/src/clock.c ****     {
  54              		.loc 1 24 19 discriminator 1 view .LVU11
  27:../rt-thread/src/clock.c ****     }
  28:../rt-thread/src/clock.c **** }
  55              		.loc 1 28 1 is_stmt 0 view .LVU12
  56 0006 7047     		bx	lr
  57              	.L3:
  58              		.align	2
  59              	.L2:
  60 0008 00000000 		.word	rt_timer_list
  61              		.cfi_endproc
  62              	.LFE6:
  64              		.section	.text.rt_tick_get,"ax",%progbits
  65              		.align	1
  66              		.global	rt_tick_get
  67              		.syntax unified
  68              		.thumb
  69              		.thumb_func
  71              	rt_tick_get:
  72              	.LFB7:
  29:../rt-thread/src/clock.c **** 
ARM GAS  C:\Users\Dawn\AppData\Local\Temp\ccZ4DW36.s 			page 5


  30:../rt-thread/src/clock.c **** /**
  31:../rt-thread/src/clock.c ****  * Get current tick
  32:../rt-thread/src/clock.c ****  */
  33:../rt-thread/src/clock.c **** rt_tick_t rt_tick_get(void)
  34:../rt-thread/src/clock.c **** {
  73              		.loc 1 34 1 is_stmt 1 view -0
  74              		.cfi_startproc
  75              		@ args = 0, pretend = 0, frame = 0
  76              		@ frame_needed = 0, uses_anonymous_args = 0
  77              		@ link register save eliminated.
  35:../rt-thread/src/clock.c ****     return rt_tick;
  78              		.loc 1 35 5 view .LVU14
  79              		.loc 1 35 12 is_stmt 0 view .LVU15
  80 0000 014B     		ldr	r3, .L5
  81 0002 1868     		ldr	r0, [r3]
  36:../rt-thread/src/clock.c **** }
  82              		.loc 1 36 1 view .LVU16
  83 0004 7047     		bx	lr
  84              	.L6:
  85 0006 00BF     		.align	2
  86              	.L5:
  87 0008 00000000 		.word	rt_tick
  88              		.cfi_endproc
  89              	.LFE7:
  91              		.section	.text.rt_timer_init,"ax",%progbits
  92              		.align	1
  93              		.global	rt_timer_init
  94              		.syntax unified
  95              		.thumb
  96              		.thumb_func
  98              	rt_timer_init:
  99              	.LVL2:
 100              	.LFB9:
  37:../rt-thread/src/clock.c **** 
  38:../rt-thread/src/clock.c **** /**
  39:../rt-thread/src/clock.c ****  * Increase tick
  40:../rt-thread/src/clock.c ****  */
  41:../rt-thread/src/clock.c **** void rt_tick_increase(void)
  42:../rt-thread/src/clock.c **** {
  43:../rt-thread/src/clock.c ****     struct rt_thread *thread;
  44:../rt-thread/src/clock.c **** 
  45:../rt-thread/src/clock.c ****     rt_tick++;
  46:../rt-thread/src/clock.c **** 
  47:../rt-thread/src/clock.c ****     thread = rt_thread_self();
  48:../rt-thread/src/clock.c ****     if (thread != RT_NULL)
  49:../rt-thread/src/clock.c ****     {
  50:../rt-thread/src/clock.c ****         thread->remaining_tick--;
  51:../rt-thread/src/clock.c ****         if (thread->remaining_tick == 0)
  52:../rt-thread/src/clock.c ****         {
  53:../rt-thread/src/clock.c ****             thread->remaining_tick = thread->init_tick;
  54:../rt-thread/src/clock.c ****             thread->stat |= RT_THREAD_STAT_YIELD;
  55:../rt-thread/src/clock.c ****             rt_schedule();
  56:../rt-thread/src/clock.c ****         }
  57:../rt-thread/src/clock.c ****     }
  58:../rt-thread/src/clock.c **** 
  59:../rt-thread/src/clock.c ****     rt_timer_check();
  60:../rt-thread/src/clock.c **** }
ARM GAS  C:\Users\Dawn\AppData\Local\Temp\ccZ4DW36.s 			page 6


  61:../rt-thread/src/clock.c **** 
  62:../rt-thread/src/clock.c **** /**
  63:../rt-thread/src/clock.c ****  * Initialize timer
  64:../rt-thread/src/clock.c ****  */
  65:../rt-thread/src/clock.c **** void rt_timer_init(rt_timer_t  timer,
  66:../rt-thread/src/clock.c ****                    const char *name,
  67:../rt-thread/src/clock.c ****                    void (*timeout)(void *parameter),
  68:../rt-thread/src/clock.c ****                    void       *parameter,
  69:../rt-thread/src/clock.c ****                    rt_tick_t   time,
  70:../rt-thread/src/clock.c ****                    rt_uint8_t  flag)
  71:../rt-thread/src/clock.c **** {
 101              		.loc 1 71 1 is_stmt 1 view -0
 102              		.cfi_startproc
 103              		@ args = 8, pretend = 0, frame = 0
 104              		@ frame_needed = 0, uses_anonymous_args = 0
  72:../rt-thread/src/clock.c ****     rt_object_init(&timer->parent, RT_Object_Class_Timer, name);
 105              		.loc 1 72 5 view .LVU18
  71:../rt-thread/src/clock.c ****     rt_object_init(&timer->parent, RT_Object_Class_Timer, name);
 106              		.loc 1 71 1 is_stmt 0 view .LVU19
 107 0000 70B5     		push	{r4, r5, r6, lr}
 108              	.LCFI0:
 109              		.cfi_def_cfa_offset 16
 110              		.cfi_offset 4, -16
 111              		.cfi_offset 5, -12
 112              		.cfi_offset 6, -8
 113              		.cfi_offset 14, -4
  71:../rt-thread/src/clock.c ****     rt_object_init(&timer->parent, RT_Object_Class_Timer, name);
 114              		.loc 1 71 1 view .LVU20
 115 0002 0446     		mov	r4, r0
 116 0004 1646     		mov	r6, r2
 117              		.loc 1 72 5 view .LVU21
 118 0006 0A46     		mov	r2, r1
 119              	.LVL3:
 120              		.loc 1 72 5 view .LVU22
 121 0008 0A21     		movs	r1, #10
 122              	.LVL4:
  71:../rt-thread/src/clock.c ****     rt_object_init(&timer->parent, RT_Object_Class_Timer, name);
 123              		.loc 1 71 1 view .LVU23
 124 000a 1D46     		mov	r5, r3
 125              		.loc 1 72 5 view .LVU24
 126 000c FFF7FEFF 		bl	rt_object_init
 127              	.LVL5:
  73:../rt-thread/src/clock.c **** 
  74:../rt-thread/src/clock.c ****     /* Initialize timer list */
  75:../rt-thread/src/clock.c ****     rt_list_init(&timer->row[0]);
 128              		.loc 1 75 5 is_stmt 1 view .LVU25
 129 0010 04F11003 		add	r3, r4, #16
 130              	.LVL6:
 131              	.LBB16:
 132              	.LBI16:
 126:../rt-thread/include/rtthread.h **** {
 133              		.loc 2 126 16 view .LVU26
 134              	.LBB17:
 135              		.loc 2 128 5 view .LVU27
 136              		.loc 2 128 13 is_stmt 0 view .LVU28
 137 0014 C4E90433 		strd	r3, r3, [r4, #16]
 138              	.LVL7:
ARM GAS  C:\Users\Dawn\AppData\Local\Temp\ccZ4DW36.s 			page 7


 139              		.loc 2 128 13 view .LVU29
 140              	.LBE17:
 141              	.LBE16:
  76:../rt-thread/src/clock.c **** 
  77:../rt-thread/src/clock.c ****     timer->timeout_func = timeout;
 142              		.loc 1 77 5 is_stmt 1 view .LVU30
  78:../rt-thread/src/clock.c ****     timer->parameter = parameter;
  79:../rt-thread/src/clock.c ****     timer->init_tick = time;
 143              		.loc 1 79 22 is_stmt 0 view .LVU31
 144 0018 049B     		ldr	r3, [sp, #16]
 145 001a 2362     		str	r3, [r4, #32]
  80:../rt-thread/src/clock.c ****     timer->timeout_tick = 0;
 146              		.loc 1 80 25 view .LVU32
 147 001c 0023     		movs	r3, #0
 148 001e 6362     		str	r3, [r4, #36]
  81:../rt-thread/src/clock.c **** 
  82:../rt-thread/src/clock.c ****     timer->parent.flag = flag & ~RT_TIMER_FLAG_ACTIVATED;
 149              		.loc 1 82 31 view .LVU33
 150 0020 9DF81430 		ldrb	r3, [sp, #20]	@ zero_extendqisi2
 151 0024 23F00103 		bic	r3, r3, #1
 152              		.loc 1 82 24 view .LVU34
 153 0028 6372     		strb	r3, [r4, #9]
  78:../rt-thread/src/clock.c ****     timer->init_tick = time;
 154              		.loc 1 78 22 view .LVU35
 155 002a C4E90665 		strd	r6, r5, [r4, #24]
  79:../rt-thread/src/clock.c ****     timer->timeout_tick = 0;
 156              		.loc 1 79 5 is_stmt 1 view .LVU36
  80:../rt-thread/src/clock.c **** 
 157              		.loc 1 80 5 view .LVU37
 158              		.loc 1 82 5 view .LVU38
  83:../rt-thread/src/clock.c **** }
 159              		.loc 1 83 1 is_stmt 0 view .LVU39
 160 002e 70BD     		pop	{r4, r5, r6, pc}
 161              		.loc 1 83 1 view .LVU40
 162              		.cfi_endproc
 163              	.LFE9:
 165              		.section	.text.rt_timer_start,"ax",%progbits
 166              		.align	1
 167              		.global	rt_timer_start
 168              		.syntax unified
 169              		.thumb
 170              		.thumb_func
 172              	rt_timer_start:
 173              	.LVL8:
 174              	.LFB10:
  84:../rt-thread/src/clock.c **** 
  85:../rt-thread/src/clock.c **** /**
  86:../rt-thread/src/clock.c ****  * Start timer
  87:../rt-thread/src/clock.c ****  */
  88:../rt-thread/src/clock.c **** rt_err_t rt_timer_start(rt_timer_t timer)
  89:../rt-thread/src/clock.c **** {
 175              		.loc 1 89 1 is_stmt 1 view -0
 176              		.cfi_startproc
 177              		@ args = 0, pretend = 0, frame = 0
 178              		@ frame_needed = 0, uses_anonymous_args = 0
  90:../rt-thread/src/clock.c ****     rt_list_t *timer_list;
 179              		.loc 1 90 5 view .LVU42
ARM GAS  C:\Users\Dawn\AppData\Local\Temp\ccZ4DW36.s 			page 8


  91:../rt-thread/src/clock.c ****     rt_list_t *n;
 180              		.loc 1 91 5 view .LVU43
  92:../rt-thread/src/clock.c ****     struct rt_timer *t;
 181              		.loc 1 92 5 view .LVU44
  93:../rt-thread/src/clock.c ****     rt_base_t level;
 182              		.loc 1 93 5 view .LVU45
  94:../rt-thread/src/clock.c **** 
  95:../rt-thread/src/clock.c ****     level = rt_hw_interrupt_disable();
 183              		.loc 1 95 5 view .LVU46
  89:../rt-thread/src/clock.c ****     rt_list_t *timer_list;
 184              		.loc 1 89 1 is_stmt 0 view .LVU47
 185 0000 70B5     		push	{r4, r5, r6, lr}
 186              	.LCFI1:
 187              		.cfi_def_cfa_offset 16
 188              		.cfi_offset 4, -16
 189              		.cfi_offset 5, -12
 190              		.cfi_offset 6, -8
 191              		.cfi_offset 14, -4
  89:../rt-thread/src/clock.c ****     rt_list_t *timer_list;
 192              		.loc 1 89 1 view .LVU48
 193 0002 0446     		mov	r4, r0
 194              		.loc 1 95 13 view .LVU49
 195 0004 FFF7FEFF 		bl	rt_hw_interrupt_disable
 196              	.LVL9:
  96:../rt-thread/src/clock.c **** 
  97:../rt-thread/src/clock.c ****     /* Remove timer from list first */
  98:../rt-thread/src/clock.c ****     rt_list_remove(&timer->row[0]);
 197              		.loc 1 98 5 is_stmt 1 view .LVU50
 198              	.LBB24:
 199              	.LBB25:
 129:../rt-thread/include/rtthread.h **** }
 130:../rt-thread/include/rtthread.h **** 
 131:../rt-thread/include/rtthread.h **** rt_inline void rt_list_insert_after(rt_list_t *l, rt_list_t *n)
 132:../rt-thread/include/rtthread.h **** {
 133:../rt-thread/include/rtthread.h ****     l->next->prev = n;
 134:../rt-thread/include/rtthread.h ****     n->next = l->next;
 135:../rt-thread/include/rtthread.h ****     l->next = n;
 136:../rt-thread/include/rtthread.h ****     n->prev = l;
 137:../rt-thread/include/rtthread.h **** }
 138:../rt-thread/include/rtthread.h **** 
 139:../rt-thread/include/rtthread.h **** rt_inline void rt_list_insert_before(rt_list_t *l, rt_list_t *n)
 140:../rt-thread/include/rtthread.h **** {
 141:../rt-thread/include/rtthread.h ****     l->prev->next = n;
 142:../rt-thread/include/rtthread.h ****     n->prev = l->prev;
 143:../rt-thread/include/rtthread.h ****     l->prev = n;
 144:../rt-thread/include/rtthread.h ****     n->next = l;
 145:../rt-thread/include/rtthread.h **** }
 146:../rt-thread/include/rtthread.h **** 
 147:../rt-thread/include/rtthread.h **** rt_inline void rt_list_remove(rt_list_t *n)
 148:../rt-thread/include/rtthread.h **** {
 149:../rt-thread/include/rtthread.h ****     n->next->prev = n->prev;
 200              		.loc 2 149 22 is_stmt 0 view .LVU51
 201 0008 D4E90413 		ldrd	r1, r3, [r4, #16]
 202              		.loc 2 149 19 view .LVU52
 203 000c 4B60     		str	r3, [r1, #4]
 150:../rt-thread/include/rtthread.h ****     n->prev->next = n->next;
 204              		.loc 2 150 19 view .LVU53
ARM GAS  C:\Users\Dawn\AppData\Local\Temp\ccZ4DW36.s 			page 9


 205 000e 1960     		str	r1, [r3]
 206              	.LBE25:
 207              	.LBE24:
 208              	.LBB27:
 209              	.LBB28:
  35:../rt-thread/src/clock.c **** }
 210              		.loc 1 35 12 view .LVU54
 211 0010 0F4B     		ldr	r3, .L14
 212              	.LBE28:
 213              	.LBE27:
  99:../rt-thread/src/clock.c **** 
 100:../rt-thread/src/clock.c ****     /* Get timeout tick */
 101:../rt-thread/src/clock.c ****     timer->timeout_tick = rt_tick_get() + timer->init_tick;
 102:../rt-thread/src/clock.c **** 
 103:../rt-thread/src/clock.c ****     timer_list = &rt_timer_list[0];
 104:../rt-thread/src/clock.c **** 
 105:../rt-thread/src/clock.c ****     /* Find insert position */
 106:../rt-thread/src/clock.c ****     rt_list_for_each(n, timer_list)
 214              		.loc 1 106 5 view .LVU55
 215 0012 104D     		ldr	r5, .L14+4
 216              	.LBB31:
 217              	.LBB29:
  35:../rt-thread/src/clock.c **** }
 218              		.loc 1 35 12 view .LVU56
 219 0014 1968     		ldr	r1, [r3]
 220              	.LBE29:
 221              	.LBE31:
 101:../rt-thread/src/clock.c **** 
 222              		.loc 1 101 41 discriminator 1 view .LVU57
 223 0016 236A     		ldr	r3, [r4, #32]
  98:../rt-thread/src/clock.c **** 
 224              		.loc 1 98 5 view .LVU58
 225 0018 04F11002 		add	r2, r4, #16
 226              	.LVL10:
 227              	.LBB32:
 228              	.LBI24:
 147:../rt-thread/include/rtthread.h **** {
 229              		.loc 2 147 16 is_stmt 1 view .LVU59
 230              	.LBB26:
 149:../rt-thread/include/rtthread.h ****     n->prev->next = n->next;
 231              		.loc 2 149 5 view .LVU60
 232              		.loc 2 150 5 view .LVU61
 151:../rt-thread/include/rtthread.h ****     n->next = n->prev = n;
 233              		.loc 2 151 5 view .LVU62
 234              		.loc 2 151 13 is_stmt 0 view .LVU63
 235 001c C4E90422 		strd	r2, r2, [r4, #16]
 236              	.LVL11:
 237              		.loc 2 151 13 view .LVU64
 238              	.LBE26:
 239              	.LBE32:
 101:../rt-thread/src/clock.c **** 
 240              		.loc 1 101 5 is_stmt 1 view .LVU65
 241              	.LBB33:
 242              	.LBI27:
  33:../rt-thread/src/clock.c **** {
 243              		.loc 1 33 11 view .LVU66
 244              	.LBB30:
ARM GAS  C:\Users\Dawn\AppData\Local\Temp\ccZ4DW36.s 			page 10


  35:../rt-thread/src/clock.c **** }
 245              		.loc 1 35 5 view .LVU67
 246              	.LBE30:
 247              	.LBE33:
 101:../rt-thread/src/clock.c **** 
 248              		.loc 1 101 41 is_stmt 0 discriminator 1 view .LVU68
 249 0020 1944     		add	r1, r1, r3
 250              		.loc 1 106 5 view .LVU69
 251 0022 2B68     		ldr	r3, [r5]
 101:../rt-thread/src/clock.c **** 
 252              		.loc 1 101 25 discriminator 1 view .LVU70
 253 0024 6162     		str	r1, [r4, #36]
 103:../rt-thread/src/clock.c **** 
 254              		.loc 1 103 5 is_stmt 1 view .LVU71
 255              	.LVL12:
 256              		.loc 1 106 5 view .LVU72
 257              	.L9:
 258              		.loc 1 106 5 discriminator 1 view .LVU73
 259 0026 AB42     		cmp	r3, r5
 260 0028 0CD1     		bne	.L11
 261              	.L12:
 107:../rt-thread/src/clock.c ****     {
 108:../rt-thread/src/clock.c ****         t = rt_list_entry(n, struct rt_timer, row[0]);
 109:../rt-thread/src/clock.c ****         if ((t->timeout_tick - timer->timeout_tick) > 0)
 110:../rt-thread/src/clock.c ****         {
 111:../rt-thread/src/clock.c ****             break;
 112:../rt-thread/src/clock.c ****         }
 113:../rt-thread/src/clock.c ****     }
 114:../rt-thread/src/clock.c **** 
 115:../rt-thread/src/clock.c ****     /* Insert timer */
 116:../rt-thread/src/clock.c ****     rt_list_insert_before(n, &timer->row[0]);
 262              		.loc 1 116 5 view .LVU74
 263              	.LVL13:
 264              	.LBB34:
 265              	.LBI34:
 139:../rt-thread/include/rtthread.h **** {
 266              		.loc 2 139 16 view .LVU75
 267              	.LBB35:
 141:../rt-thread/include/rtthread.h ****     n->prev = l->prev;
 268              		.loc 2 141 5 view .LVU76
 141:../rt-thread/include/rtthread.h ****     n->prev = l->prev;
 269              		.loc 2 141 6 is_stmt 0 view .LVU77
 270 002a 5968     		ldr	r1, [r3, #4]
 141:../rt-thread/include/rtthread.h ****     n->prev = l->prev;
 271              		.loc 2 141 19 view .LVU78
 272 002c 0A60     		str	r2, [r1]
 142:../rt-thread/include/rtthread.h ****     l->prev = n;
 273              		.loc 2 142 5 is_stmt 1 view .LVU79
 142:../rt-thread/include/rtthread.h ****     l->prev = n;
 274              		.loc 2 142 13 is_stmt 0 view .LVU80
 275 002e 6161     		str	r1, [r4, #20]
 143:../rt-thread/include/rtthread.h ****     n->next = l;
 276              		.loc 2 143 5 is_stmt 1 view .LVU81
 143:../rt-thread/include/rtthread.h ****     n->next = l;
 277              		.loc 2 143 13 is_stmt 0 view .LVU82
 278 0030 5A60     		str	r2, [r3, #4]
 144:../rt-thread/include/rtthread.h **** }
ARM GAS  C:\Users\Dawn\AppData\Local\Temp\ccZ4DW36.s 			page 11


 279              		.loc 2 144 5 is_stmt 1 view .LVU83
 144:../rt-thread/include/rtthread.h **** }
 280              		.loc 2 144 13 is_stmt 0 view .LVU84
 281 0032 2361     		str	r3, [r4, #16]
 282              	.LVL14:
 144:../rt-thread/include/rtthread.h **** }
 283              		.loc 2 144 13 view .LVU85
 284              	.LBE35:
 285              	.LBE34:
 117:../rt-thread/src/clock.c **** 
 118:../rt-thread/src/clock.c ****     timer->parent.flag |= RT_TIMER_FLAG_ACTIVATED;
 286              		.loc 1 118 5 is_stmt 1 view .LVU86
 287              		.loc 1 118 24 is_stmt 0 view .LVU87
 288 0034 637A     		ldrb	r3, [r4, #9]	@ zero_extendqisi2
 289              	.LVL15:
 290              		.loc 1 118 24 view .LVU88
 291 0036 43F00103 		orr	r3, r3, #1
 292 003a 6372     		strb	r3, [r4, #9]
 119:../rt-thread/src/clock.c **** 
 120:../rt-thread/src/clock.c ****     rt_hw_interrupt_enable(level);
 293              		.loc 1 120 5 is_stmt 1 view .LVU89
 294 003c FFF7FEFF 		bl	rt_hw_interrupt_enable
 295              	.LVL16:
 121:../rt-thread/src/clock.c **** 
 122:../rt-thread/src/clock.c ****     return RT_EOK;
 296              		.loc 1 122 5 view .LVU90
 123:../rt-thread/src/clock.c **** }
 297              		.loc 1 123 1 is_stmt 0 view .LVU91
 298 0040 0020     		movs	r0, #0
 299 0042 70BD     		pop	{r4, r5, r6, pc}
 300              	.LVL17:
 301              	.L11:
 108:../rt-thread/src/clock.c ****         if ((t->timeout_tick - timer->timeout_tick) > 0)
 302              		.loc 1 108 9 is_stmt 1 view .LVU92
 109:../rt-thread/src/clock.c ****         {
 303              		.loc 1 109 9 view .LVU93
 109:../rt-thread/src/clock.c ****         {
 304              		.loc 1 109 12 is_stmt 0 view .LVU94
 305 0044 5E69     		ldr	r6, [r3, #20]
 306 0046 B142     		cmp	r1, r6
 307 0048 EFD1     		bne	.L12
 106:../rt-thread/src/clock.c ****     {
 308              		.loc 1 106 5 is_stmt 1 discriminator 2 view .LVU95
 309 004a 1B68     		ldr	r3, [r3]
 310              	.LVL18:
 106:../rt-thread/src/clock.c ****     {
 311              		.loc 1 106 5 is_stmt 0 discriminator 2 view .LVU96
 312 004c EBE7     		b	.L9
 313              	.L15:
 314 004e 00BF     		.align	2
 315              	.L14:
 316 0050 00000000 		.word	rt_tick
 317 0054 00000000 		.word	rt_timer_list
 318              		.cfi_endproc
 319              	.LFE10:
 321              		.section	.text.rt_timer_stop,"ax",%progbits
 322              		.align	1
ARM GAS  C:\Users\Dawn\AppData\Local\Temp\ccZ4DW36.s 			page 12


 323              		.global	rt_timer_stop
 324              		.syntax unified
 325              		.thumb
 326              		.thumb_func
 328              	rt_timer_stop:
 329              	.LVL19:
 330              	.LFB11:
 124:../rt-thread/src/clock.c **** 
 125:../rt-thread/src/clock.c **** /**
 126:../rt-thread/src/clock.c ****  * Stop timer
 127:../rt-thread/src/clock.c ****  */
 128:../rt-thread/src/clock.c **** rt_err_t rt_timer_stop(rt_timer_t timer)
 129:../rt-thread/src/clock.c **** {
 331              		.loc 1 129 1 is_stmt 1 view -0
 332              		.cfi_startproc
 333              		@ args = 0, pretend = 0, frame = 0
 334              		@ frame_needed = 0, uses_anonymous_args = 0
 130:../rt-thread/src/clock.c ****     rt_base_t level;
 335              		.loc 1 130 5 view .LVU98
 131:../rt-thread/src/clock.c **** 
 132:../rt-thread/src/clock.c ****     level = rt_hw_interrupt_disable();
 336              		.loc 1 132 5 view .LVU99
 129:../rt-thread/src/clock.c ****     rt_base_t level;
 337              		.loc 1 129 1 is_stmt 0 view .LVU100
 338 0000 38B5     		push	{r3, r4, r5, lr}
 339              	.LCFI2:
 340              		.cfi_def_cfa_offset 16
 341              		.cfi_offset 3, -16
 342              		.cfi_offset 4, -12
 343              		.cfi_offset 5, -8
 344              		.cfi_offset 14, -4
 129:../rt-thread/src/clock.c ****     rt_base_t level;
 345              		.loc 1 129 1 view .LVU101
 346 0002 0446     		mov	r4, r0
 347              		.loc 1 132 13 view .LVU102
 348 0004 FFF7FEFF 		bl	rt_hw_interrupt_disable
 349              	.LVL20:
 133:../rt-thread/src/clock.c **** 
 134:../rt-thread/src/clock.c ****     /* Check if timer is activated */
 135:../rt-thread/src/clock.c ****     if (!(timer->parent.flag & RT_TIMER_FLAG_ACTIVATED))
 350              		.loc 1 135 5 is_stmt 1 view .LVU103
 351              		.loc 1 135 24 is_stmt 0 view .LVU104
 352 0008 637A     		ldrb	r3, [r4, #9]	@ zero_extendqisi2
 353              		.loc 1 135 8 view .LVU105
 354 000a DA07     		lsls	r2, r3, #31
 355 000c 04D4     		bmi	.L17
 136:../rt-thread/src/clock.c ****     {
 137:../rt-thread/src/clock.c ****         rt_hw_interrupt_enable(level);
 356              		.loc 1 137 9 is_stmt 1 view .LVU106
 357 000e FFF7FEFF 		bl	rt_hw_interrupt_enable
 358              	.LVL21:
 138:../rt-thread/src/clock.c ****         return -RT_ERROR;
 359              		.loc 1 138 9 view .LVU107
 360              		.loc 1 138 16 is_stmt 0 view .LVU108
 361 0012 4FF0FF30 		mov	r0, #-1
 362              	.L16:
 139:../rt-thread/src/clock.c ****     }
ARM GAS  C:\Users\Dawn\AppData\Local\Temp\ccZ4DW36.s 			page 13


 140:../rt-thread/src/clock.c **** 
 141:../rt-thread/src/clock.c ****     /* Remove timer from list */
 142:../rt-thread/src/clock.c ****     rt_list_remove(&timer->row[0]);
 143:../rt-thread/src/clock.c **** 
 144:../rt-thread/src/clock.c ****     timer->parent.flag &= ~RT_TIMER_FLAG_ACTIVATED;
 145:../rt-thread/src/clock.c **** 
 146:../rt-thread/src/clock.c ****     rt_hw_interrupt_enable(level);
 147:../rt-thread/src/clock.c **** 
 148:../rt-thread/src/clock.c ****     return RT_EOK;
 149:../rt-thread/src/clock.c **** }
 363              		.loc 1 149 1 view .LVU109
 364 0016 38BD     		pop	{r3, r4, r5, pc}
 365              	.LVL22:
 366              	.L17:
 142:../rt-thread/src/clock.c **** 
 367              		.loc 1 142 5 is_stmt 1 view .LVU110
 368              	.LBB38:
 369              	.LBB39:
 149:../rt-thread/include/rtthread.h ****     n->prev->next = n->next;
 370              		.loc 2 149 22 is_stmt 0 view .LVU111
 371 0018 D4E90451 		ldrd	r5, r1, [r4, #16]
 372              	.LBE39:
 373              	.LBE38:
 142:../rt-thread/src/clock.c **** 
 374              		.loc 1 142 5 view .LVU112
 375 001c 04F11002 		add	r2, r4, #16
 376              	.LVL23:
 377              	.LBB42:
 378              	.LBI38:
 147:../rt-thread/include/rtthread.h **** {
 379              		.loc 2 147 16 is_stmt 1 view .LVU113
 380              	.LBB40:
 149:../rt-thread/include/rtthread.h ****     n->prev->next = n->next;
 381              		.loc 2 149 5 view .LVU114
 382              	.LBE40:
 383              	.LBE42:
 144:../rt-thread/src/clock.c **** 
 384              		.loc 1 144 24 is_stmt 0 view .LVU115
 385 0020 23F00103 		bic	r3, r3, #1
 386              	.LBB43:
 387              	.LBB41:
 149:../rt-thread/include/rtthread.h ****     n->prev->next = n->next;
 388              		.loc 2 149 19 view .LVU116
 389 0024 6960     		str	r1, [r5, #4]
 150:../rt-thread/include/rtthread.h ****     n->next = n->prev = n;
 390              		.loc 2 150 5 is_stmt 1 view .LVU117
 150:../rt-thread/include/rtthread.h ****     n->next = n->prev = n;
 391              		.loc 2 150 19 is_stmt 0 view .LVU118
 392 0026 0D60     		str	r5, [r1]
 393              		.loc 2 151 5 is_stmt 1 view .LVU119
 394              		.loc 2 151 13 is_stmt 0 view .LVU120
 395 0028 C4E90422 		strd	r2, r2, [r4, #16]
 396              	.LVL24:
 397              		.loc 2 151 13 view .LVU121
 398              	.LBE41:
 399              	.LBE43:
 144:../rt-thread/src/clock.c **** 
ARM GAS  C:\Users\Dawn\AppData\Local\Temp\ccZ4DW36.s 			page 14


 400              		.loc 1 144 5 is_stmt 1 view .LVU122
 144:../rt-thread/src/clock.c **** 
 401              		.loc 1 144 24 is_stmt 0 view .LVU123
 402 002c 6372     		strb	r3, [r4, #9]
 146:../rt-thread/src/clock.c **** 
 403              		.loc 1 146 5 is_stmt 1 view .LVU124
 404 002e FFF7FEFF 		bl	rt_hw_interrupt_enable
 405              	.LVL25:
 148:../rt-thread/src/clock.c **** }
 406              		.loc 1 148 5 view .LVU125
 148:../rt-thread/src/clock.c **** }
 407              		.loc 1 148 12 is_stmt 0 view .LVU126
 408 0032 0020     		movs	r0, #0
 409 0034 EFE7     		b	.L16
 410              		.cfi_endproc
 411              	.LFE11:
 413              		.section	.text.rt_timer_control,"ax",%progbits
 414              		.align	1
 415              		.global	rt_timer_control
 416              		.syntax unified
 417              		.thumb
 418              		.thumb_func
 420              	rt_timer_control:
 421              	.LVL26:
 422              	.LFB12:
 150:../rt-thread/src/clock.c **** 
 151:../rt-thread/src/clock.c **** /**
 152:../rt-thread/src/clock.c ****  * Control timer
 153:../rt-thread/src/clock.c ****  */
 154:../rt-thread/src/clock.c **** rt_err_t rt_timer_control(rt_timer_t timer, int cmd, void *arg)
 155:../rt-thread/src/clock.c **** {
 423              		.loc 1 155 1 is_stmt 1 view -0
 424              		.cfi_startproc
 425              		@ args = 0, pretend = 0, frame = 0
 426              		@ frame_needed = 0, uses_anonymous_args = 0
 156:../rt-thread/src/clock.c ****     rt_base_t level;
 427              		.loc 1 156 5 view .LVU128
 157:../rt-thread/src/clock.c **** 
 158:../rt-thread/src/clock.c ****     level = rt_hw_interrupt_disable();
 428              		.loc 1 158 5 view .LVU129
 155:../rt-thread/src/clock.c ****     rt_base_t level;
 429              		.loc 1 155 1 is_stmt 0 view .LVU130
 430 0000 70B5     		push	{r4, r5, r6, lr}
 431              	.LCFI3:
 432              		.cfi_def_cfa_offset 16
 433              		.cfi_offset 4, -16
 434              		.cfi_offset 5, -12
 435              		.cfi_offset 6, -8
 436              		.cfi_offset 14, -4
 155:../rt-thread/src/clock.c ****     rt_base_t level;
 437              		.loc 1 155 1 view .LVU131
 438 0002 0E46     		mov	r6, r1
 439 0004 0446     		mov	r4, r0
 440 0006 1546     		mov	r5, r2
 441              		.loc 1 158 13 view .LVU132
 442 0008 FFF7FEFF 		bl	rt_hw_interrupt_disable
 443              	.LVL27:
ARM GAS  C:\Users\Dawn\AppData\Local\Temp\ccZ4DW36.s 			page 15


 159:../rt-thread/src/clock.c **** 
 160:../rt-thread/src/clock.c ****     switch (cmd)
 444              		.loc 1 160 5 is_stmt 1 view .LVU133
 445 000c 042E     		cmp	r6, #4
 446 000e 09D8     		bhi	.L20
 447 0010 DFE806F0 		tbb	[pc, r6]
 448              	.L22:
 449 0014 06       		.byte	(.L26-.L22)/2
 450 0015 03       		.byte	(.L25-.L22)/2
 451 0016 0C       		.byte	(.L24-.L22)/2
 452 0017 11       		.byte	(.L23-.L22)/2
 453 0018 15       		.byte	(.L21-.L22)/2
 454 0019 00       		.p2align 1
 455              	.L25:
 161:../rt-thread/src/clock.c ****     {
 162:../rt-thread/src/clock.c ****     case RT_TIMER_CTRL_GET_TIME:
 163:../rt-thread/src/clock.c ****         *(rt_tick_t *)arg = timer->init_tick;
 456              		.loc 1 163 9 view .LVU134
 457              		.loc 1 163 34 is_stmt 0 view .LVU135
 458 001a 236A     		ldr	r3, [r4, #32]
 459              	.L27:
 164:../rt-thread/src/clock.c ****         break;
 165:../rt-thread/src/clock.c **** 
 166:../rt-thread/src/clock.c ****     case RT_TIMER_CTRL_SET_TIME:
 167:../rt-thread/src/clock.c ****         timer->init_tick = *(rt_tick_t *)arg;
 168:../rt-thread/src/clock.c ****         break;
 169:../rt-thread/src/clock.c **** 
 170:../rt-thread/src/clock.c ****     case RT_TIMER_CTRL_SET_ONESHOT:
 171:../rt-thread/src/clock.c ****         timer->parent.flag &= ~RT_TIMER_FLAG_PERIODIC;
 172:../rt-thread/src/clock.c ****         break;
 173:../rt-thread/src/clock.c **** 
 174:../rt-thread/src/clock.c ****     case RT_TIMER_CTRL_SET_PERIODIC:
 175:../rt-thread/src/clock.c ****         timer->parent.flag |= RT_TIMER_FLAG_PERIODIC;
 176:../rt-thread/src/clock.c ****         break;
 177:../rt-thread/src/clock.c **** 
 178:../rt-thread/src/clock.c ****     case RT_TIMER_CTRL_GET_STATE:
 179:../rt-thread/src/clock.c ****         if (timer->parent.flag & RT_TIMER_FLAG_ACTIVATED)
 180:../rt-thread/src/clock.c ****         {
 181:../rt-thread/src/clock.c ****             *(rt_uint32_t *)arg = RT_TIMER_FLAG_ACTIVATED;
 182:../rt-thread/src/clock.c ****         }
 183:../rt-thread/src/clock.c ****         else
 184:../rt-thread/src/clock.c ****         {
 185:../rt-thread/src/clock.c ****             *(rt_uint32_t *)arg = RT_TIMER_FLAG_DEACTIVATED;
 460              		.loc 1 185 13 is_stmt 1 view .LVU136
 461              		.loc 1 185 33 is_stmt 0 view .LVU137
 462 001c 2B60     		str	r3, [r5]
 463 001e 01E0     		b	.L20
 464              	.L26:
 167:../rt-thread/src/clock.c ****         break;
 465              		.loc 1 167 9 is_stmt 1 view .LVU138
 167:../rt-thread/src/clock.c ****         break;
 466              		.loc 1 167 28 is_stmt 0 view .LVU139
 467 0020 2B68     		ldr	r3, [r5]
 167:../rt-thread/src/clock.c ****         break;
 468              		.loc 1 167 26 view .LVU140
 469 0022 2362     		str	r3, [r4, #32]
 168:../rt-thread/src/clock.c **** 
ARM GAS  C:\Users\Dawn\AppData\Local\Temp\ccZ4DW36.s 			page 16


 470              		.loc 1 168 9 is_stmt 1 view .LVU141
 471              	.L20:
 186:../rt-thread/src/clock.c ****         }
 187:../rt-thread/src/clock.c ****         break;
 188:../rt-thread/src/clock.c **** 
 189:../rt-thread/src/clock.c ****     default:
 190:../rt-thread/src/clock.c ****         break;
 191:../rt-thread/src/clock.c ****     }
 192:../rt-thread/src/clock.c **** 
 193:../rt-thread/src/clock.c ****     rt_hw_interrupt_enable(level);
 472              		.loc 1 193 5 view .LVU142
 473 0024 FFF7FEFF 		bl	rt_hw_interrupt_enable
 474              	.LVL28:
 194:../rt-thread/src/clock.c **** 
 195:../rt-thread/src/clock.c ****     return RT_EOK;
 475              		.loc 1 195 5 view .LVU143
 196:../rt-thread/src/clock.c **** }
 476              		.loc 1 196 1 is_stmt 0 view .LVU144
 477 0028 0020     		movs	r0, #0
 478 002a 70BD     		pop	{r4, r5, r6, pc}
 479              	.LVL29:
 480              	.L24:
 171:../rt-thread/src/clock.c ****         break;
 481              		.loc 1 171 9 is_stmt 1 view .LVU145
 171:../rt-thread/src/clock.c ****         break;
 482              		.loc 1 171 28 is_stmt 0 view .LVU146
 483 002c 637A     		ldrb	r3, [r4, #9]	@ zero_extendqisi2
 484 002e 23F00203 		bic	r3, r3, #2
 485              	.L29:
 175:../rt-thread/src/clock.c ****         break;
 486              		.loc 1 175 28 view .LVU147
 487 0032 6372     		strb	r3, [r4, #9]
 176:../rt-thread/src/clock.c **** 
 488              		.loc 1 176 9 is_stmt 1 view .LVU148
 489 0034 F6E7     		b	.L20
 490              	.L23:
 175:../rt-thread/src/clock.c ****         break;
 491              		.loc 1 175 9 view .LVU149
 175:../rt-thread/src/clock.c ****         break;
 492              		.loc 1 175 28 is_stmt 0 view .LVU150
 493 0036 637A     		ldrb	r3, [r4, #9]	@ zero_extendqisi2
 494 0038 43F00203 		orr	r3, r3, #2
 495 003c F9E7     		b	.L29
 496              	.L21:
 179:../rt-thread/src/clock.c ****         {
 497              		.loc 1 179 9 is_stmt 1 view .LVU151
 179:../rt-thread/src/clock.c ****         {
 498              		.loc 1 179 12 is_stmt 0 view .LVU152
 499 003e 637A     		ldrb	r3, [r4, #9]	@ zero_extendqisi2
 500 0040 13F00103 		ands	r3, r3, #1
 181:../rt-thread/src/clock.c ****         }
 501              		.loc 1 181 13 is_stmt 1 view .LVU153
 181:../rt-thread/src/clock.c ****         }
 502              		.loc 1 181 33 is_stmt 0 view .LVU154
 503 0044 18BF     		it	ne
 504 0046 0123     		movne	r3, #1
 505 0048 E8E7     		b	.L27
ARM GAS  C:\Users\Dawn\AppData\Local\Temp\ccZ4DW36.s 			page 17


 506              		.cfi_endproc
 507              	.LFE12:
 509              		.section	.text.rt_timer_check,"ax",%progbits
 510              		.align	1
 511              		.global	rt_timer_check
 512              		.syntax unified
 513              		.thumb
 514              		.thumb_func
 516              	rt_timer_check:
 517              	.LFB13:
 197:../rt-thread/src/clock.c **** 
 198:../rt-thread/src/clock.c **** /**
 199:../rt-thread/src/clock.c ****  * Check timer timeout
 200:../rt-thread/src/clock.c ****  */
 201:../rt-thread/src/clock.c **** void rt_timer_check(void)
 202:../rt-thread/src/clock.c **** {
 518              		.loc 1 202 1 is_stmt 1 view -0
 519              		.cfi_startproc
 520              		@ args = 0, pretend = 0, frame = 0
 521              		@ frame_needed = 0, uses_anonymous_args = 0
 203:../rt-thread/src/clock.c ****     struct rt_timer *t;
 522              		.loc 1 203 5 view .LVU156
 204:../rt-thread/src/clock.c ****     rt_tick_t current_tick;
 523              		.loc 1 204 5 view .LVU157
 205:../rt-thread/src/clock.c ****     rt_base_t level;
 524              		.loc 1 205 5 view .LVU158
 206:../rt-thread/src/clock.c **** 
 207:../rt-thread/src/clock.c ****     current_tick = rt_tick_get();
 525              		.loc 1 207 5 view .LVU159
 526              	.LBB50:
 527              	.LBI50:
  33:../rt-thread/src/clock.c **** {
 528              		.loc 1 33 11 view .LVU160
 529              	.LBB51:
  35:../rt-thread/src/clock.c **** }
 530              		.loc 1 35 5 view .LVU161
  35:../rt-thread/src/clock.c **** }
 531              		.loc 1 35 12 is_stmt 0 view .LVU162
 532 0000 184B     		ldr	r3, .L42
 533              	.LBE51:
 534              	.LBE50:
 202:../rt-thread/src/clock.c ****     struct rt_timer *t;
 535              		.loc 1 202 1 view .LVU163
 536 0002 2DE9F041 		push	{r4, r5, r6, r7, r8, lr}
 537              	.LCFI4:
 538              		.cfi_def_cfa_offset 24
 539              		.cfi_offset 4, -24
 540              		.cfi_offset 5, -20
 541              		.cfi_offset 6, -16
 542              		.cfi_offset 7, -12
 543              		.cfi_offset 8, -8
 544              		.cfi_offset 14, -4
 545              	.LBB53:
 546              	.LBB52:
  35:../rt-thread/src/clock.c **** }
 547              		.loc 1 35 12 view .LVU164
 548 0006 1F68     		ldr	r7, [r3]
ARM GAS  C:\Users\Dawn\AppData\Local\Temp\ccZ4DW36.s 			page 18


 549              	.LVL30:
  35:../rt-thread/src/clock.c **** }
 550              		.loc 1 35 12 view .LVU165
 551              	.LBE52:
 552              	.LBE53:
 208:../rt-thread/src/clock.c **** 
 209:../rt-thread/src/clock.c ****     level = rt_hw_interrupt_disable();
 553              		.loc 1 209 5 is_stmt 1 view .LVU166
 554              	.LBB54:
 555              	.LBB55:
 152:../rt-thread/include/rtthread.h **** }
 153:../rt-thread/include/rtthread.h **** 
 154:../rt-thread/include/rtthread.h **** rt_inline int rt_list_isempty(const rt_list_t *l)
 155:../rt-thread/include/rtthread.h **** {
 156:../rt-thread/include/rtthread.h ****     return l->next == l;
 556              		.loc 2 156 13 is_stmt 0 view .LVU167
 557 0008 174E     		ldr	r6, .L42+4
 558              	.LBE55:
 559              	.LBE54:
 560              		.loc 1 209 13 view .LVU168
 561 000a FFF7FEFF 		bl	rt_hw_interrupt_disable
 562              	.LVL31:
 210:../rt-thread/src/clock.c **** 
 211:../rt-thread/src/clock.c ****     while (!rt_list_isempty(&rt_timer_list[0]))
 212:../rt-thread/src/clock.c ****     {
 213:../rt-thread/src/clock.c ****         t = rt_list_entry(rt_timer_list[0].next, struct rt_timer, row[0]);
 214:../rt-thread/src/clock.c **** 
 215:../rt-thread/src/clock.c ****         if ((current_tick - t->timeout_tick) < RT_TICK_MAX / 2)
 563              		.loc 1 215 12 view .LVU169
 564 000e 6FF00048 		mvn	r8, #-2147483648
 209:../rt-thread/src/clock.c **** 
 565              		.loc 1 209 13 view .LVU170
 566 0012 0546     		mov	r5, r0
 567              	.LVL32:
 211:../rt-thread/src/clock.c ****     {
 568              		.loc 1 211 5 is_stmt 1 view .LVU171
 569              	.L34:
 211:../rt-thread/src/clock.c ****     {
 570              		.loc 1 211 12 view .LVU172
 571              	.LBB57:
 572              	.LBI54:
 154:../rt-thread/include/rtthread.h **** {
 573              		.loc 2 154 15 view .LVU173
 574              	.LBB56:
 575              		.loc 2 156 5 view .LVU174
 576              		.loc 2 156 13 is_stmt 0 view .LVU175
 577 0014 3468     		ldr	r4, [r6]
 578              	.LVL33:
 579              		.loc 2 156 13 view .LVU176
 580              	.LBE56:
 581              	.LBE57:
 211:../rt-thread/src/clock.c ****     {
 582              		.loc 1 211 12 discriminator 1 view .LVU177
 583 0016 B442     		cmp	r4, r6
 584 0018 03D0     		beq	.L36
 213:../rt-thread/src/clock.c **** 
 585              		.loc 1 213 9 is_stmt 1 view .LVU178
ARM GAS  C:\Users\Dawn\AppData\Local\Temp\ccZ4DW36.s 			page 19


 586              	.LVL34:
 587              		.loc 1 215 9 view .LVU179
 588              		.loc 1 215 27 is_stmt 0 view .LVU180
 589 001a 6369     		ldr	r3, [r4, #20]
 590 001c FB1A     		subs	r3, r7, r3
 591              		.loc 1 215 12 view .LVU181
 592 001e 4345     		cmp	r3, r8
 593 0020 04D3     		bcc	.L32
 594              	.LVL35:
 595              	.L36:
 216:../rt-thread/src/clock.c ****         {
 217:../rt-thread/src/clock.c ****             /* Remove timer from list */
 218:../rt-thread/src/clock.c ****             rt_list_remove(&t->row[0]);
 219:../rt-thread/src/clock.c **** 
 220:../rt-thread/src/clock.c ****             t->parent.flag &= ~RT_TIMER_FLAG_ACTIVATED;
 221:../rt-thread/src/clock.c **** 
 222:../rt-thread/src/clock.c ****             /* Call timeout function */
 223:../rt-thread/src/clock.c ****             if (t->timeout_func != RT_NULL)
 224:../rt-thread/src/clock.c ****             {
 225:../rt-thread/src/clock.c ****                 t->timeout_func(t->parameter);
 226:../rt-thread/src/clock.c ****             }
 227:../rt-thread/src/clock.c **** 
 228:../rt-thread/src/clock.c ****             /* Restart periodic timer */
 229:../rt-thread/src/clock.c ****             if (t->parent.flag & RT_TIMER_FLAG_PERIODIC)
 230:../rt-thread/src/clock.c ****             {
 231:../rt-thread/src/clock.c ****                 t->timeout_tick = current_tick + t->init_tick;
 232:../rt-thread/src/clock.c ****                 rt_timer_start(t);
 233:../rt-thread/src/clock.c ****             }
 234:../rt-thread/src/clock.c ****         }
 235:../rt-thread/src/clock.c ****         else
 236:../rt-thread/src/clock.c ****         {
 237:../rt-thread/src/clock.c ****             break;
 238:../rt-thread/src/clock.c ****         }
 239:../rt-thread/src/clock.c ****     }
 240:../rt-thread/src/clock.c **** 
 241:../rt-thread/src/clock.c ****     rt_hw_interrupt_enable(level);
 596              		.loc 1 241 5 is_stmt 1 view .LVU182
 597 0022 2846     		mov	r0, r5
 242:../rt-thread/src/clock.c **** }
 598              		.loc 1 242 1 is_stmt 0 view .LVU183
 599 0024 BDE8F041 		pop	{r4, r5, r6, r7, r8, lr}
 600              	.LCFI5:
 601              		.cfi_remember_state
 602              		.cfi_restore 14
 603              		.cfi_restore 8
 604              		.cfi_restore 7
 605              		.cfi_restore 6
 606              		.cfi_restore 5
 607              		.cfi_restore 4
 608              		.cfi_def_cfa_offset 0
 609              	.LVL36:
 241:../rt-thread/src/clock.c **** }
 610              		.loc 1 241 5 view .LVU184
 611 0028 FFF7FEBF 		b	rt_hw_interrupt_enable
 612              	.LVL37:
 613              	.L32:
 614              	.LCFI6:
ARM GAS  C:\Users\Dawn\AppData\Local\Temp\ccZ4DW36.s 			page 20


 615              		.cfi_restore_state
 218:../rt-thread/src/clock.c **** 
 616              		.loc 1 218 13 is_stmt 1 view .LVU185
 617              	.LBB58:
 618              	.LBI58:
 147:../rt-thread/include/rtthread.h **** {
 619              		.loc 2 147 16 view .LVU186
 620              	.LBB59:
 149:../rt-thread/include/rtthread.h ****     n->prev->next = n->next;
 621              		.loc 2 149 5 view .LVU187
 149:../rt-thread/include/rtthread.h ****     n->prev->next = n->next;
 622              		.loc 2 149 22 is_stmt 0 view .LVU188
 623 002c D4E90023 		ldrd	r2, r3, [r4]
 149:../rt-thread/include/rtthread.h ****     n->prev->next = n->next;
 624              		.loc 2 149 19 view .LVU189
 625 0030 5360     		str	r3, [r2, #4]
 150:../rt-thread/include/rtthread.h ****     n->next = n->prev = n;
 626              		.loc 2 150 5 is_stmt 1 view .LVU190
 150:../rt-thread/include/rtthread.h ****     n->next = n->prev = n;
 627              		.loc 2 150 19 is_stmt 0 view .LVU191
 628 0032 1A60     		str	r2, [r3]
 151:../rt-thread/include/rtthread.h **** }
 629              		.loc 2 151 5 is_stmt 1 view .LVU192
 630              	.LBE59:
 631              	.LBE58:
 220:../rt-thread/src/clock.c **** 
 632              		.loc 1 220 28 is_stmt 0 view .LVU193
 633 0034 14F8073C 		ldrb	r3, [r4, #-7]	@ zero_extendqisi2
 634 0038 23F00103 		bic	r3, r3, #1
 635 003c 04F8073C 		strb	r3, [r4, #-7]
 223:../rt-thread/src/clock.c ****             {
 636              		.loc 1 223 18 view .LVU194
 637 0040 A368     		ldr	r3, [r4, #8]
 638              	.LBB61:
 639              	.LBB60:
 151:../rt-thread/include/rtthread.h **** }
 640              		.loc 2 151 13 view .LVU195
 641 0042 C4E90044 		strd	r4, r4, [r4]
 642              	.LVL38:
 151:../rt-thread/include/rtthread.h **** }
 643              		.loc 2 151 13 view .LVU196
 644              	.LBE60:
 645              	.LBE61:
 220:../rt-thread/src/clock.c **** 
 646              		.loc 1 220 13 is_stmt 1 view .LVU197
 223:../rt-thread/src/clock.c ****             {
 647              		.loc 1 223 13 view .LVU198
 223:../rt-thread/src/clock.c ****             {
 648              		.loc 1 223 16 is_stmt 0 view .LVU199
 649 0046 0BB1     		cbz	r3, .L33
 225:../rt-thread/src/clock.c ****             }
 650              		.loc 1 225 17 is_stmt 1 view .LVU200
 651 0048 E068     		ldr	r0, [r4, #12]
 652 004a 9847     		blx	r3
 653              	.LVL39:
 654              	.L33:
 229:../rt-thread/src/clock.c ****             {
ARM GAS  C:\Users\Dawn\AppData\Local\Temp\ccZ4DW36.s 			page 21


 655              		.loc 1 229 13 view .LVU201
 229:../rt-thread/src/clock.c ****             {
 656              		.loc 1 229 16 is_stmt 0 view .LVU202
 657 004c 14F8073C 		ldrb	r3, [r4, #-7]	@ zero_extendqisi2
 658 0050 9B07     		lsls	r3, r3, #30
 659 0052 DFD5     		bpl	.L34
 231:../rt-thread/src/clock.c ****                 rt_timer_start(t);
 660              		.loc 1 231 17 is_stmt 1 view .LVU203
 231:../rt-thread/src/clock.c ****                 rt_timer_start(t);
 661              		.loc 1 231 48 is_stmt 0 view .LVU204
 662 0054 2369     		ldr	r3, [r4, #16]
 663 0056 3B44     		add	r3, r3, r7
 231:../rt-thread/src/clock.c ****                 rt_timer_start(t);
 664              		.loc 1 231 33 view .LVU205
 665 0058 6361     		str	r3, [r4, #20]
 232:../rt-thread/src/clock.c ****             }
 666              		.loc 1 232 17 is_stmt 1 view .LVU206
 667 005a A4F11000 		sub	r0, r4, #16
 668 005e FFF7FEFF 		bl	rt_timer_start
 669              	.LVL40:
 670 0062 D7E7     		b	.L34
 671              	.L43:
 672              		.align	2
 673              	.L42:
 674 0064 00000000 		.word	rt_tick
 675 0068 00000000 		.word	rt_timer_list
 676              		.cfi_endproc
 677              	.LFE13:
 679              		.section	.text.rt_tick_increase,"ax",%progbits
 680              		.align	1
 681              		.global	rt_tick_increase
 682              		.syntax unified
 683              		.thumb
 684              		.thumb_func
 686              	rt_tick_increase:
 687              	.LFB8:
  42:../rt-thread/src/clock.c ****     struct rt_thread *thread;
 688              		.loc 1 42 1 view -0
 689              		.cfi_startproc
 690              		@ args = 0, pretend = 0, frame = 0
 691              		@ frame_needed = 0, uses_anonymous_args = 0
  43:../rt-thread/src/clock.c **** 
 692              		.loc 1 43 5 view .LVU208
  45:../rt-thread/src/clock.c **** 
 693              		.loc 1 45 5 view .LVU209
  45:../rt-thread/src/clock.c **** 
 694              		.loc 1 45 12 is_stmt 0 view .LVU210
 695 0000 0C4A     		ldr	r2, .L48
  42:../rt-thread/src/clock.c ****     struct rt_thread *thread;
 696              		.loc 1 42 1 view .LVU211
 697 0002 08B5     		push	{r3, lr}
 698              	.LCFI7:
 699              		.cfi_def_cfa_offset 8
 700              		.cfi_offset 3, -8
 701              		.cfi_offset 14, -4
  45:../rt-thread/src/clock.c **** 
 702              		.loc 1 45 12 view .LVU212
ARM GAS  C:\Users\Dawn\AppData\Local\Temp\ccZ4DW36.s 			page 22


 703 0004 1368     		ldr	r3, [r2]
 704 0006 0133     		adds	r3, r3, #1
 705 0008 1360     		str	r3, [r2]
  47:../rt-thread/src/clock.c ****     if (thread != RT_NULL)
 706              		.loc 1 47 5 is_stmt 1 view .LVU213
  47:../rt-thread/src/clock.c ****     if (thread != RT_NULL)
 707              		.loc 1 47 14 is_stmt 0 view .LVU214
 708 000a FFF7FEFF 		bl	rt_thread_self
 709              	.LVL41:
  48:../rt-thread/src/clock.c ****     {
 710              		.loc 1 48 5 is_stmt 1 view .LVU215
  48:../rt-thread/src/clock.c ****     {
 711              		.loc 1 48 8 is_stmt 0 view .LVU216
 712 000e 68B1     		cbz	r0, .L46
  50:../rt-thread/src/clock.c ****         if (thread->remaining_tick == 0)
 713              		.loc 1 50 9 is_stmt 1 view .LVU217
  50:../rt-thread/src/clock.c ****         if (thread->remaining_tick == 0)
 714              		.loc 1 50 31 is_stmt 0 view .LVU218
 715 0010 836B     		ldr	r3, [r0, #56]
 716 0012 013B     		subs	r3, r3, #1
 717 0014 8363     		str	r3, [r0, #56]
  51:../rt-thread/src/clock.c ****         {
 718              		.loc 1 51 9 is_stmt 1 view .LVU219
  51:../rt-thread/src/clock.c ****         {
 719              		.loc 1 51 12 is_stmt 0 view .LVU220
 720 0016 4BB9     		cbnz	r3, .L46
  53:../rt-thread/src/clock.c ****             thread->stat |= RT_THREAD_STAT_YIELD;
 721              		.loc 1 53 13 is_stmt 1 view .LVU221
  53:../rt-thread/src/clock.c ****             thread->stat |= RT_THREAD_STAT_YIELD;
 722              		.loc 1 53 36 is_stmt 0 view .LVU222
 723 0018 436B     		ldr	r3, [r0, #52]
 724 001a 8363     		str	r3, [r0, #56]
  54:../rt-thread/src/clock.c ****             rt_schedule();
 725              		.loc 1 54 13 is_stmt 1 view .LVU223
  54:../rt-thread/src/clock.c ****             rt_schedule();
 726              		.loc 1 54 26 is_stmt 0 view .LVU224
 727 001c 90F83030 		ldrb	r3, [r0, #48]	@ zero_extendqisi2
 728 0020 43F00803 		orr	r3, r3, #8
 729 0024 80F83030 		strb	r3, [r0, #48]
  55:../rt-thread/src/clock.c ****         }
 730              		.loc 1 55 13 is_stmt 1 view .LVU225
 731 0028 FFF7FEFF 		bl	rt_schedule
 732              	.LVL42:
 733              	.L46:
  59:../rt-thread/src/clock.c **** }
 734              		.loc 1 59 5 view .LVU226
  60:../rt-thread/src/clock.c **** 
 735              		.loc 1 60 1 is_stmt 0 view .LVU227
 736 002c BDE80840 		pop	{r3, lr}
 737              	.LCFI8:
 738              		.cfi_restore 14
 739              		.cfi_restore 3
 740              		.cfi_def_cfa_offset 0
  59:../rt-thread/src/clock.c **** }
 741              		.loc 1 59 5 view .LVU228
 742 0030 FFF7FEBF 		b	rt_timer_check
 743              	.LVL43:
ARM GAS  C:\Users\Dawn\AppData\Local\Temp\ccZ4DW36.s 			page 23


 744              	.L49:
 745              		.align	2
 746              	.L48:
 747 0034 00000000 		.word	rt_tick
 748              		.cfi_endproc
 749              	.LFE8:
 751              		.section	.bss.rt_timer_list,"aw",%nobits
 752              		.align	2
 755              	rt_timer_list:
 756 0000 00000000 		.space	8
 756      00000000 
 757              		.section	.bss.rt_tick,"aw",%nobits
 758              		.align	2
 761              	rt_tick:
 762 0000 00000000 		.space	4
 763              		.text
 764              	.Letext0:
 765              		.file 3 "../rt-thread/include/rtdef.h"
 766              		.file 4 "../rt-thread/include/rthw.h"
ARM GAS  C:\Users\Dawn\AppData\Local\Temp\ccZ4DW36.s 			page 24


DEFINED SYMBOLS
                            *ABS*:00000000 clock.c
C:\Users\Dawn\AppData\Local\Temp\ccZ4DW36.s:21     .text.rt_system_timer_init:00000000 $t
C:\Users\Dawn\AppData\Local\Temp\ccZ4DW36.s:27     .text.rt_system_timer_init:00000000 rt_system_timer_init
C:\Users\Dawn\AppData\Local\Temp\ccZ4DW36.s:60     .text.rt_system_timer_init:00000008 $d
C:\Users\Dawn\AppData\Local\Temp\ccZ4DW36.s:755    .bss.rt_timer_list:00000000 rt_timer_list
C:\Users\Dawn\AppData\Local\Temp\ccZ4DW36.s:65     .text.rt_tick_get:00000000 $t
C:\Users\Dawn\AppData\Local\Temp\ccZ4DW36.s:71     .text.rt_tick_get:00000000 rt_tick_get
C:\Users\Dawn\AppData\Local\Temp\ccZ4DW36.s:87     .text.rt_tick_get:00000008 $d
C:\Users\Dawn\AppData\Local\Temp\ccZ4DW36.s:761    .bss.rt_tick:00000000 rt_tick
C:\Users\Dawn\AppData\Local\Temp\ccZ4DW36.s:92     .text.rt_timer_init:00000000 $t
C:\Users\Dawn\AppData\Local\Temp\ccZ4DW36.s:98     .text.rt_timer_init:00000000 rt_timer_init
C:\Users\Dawn\AppData\Local\Temp\ccZ4DW36.s:166    .text.rt_timer_start:00000000 $t
C:\Users\Dawn\AppData\Local\Temp\ccZ4DW36.s:172    .text.rt_timer_start:00000000 rt_timer_start
C:\Users\Dawn\AppData\Local\Temp\ccZ4DW36.s:316    .text.rt_timer_start:00000050 $d
C:\Users\Dawn\AppData\Local\Temp\ccZ4DW36.s:322    .text.rt_timer_stop:00000000 $t
C:\Users\Dawn\AppData\Local\Temp\ccZ4DW36.s:328    .text.rt_timer_stop:00000000 rt_timer_stop
C:\Users\Dawn\AppData\Local\Temp\ccZ4DW36.s:414    .text.rt_timer_control:00000000 $t
C:\Users\Dawn\AppData\Local\Temp\ccZ4DW36.s:420    .text.rt_timer_control:00000000 rt_timer_control
C:\Users\Dawn\AppData\Local\Temp\ccZ4DW36.s:449    .text.rt_timer_control:00000014 $d
C:\Users\Dawn\AppData\Local\Temp\ccZ4DW36.s:510    .text.rt_timer_check:00000000 $t
C:\Users\Dawn\AppData\Local\Temp\ccZ4DW36.s:516    .text.rt_timer_check:00000000 rt_timer_check
C:\Users\Dawn\AppData\Local\Temp\ccZ4DW36.s:674    .text.rt_timer_check:00000064 $d
C:\Users\Dawn\AppData\Local\Temp\ccZ4DW36.s:680    .text.rt_tick_increase:00000000 $t
C:\Users\Dawn\AppData\Local\Temp\ccZ4DW36.s:686    .text.rt_tick_increase:00000000 rt_tick_increase
C:\Users\Dawn\AppData\Local\Temp\ccZ4DW36.s:747    .text.rt_tick_increase:00000034 $d
C:\Users\Dawn\AppData\Local\Temp\ccZ4DW36.s:752    .bss.rt_timer_list:00000000 $d
C:\Users\Dawn\AppData\Local\Temp\ccZ4DW36.s:758    .bss.rt_tick:00000000 $d
C:\Users\Dawn\AppData\Local\Temp\ccZ4DW36.s:454    .text.rt_timer_control:00000019 $d
C:\Users\Dawn\AppData\Local\Temp\ccZ4DW36.s:454    .text.rt_timer_control:0000001a $t

UNDEFINED SYMBOLS
rt_object_init
rt_hw_interrupt_disable
rt_hw_interrupt_enable
rt_thread_self
rt_schedule
