ARM GAS  C:\Users\Dawn\AppData\Local\Temp\cco1am7c.s 			page 1


   1              		.cpu cortex-m4
   2              		.arch armv7e-m
   3              		.fpu fpv4-sp-d16
   4              		.eabi_attribute 27, 1
   5              		.eabi_attribute 28, 1
   6              		.eabi_attribute 20, 1
   7              		.eabi_attribute 21, 1
   8              		.eabi_attribute 23, 3
   9              		.eabi_attribute 24, 1
  10              		.eabi_attribute 25, 1
  11              		.eabi_attribute 26, 1
  12              		.eabi_attribute 30, 4
  13              		.eabi_attribute 34, 1
  14              		.eabi_attribute 18, 4
  15              		.file	"idle.c"
  16              		.text
  17              	.Ltext0:
  18              		.cfi_sections	.debug_frame
  19              		.file 1 "../rt-thread/src/idle.c"
  20              		.section	.text.rt_thread_idle_entry,"ax",%progbits
  21              		.align	1
  22              		.syntax unified
  23              		.thumb
  24              		.thumb_func
  26              	rt_thread_idle_entry:
  27              	.LFB8:
   1:../rt-thread/src/idle.c **** /*
   2:../rt-thread/src/idle.c ****  * Copyright (c) 2006-2022, RT-Thread Development Team
   3:../rt-thread/src/idle.c ****  *
   4:../rt-thread/src/idle.c ****  * SPDX-License-Identifier: Apache-2.0
   5:../rt-thread/src/idle.c ****  *
   6:../rt-thread/src/idle.c ****  * RT-Thread Idle Thread
   7:../rt-thread/src/idle.c ****  */
   8:../rt-thread/src/idle.c **** 
   9:../rt-thread/src/idle.c **** #include <rtthread.h>
  10:../rt-thread/src/idle.c **** #include <rthw.h>
  11:../rt-thread/src/idle.c **** 
  12:../rt-thread/src/idle.c **** #ifndef IDLE_THREAD_STACK_SIZE
  13:../rt-thread/src/idle.c **** #define IDLE_THREAD_STACK_SIZE  256
  14:../rt-thread/src/idle.c **** #endif
  15:../rt-thread/src/idle.c **** 
  16:../rt-thread/src/idle.c **** static struct rt_thread idle;
  17:../rt-thread/src/idle.c **** ALIGN(RT_ALIGN_SIZE)
  18:../rt-thread/src/idle.c **** static rt_uint8_t rt_thread_stack[IDLE_THREAD_STACK_SIZE];
  19:../rt-thread/src/idle.c **** 
  20:../rt-thread/src/idle.c **** /* Idle hook list */
  21:../rt-thread/src/idle.c **** #ifndef RT_IDLE_HOOK_LIST_SIZE
  22:../rt-thread/src/idle.c **** #define RT_IDLE_HOOK_LIST_SIZE  4
  23:../rt-thread/src/idle.c **** #endif
  24:../rt-thread/src/idle.c **** 
  25:../rt-thread/src/idle.c **** static void (*idle_hook_list[RT_IDLE_HOOK_LIST_SIZE])(void);
  26:../rt-thread/src/idle.c **** 
  27:../rt-thread/src/idle.c **** /**
  28:../rt-thread/src/idle.c ****  * Set idle thread hook
  29:../rt-thread/src/idle.c ****  */
  30:../rt-thread/src/idle.c **** rt_err_t rt_thread_idle_sethook(void (*hook)(void))
  31:../rt-thread/src/idle.c **** {
ARM GAS  C:\Users\Dawn\AppData\Local\Temp\cco1am7c.s 			page 2


  32:../rt-thread/src/idle.c ****     rt_size_t i;
  33:../rt-thread/src/idle.c ****     rt_base_t level;
  34:../rt-thread/src/idle.c **** 
  35:../rt-thread/src/idle.c ****     level = rt_hw_interrupt_disable();
  36:../rt-thread/src/idle.c **** 
  37:../rt-thread/src/idle.c ****     for (i = 0; i < RT_IDLE_HOOK_LIST_SIZE; i++)
  38:../rt-thread/src/idle.c ****     {
  39:../rt-thread/src/idle.c ****         if (idle_hook_list[i] == RT_NULL)
  40:../rt-thread/src/idle.c ****         {
  41:../rt-thread/src/idle.c ****             idle_hook_list[i] = hook;
  42:../rt-thread/src/idle.c ****             rt_hw_interrupt_enable(level);
  43:../rt-thread/src/idle.c ****             return RT_EOK;
  44:../rt-thread/src/idle.c ****         }
  45:../rt-thread/src/idle.c ****     }
  46:../rt-thread/src/idle.c **** 
  47:../rt-thread/src/idle.c ****     rt_hw_interrupt_enable(level);
  48:../rt-thread/src/idle.c ****     return -RT_EFULL;
  49:../rt-thread/src/idle.c **** }
  50:../rt-thread/src/idle.c **** 
  51:../rt-thread/src/idle.c **** /**
  52:../rt-thread/src/idle.c ****  * Delete idle thread hook
  53:../rt-thread/src/idle.c ****  */
  54:../rt-thread/src/idle.c **** rt_err_t rt_thread_idle_delhook(void (*hook)(void))
  55:../rt-thread/src/idle.c **** {
  56:../rt-thread/src/idle.c ****     rt_size_t i;
  57:../rt-thread/src/idle.c ****     rt_base_t level;
  58:../rt-thread/src/idle.c **** 
  59:../rt-thread/src/idle.c ****     level = rt_hw_interrupt_disable();
  60:../rt-thread/src/idle.c **** 
  61:../rt-thread/src/idle.c ****     for (i = 0; i < RT_IDLE_HOOK_LIST_SIZE; i++)
  62:../rt-thread/src/idle.c ****     {
  63:../rt-thread/src/idle.c ****         if (idle_hook_list[i] == hook)
  64:../rt-thread/src/idle.c ****         {
  65:../rt-thread/src/idle.c ****             idle_hook_list[i] = RT_NULL;
  66:../rt-thread/src/idle.c ****             rt_hw_interrupt_enable(level);
  67:../rt-thread/src/idle.c ****             return RT_EOK;
  68:../rt-thread/src/idle.c ****         }
  69:../rt-thread/src/idle.c ****     }
  70:../rt-thread/src/idle.c **** 
  71:../rt-thread/src/idle.c ****     rt_hw_interrupt_enable(level);
  72:../rt-thread/src/idle.c ****     return -RT_ENOSYS;
  73:../rt-thread/src/idle.c **** }
  74:../rt-thread/src/idle.c **** 
  75:../rt-thread/src/idle.c **** /**
  76:../rt-thread/src/idle.c ****  * Idle thread entry
  77:../rt-thread/src/idle.c ****  */
  78:../rt-thread/src/idle.c **** static void rt_thread_idle_entry(void *parameter)
  79:../rt-thread/src/idle.c **** {
  28              		.loc 1 79 1 view -0
  29              		.cfi_startproc
  30              		@ args = 0, pretend = 0, frame = 0
  31              		@ frame_needed = 0, uses_anonymous_args = 0
  32              	.LVL0:
  33              		.loc 1 79 1 is_stmt 0 view .LVU1
  34 0000 38B5     		push	{r3, r4, r5, lr}
  35              	.LCFI0:
  36              		.cfi_def_cfa_offset 16
ARM GAS  C:\Users\Dawn\AppData\Local\Temp\cco1am7c.s 			page 3


  37              		.cfi_offset 3, -16
  38              		.cfi_offset 4, -12
  39              		.cfi_offset 5, -8
  40              		.cfi_offset 14, -4
  41              	.LVL1:
  42              	.L4:
  80:../rt-thread/src/idle.c ****     (void)parameter;
  43              		.loc 1 80 5 is_stmt 1 view .LVU2
  81:../rt-thread/src/idle.c **** 
  82:../rt-thread/src/idle.c ****     while (1)
  44              		.loc 1 82 5 view .LVU3
  45              	.LBB2:
  83:../rt-thread/src/idle.c ****     {
  84:../rt-thread/src/idle.c ****         rt_size_t i;
  46              		.loc 1 84 9 view .LVU4
  85:../rt-thread/src/idle.c **** 
  86:../rt-thread/src/idle.c ****         /* Execute idle hook */
  87:../rt-thread/src/idle.c ****         for (i = 0; i < RT_IDLE_HOOK_LIST_SIZE; i++)
  47              		.loc 1 87 9 view .LVU5
  48              		.loc 1 87 23 discriminator 1 view .LVU6
  49 0002 054D     		ldr	r5, .L9
  50              		.loc 1 87 16 is_stmt 0 view .LVU7
  51 0004 0024     		movs	r4, #0
  52              	.LVL2:
  53              	.L3:
  88:../rt-thread/src/idle.c ****         {
  89:../rt-thread/src/idle.c ****             if (idle_hook_list[i] != RT_NULL)
  54              		.loc 1 89 13 is_stmt 1 view .LVU8
  55              		.loc 1 89 31 is_stmt 0 view .LVU9
  56 0006 55F8043B 		ldr	r3, [r5], #4
  57              		.loc 1 89 16 view .LVU10
  58 000a 03B1     		cbz	r3, .L2
  90:../rt-thread/src/idle.c ****             {
  91:../rt-thread/src/idle.c ****                 idle_hook_list[i]();
  59              		.loc 1 91 17 is_stmt 1 view .LVU11
  60 000c 9847     		blx	r3
  61              	.LVL3:
  62              	.L2:
  87:../rt-thread/src/idle.c ****         {
  63              		.loc 1 87 50 discriminator 2 view .LVU12
  64 000e 0134     		adds	r4, r4, #1
  65              	.LVL4:
  87:../rt-thread/src/idle.c ****         {
  66              		.loc 1 87 23 discriminator 1 view .LVU13
  67 0010 042C     		cmp	r4, #4
  68 0012 F8D1     		bne	.L3
  69 0014 F5E7     		b	.L4
  70              	.L10:
  71 0016 00BF     		.align	2
  72              	.L9:
  73 0018 00000000 		.word	idle_hook_list
  74              	.LBE2:
  75              		.cfi_endproc
  76              	.LFE8:
  78              		.section	.text.rt_thread_idle_sethook,"ax",%progbits
  79              		.align	1
  80              		.global	rt_thread_idle_sethook
ARM GAS  C:\Users\Dawn\AppData\Local\Temp\cco1am7c.s 			page 4


  81              		.syntax unified
  82              		.thumb
  83              		.thumb_func
  85              	rt_thread_idle_sethook:
  86              	.LVL5:
  87              	.LFB6:
  31:../rt-thread/src/idle.c ****     rt_size_t i;
  88              		.loc 1 31 1 view -0
  89              		.cfi_startproc
  90              		@ args = 0, pretend = 0, frame = 0
  91              		@ frame_needed = 0, uses_anonymous_args = 0
  32:../rt-thread/src/idle.c ****     rt_base_t level;
  92              		.loc 1 32 5 view .LVU15
  33:../rt-thread/src/idle.c **** 
  93              		.loc 1 33 5 view .LVU16
  35:../rt-thread/src/idle.c **** 
  94              		.loc 1 35 5 view .LVU17
  31:../rt-thread/src/idle.c ****     rt_size_t i;
  95              		.loc 1 31 1 is_stmt 0 view .LVU18
  96 0000 38B5     		push	{r3, r4, r5, lr}
  97              	.LCFI1:
  98              		.cfi_def_cfa_offset 16
  99              		.cfi_offset 3, -16
 100              		.cfi_offset 4, -12
 101              		.cfi_offset 5, -8
 102              		.cfi_offset 14, -4
  31:../rt-thread/src/idle.c ****     rt_size_t i;
 103              		.loc 1 31 1 view .LVU19
 104 0002 0546     		mov	r5, r0
  35:../rt-thread/src/idle.c **** 
 105              		.loc 1 35 13 view .LVU20
 106 0004 FFF7FEFF 		bl	rt_hw_interrupt_disable
 107              	.LVL6:
  37:../rt-thread/src/idle.c ****     {
 108              		.loc 1 37 5 is_stmt 1 view .LVU21
  37:../rt-thread/src/idle.c ****     {
 109              		.loc 1 37 19 discriminator 1 view .LVU22
 110 0008 094A     		ldr	r2, .L16
  37:../rt-thread/src/idle.c ****     {
 111              		.loc 1 37 12 is_stmt 0 view .LVU23
 112 000a 0023     		movs	r3, #0
 113 000c 1146     		mov	r1, r2
 114              	.LVL7:
 115              	.L14:
  39:../rt-thread/src/idle.c ****         {
 116              		.loc 1 39 9 is_stmt 1 view .LVU24
  39:../rt-thread/src/idle.c ****         {
 117              		.loc 1 39 27 is_stmt 0 view .LVU25
 118 000e 52F8044B 		ldr	r4, [r2], #4
  39:../rt-thread/src/idle.c ****         {
 119              		.loc 1 39 12 view .LVU26
 120 0012 2CB9     		cbnz	r4, .L12
  41:../rt-thread/src/idle.c ****             rt_hw_interrupt_enable(level);
 121              		.loc 1 41 13 is_stmt 1 view .LVU27
  41:../rt-thread/src/idle.c ****             rt_hw_interrupt_enable(level);
 122              		.loc 1 41 31 is_stmt 0 view .LVU28
 123 0014 41F82350 		str	r5, [r1, r3, lsl #2]
ARM GAS  C:\Users\Dawn\AppData\Local\Temp\cco1am7c.s 			page 5


  42:../rt-thread/src/idle.c ****             return RT_EOK;
 124              		.loc 1 42 13 is_stmt 1 view .LVU29
 125 0018 FFF7FEFF 		bl	rt_hw_interrupt_enable
 126              	.LVL8:
  43:../rt-thread/src/idle.c ****         }
 127              		.loc 1 43 13 view .LVU30
  43:../rt-thread/src/idle.c ****         }
 128              		.loc 1 43 20 is_stmt 0 view .LVU31
 129 001c 2046     		mov	r0, r4
 130              	.LVL9:
 131              	.L11:
  49:../rt-thread/src/idle.c **** 
 132              		.loc 1 49 1 view .LVU32
 133 001e 38BD     		pop	{r3, r4, r5, pc}
 134              	.LVL10:
 135              	.L12:
  37:../rt-thread/src/idle.c ****     {
 136              		.loc 1 37 46 is_stmt 1 discriminator 2 view .LVU33
 137 0020 0133     		adds	r3, r3, #1
 138              	.LVL11:
  37:../rt-thread/src/idle.c ****     {
 139              		.loc 1 37 19 discriminator 1 view .LVU34
 140 0022 042B     		cmp	r3, #4
 141 0024 F3D1     		bne	.L14
  47:../rt-thread/src/idle.c ****     return -RT_EFULL;
 142              		.loc 1 47 5 view .LVU35
 143 0026 FFF7FEFF 		bl	rt_hw_interrupt_enable
 144              	.LVL12:
  48:../rt-thread/src/idle.c **** }
 145              		.loc 1 48 5 view .LVU36
  48:../rt-thread/src/idle.c **** }
 146              		.loc 1 48 12 is_stmt 0 view .LVU37
 147 002a 6FF00200 		mvn	r0, #2
 148 002e F6E7     		b	.L11
 149              	.L17:
 150              		.align	2
 151              	.L16:
 152 0030 00000000 		.word	idle_hook_list
 153              		.cfi_endproc
 154              	.LFE6:
 156              		.section	.text.rt_thread_idle_delhook,"ax",%progbits
 157              		.align	1
 158              		.global	rt_thread_idle_delhook
 159              		.syntax unified
 160              		.thumb
 161              		.thumb_func
 163              	rt_thread_idle_delhook:
 164              	.LVL13:
 165              	.LFB7:
  55:../rt-thread/src/idle.c ****     rt_size_t i;
 166              		.loc 1 55 1 is_stmt 1 view -0
 167              		.cfi_startproc
 168              		@ args = 0, pretend = 0, frame = 0
 169              		@ frame_needed = 0, uses_anonymous_args = 0
  56:../rt-thread/src/idle.c ****     rt_base_t level;
 170              		.loc 1 56 5 view .LVU39
  57:../rt-thread/src/idle.c **** 
ARM GAS  C:\Users\Dawn\AppData\Local\Temp\cco1am7c.s 			page 6


 171              		.loc 1 57 5 view .LVU40
  59:../rt-thread/src/idle.c **** 
 172              		.loc 1 59 5 view .LVU41
  55:../rt-thread/src/idle.c ****     rt_size_t i;
 173              		.loc 1 55 1 is_stmt 0 view .LVU42
 174 0000 38B5     		push	{r3, r4, r5, lr}
 175              	.LCFI2:
 176              		.cfi_def_cfa_offset 16
 177              		.cfi_offset 3, -16
 178              		.cfi_offset 4, -12
 179              		.cfi_offset 5, -8
 180              		.cfi_offset 14, -4
  55:../rt-thread/src/idle.c ****     rt_size_t i;
 181              		.loc 1 55 1 view .LVU43
 182 0002 0446     		mov	r4, r0
  59:../rt-thread/src/idle.c **** 
 183              		.loc 1 59 13 view .LVU44
 184 0004 FFF7FEFF 		bl	rt_hw_interrupt_disable
 185              	.LVL14:
  61:../rt-thread/src/idle.c ****     {
 186              		.loc 1 61 5 is_stmt 1 view .LVU45
  61:../rt-thread/src/idle.c ****     {
 187              		.loc 1 61 19 discriminator 1 view .LVU46
 188 0008 0A4A     		ldr	r2, .L23
  61:../rt-thread/src/idle.c ****     {
 189              		.loc 1 61 12 is_stmt 0 view .LVU47
 190 000a 0023     		movs	r3, #0
 191 000c 1146     		mov	r1, r2
 192              	.LVL15:
 193              	.L21:
  63:../rt-thread/src/idle.c ****         {
 194              		.loc 1 63 9 is_stmt 1 view .LVU48
  63:../rt-thread/src/idle.c ****         {
 195              		.loc 1 63 27 is_stmt 0 view .LVU49
 196 000e 52F8045B 		ldr	r5, [r2], #4
  63:../rt-thread/src/idle.c ****         {
 197              		.loc 1 63 12 view .LVU50
 198 0012 A542     		cmp	r5, r4
 199 0014 06D1     		bne	.L19
  65:../rt-thread/src/idle.c ****             rt_hw_interrupt_enable(level);
 200              		.loc 1 65 13 is_stmt 1 view .LVU51
  65:../rt-thread/src/idle.c ****             rt_hw_interrupt_enable(level);
 201              		.loc 1 65 31 is_stmt 0 view .LVU52
 202 0016 0024     		movs	r4, #0
 203              	.LVL16:
  65:../rt-thread/src/idle.c ****             rt_hw_interrupt_enable(level);
 204              		.loc 1 65 31 view .LVU53
 205 0018 41F82340 		str	r4, [r1, r3, lsl #2]
  66:../rt-thread/src/idle.c ****             return RT_EOK;
 206              		.loc 1 66 13 is_stmt 1 view .LVU54
 207 001c FFF7FEFF 		bl	rt_hw_interrupt_enable
 208              	.LVL17:
  67:../rt-thread/src/idle.c ****         }
 209              		.loc 1 67 13 view .LVU55
  67:../rt-thread/src/idle.c ****         }
 210              		.loc 1 67 20 is_stmt 0 view .LVU56
 211 0020 2046     		mov	r0, r4
ARM GAS  C:\Users\Dawn\AppData\Local\Temp\cco1am7c.s 			page 7


 212              	.LVL18:
 213              	.L18:
  73:../rt-thread/src/idle.c **** 
 214              		.loc 1 73 1 view .LVU57
 215 0022 38BD     		pop	{r3, r4, r5, pc}
 216              	.LVL19:
 217              	.L19:
  61:../rt-thread/src/idle.c ****     {
 218              		.loc 1 61 46 is_stmt 1 discriminator 2 view .LVU58
 219 0024 0133     		adds	r3, r3, #1
 220              	.LVL20:
  61:../rt-thread/src/idle.c ****     {
 221              		.loc 1 61 19 discriminator 1 view .LVU59
 222 0026 042B     		cmp	r3, #4
 223 0028 F1D1     		bne	.L21
  71:../rt-thread/src/idle.c ****     return -RT_ENOSYS;
 224              		.loc 1 71 5 view .LVU60
 225 002a FFF7FEFF 		bl	rt_hw_interrupt_enable
 226              	.LVL21:
  72:../rt-thread/src/idle.c **** }
 227              		.loc 1 72 5 view .LVU61
  72:../rt-thread/src/idle.c **** }
 228              		.loc 1 72 12 is_stmt 0 view .LVU62
 229 002e 6FF00500 		mvn	r0, #5
 230 0032 F6E7     		b	.L18
 231              	.L24:
 232              		.align	2
 233              	.L23:
 234 0034 00000000 		.word	idle_hook_list
 235              		.cfi_endproc
 236              	.LFE7:
 238              		.section	.rodata.rt_thread_idle_init.str1.1,"aMS",%progbits,1
 239              	.LC0:
 240 0000 7469646C 		.ascii	"tidle\000"
 240      6500
 241              		.section	.text.rt_thread_idle_init,"ax",%progbits
 242              		.align	1
 243              		.global	rt_thread_idle_init
 244              		.syntax unified
 245              		.thumb
 246              		.thumb_func
 248              	rt_thread_idle_init:
 249              	.LFB9:
  92:../rt-thread/src/idle.c ****             }
  93:../rt-thread/src/idle.c ****         }
  94:../rt-thread/src/idle.c **** 
  95:../rt-thread/src/idle.c ****         /* Wait for interrupt */
  96:../rt-thread/src/idle.c **** #ifdef RT_USING_IDLE_HOOK
  97:../rt-thread/src/idle.c ****         __WFI();
  98:../rt-thread/src/idle.c **** #endif
  99:../rt-thread/src/idle.c ****     }
 100:../rt-thread/src/idle.c **** }
 101:../rt-thread/src/idle.c **** 
 102:../rt-thread/src/idle.c **** /**
 103:../rt-thread/src/idle.c ****  * Initialize idle thread
 104:../rt-thread/src/idle.c ****  */
 105:../rt-thread/src/idle.c **** void rt_thread_idle_init(void)
ARM GAS  C:\Users\Dawn\AppData\Local\Temp\cco1am7c.s 			page 8


 106:../rt-thread/src/idle.c **** {
 250              		.loc 1 106 1 is_stmt 1 view -0
 251              		.cfi_startproc
 252              		@ args = 0, pretend = 0, frame = 0
 253              		@ frame_needed = 0, uses_anonymous_args = 0
 107:../rt-thread/src/idle.c ****     rt_size_t i;
 254              		.loc 1 107 5 view .LVU64
 108:../rt-thread/src/idle.c **** 
 109:../rt-thread/src/idle.c ****     /* Initialize hook list */
 110:../rt-thread/src/idle.c ****     for (i = 0; i < RT_IDLE_HOOK_LIST_SIZE; i++)
 255              		.loc 1 110 5 view .LVU65
 256              	.LVL22:
 257              		.loc 1 110 19 discriminator 1 view .LVU66
 111:../rt-thread/src/idle.c ****     {
 112:../rt-thread/src/idle.c ****         idle_hook_list[i] = RT_NULL;
 258              		.loc 1 112 9 view .LVU67
 106:../rt-thread/src/idle.c ****     rt_size_t i;
 259              		.loc 1 106 1 is_stmt 0 view .LVU68
 260 0000 1FB5     		push	{r0, r1, r2, r3, r4, lr}
 261              	.LCFI3:
 262              		.cfi_def_cfa_offset 24
 263              		.cfi_offset 14, -4
 264              		.loc 1 112 27 view .LVU69
 265 0002 0D4A     		ldr	r2, .L26
 113:../rt-thread/src/idle.c ****     }
 114:../rt-thread/src/idle.c **** 
 115:../rt-thread/src/idle.c ****     /* Initialize and start idle thread */
 116:../rt-thread/src/idle.c ****     rt_thread_init(&idle,
 266              		.loc 1 116 5 view .LVU70
 267 0004 0D48     		ldr	r0, .L26+4
 112:../rt-thread/src/idle.c ****     }
 268              		.loc 1 112 27 view .LVU71
 269 0006 0023     		movs	r3, #0
 270 0008 C2E90033 		strd	r3, r3, [r2]
 110:../rt-thread/src/idle.c ****     {
 271              		.loc 1 110 46 is_stmt 1 discriminator 3 view .LVU72
 272              	.LVL23:
 110:../rt-thread/src/idle.c ****     {
 273              		.loc 1 110 19 discriminator 1 view .LVU73
 112:../rt-thread/src/idle.c ****     }
 274              		.loc 1 112 9 view .LVU74
 112:../rt-thread/src/idle.c ****     }
 275              		.loc 1 112 27 is_stmt 0 view .LVU75
 276 000c C2E90233 		strd	r3, r3, [r2, #8]
 110:../rt-thread/src/idle.c ****     {
 277              		.loc 1 110 46 is_stmt 1 discriminator 3 view .LVU76
 278              	.LVL24:
 110:../rt-thread/src/idle.c ****     {
 279              		.loc 1 110 19 discriminator 1 view .LVU77
 280              		.loc 1 116 5 view .LVU78
 281 0010 2021     		movs	r1, #32
 282 0012 1F22     		movs	r2, #31
 283 0014 CDE90221 		strd	r2, r1, [sp, #8]
 284 0018 4FF48072 		mov	r2, #256
 285 001c 0192     		str	r2, [sp, #4]
 286 001e 084A     		ldr	r2, .L26+8
 287 0020 0092     		str	r2, [sp]
ARM GAS  C:\Users\Dawn\AppData\Local\Temp\cco1am7c.s 			page 9


 288 0022 0849     		ldr	r1, .L26+12
 289 0024 084A     		ldr	r2, .L26+16
 290 0026 FFF7FEFF 		bl	rt_thread_init
 291              	.LVL25:
 117:../rt-thread/src/idle.c ****                    "tidle",
 118:../rt-thread/src/idle.c ****                    rt_thread_idle_entry,
 119:../rt-thread/src/idle.c ****                    RT_NULL,
 120:../rt-thread/src/idle.c ****                    &rt_thread_stack[0],
 121:../rt-thread/src/idle.c ****                    sizeof(rt_thread_stack),
 122:../rt-thread/src/idle.c ****                    RT_THREAD_PRIORITY_MAX - 1,
 123:../rt-thread/src/idle.c ****                    32);
 124:../rt-thread/src/idle.c ****     rt_thread_startup(&idle);
 292              		.loc 1 124 5 view .LVU79
 293 002a 0448     		ldr	r0, .L26+4
 125:../rt-thread/src/idle.c **** }
 294              		.loc 1 125 1 is_stmt 0 view .LVU80
 295 002c 05B0     		add	sp, sp, #20
 296              	.LCFI4:
 297              		.cfi_def_cfa_offset 4
 298              		@ sp needed
 299 002e 5DF804EB 		ldr	lr, [sp], #4
 300              	.LCFI5:
 301              		.cfi_restore 14
 302              		.cfi_def_cfa_offset 0
 124:../rt-thread/src/idle.c **** }
 303              		.loc 1 124 5 view .LVU81
 304 0032 FFF7FEBF 		b	rt_thread_startup
 305              	.LVL26:
 306              	.L27:
 307 0036 00BF     		.align	2
 308              	.L26:
 309 0038 00000000 		.word	idle_hook_list
 310 003c 00000000 		.word	idle
 311 0040 00000000 		.word	rt_thread_stack
 312 0044 00000000 		.word	.LC0
 313 0048 00000000 		.word	rt_thread_idle_entry
 314              		.cfi_endproc
 315              	.LFE9:
 317              		.section	.bss.idle_hook_list,"aw",%nobits
 318              		.align	2
 321              	idle_hook_list:
 322 0000 00000000 		.space	16
 322      00000000 
 322      00000000 
 322      00000000 
 323              		.section	.bss.rt_thread_stack,"aw",%nobits
 324              		.align	2
 327              	rt_thread_stack:
 328 0000 00000000 		.space	256
 328      00000000 
 328      00000000 
 328      00000000 
 328      00000000 
 329              		.section	.bss.idle,"aw",%nobits
 330              		.align	2
 333              	idle:
 334 0000 00000000 		.space	108
ARM GAS  C:\Users\Dawn\AppData\Local\Temp\cco1am7c.s 			page 10


 334      00000000 
 334      00000000 
 334      00000000 
 334      00000000 
 335              		.text
 336              	.Letext0:
 337              		.file 2 "../rt-thread/include/rtdef.h"
 338              		.file 3 "../rt-thread/include/rtthread.h"
 339              		.file 4 "../rt-thread/include/rthw.h"
ARM GAS  C:\Users\Dawn\AppData\Local\Temp\cco1am7c.s 			page 11


DEFINED SYMBOLS
                            *ABS*:00000000 idle.c
C:\Users\Dawn\AppData\Local\Temp\cco1am7c.s:21     .text.rt_thread_idle_entry:00000000 $t
C:\Users\Dawn\AppData\Local\Temp\cco1am7c.s:26     .text.rt_thread_idle_entry:00000000 rt_thread_idle_entry
C:\Users\Dawn\AppData\Local\Temp\cco1am7c.s:73     .text.rt_thread_idle_entry:00000018 $d
C:\Users\Dawn\AppData\Local\Temp\cco1am7c.s:321    .bss.idle_hook_list:00000000 idle_hook_list
C:\Users\Dawn\AppData\Local\Temp\cco1am7c.s:79     .text.rt_thread_idle_sethook:00000000 $t
C:\Users\Dawn\AppData\Local\Temp\cco1am7c.s:85     .text.rt_thread_idle_sethook:00000000 rt_thread_idle_sethook
C:\Users\Dawn\AppData\Local\Temp\cco1am7c.s:152    .text.rt_thread_idle_sethook:00000030 $d
C:\Users\Dawn\AppData\Local\Temp\cco1am7c.s:157    .text.rt_thread_idle_delhook:00000000 $t
C:\Users\Dawn\AppData\Local\Temp\cco1am7c.s:163    .text.rt_thread_idle_delhook:00000000 rt_thread_idle_delhook
C:\Users\Dawn\AppData\Local\Temp\cco1am7c.s:234    .text.rt_thread_idle_delhook:00000034 $d
C:\Users\Dawn\AppData\Local\Temp\cco1am7c.s:242    .text.rt_thread_idle_init:00000000 $t
C:\Users\Dawn\AppData\Local\Temp\cco1am7c.s:248    .text.rt_thread_idle_init:00000000 rt_thread_idle_init
C:\Users\Dawn\AppData\Local\Temp\cco1am7c.s:309    .text.rt_thread_idle_init:00000038 $d
C:\Users\Dawn\AppData\Local\Temp\cco1am7c.s:333    .bss.idle:00000000 idle
C:\Users\Dawn\AppData\Local\Temp\cco1am7c.s:327    .bss.rt_thread_stack:00000000 rt_thread_stack
C:\Users\Dawn\AppData\Local\Temp\cco1am7c.s:318    .bss.idle_hook_list:00000000 $d
C:\Users\Dawn\AppData\Local\Temp\cco1am7c.s:324    .bss.rt_thread_stack:00000000 $d
C:\Users\Dawn\AppData\Local\Temp\cco1am7c.s:330    .bss.idle:00000000 $d

UNDEFINED SYMBOLS
rt_hw_interrupt_disable
rt_hw_interrupt_enable
rt_thread_init
rt_thread_startup
