ARM GAS  C:\Users\Dawn\AppData\Local\Temp\cc8g7OhW.s 			page 1


   1              		.cpu cortex-m4
   2              		.arch armv7e-m
   3              		.fpu fpv4-sp-d16
   4              		.eabi_attribute 27, 1
   5              		.eabi_attribute 28, 1
   6              		.eabi_attribute 20, 1
   7              		.eabi_attribute 21, 1
   8              		.eabi_attribute 23, 3
   9              		.eabi_attribute 24, 1
  10              		.eabi_attribute 25, 1
  11              		.eabi_attribute 26, 1
  12              		.eabi_attribute 30, 4
  13              		.eabi_attribute 34, 1
  14              		.eabi_attribute 18, 4
  15              		.file	"n32g430_pwr.c"
  16              		.text
  17              	.Ltext0:
  18              		.cfi_sections	.debug_frame
  19              		.file 1 "../firmware/n32g430_std_periph_driver/src/n32g430_pwr.c"
  20              		.section	.text.PWR_Reset,"ax",%progbits
  21              		.align	1
  22              		.global	PWR_Reset
  23              		.syntax unified
  24              		.thumb
  25              		.thumb_func
  27              	PWR_Reset:
  28              	.LFB130:
   1:../firmware/n32g430_std_periph_driver/src/n32g430_pwr.c **** /*****************************************************************************
   2:../firmware/n32g430_std_periph_driver/src/n32g430_pwr.c ****  * Copyright (c) 2019, Nations Technologies Inc.
   3:../firmware/n32g430_std_periph_driver/src/n32g430_pwr.c ****  *
   4:../firmware/n32g430_std_periph_driver/src/n32g430_pwr.c ****  * All rights reserved.
   5:../firmware/n32g430_std_periph_driver/src/n32g430_pwr.c ****  * ****************************************************************************
   6:../firmware/n32g430_std_periph_driver/src/n32g430_pwr.c ****  *
   7:../firmware/n32g430_std_periph_driver/src/n32g430_pwr.c ****  * Redistribution and use in source and binary forms, with or without
   8:../firmware/n32g430_std_periph_driver/src/n32g430_pwr.c ****  * modification, are permitted provided that the following conditions are met:
   9:../firmware/n32g430_std_periph_driver/src/n32g430_pwr.c ****  *
  10:../firmware/n32g430_std_periph_driver/src/n32g430_pwr.c ****  * - Redistributions of source code must retain the above copyright notice,
  11:../firmware/n32g430_std_periph_driver/src/n32g430_pwr.c ****  * this list of conditions and the disclaimer below.
  12:../firmware/n32g430_std_periph_driver/src/n32g430_pwr.c ****  *
  13:../firmware/n32g430_std_periph_driver/src/n32g430_pwr.c ****  * Nations' name may not be used to endorse or promote products derived from
  14:../firmware/n32g430_std_periph_driver/src/n32g430_pwr.c ****  * this software without specific prior written permission.
  15:../firmware/n32g430_std_periph_driver/src/n32g430_pwr.c ****  *
  16:../firmware/n32g430_std_periph_driver/src/n32g430_pwr.c ****  * DISCLAIMER: THIS SOFTWARE IS PROVIDED BY NATIONS "AS IS" AND ANY EXPRESS OR
  17:../firmware/n32g430_std_periph_driver/src/n32g430_pwr.c ****  * IMPLIED WARRANTIES, INCLUDING, BUT NOT LIMITED TO, THE IMPLIED WARRANTIES OF
  18:../firmware/n32g430_std_periph_driver/src/n32g430_pwr.c ****  * MERCHANTABILITY, FITNESS FOR A PARTICULAR PURPOSE AND NON-INFRINGEMENT ARE
  19:../firmware/n32g430_std_periph_driver/src/n32g430_pwr.c ****  * DISCLAIMED. IN NO EVENT SHALL NATIONS BE LIABLE FOR ANY DIRECT, INDIRECT,
  20:../firmware/n32g430_std_periph_driver/src/n32g430_pwr.c ****  * INCIDENTAL, SPECIAL, EXEMPLARY, OR CONSEQUENTIAL DAMAGES (INCLUDING, BUT NOT
  21:../firmware/n32g430_std_periph_driver/src/n32g430_pwr.c ****  * LIMITED TO, PROCUREMENT OF SUBSTITUTE GOODS OR SERVICES; LOSS OF USE, DATA,
  22:../firmware/n32g430_std_periph_driver/src/n32g430_pwr.c ****  * OR PROFITS; OR BUSINESS INTERRUPTION) HOWEVER CAUSED AND ON ANY THEORY OF
  23:../firmware/n32g430_std_periph_driver/src/n32g430_pwr.c ****  * LIABILITY, WHETHER IN CONTRACT, STRICT LIABILITY, OR TORT (INCLUDING
  24:../firmware/n32g430_std_periph_driver/src/n32g430_pwr.c ****  * NEGLIGENCE OR OTHERWISE) ARISING IN ANY WAY OUT OF THE USE OF THIS SOFTWARE,
  25:../firmware/n32g430_std_periph_driver/src/n32g430_pwr.c ****  * EVEN IF ADVISED OF THE POSSIBILITY OF SUCH DAMAGE.
  26:../firmware/n32g430_std_periph_driver/src/n32g430_pwr.c ****  * ****************************************************************************/
  27:../firmware/n32g430_std_periph_driver/src/n32g430_pwr.c **** 
  28:../firmware/n32g430_std_periph_driver/src/n32g430_pwr.c **** /**
  29:../firmware/n32g430_std_periph_driver/src/n32g430_pwr.c **** *\*\file n32g430_pwr.c
  30:../firmware/n32g430_std_periph_driver/src/n32g430_pwr.c **** *\*\author Nations
ARM GAS  C:\Users\Dawn\AppData\Local\Temp\cc8g7OhW.s 			page 2


  31:../firmware/n32g430_std_periph_driver/src/n32g430_pwr.c **** *\*\version v1.0.0
  32:../firmware/n32g430_std_periph_driver/src/n32g430_pwr.c **** *\*\copyright Copyright (c) 2019, Nations Technologies Inc. All rights reserved.
  33:../firmware/n32g430_std_periph_driver/src/n32g430_pwr.c ****  */
  34:../firmware/n32g430_std_periph_driver/src/n32g430_pwr.c **** 
  35:../firmware/n32g430_std_periph_driver/src/n32g430_pwr.c **** #include "n32g430_pwr.h"
  36:../firmware/n32g430_std_periph_driver/src/n32g430_pwr.c **** 
  37:../firmware/n32g430_std_periph_driver/src/n32g430_pwr.c **** /** PWR Private Defines **/
  38:../firmware/n32g430_std_periph_driver/src/n32g430_pwr.c **** 
  39:../firmware/n32g430_std_periph_driver/src/n32g430_pwr.c **** 
  40:../firmware/n32g430_std_periph_driver/src/n32g430_pwr.c **** /** PWR Driving Functions Declaration **/
  41:../firmware/n32g430_std_periph_driver/src/n32g430_pwr.c **** 
  42:../firmware/n32g430_std_periph_driver/src/n32g430_pwr.c **** /**
  43:../firmware/n32g430_std_periph_driver/src/n32g430_pwr.c **** *\*\name    PWR_Reset.
  44:../firmware/n32g430_std_periph_driver/src/n32g430_pwr.c **** *\*\fun     Deinitializes the PWR peripheral registers to their default reset values.
  45:../firmware/n32g430_std_periph_driver/src/n32g430_pwr.c **** *\*\param   none
  46:../firmware/n32g430_std_periph_driver/src/n32g430_pwr.c **** *\*\return  none
  47:../firmware/n32g430_std_periph_driver/src/n32g430_pwr.c **** **/
  48:../firmware/n32g430_std_periph_driver/src/n32g430_pwr.c **** void PWR_Reset(void)
  49:../firmware/n32g430_std_periph_driver/src/n32g430_pwr.c **** {
  29              		.loc 1 49 1 view -0
  30              		.cfi_startproc
  31              		@ args = 0, pretend = 0, frame = 0
  32              		@ frame_needed = 0, uses_anonymous_args = 0
  33              		@ link register save eliminated.
  50:../firmware/n32g430_std_periph_driver/src/n32g430_pwr.c ****     RCC_APB1_Peripheral_Reset(RCC_APB1_PERIPH_PWR);
  34              		.loc 1 50 5 view .LVU1
  35 0000 4FF08050 		mov	r0, #268435456
  36 0004 FFF7FEBF 		b	RCC_APB1_Peripheral_Reset
  37              	.LVL0:
  38              		.cfi_endproc
  39              	.LFE130:
  41              		.section	.text.PWR_RTC_Backup_Access_Enable,"ax",%progbits
  42              		.align	1
  43              		.global	PWR_RTC_Backup_Access_Enable
  44              		.syntax unified
  45              		.thumb
  46              		.thumb_func
  48              	PWR_RTC_Backup_Access_Enable:
  49              	.LFB131:
  51:../firmware/n32g430_std_periph_driver/src/n32g430_pwr.c **** }
  52:../firmware/n32g430_std_periph_driver/src/n32g430_pwr.c **** 
  53:../firmware/n32g430_std_periph_driver/src/n32g430_pwr.c **** /**
  54:../firmware/n32g430_std_periph_driver/src/n32g430_pwr.c **** *\*\name    PWR_RTC_Backup_Access_Enable.
  55:../firmware/n32g430_std_periph_driver/src/n32g430_pwr.c **** *\*\fun     Enables access to the RTC and backup registers.
  56:../firmware/n32g430_std_periph_driver/src/n32g430_pwr.c **** *\*\param   none
  57:../firmware/n32g430_std_periph_driver/src/n32g430_pwr.c **** *\*\return  none
  58:../firmware/n32g430_std_periph_driver/src/n32g430_pwr.c **** **/
  59:../firmware/n32g430_std_periph_driver/src/n32g430_pwr.c **** void PWR_RTC_Backup_Access_Enable(void)
  60:../firmware/n32g430_std_periph_driver/src/n32g430_pwr.c **** {
  50              		.loc 1 60 1 view -0
  51              		.cfi_startproc
  52              		@ args = 0, pretend = 0, frame = 0
  53              		@ frame_needed = 0, uses_anonymous_args = 0
  54              		@ link register save eliminated.
  61:../firmware/n32g430_std_periph_driver/src/n32g430_pwr.c ****     *(__IO uint32_t*)PWR_CTRL_DBKP_BITBAND = (uint32_t)ENABLE;
  55              		.loc 1 61 5 view .LVU3
  56              		.loc 1 61 44 is_stmt 0 view .LVU4
ARM GAS  C:\Users\Dawn\AppData\Local\Temp\cc8g7OhW.s 			page 3


  57 0000 014B     		ldr	r3, .L3
  58 0002 0122     		movs	r2, #1
  59 0004 1A62     		str	r2, [r3, #32]
  62:../firmware/n32g430_std_periph_driver/src/n32g430_pwr.c **** }
  60              		.loc 1 62 1 view .LVU5
  61 0006 7047     		bx	lr
  62              	.L4:
  63              		.align	2
  64              	.L3:
  65 0008 00000E42 		.word	1108213760
  66              		.cfi_endproc
  67              	.LFE131:
  69              		.section	.text.PWR_RTC_Backup_Access_Disable,"ax",%progbits
  70              		.align	1
  71              		.global	PWR_RTC_Backup_Access_Disable
  72              		.syntax unified
  73              		.thumb
  74              		.thumb_func
  76              	PWR_RTC_Backup_Access_Disable:
  77              	.LFB132:
  63:../firmware/n32g430_std_periph_driver/src/n32g430_pwr.c **** 
  64:../firmware/n32g430_std_periph_driver/src/n32g430_pwr.c **** /**
  65:../firmware/n32g430_std_periph_driver/src/n32g430_pwr.c **** *\*\name    PWR_RTC_Backup_Access_Disable.
  66:../firmware/n32g430_std_periph_driver/src/n32g430_pwr.c **** *\*\fun     Disables access to the RTC and backup registers.
  67:../firmware/n32g430_std_periph_driver/src/n32g430_pwr.c **** *\*\param   none
  68:../firmware/n32g430_std_periph_driver/src/n32g430_pwr.c **** *\*\return  none
  69:../firmware/n32g430_std_periph_driver/src/n32g430_pwr.c **** **/
  70:../firmware/n32g430_std_periph_driver/src/n32g430_pwr.c **** void PWR_RTC_Backup_Access_Disable(void)
  71:../firmware/n32g430_std_periph_driver/src/n32g430_pwr.c **** {
  78              		.loc 1 71 1 is_stmt 1 view -0
  79              		.cfi_startproc
  80              		@ args = 0, pretend = 0, frame = 0
  81              		@ frame_needed = 0, uses_anonymous_args = 0
  82              		@ link register save eliminated.
  72:../firmware/n32g430_std_periph_driver/src/n32g430_pwr.c ****     *(__IO uint32_t*)PWR_CTRL_DBKP_BITBAND = (uint32_t)DISABLE;
  83              		.loc 1 72 5 view .LVU7
  84              		.loc 1 72 44 is_stmt 0 view .LVU8
  85 0000 014B     		ldr	r3, .L6
  86 0002 0022     		movs	r2, #0
  87 0004 1A62     		str	r2, [r3, #32]
  73:../firmware/n32g430_std_periph_driver/src/n32g430_pwr.c **** }
  88              		.loc 1 73 1 view .LVU9
  89 0006 7047     		bx	lr
  90              	.L7:
  91              		.align	2
  92              	.L6:
  93 0008 00000E42 		.word	1108213760
  94              		.cfi_endproc
  95              	.LFE132:
  97              		.section	.text.PWR_PVD_Enable,"ax",%progbits
  98              		.align	1
  99              		.global	PWR_PVD_Enable
 100              		.syntax unified
 101              		.thumb
 102              		.thumb_func
 104              	PWR_PVD_Enable:
 105              	.LFB133:
ARM GAS  C:\Users\Dawn\AppData\Local\Temp\cc8g7OhW.s 			page 4


  74:../firmware/n32g430_std_periph_driver/src/n32g430_pwr.c **** 
  75:../firmware/n32g430_std_periph_driver/src/n32g430_pwr.c **** /**
  76:../firmware/n32g430_std_periph_driver/src/n32g430_pwr.c **** *\*\name    PWR_PVD_Enable.
  77:../firmware/n32g430_std_periph_driver/src/n32g430_pwr.c **** *\*\fun     Enables the Power Voltage Detector(PVD).
  78:../firmware/n32g430_std_periph_driver/src/n32g430_pwr.c **** *\*\param   none
  79:../firmware/n32g430_std_periph_driver/src/n32g430_pwr.c **** *\*\return  none
  80:../firmware/n32g430_std_periph_driver/src/n32g430_pwr.c **** **/
  81:../firmware/n32g430_std_periph_driver/src/n32g430_pwr.c **** void PWR_PVD_Enable(void)
  82:../firmware/n32g430_std_periph_driver/src/n32g430_pwr.c **** {
 106              		.loc 1 82 1 is_stmt 1 view -0
 107              		.cfi_startproc
 108              		@ args = 0, pretend = 0, frame = 0
 109              		@ frame_needed = 0, uses_anonymous_args = 0
 110              		@ link register save eliminated.
  83:../firmware/n32g430_std_periph_driver/src/n32g430_pwr.c ****     *(__IO uint32_t*)PWR_CTRL_PVDEN_BITBAND = (uint32_t)ENABLE;
 111              		.loc 1 83 5 view .LVU11
 112              		.loc 1 83 45 is_stmt 0 view .LVU12
 113 0000 014B     		ldr	r3, .L9
 114 0002 0122     		movs	r2, #1
 115 0004 1A61     		str	r2, [r3, #16]
  84:../firmware/n32g430_std_periph_driver/src/n32g430_pwr.c **** }
 116              		.loc 1 84 1 view .LVU13
 117 0006 7047     		bx	lr
 118              	.L10:
 119              		.align	2
 120              	.L9:
 121 0008 00000E42 		.word	1108213760
 122              		.cfi_endproc
 123              	.LFE133:
 125              		.section	.text.PWR_PVD_Disable,"ax",%progbits
 126              		.align	1
 127              		.global	PWR_PVD_Disable
 128              		.syntax unified
 129              		.thumb
 130              		.thumb_func
 132              	PWR_PVD_Disable:
 133              	.LFB134:
  85:../firmware/n32g430_std_periph_driver/src/n32g430_pwr.c **** 
  86:../firmware/n32g430_std_periph_driver/src/n32g430_pwr.c **** /**
  87:../firmware/n32g430_std_periph_driver/src/n32g430_pwr.c **** *\*\name    PWR_PVD_Disable.
  88:../firmware/n32g430_std_periph_driver/src/n32g430_pwr.c **** *\*\fun     Disables the Power Voltage Detector(PVD).
  89:../firmware/n32g430_std_periph_driver/src/n32g430_pwr.c **** *\*\param   none
  90:../firmware/n32g430_std_periph_driver/src/n32g430_pwr.c **** *\*\return  none
  91:../firmware/n32g430_std_periph_driver/src/n32g430_pwr.c **** **/
  92:../firmware/n32g430_std_periph_driver/src/n32g430_pwr.c **** void PWR_PVD_Disable(void)
  93:../firmware/n32g430_std_periph_driver/src/n32g430_pwr.c **** {
 134              		.loc 1 93 1 is_stmt 1 view -0
 135              		.cfi_startproc
 136              		@ args = 0, pretend = 0, frame = 0
 137              		@ frame_needed = 0, uses_anonymous_args = 0
 138              		@ link register save eliminated.
  94:../firmware/n32g430_std_periph_driver/src/n32g430_pwr.c ****     *(__IO uint32_t*)PWR_CTRL_PVDEN_BITBAND = (uint32_t)DISABLE;
 139              		.loc 1 94 5 view .LVU15
 140              		.loc 1 94 45 is_stmt 0 view .LVU16
 141 0000 014B     		ldr	r3, .L12
 142 0002 0022     		movs	r2, #0
 143 0004 1A61     		str	r2, [r3, #16]
ARM GAS  C:\Users\Dawn\AppData\Local\Temp\cc8g7OhW.s 			page 5


  95:../firmware/n32g430_std_periph_driver/src/n32g430_pwr.c **** }
 144              		.loc 1 95 1 view .LVU17
 145 0006 7047     		bx	lr
 146              	.L13:
 147              		.align	2
 148              	.L12:
 149 0008 00000E42 		.word	1108213760
 150              		.cfi_endproc
 151              	.LFE134:
 153              		.section	.text.PWR_PVD_Level_Config,"ax",%progbits
 154              		.align	1
 155              		.global	PWR_PVD_Level_Config
 156              		.syntax unified
 157              		.thumb
 158              		.thumb_func
 160              	PWR_PVD_Level_Config:
 161              	.LVL1:
 162              	.LFB135:
  96:../firmware/n32g430_std_periph_driver/src/n32g430_pwr.c **** 
  97:../firmware/n32g430_std_periph_driver/src/n32g430_pwr.c **** /**
  98:../firmware/n32g430_std_periph_driver/src/n32g430_pwr.c **** *\*\name    PWR_PVD_Level_Config.
  99:../firmware/n32g430_std_periph_driver/src/n32g430_pwr.c **** *\*\fun     Configures the voltage threshold detected by the Power Voltage Detector(PVD).
 100:../firmware/n32g430_std_periph_driver/src/n32g430_pwr.c **** *\*\param   level :
 101:../firmware/n32g430_std_periph_driver/src/n32g430_pwr.c **** *\*\          - PWR_PVD_LEVEL_2V18
 102:../firmware/n32g430_std_periph_driver/src/n32g430_pwr.c **** *\*\          - PWR_PVD_LEVEL_2V28
 103:../firmware/n32g430_std_periph_driver/src/n32g430_pwr.c **** *\*\          - PWR_PVD_LEVEL_2V38
 104:../firmware/n32g430_std_periph_driver/src/n32g430_pwr.c **** *\*\          - PWR_PVD_LEVEL_2V48
 105:../firmware/n32g430_std_periph_driver/src/n32g430_pwr.c **** *\*\          - PWR_PVD_LEVEL_2V58
 106:../firmware/n32g430_std_periph_driver/src/n32g430_pwr.c **** *\*\          - PWR_PVD_LEVEL_2V68
 107:../firmware/n32g430_std_periph_driver/src/n32g430_pwr.c **** *\*\          - PWR_PVD_LEVEL_2V78
 108:../firmware/n32g430_std_periph_driver/src/n32g430_pwr.c **** *\*\          - PWR_PVD_LEVEL_2V88
 109:../firmware/n32g430_std_periph_driver/src/n32g430_pwr.c **** *\*\          - PWR_PVD_LEVEL_1V78
 110:../firmware/n32g430_std_periph_driver/src/n32g430_pwr.c **** *\*\          - PWR_PVD_LEVEL_1V88
 111:../firmware/n32g430_std_periph_driver/src/n32g430_pwr.c **** *\*\          - PWR_PVD_LEVEL_1V98
 112:../firmware/n32g430_std_periph_driver/src/n32g430_pwr.c **** *\*\          - PWR_PVD_LEVEL_2V08
 113:../firmware/n32g430_std_periph_driver/src/n32g430_pwr.c **** *\*\          - PWR_PVD_LEVEL_3V28
 114:../firmware/n32g430_std_periph_driver/src/n32g430_pwr.c **** *\*\          - PWR_PVD_LEVEL_3V38
 115:../firmware/n32g430_std_periph_driver/src/n32g430_pwr.c **** *\*\          - PWR_PVD_LEVEL_3V48
 116:../firmware/n32g430_std_periph_driver/src/n32g430_pwr.c **** *\*\          - PWR_PVD_LEVEL_3V58
 117:../firmware/n32g430_std_periph_driver/src/n32g430_pwr.c **** *\*\return  none
 118:../firmware/n32g430_std_periph_driver/src/n32g430_pwr.c **** **/
 119:../firmware/n32g430_std_periph_driver/src/n32g430_pwr.c **** void PWR_PVD_Level_Config(uint32_t level)
 120:../firmware/n32g430_std_periph_driver/src/n32g430_pwr.c **** {
 163              		.loc 1 120 1 is_stmt 1 view -0
 164              		.cfi_startproc
 165              		@ args = 0, pretend = 0, frame = 0
 166              		@ frame_needed = 0, uses_anonymous_args = 0
 167              		@ link register save eliminated.
 121:../firmware/n32g430_std_periph_driver/src/n32g430_pwr.c ****     uint32_t temp_value = 0;
 168              		.loc 1 121 5 view .LVU19
 122:../firmware/n32g430_std_periph_driver/src/n32g430_pwr.c ****     temp_value = PWR->CTRL;
 169              		.loc 1 122 5 view .LVU20
 170              		.loc 1 122 16 is_stmt 0 view .LVU21
 171 0000 034A     		ldr	r2, .L15
 172 0002 1368     		ldr	r3, [r2]
 173              	.LVL2:
 123:../firmware/n32g430_std_periph_driver/src/n32g430_pwr.c ****     /* Clear PLS[7:5] bits and MSB bit */
ARM GAS  C:\Users\Dawn\AppData\Local\Temp\cc8g7OhW.s 			page 6


 124:../firmware/n32g430_std_periph_driver/src/n32g430_pwr.c ****     temp_value &= PWR_CTRL_PLSMSB_MASK;
 174              		.loc 1 124 5 is_stmt 1 view .LVU22
 175              		.loc 1 124 16 is_stmt 0 view .LVU23
 176 0004 23F43873 		bic	r3, r3, #736
 177              	.LVL3:
 125:../firmware/n32g430_std_periph_driver/src/n32g430_pwr.c ****     /* Set PRS[7:5] bits according to level value */
 126:../firmware/n32g430_std_periph_driver/src/n32g430_pwr.c ****     temp_value |= level;
 178              		.loc 1 126 5 is_stmt 1 view .LVU24
 179              		.loc 1 126 16 is_stmt 0 view .LVU25
 180 0008 0343     		orrs	r3, r3, r0
 181              	.LVL4:
 127:../firmware/n32g430_std_periph_driver/src/n32g430_pwr.c ****     /* Store the new value */
 128:../firmware/n32g430_std_periph_driver/src/n32g430_pwr.c ****     PWR->CTRL = temp_value;
 182              		.loc 1 128 5 is_stmt 1 view .LVU26
 183              		.loc 1 128 15 is_stmt 0 view .LVU27
 184 000a 1360     		str	r3, [r2]
 129:../firmware/n32g430_std_periph_driver/src/n32g430_pwr.c **** }
 185              		.loc 1 129 1 view .LVU28
 186 000c 7047     		bx	lr
 187              	.L16:
 188 000e 00BF     		.align	2
 189              	.L15:
 190 0010 00700040 		.word	1073770496
 191              		.cfi_endproc
 192              	.LFE135:
 194              		.section	.text.PWR_Wakeup_Pin_Enable,"ax",%progbits
 195              		.align	1
 196              		.global	PWR_Wakeup_Pin_Enable
 197              		.syntax unified
 198              		.thumb
 199              		.thumb_func
 201              	PWR_Wakeup_Pin_Enable:
 202              	.LVL5:
 203              	.LFB136:
 130:../firmware/n32g430_std_periph_driver/src/n32g430_pwr.c **** 
 131:../firmware/n32g430_std_periph_driver/src/n32g430_pwr.c **** 
 132:../firmware/n32g430_std_periph_driver/src/n32g430_pwr.c **** /**
 133:../firmware/n32g430_std_periph_driver/src/n32g430_pwr.c **** *\*\name    PWR_Wakeup_Pin_Enable.
 134:../firmware/n32g430_std_periph_driver/src/n32g430_pwr.c **** *\*\fun     Enables the Wakeup Pin functionality.
 135:../firmware/n32g430_std_periph_driver/src/n32g430_pwr.c **** *\*\param   pin :
 136:../firmware/n32g430_std_periph_driver/src/n32g430_pwr.c **** *\*\          - WAKEUP_PIN1 PA8
 137:../firmware/n32g430_std_periph_driver/src/n32g430_pwr.c **** *\*\          - WAKEUP_PIN2 PA0
 138:../firmware/n32g430_std_periph_driver/src/n32g430_pwr.c **** *\*\          - WAKEUP_PIN3 PC13
 139:../firmware/n32g430_std_periph_driver/src/n32g430_pwr.c **** *\*\param   polarity :
 140:../firmware/n32g430_std_periph_driver/src/n32g430_pwr.c **** *\*\          - PWR_PIN_RISING
 141:../firmware/n32g430_std_periph_driver/src/n32g430_pwr.c **** *\*\          - PWR_PIN_FALLING
 142:../firmware/n32g430_std_periph_driver/src/n32g430_pwr.c **** *\*\return  none
 143:../firmware/n32g430_std_periph_driver/src/n32g430_pwr.c **** **/
 144:../firmware/n32g430_std_periph_driver/src/n32g430_pwr.c **** void PWR_Wakeup_Pin_Enable(WAKEUP_PINX pin, uint32_t polarity)
 145:../firmware/n32g430_std_periph_driver/src/n32g430_pwr.c **** {
 204              		.loc 1 145 1 is_stmt 1 view -0
 205              		.cfi_startproc
 206              		@ args = 0, pretend = 0, frame = 0
 207              		@ frame_needed = 0, uses_anonymous_args = 0
 208              		@ link register save eliminated.
 146:../firmware/n32g430_std_periph_driver/src/n32g430_pwr.c ****     switch(pin)
 209              		.loc 1 146 5 view .LVU30
ARM GAS  C:\Users\Dawn\AppData\Local\Temp\cc8g7OhW.s 			page 7


 210 0000 B0F5007F 		cmp	r0, #512
 211 0004 0CD0     		beq	.L18
 212 0006 B0F5806F 		cmp	r0, #1024
 213 000a 10D0     		beq	.L19
 214 000c B0F5807F 		cmp	r0, #256
 215 0010 13D1     		bne	.L17
 147:../firmware/n32g430_std_periph_driver/src/n32g430_pwr.c ****     {
 148:../firmware/n32g430_std_periph_driver/src/n32g430_pwr.c ****         case WAKEUP_PIN1:
 149:../firmware/n32g430_std_periph_driver/src/n32g430_pwr.c ****             *(__IO uint32_t*)PWR_CTRLSTS_WKUP1PS_BITBAND = polarity;
 216              		.loc 1 149 13 view .LVU31
 217              		.loc 1 149 58 is_stmt 0 view .LVU32
 218 0012 0A4B     		ldr	r3, .L21
 150:../firmware/n32g430_std_periph_driver/src/n32g430_pwr.c ****             *(__IO uint32_t*)PWR_CTRLSTS_WKUP1EN_BITBAND = (uint32_t)ENABLE;
 219              		.loc 1 150 58 view .LVU33
 220 0014 0122     		movs	r2, #1
 149:../firmware/n32g430_std_periph_driver/src/n32g430_pwr.c ****             *(__IO uint32_t*)PWR_CTRLSTS_WKUP1EN_BITBAND = (uint32_t)ENABLE;
 221              		.loc 1 149 58 view .LVU34
 222 0016 C3F8B010 		str	r1, [r3, #176]
 223              		.loc 1 150 13 is_stmt 1 view .LVU35
 224              		.loc 1 150 58 is_stmt 0 view .LVU36
 225 001a C3F8A020 		str	r2, [r3, #160]
 151:../firmware/n32g430_std_periph_driver/src/n32g430_pwr.c ****             break;
 226              		.loc 1 151 13 is_stmt 1 view .LVU37
 227 001e 7047     		bx	lr
 228              	.L18:
 152:../firmware/n32g430_std_periph_driver/src/n32g430_pwr.c ****         case WAKEUP_PIN2:
 153:../firmware/n32g430_std_periph_driver/src/n32g430_pwr.c ****             *(__IO uint32_t*)PWR_CTRLSTS_WKUP2PS_BITBAND = polarity;
 229              		.loc 1 153 13 view .LVU38
 230              		.loc 1 153 58 is_stmt 0 view .LVU39
 231 0020 064B     		ldr	r3, .L21
 154:../firmware/n32g430_std_periph_driver/src/n32g430_pwr.c ****             *(__IO uint32_t*)PWR_CTRLSTS_WKUP2EN_BITBAND = (uint32_t)ENABLE;
 232              		.loc 1 154 58 view .LVU40
 233 0022 0122     		movs	r2, #1
 153:../firmware/n32g430_std_periph_driver/src/n32g430_pwr.c ****             *(__IO uint32_t*)PWR_CTRLSTS_WKUP2EN_BITBAND = (uint32_t)ENABLE;
 234              		.loc 1 153 58 view .LVU41
 235 0024 C3F8B410 		str	r1, [r3, #180]
 236              		.loc 1 154 13 is_stmt 1 view .LVU42
 237              		.loc 1 154 58 is_stmt 0 view .LVU43
 238 0028 C3F8A420 		str	r2, [r3, #164]
 155:../firmware/n32g430_std_periph_driver/src/n32g430_pwr.c ****             break;
 239              		.loc 1 155 13 is_stmt 1 view .LVU44
 240 002c 7047     		bx	lr
 241              	.L19:
 156:../firmware/n32g430_std_periph_driver/src/n32g430_pwr.c ****         case WAKEUP_PIN3:
 157:../firmware/n32g430_std_periph_driver/src/n32g430_pwr.c ****             *(__IO uint32_t*)PWR_CTRLSTS_WKUP3PS_BITBAND = polarity;
 242              		.loc 1 157 13 view .LVU45
 243              		.loc 1 157 58 is_stmt 0 view .LVU46
 244 002e 034B     		ldr	r3, .L21
 158:../firmware/n32g430_std_periph_driver/src/n32g430_pwr.c ****             *(__IO uint32_t*)PWR_CTRLSTS_WKUP3EN_BITBAND = (uint32_t)ENABLE;
 245              		.loc 1 158 58 view .LVU47
 246 0030 0122     		movs	r2, #1
 157:../firmware/n32g430_std_periph_driver/src/n32g430_pwr.c ****             *(__IO uint32_t*)PWR_CTRLSTS_WKUP3EN_BITBAND = (uint32_t)ENABLE;
 247              		.loc 1 157 58 view .LVU48
 248 0032 C3F8B810 		str	r1, [r3, #184]
 249              		.loc 1 158 13 is_stmt 1 view .LVU49
 250              		.loc 1 158 58 is_stmt 0 view .LVU50
 251 0036 C3F8A820 		str	r2, [r3, #168]
ARM GAS  C:\Users\Dawn\AppData\Local\Temp\cc8g7OhW.s 			page 8


 159:../firmware/n32g430_std_periph_driver/src/n32g430_pwr.c ****             break;
 252              		.loc 1 159 13 is_stmt 1 view .LVU51
 253              	.L17:
 160:../firmware/n32g430_std_periph_driver/src/n32g430_pwr.c ****         default:
 161:../firmware/n32g430_std_periph_driver/src/n32g430_pwr.c ****             break;
 162:../firmware/n32g430_std_periph_driver/src/n32g430_pwr.c ****     }
 163:../firmware/n32g430_std_periph_driver/src/n32g430_pwr.c **** }
 254              		.loc 1 163 1 is_stmt 0 view .LVU52
 255 003a 7047     		bx	lr
 256              	.L22:
 257              		.align	2
 258              	.L21:
 259 003c 00000E42 		.word	1108213760
 260              		.cfi_endproc
 261              	.LFE136:
 263              		.section	.text.PWR_Wakeup_Pin_Disable,"ax",%progbits
 264              		.align	1
 265              		.global	PWR_Wakeup_Pin_Disable
 266              		.syntax unified
 267              		.thumb
 268              		.thumb_func
 270              	PWR_Wakeup_Pin_Disable:
 271              	.LVL6:
 272              	.LFB137:
 164:../firmware/n32g430_std_periph_driver/src/n32g430_pwr.c **** 
 165:../firmware/n32g430_std_periph_driver/src/n32g430_pwr.c **** /**
 166:../firmware/n32g430_std_periph_driver/src/n32g430_pwr.c **** *\*\name    PWR_Wakeup_Pin_Disable.
 167:../firmware/n32g430_std_periph_driver/src/n32g430_pwr.c **** *\*\fun     Disables the WakeUp Pin functionality.
 168:../firmware/n32g430_std_periph_driver/src/n32g430_pwr.c **** *\*\param   pin :
 169:../firmware/n32g430_std_periph_driver/src/n32g430_pwr.c **** *\*\          - WAKEUP_PIN1 PA8
 170:../firmware/n32g430_std_periph_driver/src/n32g430_pwr.c **** *\*\          - WAKEUP_PIN2 PA0
 171:../firmware/n32g430_std_periph_driver/src/n32g430_pwr.c **** *\*\          - WAKEUP_PIN3 PC13
 172:../firmware/n32g430_std_periph_driver/src/n32g430_pwr.c **** *\*\return  none
 173:../firmware/n32g430_std_periph_driver/src/n32g430_pwr.c **** **/
 174:../firmware/n32g430_std_periph_driver/src/n32g430_pwr.c **** void PWR_Wakeup_Pin_Disable(WAKEUP_PINX pin)
 175:../firmware/n32g430_std_periph_driver/src/n32g430_pwr.c **** {
 273              		.loc 1 175 1 is_stmt 1 view -0
 274              		.cfi_startproc
 275              		@ args = 0, pretend = 0, frame = 0
 276              		@ frame_needed = 0, uses_anonymous_args = 0
 277              		@ link register save eliminated.
 176:../firmware/n32g430_std_periph_driver/src/n32g430_pwr.c ****     switch(pin)
 278              		.loc 1 176 5 view .LVU54
 279 0000 B0F5007F 		cmp	r0, #512
 280 0004 0AD0     		beq	.L24
 281 0006 B0F5806F 		cmp	r0, #1024
 282 000a 0CD0     		beq	.L25
 283 000c B0F5807F 		cmp	r0, #256
 284 0010 0DD1     		bne	.L23
 177:../firmware/n32g430_std_periph_driver/src/n32g430_pwr.c ****     {
 178:../firmware/n32g430_std_periph_driver/src/n32g430_pwr.c ****         case WAKEUP_PIN1:
 179:../firmware/n32g430_std_periph_driver/src/n32g430_pwr.c ****             *(__IO uint32_t*)PWR_CTRLSTS_WKUP1EN_BITBAND = (uint32_t)DISABLE;
 285              		.loc 1 179 13 view .LVU55
 286              		.loc 1 179 58 is_stmt 0 view .LVU56
 287 0012 074B     		ldr	r3, .L27
 288 0014 0022     		movs	r2, #0
 289 0016 C3F8A020 		str	r2, [r3, #160]
ARM GAS  C:\Users\Dawn\AppData\Local\Temp\cc8g7OhW.s 			page 9


 180:../firmware/n32g430_std_periph_driver/src/n32g430_pwr.c ****             break;
 290              		.loc 1 180 13 is_stmt 1 view .LVU57
 291 001a 7047     		bx	lr
 292              	.L24:
 181:../firmware/n32g430_std_periph_driver/src/n32g430_pwr.c ****         case WAKEUP_PIN2:
 182:../firmware/n32g430_std_periph_driver/src/n32g430_pwr.c ****             *(__IO uint32_t*)PWR_CTRLSTS_WKUP2EN_BITBAND = (uint32_t)DISABLE;
 293              		.loc 1 182 13 view .LVU58
 294              		.loc 1 182 58 is_stmt 0 view .LVU59
 295 001c 044B     		ldr	r3, .L27
 296 001e 0022     		movs	r2, #0
 297 0020 C3F8A420 		str	r2, [r3, #164]
 183:../firmware/n32g430_std_periph_driver/src/n32g430_pwr.c ****             break;
 298              		.loc 1 183 13 is_stmt 1 view .LVU60
 299 0024 7047     		bx	lr
 300              	.L25:
 184:../firmware/n32g430_std_periph_driver/src/n32g430_pwr.c ****         case WAKEUP_PIN3:
 185:../firmware/n32g430_std_periph_driver/src/n32g430_pwr.c ****             *(__IO uint32_t*)PWR_CTRLSTS_WKUP3EN_BITBAND = (uint32_t)DISABLE;
 301              		.loc 1 185 13 view .LVU61
 302              		.loc 1 185 58 is_stmt 0 view .LVU62
 303 0026 024B     		ldr	r3, .L27
 304 0028 0022     		movs	r2, #0
 305 002a C3F8A820 		str	r2, [r3, #168]
 186:../firmware/n32g430_std_periph_driver/src/n32g430_pwr.c ****             break;
 306              		.loc 1 186 13 is_stmt 1 view .LVU63
 307              	.L23:
 187:../firmware/n32g430_std_periph_driver/src/n32g430_pwr.c ****         default:
 188:../firmware/n32g430_std_periph_driver/src/n32g430_pwr.c ****             break;
 189:../firmware/n32g430_std_periph_driver/src/n32g430_pwr.c ****     }
 190:../firmware/n32g430_std_periph_driver/src/n32g430_pwr.c **** }
 308              		.loc 1 190 1 is_stmt 0 view .LVU64
 309 002e 7047     		bx	lr
 310              	.L28:
 311              		.align	2
 312              	.L27:
 313 0030 00000E42 		.word	1108213760
 314              		.cfi_endproc
 315              	.LFE137:
 317              		.section	.text.PWR_RTC_Wakeup_Enable,"ax",%progbits
 318              		.align	1
 319              		.global	PWR_RTC_Wakeup_Enable
 320              		.syntax unified
 321              		.thumb
 322              		.thumb_func
 324              	PWR_RTC_Wakeup_Enable:
 325              	.LFB138:
 191:../firmware/n32g430_std_periph_driver/src/n32g430_pwr.c **** 
 192:../firmware/n32g430_std_periph_driver/src/n32g430_pwr.c **** /**
 193:../firmware/n32g430_std_periph_driver/src/n32g430_pwr.c **** *\*\name    PWR_RTC_Wakeup_Enable.
 194:../firmware/n32g430_std_periph_driver/src/n32g430_pwr.c **** *\*\fun     Enables RTC internal wakeup.
 195:../firmware/n32g430_std_periph_driver/src/n32g430_pwr.c **** *\*\param   none
 196:../firmware/n32g430_std_periph_driver/src/n32g430_pwr.c **** *\*\return  none
 197:../firmware/n32g430_std_periph_driver/src/n32g430_pwr.c **** **/
 198:../firmware/n32g430_std_periph_driver/src/n32g430_pwr.c **** void PWR_RTC_Wakeup_Enable(void)
 199:../firmware/n32g430_std_periph_driver/src/n32g430_pwr.c **** {
 326              		.loc 1 199 1 is_stmt 1 view -0
 327              		.cfi_startproc
 328              		@ args = 0, pretend = 0, frame = 0
ARM GAS  C:\Users\Dawn\AppData\Local\Temp\cc8g7OhW.s 			page 10


 329              		@ frame_needed = 0, uses_anonymous_args = 0
 330              		@ link register save eliminated.
 200:../firmware/n32g430_std_periph_driver/src/n32g430_pwr.c ****     *(__IO uint32_t*)PWR_CTRLSTS_WKUPRTCEN_BITBAND = (uint32_t)ENABLE;
 331              		.loc 1 200 5 view .LVU66
 332              		.loc 1 200 52 is_stmt 0 view .LVU67
 333 0000 024B     		ldr	r3, .L30
 334 0002 0122     		movs	r2, #1
 335 0004 C3F8AC20 		str	r2, [r3, #172]
 201:../firmware/n32g430_std_periph_driver/src/n32g430_pwr.c **** }
 336              		.loc 1 201 1 view .LVU68
 337 0008 7047     		bx	lr
 338              	.L31:
 339 000a 00BF     		.align	2
 340              	.L30:
 341 000c 00000E42 		.word	1108213760
 342              		.cfi_endproc
 343              	.LFE138:
 345              		.section	.text.PWR_RTC_Wakeup_Disable,"ax",%progbits
 346              		.align	1
 347              		.global	PWR_RTC_Wakeup_Disable
 348              		.syntax unified
 349              		.thumb
 350              		.thumb_func
 352              	PWR_RTC_Wakeup_Disable:
 353              	.LFB139:
 202:../firmware/n32g430_std_periph_driver/src/n32g430_pwr.c **** 
 203:../firmware/n32g430_std_periph_driver/src/n32g430_pwr.c **** /**
 204:../firmware/n32g430_std_periph_driver/src/n32g430_pwr.c **** *\*\name    PWR_RTC_Wakeup_Disable.
 205:../firmware/n32g430_std_periph_driver/src/n32g430_pwr.c **** *\*\fun     Disables RTC internal wakeup.
 206:../firmware/n32g430_std_periph_driver/src/n32g430_pwr.c **** *\*\param   none
 207:../firmware/n32g430_std_periph_driver/src/n32g430_pwr.c **** *\*\return  none
 208:../firmware/n32g430_std_periph_driver/src/n32g430_pwr.c **** **/
 209:../firmware/n32g430_std_periph_driver/src/n32g430_pwr.c **** void PWR_RTC_Wakeup_Disable(void)
 210:../firmware/n32g430_std_periph_driver/src/n32g430_pwr.c **** {
 354              		.loc 1 210 1 is_stmt 1 view -0
 355              		.cfi_startproc
 356              		@ args = 0, pretend = 0, frame = 0
 357              		@ frame_needed = 0, uses_anonymous_args = 0
 358              		@ link register save eliminated.
 211:../firmware/n32g430_std_periph_driver/src/n32g430_pwr.c ****     *(__IO uint32_t*)PWR_CTRLSTS_WKUPRTCEN_BITBAND = (uint32_t)DISABLE;
 359              		.loc 1 211 5 view .LVU70
 360              		.loc 1 211 52 is_stmt 0 view .LVU71
 361 0000 024B     		ldr	r3, .L33
 362 0002 0022     		movs	r2, #0
 363 0004 C3F8AC20 		str	r2, [r3, #172]
 212:../firmware/n32g430_std_periph_driver/src/n32g430_pwr.c **** }
 364              		.loc 1 212 1 view .LVU72
 365 0008 7047     		bx	lr
 366              	.L34:
 367 000a 00BF     		.align	2
 368              	.L33:
 369 000c 00000E42 		.word	1108213760
 370              		.cfi_endproc
 371              	.LFE139:
 373              		.section	.text.PWR_SLEEP_Mode_Enter,"ax",%progbits
 374              		.align	1
 375              		.global	PWR_SLEEP_Mode_Enter
ARM GAS  C:\Users\Dawn\AppData\Local\Temp\cc8g7OhW.s 			page 11


 376              		.syntax unified
 377              		.thumb
 378              		.thumb_func
 380              	PWR_SLEEP_Mode_Enter:
 381              	.LVL7:
 382              	.LFB140:
 213:../firmware/n32g430_std_periph_driver/src/n32g430_pwr.c **** 
 214:../firmware/n32g430_std_periph_driver/src/n32g430_pwr.c **** /**
 215:../firmware/n32g430_std_periph_driver/src/n32g430_pwr.c **** *\*\name    PWR_SLEEP_Mode_Enter.
 216:../firmware/n32g430_std_periph_driver/src/n32g430_pwr.c **** *\*\fun     Enters SLEEP mode.
 217:../firmware/n32g430_std_periph_driver/src/n32g430_pwr.c **** *\*\param   status :
 218:../firmware/n32g430_std_periph_driver/src/n32g430_pwr.c **** *\*\          - PWR_SLEEP_ON_EXIT
 219:../firmware/n32g430_std_periph_driver/src/n32g430_pwr.c **** *\*\          - PWR_SLEEP_NOW
 220:../firmware/n32g430_std_periph_driver/src/n32g430_pwr.c **** *\*\param   enter_mode :
 221:../firmware/n32g430_std_periph_driver/src/n32g430_pwr.c **** *\*\          - PWR_SLEEP_ENTRY_WFI enter SLEEP mode with WFI instruction
 222:../firmware/n32g430_std_periph_driver/src/n32g430_pwr.c **** *\*\          - PWR_SLEEP_ENTRY_WFE enter SLEEP mode with WFE instruction
 223:../firmware/n32g430_std_periph_driver/src/n32g430_pwr.c **** *\*\return  none
 224:../firmware/n32g430_std_periph_driver/src/n32g430_pwr.c **** **/
 225:../firmware/n32g430_std_periph_driver/src/n32g430_pwr.c **** void PWR_SLEEP_Mode_Enter(PWR_SLEEPONEXIT_STATUS status, uint8_t enter_mode)
 226:../firmware/n32g430_std_periph_driver/src/n32g430_pwr.c **** {
 383              		.loc 1 226 1 is_stmt 1 view -0
 384              		.cfi_startproc
 385              		@ args = 0, pretend = 0, frame = 0
 386              		@ frame_needed = 0, uses_anonymous_args = 0
 387              		@ link register save eliminated.
 227:../firmware/n32g430_std_periph_driver/src/n32g430_pwr.c ****     /* CLEAR SLEEPDEEP bit of Cortex System Control Register */
 228:../firmware/n32g430_std_periph_driver/src/n32g430_pwr.c ****     SCB->SCR &= (uint32_t) ~((uint32_t)SCB_SCR_SLEEPDEEP);
 388              		.loc 1 228 5 view .LVU74
 389              		.loc 1 228 8 is_stmt 0 view .LVU75
 390 0000 0C4B     		ldr	r3, .L41
 391 0002 1A69     		ldr	r2, [r3, #16]
 229:../firmware/n32g430_std_periph_driver/src/n32g430_pwr.c ****     
 230:../firmware/n32g430_std_periph_driver/src/n32g430_pwr.c ****     /* Select SLEEPONEXIT mode entry */
 231:../firmware/n32g430_std_periph_driver/src/n32g430_pwr.c ****     if (status == PWR_SLEEP_ON_EXIT)
 392              		.loc 1 231 8 view .LVU76
 393 0004 0128     		cmp	r0, #1
 228:../firmware/n32g430_std_periph_driver/src/n32g430_pwr.c ****     
 394              		.loc 1 228 14 view .LVU77
 395 0006 22F00402 		bic	r2, r2, #4
 396 000a 1A61     		str	r2, [r3, #16]
 397              		.loc 1 231 5 is_stmt 1 view .LVU78
 398              		.loc 1 231 8 is_stmt 0 view .LVU79
 399 000c 07D1     		bne	.L36
 232:../firmware/n32g430_std_periph_driver/src/n32g430_pwr.c ****     {
 233:../firmware/n32g430_std_periph_driver/src/n32g430_pwr.c ****         /* the MCU enters Sleep mode as soon as it exits the lowest priority INTSTS */
 234:../firmware/n32g430_std_periph_driver/src/n32g430_pwr.c ****         SCB->SCR |= SCB_SCR_SLEEPONEXIT;
 400              		.loc 1 234 9 is_stmt 1 view .LVU80
 401              		.loc 1 234 12 is_stmt 0 view .LVU81
 402 000e 1A69     		ldr	r2, [r3, #16]
 403              		.loc 1 234 18 view .LVU82
 404 0010 42F00202 		orr	r2, r2, #2
 405              	.L40:
 235:../firmware/n32g430_std_periph_driver/src/n32g430_pwr.c ****     }
 236:../firmware/n32g430_std_periph_driver/src/n32g430_pwr.c ****     else if (status == PWR_SLEEP_NOW)
 237:../firmware/n32g430_std_periph_driver/src/n32g430_pwr.c ****     {
 238:../firmware/n32g430_std_periph_driver/src/n32g430_pwr.c ****         /* Sleep-now */
 239:../firmware/n32g430_std_periph_driver/src/n32g430_pwr.c ****         SCB->SCR &= (uint32_t) ~((uint32_t)SCB_SCR_SLEEPONEXIT);
ARM GAS  C:\Users\Dawn\AppData\Local\Temp\cc8g7OhW.s 			page 12


 406              		.loc 1 239 18 view .LVU83
 407 0014 1A61     		str	r2, [r3, #16]
 408              	.L37:
 240:../firmware/n32g430_std_periph_driver/src/n32g430_pwr.c ****     }
 241:../firmware/n32g430_std_periph_driver/src/n32g430_pwr.c **** 
 242:../firmware/n32g430_std_periph_driver/src/n32g430_pwr.c ****     /* Select SLEEP mode entry */
 243:../firmware/n32g430_std_periph_driver/src/n32g430_pwr.c ****     if (enter_mode == PWR_SLEEP_ENTRY_WFI)
 409              		.loc 1 243 5 is_stmt 1 view .LVU84
 410              		.loc 1 243 8 is_stmt 0 view .LVU85
 411 0016 0129     		cmp	r1, #1
 412 0018 07D1     		bne	.L38
 244:../firmware/n32g430_std_periph_driver/src/n32g430_pwr.c ****     {
 245:../firmware/n32g430_std_periph_driver/src/n32g430_pwr.c ****         /* Request Wait For Interrupt */
 246:../firmware/n32g430_std_periph_driver/src/n32g430_pwr.c ****         __WFI();
 413              		.loc 1 246 9 is_stmt 1 view .LVU86
 414              		.syntax unified
 415              	@ 246 "../firmware/n32g430_std_periph_driver/src/n32g430_pwr.c" 1
 416 001a 30BF     		wfi
 417              	@ 0 "" 2
 418              		.thumb
 419              		.syntax unified
 420 001c 7047     		bx	lr
 421              	.L36:
 236:../firmware/n32g430_std_periph_driver/src/n32g430_pwr.c ****     {
 422              		.loc 1 236 10 view .LVU87
 236:../firmware/n32g430_std_periph_driver/src/n32g430_pwr.c ****     {
 423              		.loc 1 236 13 is_stmt 0 view .LVU88
 424 001e 0028     		cmp	r0, #0
 425 0020 F9D1     		bne	.L37
 239:../firmware/n32g430_std_periph_driver/src/n32g430_pwr.c ****     }
 426              		.loc 1 239 9 is_stmt 1 view .LVU89
 239:../firmware/n32g430_std_periph_driver/src/n32g430_pwr.c ****     }
 427              		.loc 1 239 12 is_stmt 0 view .LVU90
 428 0022 1A69     		ldr	r2, [r3, #16]
 239:../firmware/n32g430_std_periph_driver/src/n32g430_pwr.c ****     }
 429              		.loc 1 239 18 view .LVU91
 430 0024 22F00202 		bic	r2, r2, #2
 431 0028 F4E7     		b	.L40
 432              	.L38:
 247:../firmware/n32g430_std_periph_driver/src/n32g430_pwr.c ****     }
 248:../firmware/n32g430_std_periph_driver/src/n32g430_pwr.c ****     else
 249:../firmware/n32g430_std_periph_driver/src/n32g430_pwr.c ****     {
 250:../firmware/n32g430_std_periph_driver/src/n32g430_pwr.c ****         /* Request Wait For Event */
 251:../firmware/n32g430_std_periph_driver/src/n32g430_pwr.c ****         __SEV();
 433              		.loc 1 251 9 is_stmt 1 view .LVU92
 434              		.syntax unified
 435              	@ 251 "../firmware/n32g430_std_periph_driver/src/n32g430_pwr.c" 1
 436 002a 40BF     		sev
 437              	@ 0 "" 2
 252:../firmware/n32g430_std_periph_driver/src/n32g430_pwr.c ****         __WFE();
 438              		.loc 1 252 9 view .LVU93
 439              	@ 252 "../firmware/n32g430_std_periph_driver/src/n32g430_pwr.c" 1
 440 002c 20BF     		wfe
 441              	@ 0 "" 2
 253:../firmware/n32g430_std_periph_driver/src/n32g430_pwr.c ****         __WFE();
 442              		.loc 1 253 9 view .LVU94
 443              	@ 253 "../firmware/n32g430_std_periph_driver/src/n32g430_pwr.c" 1
ARM GAS  C:\Users\Dawn\AppData\Local\Temp\cc8g7OhW.s 			page 13


 444 002e 20BF     		wfe
 445              	@ 0 "" 2
 254:../firmware/n32g430_std_periph_driver/src/n32g430_pwr.c ****     }
 255:../firmware/n32g430_std_periph_driver/src/n32g430_pwr.c **** }
 446              		.loc 1 255 1 is_stmt 0 view .LVU95
 447              		.thumb
 448              		.syntax unified
 449 0030 7047     		bx	lr
 450              	.L42:
 451 0032 00BF     		.align	2
 452              	.L41:
 453 0034 00ED00E0 		.word	-536810240
 454              		.cfi_endproc
 455              	.LFE140:
 457              		.section	.text.PWR_STOP0_Mode_Enter,"ax",%progbits
 458              		.align	1
 459              		.global	PWR_STOP0_Mode_Enter
 460              		.syntax unified
 461              		.thumb
 462              		.thumb_func
 464              	PWR_STOP0_Mode_Enter:
 465              	.LVL8:
 466              	.LFB141:
 256:../firmware/n32g430_std_periph_driver/src/n32g430_pwr.c **** 
 257:../firmware/n32g430_std_periph_driver/src/n32g430_pwr.c **** /**
 258:../firmware/n32g430_std_periph_driver/src/n32g430_pwr.c **** *\*\name    PWR_STOP0_Mode_Enter.
 259:../firmware/n32g430_std_periph_driver/src/n32g430_pwr.c **** *\*\fun     Enters STOP0 mode.
 260:../firmware/n32g430_std_periph_driver/src/n32g430_pwr.c **** *\*\param   status :
 261:../firmware/n32g430_std_periph_driver/src/n32g430_pwr.c **** *\*\          - PWR_REGULATOR_ON
 262:../firmware/n32g430_std_periph_driver/src/n32g430_pwr.c **** *\*\          - PWR_REGULATOR_LOWPOWER
 263:../firmware/n32g430_std_periph_driver/src/n32g430_pwr.c **** *\*\param   enter_mode :
 264:../firmware/n32g430_std_periph_driver/src/n32g430_pwr.c **** *\*\          - PWR_STOP0_ENTRY_WFI (enter STOP0 mode with WFI instruction)
 265:../firmware/n32g430_std_periph_driver/src/n32g430_pwr.c **** *\*\          - PWR_STOP0_ENTRY_WFE (enter STOP0 mode with WFE instruction)
 266:../firmware/n32g430_std_periph_driver/src/n32g430_pwr.c **** *\*\return  none
 267:../firmware/n32g430_std_periph_driver/src/n32g430_pwr.c **** **/
 268:../firmware/n32g430_std_periph_driver/src/n32g430_pwr.c **** void PWR_STOP0_Mode_Enter(uint32_t status, uint8_t enter_mode)
 269:../firmware/n32g430_std_periph_driver/src/n32g430_pwr.c **** {
 467              		.loc 1 269 1 is_stmt 1 view -0
 468              		.cfi_startproc
 469              		@ args = 0, pretend = 0, frame = 0
 470              		@ frame_needed = 0, uses_anonymous_args = 0
 471              		@ link register save eliminated.
 270:../firmware/n32g430_std_periph_driver/src/n32g430_pwr.c ****     uint32_t temp_value = 0;
 472              		.loc 1 270 5 view .LVU97
 271:../firmware/n32g430_std_periph_driver/src/n32g430_pwr.c ****     /* Select the regulator state in STOP0 mode */
 272:../firmware/n32g430_std_periph_driver/src/n32g430_pwr.c ****     temp_value = PWR->CTRL;
 473              		.loc 1 272 5 view .LVU98
 474              		.loc 1 272 16 is_stmt 0 view .LVU99
 475 0000 0B4A     		ldr	r2, .L46
 476 0002 1368     		ldr	r3, [r2]
 477              	.LVL9:
 273:../firmware/n32g430_std_periph_driver/src/n32g430_pwr.c ****     /* Clear LPS and PDS bits */
 274:../firmware/n32g430_std_periph_driver/src/n32g430_pwr.c ****     temp_value &= PWR_CTRL_LPSPDS_MASK;
 478              		.loc 1 274 5 is_stmt 1 view .LVU100
 479              		.loc 1 274 16 is_stmt 0 view .LVU101
 480 0004 23F00303 		bic	r3, r3, #3
 481              	.LVL10:
ARM GAS  C:\Users\Dawn\AppData\Local\Temp\cc8g7OhW.s 			page 14


 275:../firmware/n32g430_std_periph_driver/src/n32g430_pwr.c ****     /* Set LPS bit according to PWR_Regulator value */
 276:../firmware/n32g430_std_periph_driver/src/n32g430_pwr.c ****     temp_value |= status;
 482              		.loc 1 276 5 is_stmt 1 view .LVU102
 483              		.loc 1 276 16 is_stmt 0 view .LVU103
 484 0008 0343     		orrs	r3, r3, r0
 485              	.LVL11:
 277:../firmware/n32g430_std_periph_driver/src/n32g430_pwr.c ****     /* Store the new value */
 278:../firmware/n32g430_std_periph_driver/src/n32g430_pwr.c ****     PWR->CTRL = temp_value;
 486              		.loc 1 278 5 is_stmt 1 view .LVU104
 487              		.loc 1 278 15 is_stmt 0 view .LVU105
 488 000a 1360     		str	r3, [r2]
 279:../firmware/n32g430_std_periph_driver/src/n32g430_pwr.c ****     /* Set SLEEPDEEP bit of Cortex System Control Register */
 280:../firmware/n32g430_std_periph_driver/src/n32g430_pwr.c ****     SCB->SCR |= SCB_SCR_SLEEPDEEP;
 489              		.loc 1 280 5 is_stmt 1 view .LVU106
 490              		.loc 1 280 8 is_stmt 0 view .LVU107
 491 000c 094B     		ldr	r3, .L46+4
 492              	.LVL12:
 493              		.loc 1 280 8 view .LVU108
 494 000e 1A69     		ldr	r2, [r3, #16]
 495              	.LVL13:
 281:../firmware/n32g430_std_periph_driver/src/n32g430_pwr.c **** 
 282:../firmware/n32g430_std_periph_driver/src/n32g430_pwr.c ****     /* Select STOP0 mode entry */
 283:../firmware/n32g430_std_periph_driver/src/n32g430_pwr.c ****     if (enter_mode == PWR_STOP0_ENTRY_WFI)
 496              		.loc 1 283 8 view .LVU109
 497 0010 0129     		cmp	r1, #1
 280:../firmware/n32g430_std_periph_driver/src/n32g430_pwr.c **** 
 498              		.loc 1 280 14 view .LVU110
 499 0012 42F00402 		orr	r2, r2, #4
 500 0016 1A61     		str	r2, [r3, #16]
 501              	.LVL14:
 502              		.loc 1 283 5 is_stmt 1 view .LVU111
 503              		.loc 1 283 8 is_stmt 0 view .LVU112
 504 0018 05D1     		bne	.L44
 284:../firmware/n32g430_std_periph_driver/src/n32g430_pwr.c ****     {
 285:../firmware/n32g430_std_periph_driver/src/n32g430_pwr.c ****         /* Request Wait For Interrupt */
 286:../firmware/n32g430_std_periph_driver/src/n32g430_pwr.c ****         __WFI();
 505              		.loc 1 286 9 is_stmt 1 view .LVU113
 506              		.syntax unified
 507              	@ 286 "../firmware/n32g430_std_periph_driver/src/n32g430_pwr.c" 1
 508 001a 30BF     		wfi
 509              	@ 0 "" 2
 510              		.thumb
 511              		.syntax unified
 512              	.L45:
 287:../firmware/n32g430_std_periph_driver/src/n32g430_pwr.c ****     }
 288:../firmware/n32g430_std_periph_driver/src/n32g430_pwr.c ****     else
 289:../firmware/n32g430_std_periph_driver/src/n32g430_pwr.c ****     {
 290:../firmware/n32g430_std_periph_driver/src/n32g430_pwr.c ****         /* Request Wait For Event */
 291:../firmware/n32g430_std_periph_driver/src/n32g430_pwr.c ****         __SEV();
 292:../firmware/n32g430_std_periph_driver/src/n32g430_pwr.c ****         __WFE();
 293:../firmware/n32g430_std_periph_driver/src/n32g430_pwr.c ****         __WFE();
 294:../firmware/n32g430_std_periph_driver/src/n32g430_pwr.c ****     }
 295:../firmware/n32g430_std_periph_driver/src/n32g430_pwr.c ****     /* Reset SLEEPDEEP bit of Cortex System Control Register */
 296:../firmware/n32g430_std_periph_driver/src/n32g430_pwr.c ****     SCB->SCR &= (uint32_t) ~((uint32_t)SCB_SCR_SLEEPDEEP);
 513              		.loc 1 296 5 view .LVU114
 514              		.loc 1 296 8 is_stmt 0 view .LVU115
 515 001c 1A69     		ldr	r2, [r3, #16]
ARM GAS  C:\Users\Dawn\AppData\Local\Temp\cc8g7OhW.s 			page 15


 516              		.loc 1 296 14 view .LVU116
 517 001e 22F00402 		bic	r2, r2, #4
 518 0022 1A61     		str	r2, [r3, #16]
 297:../firmware/n32g430_std_periph_driver/src/n32g430_pwr.c **** }
 519              		.loc 1 297 1 view .LVU117
 520 0024 7047     		bx	lr
 521              	.L44:
 291:../firmware/n32g430_std_periph_driver/src/n32g430_pwr.c ****         __WFE();
 522              		.loc 1 291 9 is_stmt 1 view .LVU118
 523              		.syntax unified
 524              	@ 291 "../firmware/n32g430_std_periph_driver/src/n32g430_pwr.c" 1
 525 0026 40BF     		sev
 526              	@ 0 "" 2
 292:../firmware/n32g430_std_periph_driver/src/n32g430_pwr.c ****         __WFE();
 527              		.loc 1 292 9 view .LVU119
 528              	@ 292 "../firmware/n32g430_std_periph_driver/src/n32g430_pwr.c" 1
 529 0028 20BF     		wfe
 530              	@ 0 "" 2
 293:../firmware/n32g430_std_periph_driver/src/n32g430_pwr.c ****     }
 531              		.loc 1 293 9 view .LVU120
 532              	@ 293 "../firmware/n32g430_std_periph_driver/src/n32g430_pwr.c" 1
 533 002a 20BF     		wfe
 534              	@ 0 "" 2
 535              		.thumb
 536              		.syntax unified
 537 002c F6E7     		b	.L45
 538              	.L47:
 539 002e 00BF     		.align	2
 540              	.L46:
 541 0030 00700040 		.word	1073770496
 542 0034 00ED00E0 		.word	-536810240
 543              		.cfi_endproc
 544              	.LFE141:
 546              		.section	.text.PWR_STOP2_Mode_Enter,"ax",%progbits
 547              		.align	1
 548              		.global	PWR_STOP2_Mode_Enter
 549              		.syntax unified
 550              		.thumb
 551              		.thumb_func
 553              	PWR_STOP2_Mode_Enter:
 554              	.LVL15:
 555              	.LFB142:
 298:../firmware/n32g430_std_periph_driver/src/n32g430_pwr.c **** 
 299:../firmware/n32g430_std_periph_driver/src/n32g430_pwr.c **** /**
 300:../firmware/n32g430_std_periph_driver/src/n32g430_pwr.c **** *\*\name    PWR_STOP2_Mode_Enter.
 301:../firmware/n32g430_std_periph_driver/src/n32g430_pwr.c **** *\*\fun     Enters STOP2 mode.
 302:../firmware/n32g430_std_periph_driver/src/n32g430_pwr.c **** *\*\param   enter_mode :
 303:../firmware/n32g430_std_periph_driver/src/n32g430_pwr.c **** *\*\          - PWR_STOP2_ENTRY_WFI (enter STOP2 mode with WFI instruction)
 304:../firmware/n32g430_std_periph_driver/src/n32g430_pwr.c **** *\*\          - PWR_STOP2_ENTRY_WFE (enter STOP2 mode with WFE instruction)
 305:../firmware/n32g430_std_periph_driver/src/n32g430_pwr.c **** *\*\return  none
 306:../firmware/n32g430_std_periph_driver/src/n32g430_pwr.c **** **/
 307:../firmware/n32g430_std_periph_driver/src/n32g430_pwr.c **** void PWR_STOP2_Mode_Enter(uint8_t enter_mode)
 308:../firmware/n32g430_std_periph_driver/src/n32g430_pwr.c **** {
 556              		.loc 1 308 1 view -0
 557              		.cfi_startproc
 558              		@ args = 0, pretend = 0, frame = 0
 559              		@ frame_needed = 0, uses_anonymous_args = 0
ARM GAS  C:\Users\Dawn\AppData\Local\Temp\cc8g7OhW.s 			page 16


 560              		@ link register save eliminated.
 309:../firmware/n32g430_std_periph_driver/src/n32g430_pwr.c ****     uint32_t temp_value = 0;
 561              		.loc 1 309 5 view .LVU122
 310:../firmware/n32g430_std_periph_driver/src/n32g430_pwr.c **** 
 311:../firmware/n32g430_std_periph_driver/src/n32g430_pwr.c ****     /* Select the regulator state in STOP2 mode */
 312:../firmware/n32g430_std_periph_driver/src/n32g430_pwr.c ****     temp_value = PWR->CTRL;
 562              		.loc 1 312 5 view .LVU123
 563              		.loc 1 312 16 is_stmt 0 view .LVU124
 564 0000 0C4B     		ldr	r3, .L51
 565 0002 1A68     		ldr	r2, [r3]
 566              	.LVL16:
 313:../firmware/n32g430_std_periph_driver/src/n32g430_pwr.c ****     /* Clear PDS and LPS bits */
 314:../firmware/n32g430_std_periph_driver/src/n32g430_pwr.c ****     temp_value &= PWR_CTRL_LPSPDS_MASK;
 567              		.loc 1 314 5 is_stmt 1 view .LVU125
 568              		.loc 1 314 16 is_stmt 0 view .LVU126
 569 0004 22F00302 		bic	r2, r2, #3
 570              	.LVL17:
 315:../firmware/n32g430_std_periph_driver/src/n32g430_pwr.c ****     /* Store the new value */
 316:../firmware/n32g430_std_periph_driver/src/n32g430_pwr.c ****     PWR->CTRL = temp_value;
 571              		.loc 1 316 5 is_stmt 1 view .LVU127
 572              		.loc 1 316 15 is_stmt 0 view .LVU128
 573 0008 1A60     		str	r2, [r3]
 317:../firmware/n32g430_std_periph_driver/src/n32g430_pwr.c ****     /*STOP2 sleep mode control-stop2s*/
 318:../firmware/n32g430_std_periph_driver/src/n32g430_pwr.c ****     PWR->CTRL2 |= PWR_STOP2_ENABLE;
 574              		.loc 1 318 5 is_stmt 1 view .LVU129
 575              		.loc 1 318 8 is_stmt 0 view .LVU130
 576 000a 9A68     		ldr	r2, [r3, #8]
 577              	.LVL18:
 578              		.loc 1 318 16 view .LVU131
 579 000c 42F00102 		orr	r2, r2, #1
 580 0010 9A60     		str	r2, [r3, #8]
 581              	.LVL19:
 319:../firmware/n32g430_std_periph_driver/src/n32g430_pwr.c ****     /* Set SLEEPDEEP bit of Cortex System Control Register */
 320:../firmware/n32g430_std_periph_driver/src/n32g430_pwr.c ****     SCB->SCR |= SCB_SCR_SLEEPDEEP;
 582              		.loc 1 320 5 is_stmt 1 view .LVU132
 583              		.loc 1 320 8 is_stmt 0 view .LVU133
 584 0012 094B     		ldr	r3, .L51+4
 585 0014 1A69     		ldr	r2, [r3, #16]
 321:../firmware/n32g430_std_periph_driver/src/n32g430_pwr.c **** 
 322:../firmware/n32g430_std_periph_driver/src/n32g430_pwr.c ****     /* Select STOP2 mode entry */
 323:../firmware/n32g430_std_periph_driver/src/n32g430_pwr.c ****     if (enter_mode == PWR_STOP2_ENTRY_WFI)
 586              		.loc 1 323 8 view .LVU134
 587 0016 0128     		cmp	r0, #1
 320:../firmware/n32g430_std_periph_driver/src/n32g430_pwr.c **** 
 588              		.loc 1 320 14 view .LVU135
 589 0018 42F00402 		orr	r2, r2, #4
 590 001c 1A61     		str	r2, [r3, #16]
 591              		.loc 1 323 5 is_stmt 1 view .LVU136
 592              		.loc 1 323 8 is_stmt 0 view .LVU137
 593 001e 05D1     		bne	.L49
 324:../firmware/n32g430_std_periph_driver/src/n32g430_pwr.c ****     {
 325:../firmware/n32g430_std_periph_driver/src/n32g430_pwr.c ****         /* Request Wait For Interrupt */
 326:../firmware/n32g430_std_periph_driver/src/n32g430_pwr.c ****         __WFI();
 594              		.loc 1 326 9 is_stmt 1 view .LVU138
 595              		.syntax unified
 596              	@ 326 "../firmware/n32g430_std_periph_driver/src/n32g430_pwr.c" 1
 597 0020 30BF     		wfi
ARM GAS  C:\Users\Dawn\AppData\Local\Temp\cc8g7OhW.s 			page 17


 598              	@ 0 "" 2
 599              		.thumb
 600              		.syntax unified
 601              	.L50:
 327:../firmware/n32g430_std_periph_driver/src/n32g430_pwr.c ****     }
 328:../firmware/n32g430_std_periph_driver/src/n32g430_pwr.c ****     else
 329:../firmware/n32g430_std_periph_driver/src/n32g430_pwr.c ****     {
 330:../firmware/n32g430_std_periph_driver/src/n32g430_pwr.c ****         /* Request Wait For Event */
 331:../firmware/n32g430_std_periph_driver/src/n32g430_pwr.c ****         __SEV();
 332:../firmware/n32g430_std_periph_driver/src/n32g430_pwr.c ****         __WFE();
 333:../firmware/n32g430_std_periph_driver/src/n32g430_pwr.c ****         __WFE();
 334:../firmware/n32g430_std_periph_driver/src/n32g430_pwr.c ****     }
 335:../firmware/n32g430_std_periph_driver/src/n32g430_pwr.c ****     /* Reset SLEEPDEEP bit of Cortex System Control Register */
 336:../firmware/n32g430_std_periph_driver/src/n32g430_pwr.c ****     SCB->SCR &= (uint32_t) ~((uint32_t)SCB_SCR_SLEEPDEEP);
 602              		.loc 1 336 5 view .LVU139
 603              		.loc 1 336 8 is_stmt 0 view .LVU140
 604 0022 1A69     		ldr	r2, [r3, #16]
 605              		.loc 1 336 14 view .LVU141
 606 0024 22F00402 		bic	r2, r2, #4
 607 0028 1A61     		str	r2, [r3, #16]
 337:../firmware/n32g430_std_periph_driver/src/n32g430_pwr.c **** }
 608              		.loc 1 337 1 view .LVU142
 609 002a 7047     		bx	lr
 610              	.L49:
 331:../firmware/n32g430_std_periph_driver/src/n32g430_pwr.c ****         __WFE();
 611              		.loc 1 331 9 is_stmt 1 view .LVU143
 612              		.syntax unified
 613              	@ 331 "../firmware/n32g430_std_periph_driver/src/n32g430_pwr.c" 1
 614 002c 40BF     		sev
 615              	@ 0 "" 2
 332:../firmware/n32g430_std_periph_driver/src/n32g430_pwr.c ****         __WFE();
 616              		.loc 1 332 9 view .LVU144
 617              	@ 332 "../firmware/n32g430_std_periph_driver/src/n32g430_pwr.c" 1
 618 002e 20BF     		wfe
 619              	@ 0 "" 2
 333:../firmware/n32g430_std_periph_driver/src/n32g430_pwr.c ****     }
 620              		.loc 1 333 9 view .LVU145
 621              	@ 333 "../firmware/n32g430_std_periph_driver/src/n32g430_pwr.c" 1
 622 0030 20BF     		wfe
 623              	@ 0 "" 2
 624              		.thumb
 625              		.syntax unified
 626 0032 F6E7     		b	.L50
 627              	.L52:
 628              		.align	2
 629              	.L51:
 630 0034 00700040 		.word	1073770496
 631 0038 00ED00E0 		.word	-536810240
 632              		.cfi_endproc
 633              	.LFE142:
 635              		.section	.text.PWR_STANDBY_Mode_Enter,"ax",%progbits
 636              		.align	1
 637              		.global	PWR_STANDBY_Mode_Enter
 638              		.syntax unified
 639              		.thumb
 640              		.thumb_func
 642              	PWR_STANDBY_Mode_Enter:
ARM GAS  C:\Users\Dawn\AppData\Local\Temp\cc8g7OhW.s 			page 18


 643              	.LVL20:
 644              	.LFB143:
 338:../firmware/n32g430_std_periph_driver/src/n32g430_pwr.c **** 
 339:../firmware/n32g430_std_periph_driver/src/n32g430_pwr.c **** /**
 340:../firmware/n32g430_std_periph_driver/src/n32g430_pwr.c **** *\*\name    PWR_STANDBY_Mode_Enter.
 341:../firmware/n32g430_std_periph_driver/src/n32g430_pwr.c **** *\*\fun     Enters STANDBY mode.
 342:../firmware/n32g430_std_periph_driver/src/n32g430_pwr.c **** *\*\param   enter_mode :
 343:../firmware/n32g430_std_periph_driver/src/n32g430_pwr.c **** *\*\          - PWR_STANDBY_ENTRY_WFI (enter STANDBY mode with WFI instruction)
 344:../firmware/n32g430_std_periph_driver/src/n32g430_pwr.c **** *\*\          - PWR_STANDBY_ENTRY_WFE (enter STANDBY mode with WFE instruction)
 345:../firmware/n32g430_std_periph_driver/src/n32g430_pwr.c **** *\*\return  none
 346:../firmware/n32g430_std_periph_driver/src/n32g430_pwr.c **** **/
 347:../firmware/n32g430_std_periph_driver/src/n32g430_pwr.c **** void PWR_STANDBY_Mode_Enter(uint8_t enter_mode)
 348:../firmware/n32g430_std_periph_driver/src/n32g430_pwr.c **** {
 645              		.loc 1 348 1 view -0
 646              		.cfi_startproc
 647              		@ args = 0, pretend = 0, frame = 0
 648              		@ frame_needed = 0, uses_anonymous_args = 0
 649              		@ link register save eliminated.
 349:../firmware/n32g430_std_periph_driver/src/n32g430_pwr.c ****     /* Clear Wake-up flag */
 350:../firmware/n32g430_std_periph_driver/src/n32g430_pwr.c ****     PWR->CTRL |= PWR_CLEAR_WKUPF_ALL;
 650              		.loc 1 350 5 view .LVU147
 651              		.loc 1 350 8 is_stmt 0 view .LVU148
 652 0000 0C4B     		ldr	r3, .L56
 653 0002 1A68     		ldr	r2, [r3]
 654              		.loc 1 350 15 view .LVU149
 655 0004 42F47052 		orr	r2, r2, #15360
 656 0008 1A60     		str	r2, [r3]
 351:../firmware/n32g430_std_periph_driver/src/n32g430_pwr.c ****     /* Clear PDS and LPS bits */
 352:../firmware/n32g430_std_periph_driver/src/n32g430_pwr.c ****     PWR->CTRL &= PWR_CTRL_LPSPDS_MASK;
 657              		.loc 1 352 5 is_stmt 1 view .LVU150
 658              		.loc 1 352 8 is_stmt 0 view .LVU151
 659 000a 1A68     		ldr	r2, [r3]
 660              		.loc 1 352 15 view .LVU152
 661 000c 22F00302 		bic	r2, r2, #3
 662 0010 1A60     		str	r2, [r3]
 353:../firmware/n32g430_std_periph_driver/src/n32g430_pwr.c ****     /* Select STANDBY mode */
 354:../firmware/n32g430_std_periph_driver/src/n32g430_pwr.c ****     PWR->CTRL |= PWR_CTRL_PDS;
 663              		.loc 1 354 5 is_stmt 1 view .LVU153
 664              		.loc 1 354 8 is_stmt 0 view .LVU154
 665 0012 1A68     		ldr	r2, [r3]
 666              		.loc 1 354 15 view .LVU155
 667 0014 42F00202 		orr	r2, r2, #2
 668 0018 1A60     		str	r2, [r3]
 355:../firmware/n32g430_std_periph_driver/src/n32g430_pwr.c ****     /* Set SLEEPDEEP bit of Cortex System Control Register */
 356:../firmware/n32g430_std_periph_driver/src/n32g430_pwr.c ****     SCB->SCR |= SCB_SCR_SLEEPDEEP;
 669              		.loc 1 356 5 is_stmt 1 view .LVU156
 670              		.loc 1 356 8 is_stmt 0 view .LVU157
 671 001a 074A     		ldr	r2, .L56+4
 672 001c 1369     		ldr	r3, [r2, #16]
 357:../firmware/n32g430_std_periph_driver/src/n32g430_pwr.c ****     /* This option is used to ensure that store operations are completed */
 358:../firmware/n32g430_std_periph_driver/src/n32g430_pwr.c **** #if defined(__CC_ARM)
 359:../firmware/n32g430_std_periph_driver/src/n32g430_pwr.c ****     __force_stores();
 360:../firmware/n32g430_std_periph_driver/src/n32g430_pwr.c **** #endif
 361:../firmware/n32g430_std_periph_driver/src/n32g430_pwr.c ****     /* Select STANDBY mode entry */
 362:../firmware/n32g430_std_periph_driver/src/n32g430_pwr.c ****     if (enter_mode == PWR_STANDBY_ENTRY_WFI)
 673              		.loc 1 362 8 view .LVU158
 674 001e 0128     		cmp	r0, #1
ARM GAS  C:\Users\Dawn\AppData\Local\Temp\cc8g7OhW.s 			page 19


 356:../firmware/n32g430_std_periph_driver/src/n32g430_pwr.c ****     /* This option is used to ensure that store operations are completed */
 675              		.loc 1 356 14 view .LVU159
 676 0020 43F00403 		orr	r3, r3, #4
 677 0024 1361     		str	r3, [r2, #16]
 678              		.loc 1 362 5 is_stmt 1 view .LVU160
 679              		.loc 1 362 8 is_stmt 0 view .LVU161
 680 0026 01D1     		bne	.L54
 363:../firmware/n32g430_std_periph_driver/src/n32g430_pwr.c ****     {
 364:../firmware/n32g430_std_periph_driver/src/n32g430_pwr.c ****         /* Request Wait For Interrupt */
 365:../firmware/n32g430_std_periph_driver/src/n32g430_pwr.c ****         __WFI();
 681              		.loc 1 365 9 is_stmt 1 view .LVU162
 682              		.syntax unified
 683              	@ 365 "../firmware/n32g430_std_periph_driver/src/n32g430_pwr.c" 1
 684 0028 30BF     		wfi
 685              	@ 0 "" 2
 686              		.thumb
 687              		.syntax unified
 688 002a 7047     		bx	lr
 689              	.L54:
 366:../firmware/n32g430_std_periph_driver/src/n32g430_pwr.c ****     }
 367:../firmware/n32g430_std_periph_driver/src/n32g430_pwr.c ****     else
 368:../firmware/n32g430_std_periph_driver/src/n32g430_pwr.c ****     {
 369:../firmware/n32g430_std_periph_driver/src/n32g430_pwr.c ****         /* Request Wait For Event */
 370:../firmware/n32g430_std_periph_driver/src/n32g430_pwr.c ****         __SEV();
 690              		.loc 1 370 9 view .LVU163
 691              		.syntax unified
 692              	@ 370 "../firmware/n32g430_std_periph_driver/src/n32g430_pwr.c" 1
 693 002c 40BF     		sev
 694              	@ 0 "" 2
 371:../firmware/n32g430_std_periph_driver/src/n32g430_pwr.c ****         __WFE();
 695              		.loc 1 371 9 view .LVU164
 696              	@ 371 "../firmware/n32g430_std_periph_driver/src/n32g430_pwr.c" 1
 697 002e 20BF     		wfe
 698              	@ 0 "" 2
 372:../firmware/n32g430_std_periph_driver/src/n32g430_pwr.c ****         __WFE();
 699              		.loc 1 372 9 view .LVU165
 700              	@ 372 "../firmware/n32g430_std_periph_driver/src/n32g430_pwr.c" 1
 701 0030 20BF     		wfe
 702              	@ 0 "" 2
 373:../firmware/n32g430_std_periph_driver/src/n32g430_pwr.c ****     }
 374:../firmware/n32g430_std_periph_driver/src/n32g430_pwr.c **** }
 703              		.loc 1 374 1 is_stmt 0 view .LVU166
 704              		.thumb
 705              		.syntax unified
 706 0032 7047     		bx	lr
 707              	.L57:
 708              		.align	2
 709              	.L56:
 710 0034 00700040 		.word	1073770496
 711 0038 00ED00E0 		.word	-536810240
 712              		.cfi_endproc
 713              	.LFE143:
 715              		.section	.text.PWR_Flag_Status_Get,"ax",%progbits
 716              		.align	1
 717              		.global	PWR_Flag_Status_Get
 718              		.syntax unified
 719              		.thumb
ARM GAS  C:\Users\Dawn\AppData\Local\Temp\cc8g7OhW.s 			page 20


 720              		.thumb_func
 722              	PWR_Flag_Status_Get:
 723              	.LVL21:
 724              	.LFB144:
 375:../firmware/n32g430_std_periph_driver/src/n32g430_pwr.c **** 
 376:../firmware/n32g430_std_periph_driver/src/n32g430_pwr.c **** /**
 377:../firmware/n32g430_std_periph_driver/src/n32g430_pwr.c **** *\*\name    PWR_Flag_Status_Get.
 378:../firmware/n32g430_std_periph_driver/src/n32g430_pwr.c **** *\*\fun     Checks whether the specified PWR flag is set or not.
 379:../firmware/n32g430_std_periph_driver/src/n32g430_pwr.c **** *\*\param   flag :
 380:../firmware/n32g430_std_periph_driver/src/n32g430_pwr.c **** *\*\          - PWR_WKUP_FLAG_PA8
 381:../firmware/n32g430_std_periph_driver/src/n32g430_pwr.c **** *\*\          - PWR_WKUP_FLAG_PA0
 382:../firmware/n32g430_std_periph_driver/src/n32g430_pwr.c **** *\*\          - PWR_WKUP_FLAG_PC13
 383:../firmware/n32g430_std_periph_driver/src/n32g430_pwr.c **** *\*\          - PWR_WKUP_FLAG_RTC
 384:../firmware/n32g430_std_periph_driver/src/n32g430_pwr.c **** *\*\          - PWR_STBY_FLAG
 385:../firmware/n32g430_std_periph_driver/src/n32g430_pwr.c **** *\*\          - PWR_PVD_OUTPUT_FLAG
 386:../firmware/n32g430_std_periph_driver/src/n32g430_pwr.c **** *\*\return  SET or RESET.
 387:../firmware/n32g430_std_periph_driver/src/n32g430_pwr.c **** **/
 388:../firmware/n32g430_std_periph_driver/src/n32g430_pwr.c **** FlagStatus PWR_Flag_Status_Get(uint32_t flag)
 389:../firmware/n32g430_std_periph_driver/src/n32g430_pwr.c **** {
 725              		.loc 1 389 1 is_stmt 1 view -0
 726              		.cfi_startproc
 727              		@ args = 0, pretend = 0, frame = 0
 728              		@ frame_needed = 0, uses_anonymous_args = 0
 729              		@ link register save eliminated.
 390:../firmware/n32g430_std_periph_driver/src/n32g430_pwr.c ****     /* Check the status of the PWR flag */
 391:../firmware/n32g430_std_periph_driver/src/n32g430_pwr.c ****     if ((PWR->CTRLSTS & flag) == (uint32_t)RESET)
 730              		.loc 1 391 5 view .LVU168
 731              		.loc 1 391 13 is_stmt 0 view .LVU169
 732 0000 034B     		ldr	r3, .L59
 733 0002 5B68     		ldr	r3, [r3, #4]
 734              		.loc 1 391 23 view .LVU170
 735 0004 1840     		ands	r0, r0, r3
 736              	.LVL22:
 392:../firmware/n32g430_std_periph_driver/src/n32g430_pwr.c ****     {
 393:../firmware/n32g430_std_periph_driver/src/n32g430_pwr.c ****         /* PWR Flag is reset */
 394:../firmware/n32g430_std_periph_driver/src/n32g430_pwr.c ****         return RESET;
 395:../firmware/n32g430_std_periph_driver/src/n32g430_pwr.c ****     }
 396:../firmware/n32g430_std_periph_driver/src/n32g430_pwr.c ****     else
 397:../firmware/n32g430_std_periph_driver/src/n32g430_pwr.c ****     {
 398:../firmware/n32g430_std_periph_driver/src/n32g430_pwr.c ****         /* PWR Flag is set */
 399:../firmware/n32g430_std_periph_driver/src/n32g430_pwr.c ****         return SET;
 400:../firmware/n32g430_std_periph_driver/src/n32g430_pwr.c ****     }
 401:../firmware/n32g430_std_periph_driver/src/n32g430_pwr.c **** }
 737              		.loc 1 401 1 view .LVU171
 738 0006 0038     		subs	r0, r0, #0
 739 0008 18BF     		it	ne
 740 000a 0120     		movne	r0, #1
 741 000c 7047     		bx	lr
 742              	.L60:
 743 000e 00BF     		.align	2
 744              	.L59:
 745 0010 00700040 		.word	1073770496
 746              		.cfi_endproc
 747              	.LFE144:
 749              		.section	.text.PWR_Flag_Status_Clear,"ax",%progbits
 750              		.align	1
 751              		.global	PWR_Flag_Status_Clear
ARM GAS  C:\Users\Dawn\AppData\Local\Temp\cc8g7OhW.s 			page 21


 752              		.syntax unified
 753              		.thumb
 754              		.thumb_func
 756              	PWR_Flag_Status_Clear:
 757              	.LVL23:
 758              	.LFB145:
 402:../firmware/n32g430_std_periph_driver/src/n32g430_pwr.c **** 
 403:../firmware/n32g430_std_periph_driver/src/n32g430_pwr.c **** /**
 404:../firmware/n32g430_std_periph_driver/src/n32g430_pwr.c **** *\*\name    PWR_Flag_Status_Clear.
 405:../firmware/n32g430_std_periph_driver/src/n32g430_pwr.c **** *\*\fun     Clears the PWR's pending flags.
 406:../firmware/n32g430_std_periph_driver/src/n32g430_pwr.c **** *\*\param   flag :
 407:../firmware/n32g430_std_periph_driver/src/n32g430_pwr.c **** *\*\          - PWR_WKUP_FLAG_PA8
 408:../firmware/n32g430_std_periph_driver/src/n32g430_pwr.c **** *\*\          - PWR_WKUP_FLAG_PA0
 409:../firmware/n32g430_std_periph_driver/src/n32g430_pwr.c **** *\*\          - PWR_WKUP_FLAG_PC13
 410:../firmware/n32g430_std_periph_driver/src/n32g430_pwr.c **** *\*\          - PWR_WKUP_FLAG_RTC
 411:../firmware/n32g430_std_periph_driver/src/n32g430_pwr.c **** *\*\          - PWR_STBY_FLAG
 412:../firmware/n32g430_std_periph_driver/src/n32g430_pwr.c **** *\*\return  none
 413:../firmware/n32g430_std_periph_driver/src/n32g430_pwr.c **** **/
 414:../firmware/n32g430_std_periph_driver/src/n32g430_pwr.c **** void PWR_Flag_Status_Clear(uint32_t flag)
 415:../firmware/n32g430_std_periph_driver/src/n32g430_pwr.c **** {
 759              		.loc 1 415 1 is_stmt 1 view -0
 760              		.cfi_startproc
 761              		@ args = 0, pretend = 0, frame = 0
 762              		@ frame_needed = 0, uses_anonymous_args = 0
 763              		@ link register save eliminated.
 416:../firmware/n32g430_std_periph_driver/src/n32g430_pwr.c ****     if(flag == PWR_STBY_FLAG)
 764              		.loc 1 416 5 view .LVU173
 765 0000 044B     		ldr	r3, .L65
 417:../firmware/n32g430_std_periph_driver/src/n32g430_pwr.c ****     {
 418:../firmware/n32g430_std_periph_driver/src/n32g430_pwr.c ****         PWR->CTRL |= flag << PWR_BIT_SHIFT_2;
 766              		.loc 1 418 12 is_stmt 0 view .LVU174
 767 0002 1A68     		ldr	r2, [r3]
 768              		.loc 1 418 9 is_stmt 1 view .LVU175
 416:../firmware/n32g430_std_periph_driver/src/n32g430_pwr.c ****     if(flag == PWR_STBY_FLAG)
 769              		.loc 1 416 7 is_stmt 0 view .LVU176
 770 0004 0228     		cmp	r0, #2
 771              		.loc 1 418 19 view .LVU177
 772 0006 0CBF     		ite	eq
 773 0008 42F00802 		orreq	r2, r2, #8
 419:../firmware/n32g430_std_periph_driver/src/n32g430_pwr.c ****     }
 420:../firmware/n32g430_std_periph_driver/src/n32g430_pwr.c ****     else
 421:../firmware/n32g430_std_periph_driver/src/n32g430_pwr.c ****     {
 422:../firmware/n32g430_std_periph_driver/src/n32g430_pwr.c ****         PWR->CTRL |= flag << PWR_BIT_SHIFT_7;
 774              		.loc 1 422 9 is_stmt 1 view .LVU178
 775              		.loc 1 422 19 is_stmt 0 view .LVU179
 776 000c 42EAC012 		orrne	r2, r2, r0, lsl #7
 777 0010 1A60     		str	r2, [r3]
 423:../firmware/n32g430_std_periph_driver/src/n32g430_pwr.c ****     }
 424:../firmware/n32g430_std_periph_driver/src/n32g430_pwr.c **** }
 778              		.loc 1 424 1 view .LVU180
 779 0012 7047     		bx	lr
 780              	.L66:
 781              		.align	2
 782              	.L65:
 783 0014 00700040 		.word	1073770496
 784              		.cfi_endproc
 785              	.LFE145:
ARM GAS  C:\Users\Dawn\AppData\Local\Temp\cc8g7OhW.s 			page 22


 787              		.text
 788              	.Letext0:
 789              		.file 2 "D:/Tool/arm-gnu-toolchain/arm-none-eabi/include/machine/_default_types.h"
 790              		.file 3 "D:/Tool/arm-gnu-toolchain/arm-none-eabi/include/sys/_stdint.h"
 791              		.file 4 "../firmware/CMSIS/core/core_cm4.h"
 792              		.file 5 "../firmware/CMSIS/device/n32g430.h"
 793              		.file 6 "../firmware/n32g430_std_periph_driver/inc/n32g430_pwr.h"
 794              		.file 7 "../firmware/n32g430_std_periph_driver/inc/n32g430_rcc.h"
ARM GAS  C:\Users\Dawn\AppData\Local\Temp\cc8g7OhW.s 			page 23


DEFINED SYMBOLS
                            *ABS*:00000000 n32g430_pwr.c
C:\Users\Dawn\AppData\Local\Temp\cc8g7OhW.s:21     .text.PWR_Reset:00000000 $t
C:\Users\Dawn\AppData\Local\Temp\cc8g7OhW.s:27     .text.PWR_Reset:00000000 PWR_Reset
C:\Users\Dawn\AppData\Local\Temp\cc8g7OhW.s:42     .text.PWR_RTC_Backup_Access_Enable:00000000 $t
C:\Users\Dawn\AppData\Local\Temp\cc8g7OhW.s:48     .text.PWR_RTC_Backup_Access_Enable:00000000 PWR_RTC_Backup_Access_Enable
C:\Users\Dawn\AppData\Local\Temp\cc8g7OhW.s:65     .text.PWR_RTC_Backup_Access_Enable:00000008 $d
C:\Users\Dawn\AppData\Local\Temp\cc8g7OhW.s:70     .text.PWR_RTC_Backup_Access_Disable:00000000 $t
C:\Users\Dawn\AppData\Local\Temp\cc8g7OhW.s:76     .text.PWR_RTC_Backup_Access_Disable:00000000 PWR_RTC_Backup_Access_Disable
C:\Users\Dawn\AppData\Local\Temp\cc8g7OhW.s:93     .text.PWR_RTC_Backup_Access_Disable:00000008 $d
C:\Users\Dawn\AppData\Local\Temp\cc8g7OhW.s:98     .text.PWR_PVD_Enable:00000000 $t
C:\Users\Dawn\AppData\Local\Temp\cc8g7OhW.s:104    .text.PWR_PVD_Enable:00000000 PWR_PVD_Enable
C:\Users\Dawn\AppData\Local\Temp\cc8g7OhW.s:121    .text.PWR_PVD_Enable:00000008 $d
C:\Users\Dawn\AppData\Local\Temp\cc8g7OhW.s:126    .text.PWR_PVD_Disable:00000000 $t
C:\Users\Dawn\AppData\Local\Temp\cc8g7OhW.s:132    .text.PWR_PVD_Disable:00000000 PWR_PVD_Disable
C:\Users\Dawn\AppData\Local\Temp\cc8g7OhW.s:149    .text.PWR_PVD_Disable:00000008 $d
C:\Users\Dawn\AppData\Local\Temp\cc8g7OhW.s:154    .text.PWR_PVD_Level_Config:00000000 $t
C:\Users\Dawn\AppData\Local\Temp\cc8g7OhW.s:160    .text.PWR_PVD_Level_Config:00000000 PWR_PVD_Level_Config
C:\Users\Dawn\AppData\Local\Temp\cc8g7OhW.s:190    .text.PWR_PVD_Level_Config:00000010 $d
C:\Users\Dawn\AppData\Local\Temp\cc8g7OhW.s:195    .text.PWR_Wakeup_Pin_Enable:00000000 $t
C:\Users\Dawn\AppData\Local\Temp\cc8g7OhW.s:201    .text.PWR_Wakeup_Pin_Enable:00000000 PWR_Wakeup_Pin_Enable
C:\Users\Dawn\AppData\Local\Temp\cc8g7OhW.s:259    .text.PWR_Wakeup_Pin_Enable:0000003c $d
C:\Users\Dawn\AppData\Local\Temp\cc8g7OhW.s:264    .text.PWR_Wakeup_Pin_Disable:00000000 $t
C:\Users\Dawn\AppData\Local\Temp\cc8g7OhW.s:270    .text.PWR_Wakeup_Pin_Disable:00000000 PWR_Wakeup_Pin_Disable
C:\Users\Dawn\AppData\Local\Temp\cc8g7OhW.s:313    .text.PWR_Wakeup_Pin_Disable:00000030 $d
C:\Users\Dawn\AppData\Local\Temp\cc8g7OhW.s:318    .text.PWR_RTC_Wakeup_Enable:00000000 $t
C:\Users\Dawn\AppData\Local\Temp\cc8g7OhW.s:324    .text.PWR_RTC_Wakeup_Enable:00000000 PWR_RTC_Wakeup_Enable
C:\Users\Dawn\AppData\Local\Temp\cc8g7OhW.s:341    .text.PWR_RTC_Wakeup_Enable:0000000c $d
C:\Users\Dawn\AppData\Local\Temp\cc8g7OhW.s:346    .text.PWR_RTC_Wakeup_Disable:00000000 $t
C:\Users\Dawn\AppData\Local\Temp\cc8g7OhW.s:352    .text.PWR_RTC_Wakeup_Disable:00000000 PWR_RTC_Wakeup_Disable
C:\Users\Dawn\AppData\Local\Temp\cc8g7OhW.s:369    .text.PWR_RTC_Wakeup_Disable:0000000c $d
C:\Users\Dawn\AppData\Local\Temp\cc8g7OhW.s:374    .text.PWR_SLEEP_Mode_Enter:00000000 $t
C:\Users\Dawn\AppData\Local\Temp\cc8g7OhW.s:380    .text.PWR_SLEEP_Mode_Enter:00000000 PWR_SLEEP_Mode_Enter
C:\Users\Dawn\AppData\Local\Temp\cc8g7OhW.s:453    .text.PWR_SLEEP_Mode_Enter:00000034 $d
C:\Users\Dawn\AppData\Local\Temp\cc8g7OhW.s:458    .text.PWR_STOP0_Mode_Enter:00000000 $t
C:\Users\Dawn\AppData\Local\Temp\cc8g7OhW.s:464    .text.PWR_STOP0_Mode_Enter:00000000 PWR_STOP0_Mode_Enter
C:\Users\Dawn\AppData\Local\Temp\cc8g7OhW.s:541    .text.PWR_STOP0_Mode_Enter:00000030 $d
C:\Users\Dawn\AppData\Local\Temp\cc8g7OhW.s:547    .text.PWR_STOP2_Mode_Enter:00000000 $t
C:\Users\Dawn\AppData\Local\Temp\cc8g7OhW.s:553    .text.PWR_STOP2_Mode_Enter:00000000 PWR_STOP2_Mode_Enter
C:\Users\Dawn\AppData\Local\Temp\cc8g7OhW.s:630    .text.PWR_STOP2_Mode_Enter:00000034 $d
C:\Users\Dawn\AppData\Local\Temp\cc8g7OhW.s:636    .text.PWR_STANDBY_Mode_Enter:00000000 $t
C:\Users\Dawn\AppData\Local\Temp\cc8g7OhW.s:642    .text.PWR_STANDBY_Mode_Enter:00000000 PWR_STANDBY_Mode_Enter
C:\Users\Dawn\AppData\Local\Temp\cc8g7OhW.s:710    .text.PWR_STANDBY_Mode_Enter:00000034 $d
C:\Users\Dawn\AppData\Local\Temp\cc8g7OhW.s:716    .text.PWR_Flag_Status_Get:00000000 $t
C:\Users\Dawn\AppData\Local\Temp\cc8g7OhW.s:722    .text.PWR_Flag_Status_Get:00000000 PWR_Flag_Status_Get
C:\Users\Dawn\AppData\Local\Temp\cc8g7OhW.s:745    .text.PWR_Flag_Status_Get:00000010 $d
C:\Users\Dawn\AppData\Local\Temp\cc8g7OhW.s:750    .text.PWR_Flag_Status_Clear:00000000 $t
C:\Users\Dawn\AppData\Local\Temp\cc8g7OhW.s:756    .text.PWR_Flag_Status_Clear:00000000 PWR_Flag_Status_Clear
C:\Users\Dawn\AppData\Local\Temp\cc8g7OhW.s:783    .text.PWR_Flag_Status_Clear:00000014 $d

UNDEFINED SYMBOLS
RCC_APB1_Peripheral_Reset
