ARM GAS  C:\Users\Dawn\AppData\Local\Temp\cc9a0VEa.s 			page 1


   1              		.cpu cortex-m4
   2              		.arch armv7e-m
   3              		.fpu fpv4-sp-d16
   4              		.eabi_attribute 27, 1
   5              		.eabi_attribute 28, 1
   6              		.eabi_attribute 20, 1
   7              		.eabi_attribute 21, 1
   8              		.eabi_attribute 23, 3
   9              		.eabi_attribute 24, 1
  10              		.eabi_attribute 25, 1
  11              		.eabi_attribute 26, 1
  12              		.eabi_attribute 30, 4
  13              		.eabi_attribute 34, 1
  14              		.eabi_attribute 18, 4
  15              		.file	"object.c"
  16              		.text
  17              	.Ltext0:
  18              		.cfi_sections	.debug_frame
  19              		.file 1 "../rt-thread/src/object.c"
  20              		.section	.text.rt_object_init,"ax",%progbits
  21              		.align	1
  22              		.global	rt_object_init
  23              		.syntax unified
  24              		.thumb
  25              		.thumb_func
  27              	rt_object_init:
  28              	.LVL0:
  29              	.LFB6:
   1:../rt-thread/src/object.c **** /*
   2:../rt-thread/src/object.c ****  * Copyright (c) 2006-2022, RT-Thread Development Team
   3:../rt-thread/src/object.c ****  *
   4:../rt-thread/src/object.c ****  * SPDX-License-Identifier: Apache-2.0
   5:../rt-thread/src/object.c ****  *
   6:../rt-thread/src/object.c ****  * RT-Thread Object Management
   7:../rt-thread/src/object.c ****  */
   8:../rt-thread/src/object.c **** 
   9:../rt-thread/src/object.c **** #include <rtthread.h>
  10:../rt-thread/src/object.c **** #include <rthw.h>
  11:../rt-thread/src/object.c **** 
  12:../rt-thread/src/object.c **** /**
  13:../rt-thread/src/object.c ****  * Initialize kernel object
  14:../rt-thread/src/object.c ****  */
  15:../rt-thread/src/object.c **** void rt_object_init(struct rt_object *object,
  16:../rt-thread/src/object.c ****                     enum rt_object_class_type type,
  17:../rt-thread/src/object.c ****                     const char *name)
  18:../rt-thread/src/object.c **** {
  30              		.loc 1 18 1 view -0
  31              		.cfi_startproc
  32              		@ args = 0, pretend = 0, frame = 0
  33              		@ frame_needed = 0, uses_anonymous_args = 0
  34              		@ link register save eliminated.
  19:../rt-thread/src/object.c ****     register rt_base_t temp;
  35              		.loc 1 19 5 view .LVU1
  20:../rt-thread/src/object.c ****     int i;
  36              		.loc 1 20 5 view .LVU2
  21:../rt-thread/src/object.c **** 
  22:../rt-thread/src/object.c ****     object->type = type | RT_Object_Class_Static;
ARM GAS  C:\Users\Dawn\AppData\Local\Temp\cc9a0VEa.s 			page 2


  37              		.loc 1 22 5 view .LVU3
  23:../rt-thread/src/object.c ****     object->flag = 0;
  38              		.loc 1 23 18 is_stmt 0 view .LVU4
  39 0000 0023     		movs	r3, #0
  22:../rt-thread/src/object.c ****     object->flag = 0;
  40              		.loc 1 22 18 view .LVU5
  41 0002 61F07F01 		orn	r1, r1, #127
  42              	.LVL1:
  22:../rt-thread/src/object.c ****     object->flag = 0;
  43              		.loc 1 22 18 view .LVU6
  44 0006 0172     		strb	r1, [r0, #8]
  45              		.loc 1 23 5 is_stmt 1 view .LVU7
  46              		.loc 1 23 18 is_stmt 0 view .LVU8
  47 0008 4372     		strb	r3, [r0, #9]
  24:../rt-thread/src/object.c ****     object->parent = RT_NULL;
  48              		.loc 1 24 5 is_stmt 1 view .LVU9
  49              		.loc 1 24 20 is_stmt 0 view .LVU10
  50 000a C360     		str	r3, [r0, #12]
  25:../rt-thread/src/object.c **** 
  26:../rt-thread/src/object.c ****     /* Copy name */
  27:../rt-thread/src/object.c ****     for (i = 0; i < RT_NAME_MAX - 1; i++)
  51              		.loc 1 27 5 is_stmt 1 view .LVU11
  52              	.LVL2:
  53              		.loc 1 27 19 discriminator 1 view .LVU12
  54              	.L3:
  28:../rt-thread/src/object.c ****     {
  29:../rt-thread/src/object.c ****         if (name[i] == '\0')
  55              		.loc 1 29 9 view .LVU13
  56              		.loc 1 29 17 is_stmt 0 view .LVU14
  57 000c D15C     		ldrb	r1, [r2, r3]	@ zero_extendqisi2
  58              		.loc 1 29 12 view .LVU15
  59 000e 19B1     		cbz	r1, .L2
  30:../rt-thread/src/object.c ****             break;
  31:../rt-thread/src/object.c ****         object->name[i] = name[i];
  60              		.loc 1 31 9 is_stmt 1 view .LVU16
  61              		.loc 1 31 25 is_stmt 0 view .LVU17
  62 0010 C154     		strb	r1, [r0, r3]
  27:../rt-thread/src/object.c ****     {
  63              		.loc 1 27 39 is_stmt 1 discriminator 2 view .LVU18
  64 0012 0133     		adds	r3, r3, #1
  65              	.LVL3:
  27:../rt-thread/src/object.c ****     {
  66              		.loc 1 27 19 discriminator 1 view .LVU19
  67 0014 072B     		cmp	r3, #7
  68 0016 F9D1     		bne	.L3
  69              	.L2:
  32:../rt-thread/src/object.c ****     }
  33:../rt-thread/src/object.c ****     object->name[i] = '\0';
  70              		.loc 1 33 5 view .LVU20
  71              		.loc 1 33 21 is_stmt 0 view .LVU21
  72 0018 0022     		movs	r2, #0
  73              	.LVL4:
  74              		.loc 1 33 21 view .LVU22
  75 001a C254     		strb	r2, [r0, r3]
  34:../rt-thread/src/object.c **** 
  35:../rt-thread/src/object.c ****     (void)temp;
  76              		.loc 1 35 5 is_stmt 1 view .LVU23
ARM GAS  C:\Users\Dawn\AppData\Local\Temp\cc9a0VEa.s 			page 3


  36:../rt-thread/src/object.c **** }
  77              		.loc 1 36 1 is_stmt 0 view .LVU24
  78 001c 7047     		bx	lr
  79              		.cfi_endproc
  80              	.LFE6:
  82              		.section	.text.rt_object_detach,"ax",%progbits
  83              		.align	1
  84              		.global	rt_object_detach
  85              		.syntax unified
  86              		.thumb
  87              		.thumb_func
  89              	rt_object_detach:
  90              	.LVL5:
  91              	.LFB7:
  37:../rt-thread/src/object.c **** 
  38:../rt-thread/src/object.c **** /**
  39:../rt-thread/src/object.c ****  * Detach kernel object
  40:../rt-thread/src/object.c ****  */
  41:../rt-thread/src/object.c **** void rt_object_detach(rt_object_t object)
  42:../rt-thread/src/object.c **** {
  92              		.loc 1 42 1 is_stmt 1 view -0
  93              		.cfi_startproc
  94              		@ args = 0, pretend = 0, frame = 0
  95              		@ frame_needed = 0, uses_anonymous_args = 0
  96              		@ link register save eliminated.
  43:../rt-thread/src/object.c ****     /* Not implemented for nano version */
  44:../rt-thread/src/object.c ****     (void)object;
  97              		.loc 1 44 5 view .LVU26
  45:../rt-thread/src/object.c **** }
  98              		.loc 1 45 1 is_stmt 0 view .LVU27
  99 0000 7047     		bx	lr
 100              		.cfi_endproc
 101              	.LFE7:
 103              		.section	.text.rt_strncmp,"ax",%progbits
 104              		.align	1
 105              		.global	rt_strncmp
 106              		.syntax unified
 107              		.thumb
 108              		.thumb_func
 110              	rt_strncmp:
 111              	.LVL6:
 112              	.LFB8:
  46:../rt-thread/src/object.c **** 
  47:../rt-thread/src/object.c **** /**
  48:../rt-thread/src/object.c ****  * String compare
  49:../rt-thread/src/object.c ****  */
  50:../rt-thread/src/object.c **** rt_int32_t rt_strncmp(const char *cs, const char *ct, rt_ubase_t count)
  51:../rt-thread/src/object.c **** {
 113              		.loc 1 51 1 is_stmt 1 view -0
 114              		.cfi_startproc
 115              		@ args = 0, pretend = 0, frame = 0
 116              		@ frame_needed = 0, uses_anonymous_args = 0
  52:../rt-thread/src/object.c ****     register signed char __res = 0;
 117              		.loc 1 52 5 view .LVU29
  53:../rt-thread/src/object.c **** 
  54:../rt-thread/src/object.c ****     while (count)
 118              		.loc 1 54 5 view .LVU30
ARM GAS  C:\Users\Dawn\AppData\Local\Temp\cc9a0VEa.s 			page 4


  51:../rt-thread/src/object.c ****     register signed char __res = 0;
 119              		.loc 1 51 1 is_stmt 0 view .LVU31
 120 0000 10B5     		push	{r4, lr}
 121              	.LCFI0:
 122              		.cfi_def_cfa_offset 8
 123              		.cfi_offset 4, -8
 124              		.cfi_offset 14, -4
 125 0002 431E     		subs	r3, r0, #1
 126 0004 0A44     		add	r2, r2, r1
 127              	.LVL7:
 128              	.L10:
 129              		.loc 1 54 12 is_stmt 1 view .LVU32
 130 0006 9142     		cmp	r1, r2
 131 0008 01D1     		bne	.L12
  55:../rt-thread/src/object.c ****     {
  56:../rt-thread/src/object.c ****         if ((__res = *cs - *ct++) != 0 || !*cs++)
 132              		.loc 1 56 20 is_stmt 0 view .LVU33
 133 000a 0020     		movs	r0, #0
 134 000c 08E0     		b	.L11
 135              	.L12:
 136              		.loc 1 56 9 is_stmt 1 view .LVU34
 137              		.loc 1 56 22 is_stmt 0 view .LVU35
 138 000e 13F8014F 		ldrb	r4, [r3, #1]!	@ zero_extendqisi2
 139              	.LVL8:
 140              		.loc 1 56 26 view .LVU36
 141 0012 11F8010B 		ldrb	r0, [r1], #1	@ zero_extendqisi2
 142              	.LVL9:
 143              		.loc 1 56 26 view .LVU37
 144 0016 201A     		subs	r0, r4, r0
 145              		.loc 1 56 20 view .LVU38
 146 0018 40B2     		sxtb	r0, r0
 147              	.LVL10:
 148              		.loc 1 56 12 view .LVU39
 149 001a 08B9     		cbnz	r0, .L11
 150              		.loc 1 56 40 discriminator 1 view .LVU40
 151 001c 002C     		cmp	r4, #0
 152 001e F2D1     		bne	.L10
 153              	.LVL11:
 154              	.L11:
  57:../rt-thread/src/object.c ****             break;
  58:../rt-thread/src/object.c ****         count--;
  59:../rt-thread/src/object.c ****     }
  60:../rt-thread/src/object.c **** 
  61:../rt-thread/src/object.c ****     return __res;
 155              		.loc 1 61 5 is_stmt 1 view .LVU41
  62:../rt-thread/src/object.c **** }
 156              		.loc 1 62 1 is_stmt 0 view .LVU42
 157 0020 10BD     		pop	{r4, pc}
 158              		.cfi_endproc
 159              	.LFE8:
 161              		.section	.text.rt_strncpy,"ax",%progbits
 162              		.align	1
 163              		.global	rt_strncpy
 164              		.syntax unified
 165              		.thumb
 166              		.thumb_func
 168              	rt_strncpy:
ARM GAS  C:\Users\Dawn\AppData\Local\Temp\cc9a0VEa.s 			page 5


 169              	.LVL12:
 170              	.LFB9:
  63:../rt-thread/src/object.c **** 
  64:../rt-thread/src/object.c **** /**
  65:../rt-thread/src/object.c ****  * String copy
  66:../rt-thread/src/object.c ****  */
  67:../rt-thread/src/object.c **** char *rt_strncpy(char *dst, const char *src, rt_ubase_t n)
  68:../rt-thread/src/object.c **** {
 171              		.loc 1 68 1 is_stmt 1 view -0
 172              		.cfi_startproc
 173              		@ args = 0, pretend = 0, frame = 0
 174              		@ frame_needed = 0, uses_anonymous_args = 0
  69:../rt-thread/src/object.c ****     if (n != 0)
 175              		.loc 1 69 5 view .LVU44
  68:../rt-thread/src/object.c ****     if (n != 0)
 176              		.loc 1 68 1 is_stmt 0 view .LVU45
 177 0000 70B5     		push	{r4, r5, r6, lr}
 178              	.LCFI1:
 179              		.cfi_def_cfa_offset 16
 180              		.cfi_offset 4, -16
 181              		.cfi_offset 5, -12
 182              		.cfi_offset 6, -8
 183              		.cfi_offset 14, -4
 184              		.loc 1 69 8 view .LVU46
 185 0002 62B1     		cbz	r2, .L24
 186 0004 0139     		subs	r1, r1, #1
 187              	.LVL13:
 188              	.LBB2:
  70:../rt-thread/src/object.c ****     {
  71:../rt-thread/src/object.c ****         char *d = dst;
 189              		.loc 1 71 15 view .LVU47
 190 0006 0346     		mov	r3, r0
 191              	.LVL14:
 192              	.L22:
  72:../rt-thread/src/object.c ****         const char *s = src;
  73:../rt-thread/src/object.c **** 
  74:../rt-thread/src/object.c ****         do
 193              		.loc 1 74 9 is_stmt 1 view .LVU48
  75:../rt-thread/src/object.c ****         {
  76:../rt-thread/src/object.c ****             if ((*d++ = *s++) == 0)
 194              		.loc 1 76 13 view .LVU49
 195              		.loc 1 76 25 is_stmt 0 view .LVU50
 196 0008 11F8015F 		ldrb	r5, [r1, #1]!	@ zero_extendqisi2
 197 000c 1C46     		mov	r4, r3
 198              	.LVL15:
 199              		.loc 1 76 25 view .LVU51
 200 000e 1646     		mov	r6, r2
 201              		.loc 1 76 23 view .LVU52
 202 0010 03F8015B 		strb	r5, [r3], #1
 203              	.LVL16:
  77:../rt-thread/src/object.c ****             {
  78:../rt-thread/src/object.c ****                 while (--n != 0)
  79:../rt-thread/src/object.c ****                     *d++ = 0;
  80:../rt-thread/src/object.c ****                 break;
  81:../rt-thread/src/object.c ****             }
  82:../rt-thread/src/object.c ****         } while (--n != 0);
 204              		.loc 1 82 22 view .LVU53
ARM GAS  C:\Users\Dawn\AppData\Local\Temp\cc9a0VEa.s 			page 6


 205 0014 013A     		subs	r2, r2, #1
 206              	.LVL17:
  76:../rt-thread/src/object.c ****             {
 207              		.loc 1 76 16 view .LVU54
 208 0016 35B9     		cbnz	r5, .L18
 209 0018 A219     		adds	r2, r4, r6
 210              	.LVL18:
 211              	.L19:
  78:../rt-thread/src/object.c ****                     *d++ = 0;
 212              		.loc 1 78 28 is_stmt 1 view .LVU55
  78:../rt-thread/src/object.c ****                     *d++ = 0;
 213              		.loc 1 78 28 is_stmt 0 view .LVU56
 214 001a 9342     		cmp	r3, r2
 215 001c 00D1     		bne	.L20
 216              	.LVL19:
 217              	.L24:
  78:../rt-thread/src/object.c ****                     *d++ = 0;
 218              		.loc 1 78 28 view .LVU57
 219              	.LBE2:
  83:../rt-thread/src/object.c ****     }
  84:../rt-thread/src/object.c **** 
  85:../rt-thread/src/object.c ****     return dst;
  86:../rt-thread/src/object.c **** }
 220              		.loc 1 86 1 view .LVU58
 221 001e 70BD     		pop	{r4, r5, r6, pc}
 222              	.LVL20:
 223              	.L20:
 224              	.LBB3:
  79:../rt-thread/src/object.c ****                 break;
 225              		.loc 1 79 21 is_stmt 1 view .LVU59
  79:../rt-thread/src/object.c ****                 break;
 226              		.loc 1 79 26 is_stmt 0 view .LVU60
 227 0020 03F8015B 		strb	r5, [r3], #1
 228              	.LVL21:
  79:../rt-thread/src/object.c ****                 break;
 229              		.loc 1 79 26 view .LVU61
 230 0024 F9E7     		b	.L19
 231              	.LVL22:
 232              	.L18:
  82:../rt-thread/src/object.c ****     }
 233              		.loc 1 82 22 is_stmt 1 view .LVU62
  82:../rt-thread/src/object.c ****     }
 234              		.loc 1 82 22 is_stmt 0 view .LVU63
 235 0026 002A     		cmp	r2, #0
 236 0028 EED1     		bne	.L22
 237 002a F8E7     		b	.L24
 238              	.LBE3:
 239              		.cfi_endproc
 240              	.LFE9:
 242              		.section	.text.rt_strlen,"ax",%progbits
 243              		.align	1
 244              		.global	rt_strlen
 245              		.syntax unified
 246              		.thumb
 247              		.thumb_func
 249              	rt_strlen:
 250              	.LVL23:
ARM GAS  C:\Users\Dawn\AppData\Local\Temp\cc9a0VEa.s 			page 7


 251              	.LFB10:
  87:../rt-thread/src/object.c **** 
  88:../rt-thread/src/object.c **** /**
  89:../rt-thread/src/object.c ****  * String length
  90:../rt-thread/src/object.c ****  */
  91:../rt-thread/src/object.c **** rt_size_t rt_strlen(const char *s)
  92:../rt-thread/src/object.c **** {
 252              		.loc 1 92 1 is_stmt 1 view -0
 253              		.cfi_startproc
 254              		@ args = 0, pretend = 0, frame = 0
 255              		@ frame_needed = 0, uses_anonymous_args = 0
 256              		@ link register save eliminated.
  93:../rt-thread/src/object.c ****     const char *sc;
 257              		.loc 1 93 5 view .LVU65
  94:../rt-thread/src/object.c **** 
  95:../rt-thread/src/object.c ****     for (sc = s; *sc != '\0'; ++sc) /* nothing */;
 258              		.loc 1 95 5 view .LVU66
 259              		.loc 1 95 5 is_stmt 0 view .LVU67
 260 0000 0346     		mov	r3, r0
 261              	.LVL24:
 262              	.L26:
 263              		.loc 1 95 5 view .LVU68
 264 0002 1A46     		mov	r2, r3
 265              	.LVL25:
 266              		.loc 1 95 22 is_stmt 1 discriminator 1 view .LVU69
 267 0004 0133     		adds	r3, r3, #1
 268 0006 1178     		ldrb	r1, [r2]	@ zero_extendqisi2
 269 0008 0029     		cmp	r1, #0
 270 000a FAD1     		bne	.L26
  96:../rt-thread/src/object.c **** 
  97:../rt-thread/src/object.c ****     return sc - s;
 271              		.loc 1 97 5 view .LVU70
  98:../rt-thread/src/object.c **** }
 272              		.loc 1 98 1 is_stmt 0 view .LVU71
 273 000c 101A     		subs	r0, r2, r0
 274              	.LVL26:
 275              		.loc 1 98 1 view .LVU72
 276 000e 7047     		bx	lr
 277              		.cfi_endproc
 278              	.LFE10:
 280              		.section	.text.rt_memset,"ax",%progbits
 281              		.align	1
 282              		.global	rt_memset
 283              		.syntax unified
 284              		.thumb
 285              		.thumb_func
 287              	rt_memset:
 288              	.LVL27:
 289              	.LFB11:
  99:../rt-thread/src/object.c **** 
 100:../rt-thread/src/object.c **** /**
 101:../rt-thread/src/object.c ****  * Memory set
 102:../rt-thread/src/object.c ****  */
 103:../rt-thread/src/object.c **** void *rt_memset(void *s, int c, rt_ubase_t n)
 104:../rt-thread/src/object.c **** {
 290              		.loc 1 104 1 is_stmt 1 view -0
 291              		.cfi_startproc
ARM GAS  C:\Users\Dawn\AppData\Local\Temp\cc9a0VEa.s 			page 8


 292              		@ args = 0, pretend = 0, frame = 0
 293              		@ frame_needed = 0, uses_anonymous_args = 0
 294              		@ link register save eliminated.
 105:../rt-thread/src/object.c ****     char *xs = (char *)s;
 295              		.loc 1 105 5 view .LVU74
 106:../rt-thread/src/object.c **** 
 107:../rt-thread/src/object.c ****     while (n--)
 296              		.loc 1 107 5 view .LVU75
 297 0000 0244     		add	r2, r2, r0
 298              	.LVL28:
 105:../rt-thread/src/object.c ****     char *xs = (char *)s;
 299              		.loc 1 105 11 is_stmt 0 view .LVU76
 300 0002 0346     		mov	r3, r0
 301              	.LVL29:
 302              	.L29:
 303              		.loc 1 107 12 is_stmt 1 view .LVU77
 304 0004 9342     		cmp	r3, r2
 305 0006 00D1     		bne	.L30
 108:../rt-thread/src/object.c ****         *xs++ = (char)c;
 109:../rt-thread/src/object.c **** 
 110:../rt-thread/src/object.c ****     return s;
 306              		.loc 1 110 5 view .LVU78
 111:../rt-thread/src/object.c **** }
 307              		.loc 1 111 1 is_stmt 0 view .LVU79
 308 0008 7047     		bx	lr
 309              	.L30:
 108:../rt-thread/src/object.c ****         *xs++ = (char)c;
 310              		.loc 1 108 9 is_stmt 1 view .LVU80
 311              	.LVL30:
 108:../rt-thread/src/object.c ****         *xs++ = (char)c;
 312              		.loc 1 108 17 is_stmt 0 view .LVU81
 313 000a 03F8011B 		strb	r1, [r3], #1
 314              	.LVL31:
 108:../rt-thread/src/object.c ****         *xs++ = (char)c;
 315              		.loc 1 108 17 view .LVU82
 316 000e F9E7     		b	.L29
 317              		.cfi_endproc
 318              	.LFE11:
 320              		.section	.text.rt_memcpy,"ax",%progbits
 321              		.align	1
 322              		.global	rt_memcpy
 323              		.syntax unified
 324              		.thumb
 325              		.thumb_func
 327              	rt_memcpy:
 328              	.LVL32:
 329              	.LFB12:
 112:../rt-thread/src/object.c **** 
 113:../rt-thread/src/object.c **** /**
 114:../rt-thread/src/object.c ****  * Memory copy
 115:../rt-thread/src/object.c ****  */
 116:../rt-thread/src/object.c **** void *rt_memcpy(void *dst, const void *src, rt_ubase_t n)
 117:../rt-thread/src/object.c **** {
 330              		.loc 1 117 1 is_stmt 1 view -0
 331              		.cfi_startproc
 332              		@ args = 0, pretend = 0, frame = 0
 333              		@ frame_needed = 0, uses_anonymous_args = 0
ARM GAS  C:\Users\Dawn\AppData\Local\Temp\cc9a0VEa.s 			page 9


 118:../rt-thread/src/object.c ****     char *d = (char *)dst;
 334              		.loc 1 118 5 view .LVU84
 119:../rt-thread/src/object.c ****     const char *s = (const char *)src;
 335              		.loc 1 119 5 view .LVU85
 120:../rt-thread/src/object.c **** 
 121:../rt-thread/src/object.c ****     while (n--)
 336              		.loc 1 121 5 view .LVU86
 117:../rt-thread/src/object.c ****     char *d = (char *)dst;
 337              		.loc 1 117 1 is_stmt 0 view .LVU87
 338 0000 10B5     		push	{r4, lr}
 339              	.LCFI2:
 340              		.cfi_def_cfa_offset 8
 341              		.cfi_offset 4, -8
 342              		.cfi_offset 14, -4
 343 0002 431E     		subs	r3, r0, #1
 344 0004 0A44     		add	r2, r2, r1
 345              	.LVL33:
 346              	.L32:
 347              		.loc 1 121 12 is_stmt 1 view .LVU88
 348              		.loc 1 121 12 is_stmt 0 view .LVU89
 349 0006 9142     		cmp	r1, r2
 350 0008 00D1     		bne	.L33
 122:../rt-thread/src/object.c ****         *d++ = *s++;
 123:../rt-thread/src/object.c **** 
 124:../rt-thread/src/object.c ****     return dst;
 351              		.loc 1 124 5 is_stmt 1 view .LVU90
 125:../rt-thread/src/object.c **** }
 352              		.loc 1 125 1 is_stmt 0 view .LVU91
 353 000a 10BD     		pop	{r4, pc}
 354              	.L33:
 122:../rt-thread/src/object.c ****         *d++ = *s++;
 355              		.loc 1 122 9 is_stmt 1 view .LVU92
 356              	.LVL34:
 122:../rt-thread/src/object.c ****         *d++ = *s++;
 357              		.loc 1 122 16 is_stmt 0 view .LVU93
 358 000c 11F8014B 		ldrb	r4, [r1], #1	@ zero_extendqisi2
 359              	.LVL35:
 122:../rt-thread/src/object.c ****         *d++ = *s++;
 360              		.loc 1 122 14 view .LVU94
 361 0010 03F8014F 		strb	r4, [r3, #1]!
 362 0014 F7E7     		b	.L32
 363              		.cfi_endproc
 364              	.LFE12:
 366              		.section	.text.rt_memcmp,"ax",%progbits
 367              		.align	1
 368              		.global	rt_memcmp
 369              		.syntax unified
 370              		.thumb
 371              		.thumb_func
 373              	rt_memcmp:
 374              	.LVL36:
 375              	.LFB13:
 126:../rt-thread/src/object.c **** 
 127:../rt-thread/src/object.c **** /**
 128:../rt-thread/src/object.c ****  * Memory compare
 129:../rt-thread/src/object.c ****  */
 130:../rt-thread/src/object.c **** rt_int32_t rt_memcmp(const void *cs, const void *ct, rt_ubase_t count)
ARM GAS  C:\Users\Dawn\AppData\Local\Temp\cc9a0VEa.s 			page 10


 131:../rt-thread/src/object.c **** {
 376              		.loc 1 131 1 is_stmt 1 view -0
 377              		.cfi_startproc
 378              		@ args = 0, pretend = 0, frame = 0
 379              		@ frame_needed = 0, uses_anonymous_args = 0
 380              		.loc 1 131 1 is_stmt 0 view .LVU96
 381 0000 10B5     		push	{r4, lr}
 382              	.LCFI3:
 383              		.cfi_def_cfa_offset 8
 384              		.cfi_offset 4, -8
 385              		.cfi_offset 14, -4
 386              		.loc 1 131 1 view .LVU97
 387 0002 0346     		mov	r3, r0
 132:../rt-thread/src/object.c ****     const unsigned char *su1, *su2;
 388              		.loc 1 132 5 is_stmt 1 view .LVU98
 133:../rt-thread/src/object.c ****     int res = 0;
 389              		.loc 1 133 5 view .LVU99
 390              	.LVL37:
 134:../rt-thread/src/object.c **** 
 135:../rt-thread/src/object.c ****     for (su1 = (const unsigned char *)cs, su2 = (const unsigned char *)ct; 0 < count; ++su1, ++su2,
 391              		.loc 1 135 5 view .LVU100
 392              		.loc 1 135 5 is_stmt 0 view .LVU101
 393 0004 0139     		subs	r1, r1, #1
 394              	.LVL38:
 395              		.loc 1 135 5 view .LVU102
 396 0006 0244     		add	r2, r2, r0
 397              	.LVL39:
 398              	.L35:
 399              		.loc 1 135 78 is_stmt 1 discriminator 1 view .LVU103
 400 0008 9342     		cmp	r3, r2
 401 000a 01D1     		bne	.L37
 402 000c 0020     		movs	r0, #0
 136:../rt-thread/src/object.c ****     {
 137:../rt-thread/src/object.c ****         if ((res = *su1 - *su2) != 0)
 138:../rt-thread/src/object.c ****             break;
 139:../rt-thread/src/object.c ****     }
 140:../rt-thread/src/object.c **** 
 141:../rt-thread/src/object.c ****     return res;
 403              		.loc 1 141 5 view .LVU104
 404              	.LVL40:
 405              	.L34:
 142:../rt-thread/src/object.c **** }
 406              		.loc 1 142 1 is_stmt 0 view .LVU105
 407 000e 10BD     		pop	{r4, pc}
 408              	.LVL41:
 409              	.L37:
 137:../rt-thread/src/object.c ****             break;
 410              		.loc 1 137 9 is_stmt 1 view .LVU106
 137:../rt-thread/src/object.c ****             break;
 411              		.loc 1 137 20 is_stmt 0 view .LVU107
 412 0010 1878     		ldrb	r0, [r3]	@ zero_extendqisi2
 137:../rt-thread/src/object.c ****             break;
 413              		.loc 1 137 27 view .LVU108
 414 0012 11F8014F 		ldrb	r4, [r1, #1]!	@ zero_extendqisi2
 415              	.LVL42:
 137:../rt-thread/src/object.c ****             break;
 416              		.loc 1 137 12 view .LVU109
ARM GAS  C:\Users\Dawn\AppData\Local\Temp\cc9a0VEa.s 			page 11


 417 0016 001B     		subs	r0, r0, r4
 418              	.LVL43:
 137:../rt-thread/src/object.c ****             break;
 419              		.loc 1 137 12 view .LVU110
 420 0018 F9D1     		bne	.L34
 135:../rt-thread/src/object.c ****     {
 421              		.loc 1 135 99 is_stmt 1 discriminator 2 view .LVU111
 135:../rt-thread/src/object.c ****     {
 422              		.loc 1 135 87 is_stmt 0 discriminator 2 view .LVU112
 423 001a 0133     		adds	r3, r3, #1
 424              	.LVL44:
 135:../rt-thread/src/object.c ****     {
 425              		.loc 1 135 87 discriminator 2 view .LVU113
 426 001c F4E7     		b	.L35
 427              		.cfi_endproc
 428              	.LFE13:
 430              		.text
 431              	.Letext0:
 432              		.file 2 "../rt-thread/include/rtdef.h"
ARM GAS  C:\Users\Dawn\AppData\Local\Temp\cc9a0VEa.s 			page 12


DEFINED SYMBOLS
                            *ABS*:00000000 object.c
C:\Users\Dawn\AppData\Local\Temp\cc9a0VEa.s:21     .text.rt_object_init:00000000 $t
C:\Users\Dawn\AppData\Local\Temp\cc9a0VEa.s:27     .text.rt_object_init:00000000 rt_object_init
C:\Users\Dawn\AppData\Local\Temp\cc9a0VEa.s:83     .text.rt_object_detach:00000000 $t
C:\Users\Dawn\AppData\Local\Temp\cc9a0VEa.s:89     .text.rt_object_detach:00000000 rt_object_detach
C:\Users\Dawn\AppData\Local\Temp\cc9a0VEa.s:104    .text.rt_strncmp:00000000 $t
C:\Users\Dawn\AppData\Local\Temp\cc9a0VEa.s:110    .text.rt_strncmp:00000000 rt_strncmp
C:\Users\Dawn\AppData\Local\Temp\cc9a0VEa.s:162    .text.rt_strncpy:00000000 $t
C:\Users\Dawn\AppData\Local\Temp\cc9a0VEa.s:168    .text.rt_strncpy:00000000 rt_strncpy
C:\Users\Dawn\AppData\Local\Temp\cc9a0VEa.s:243    .text.rt_strlen:00000000 $t
C:\Users\Dawn\AppData\Local\Temp\cc9a0VEa.s:249    .text.rt_strlen:00000000 rt_strlen
C:\Users\Dawn\AppData\Local\Temp\cc9a0VEa.s:281    .text.rt_memset:00000000 $t
C:\Users\Dawn\AppData\Local\Temp\cc9a0VEa.s:287    .text.rt_memset:00000000 rt_memset
C:\Users\Dawn\AppData\Local\Temp\cc9a0VEa.s:321    .text.rt_memcpy:00000000 $t
C:\Users\Dawn\AppData\Local\Temp\cc9a0VEa.s:327    .text.rt_memcpy:00000000 rt_memcpy
C:\Users\Dawn\AppData\Local\Temp\cc9a0VEa.s:367    .text.rt_memcmp:00000000 $t
C:\Users\Dawn\AppData\Local\Temp\cc9a0VEa.s:373    .text.rt_memcmp:00000000 rt_memcmp

NO UNDEFINED SYMBOLS
